02-Mar-2024 00:13:51 CET  Initiating request to open file root://eoscms.cern.ch//eos/cms/store/mc/RunIISummer20UL16MiniAODv2/EWKZ2Jets_ZToLL_M-50_TuneCP5_withDipoleRecoil_13TeV-madgraph-pythia8/MINIAODSIM/106X_mcRun2_asymptotic_v17-v1/70000/1CB2BD9A-308E-E544-B69C-627458DDA424.root
%MSG-w XrdAdaptorInternal:  file_open 02-Mar-2024 00:13:52 CET pre-events
Failed to open file at URL root://eoscms.cern.ch:1094//eos/cms/store/mc/RunIISummer20UL16MiniAODv2/EWKZ2Jets_ZToLL_M-50_TuneCP5_withDipoleRecoil_13TeV-madgraph-pythia8/MINIAODSIM/106X_mcRun2_asymptotic_v17-v1/70000/1CB2BD9A-308E-E544-B69C-627458DDA424.root.
%MSG
%MSG-w XrdAdaptorInternal:  file_open 02-Mar-2024 00:13:52 CET pre-events
Failed to open file at URL root://eoscms.cern.ch:1094//eos/cms/store/mc/RunIISummer20UL16MiniAODv2/EWKZ2Jets_ZToLL_M-50_TuneCP5_withDipoleRecoil_13TeV-madgraph-pythia8/MINIAODSIM/106X_mcRun2_asymptotic_v17-v1/70000/1CB2BD9A-308E-E544-B69C-627458DDA424.root?tried=.
%MSG
02-Mar-2024 00:13:52 CET  Fallback request to file root://xrootd-cms.infn.it//store/mc/RunIISummer20UL16MiniAODv2/EWKZ2Jets_ZToLL_M-50_TuneCP5_withDipoleRecoil_13TeV-madgraph-pythia8/MINIAODSIM/106X_mcRun2_asymptotic_v17-v1/70000/1CB2BD9A-308E-E544-B69C-627458DDA424.root
Unable to load sec.protocol plugin libXrdSecztn.so
%MSG-w XrdAdaptor:  file_open 02-Mar-2024 00:14:12 CET pre-events
Data is served from fnal.gov instead of original site infn.it
%MSG
02-Mar-2024 00:14:16 CET  Successfully opened file root://xrootd-cms.infn.it//store/mc/RunIISummer20UL16MiniAODv2/EWKZ2Jets_ZToLL_M-50_TuneCP5_withDipoleRecoil_13TeV-madgraph-pythia8/MINIAODSIM/106X_mcRun2_asymptotic_v17-v1/70000/1CB2BD9A-308E-E544-B69C-627458DDA424.root
Unable to load sec.protocol plugin libXrdSecztn.so
Begin processing the 1st record. Run 1, Event 2001, LumiSection 3 on stream 0 at 02-Mar-2024 00:14:25.967 CET
02-Mar-2024 00:14:30 CET  Closed file root://xrootd-cms.infn.it//store/mc/RunIISummer20UL16MiniAODv2/EWKZ2Jets_ZToLL_M-50_TuneCP5_withDipoleRecoil_13TeV-madgraph-pythia8/MINIAODSIM/106X_mcRun2_asymptotic_v17-v1/70000/1CB2BD9A-308E-E544-B69C-627458DDA424.root
02-Mar-2024 00:14:30 CET  Initiating request to open file root://eoscms.cern.ch//eos/cms/store/mc/RunIISummer20UL16MiniAODv2/EWKZ2Jets_ZToLL_M-50_TuneCP5_withDipoleRecoil_13TeV-madgraph-pythia8/MINIAODSIM/106X_mcRun2_asymptotic_v17-v1/70000/128FA350-45EB-3A4A-ACFD-3266CAB2C7FE.root
%MSG-w XrdAdaptorInternal:  file_open 02-Mar-2024 00:14:31 CET PostProcessEvent
Failed to open file at URL root://eoscms.cern.ch:1094//eos/cms/store/mc/RunIISummer20UL16MiniAODv2/EWKZ2Jets_ZToLL_M-50_TuneCP5_withDipoleRecoil_13TeV-madgraph-pythia8/MINIAODSIM/106X_mcRun2_asymptotic_v17-v1/70000/128FA350-45EB-3A4A-ACFD-3266CAB2C7FE.root.
%MSG
%MSG-w XrdAdaptorInternal:  file_open 02-Mar-2024 00:14:31 CET PostProcessEvent
Failed to open file at URL root://eoscms.cern.ch:1094//eos/cms/store/mc/RunIISummer20UL16MiniAODv2/EWKZ2Jets_ZToLL_M-50_TuneCP5_withDipoleRecoil_13TeV-madgraph-pythia8/MINIAODSIM/106X_mcRun2_asymptotic_v17-v1/70000/128FA350-45EB-3A4A-ACFD-3266CAB2C7FE.root?tried=.
%MSG
02-Mar-2024 00:14:31 CET  Fallback request to file root://xrootd-cms.infn.it//store/mc/RunIISummer20UL16MiniAODv2/EWKZ2Jets_ZToLL_M-50_TuneCP5_withDipoleRecoil_13TeV-madgraph-pythia8/MINIAODSIM/106X_mcRun2_asymptotic_v17-v1/70000/128FA350-45EB-3A4A-ACFD-3266CAB2C7FE.root
Unable to load sec.protocol plugin libXrdSecztn.so
%MSG-w XrdAdaptor:  file_open 02-Mar-2024 00:14:46 CET PostProcessEvent
Data is served from fnal.gov instead of original site infn.it
%MSG
02-Mar-2024 00:14:47 CET  Successfully opened file root://xrootd-cms.infn.it//store/mc/RunIISummer20UL16MiniAODv2/EWKZ2Jets_ZToLL_M-50_TuneCP5_withDipoleRecoil_13TeV-madgraph-pythia8/MINIAODSIM/106X_mcRun2_asymptotic_v17-v1/70000/128FA350-45EB-3A4A-ACFD-3266CAB2C7FE.root
02-Mar-2024 00:14:58 CET  Closed file root://xrootd-cms.infn.it//store/mc/RunIISummer20UL16MiniAODv2/EWKZ2Jets_ZToLL_M-50_TuneCP5_withDipoleRecoil_13TeV-madgraph-pythia8/MINIAODSIM/106X_mcRun2_asymptotic_v17-v1/70000/128FA350-45EB-3A4A-ACFD-3266CAB2C7FE.root
02-Mar-2024 00:14:58 CET  Initiating request to open file root://eoscms.cern.ch//eos/cms/store/mc/RunIISummer20UL16MiniAODv2/EWKZ2Jets_ZToLL_M-50_TuneCP5_withDipoleRecoil_13TeV-madgraph-pythia8/MINIAODSIM/106X_mcRun2_asymptotic_v17-v1/70000/8A86C081-75FE-4040-8742-FF1C0B1430BB.root
%MSG-w XrdAdaptorInternal:  file_open 02-Mar-2024 00:14:59 CET PostProcessEvent
Failed to open file at URL root://eoscms.cern.ch:1094//eos/cms/store/mc/RunIISummer20UL16MiniAODv2/EWKZ2Jets_ZToLL_M-50_TuneCP5_withDipoleRecoil_13TeV-madgraph-pythia8/MINIAODSIM/106X_mcRun2_asymptotic_v17-v1/70000/8A86C081-75FE-4040-8742-FF1C0B1430BB.root.
%MSG
%MSG-w XrdAdaptorInternal:  file_open 02-Mar-2024 00:14:59 CET PostProcessEvent
Failed to open file at URL root://eoscms.cern.ch:1094//eos/cms/store/mc/RunIISummer20UL16MiniAODv2/EWKZ2Jets_ZToLL_M-50_TuneCP5_withDipoleRecoil_13TeV-madgraph-pythia8/MINIAODSIM/106X_mcRun2_asymptotic_v17-v1/70000/8A86C081-75FE-4040-8742-FF1C0B1430BB.root?tried=.
%MSG
02-Mar-2024 00:14:59 CET  Fallback request to file root://xrootd-cms.infn.it//store/mc/RunIISummer20UL16MiniAODv2/EWKZ2Jets_ZToLL_M-50_TuneCP5_withDipoleRecoil_13TeV-madgraph-pythia8/MINIAODSIM/106X_mcRun2_asymptotic_v17-v1/70000/8A86C081-75FE-4040-8742-FF1C0B1430BB.root
%MSG-w XrdAdaptor:  file_open 02-Mar-2024 00:15:17 CET PostProcessEvent
Data is served from fnal.gov instead of original site infn.it
%MSG
02-Mar-2024 00:15:17 CET  Successfully opened file root://xrootd-cms.infn.it//store/mc/RunIISummer20UL16MiniAODv2/EWKZ2Jets_ZToLL_M-50_TuneCP5_withDipoleRecoil_13TeV-madgraph-pythia8/MINIAODSIM/106X_mcRun2_asymptotic_v17-v1/70000/8A86C081-75FE-4040-8742-FF1C0B1430BB.root
Unable to load sec.protocol plugin libXrdSecztn.so
Begin processing the 100001st record. Run 1, Event 345017, LumiSection 346 on stream 0 at 02-Mar-2024 00:15:29.242 CET
02-Mar-2024 00:15:30 CET  Closed file root://xrootd-cms.infn.it//store/mc/RunIISummer20UL16MiniAODv2/EWKZ2Jets_ZToLL_M-50_TuneCP5_withDipoleRecoil_13TeV-madgraph-pythia8/MINIAODSIM/106X_mcRun2_asymptotic_v17-v1/70000/8A86C081-75FE-4040-8742-FF1C0B1430BB.root
02-Mar-2024 00:15:30 CET  Initiating request to open file root://eoscms.cern.ch//eos/cms/store/mc/RunIISummer20UL16MiniAODv2/EWKZ2Jets_ZToLL_M-50_TuneCP5_withDipoleRecoil_13TeV-madgraph-pythia8/MINIAODSIM/106X_mcRun2_asymptotic_v17-v1/70000/4DD95C9D-28FD-9C45-A570-4ABA7D15B382.root
%MSG-w XrdAdaptorInternal:  file_open 02-Mar-2024 00:15:31 CET PostProcessEvent
Failed to open file at URL root://eoscms.cern.ch:1094//eos/cms/store/mc/RunIISummer20UL16MiniAODv2/EWKZ2Jets_ZToLL_M-50_TuneCP5_withDipoleRecoil_13TeV-madgraph-pythia8/MINIAODSIM/106X_mcRun2_asymptotic_v17-v1/70000/4DD95C9D-28FD-9C45-A570-4ABA7D15B382.root.
%MSG
%MSG-w XrdAdaptorInternal:  file_open 02-Mar-2024 00:15:31 CET PostProcessEvent
Failed to open file at URL root://eoscms.cern.ch:1094//eos/cms/store/mc/RunIISummer20UL16MiniAODv2/EWKZ2Jets_ZToLL_M-50_TuneCP5_withDipoleRecoil_13TeV-madgraph-pythia8/MINIAODSIM/106X_mcRun2_asymptotic_v17-v1/70000/4DD95C9D-28FD-9C45-A570-4ABA7D15B382.root?tried=.
%MSG
02-Mar-2024 00:15:31 CET  Fallback request to file root://xrootd-cms.infn.it//store/mc/RunIISummer20UL16MiniAODv2/EWKZ2Jets_ZToLL_M-50_TuneCP5_withDipoleRecoil_13TeV-madgraph-pythia8/MINIAODSIM/106X_mcRun2_asymptotic_v17-v1/70000/4DD95C9D-28FD-9C45-A570-4ABA7D15B382.root
%MSG-w XrdAdaptor:  file_open 02-Mar-2024 00:15:45 CET PostProcessEvent
Data is served from fnal.gov instead of original site infn.it
%MSG
02-Mar-2024 00:15:45 CET  Successfully opened file root://xrootd-cms.infn.it//store/mc/RunIISummer20UL16MiniAODv2/EWKZ2Jets_ZToLL_M-50_TuneCP5_withDipoleRecoil_13TeV-madgraph-pythia8/MINIAODSIM/106X_mcRun2_asymptotic_v17-v1/70000/4DD95C9D-28FD-9C45-A570-4ABA7D15B382.root
Begin processing the 200001st record. Run 1, Event 420003, LumiSection 421 on stream 0 at 02-Mar-2024 00:15:53.260 CET
02-Mar-2024 00:15:53 CET  Closed file root://xrootd-cms.infn.it//store/mc/RunIISummer20UL16MiniAODv2/EWKZ2Jets_ZToLL_M-50_TuneCP5_withDipoleRecoil_13TeV-madgraph-pythia8/MINIAODSIM/106X_mcRun2_asymptotic_v17-v1/70000/4DD95C9D-28FD-9C45-A570-4ABA7D15B382.root
02-Mar-2024 00:15:53 CET  Initiating request to open file root://eoscms.cern.ch//eos/cms/store/mc/RunIISummer20UL16MiniAODv2/EWKZ2Jets_ZToLL_M-50_TuneCP5_withDipoleRecoil_13TeV-madgraph-pythia8/MINIAODSIM/106X_mcRun2_asymptotic_v17-v1/70000/C2270830-A03F-0A46-8053-5F099D8C8383.root
%MSG-w XrdAdaptorInternal:  file_open 02-Mar-2024 00:15:54 CET PostProcessEvent
Failed to open file at URL root://eoscms.cern.ch:1094//eos/cms/store/mc/RunIISummer20UL16MiniAODv2/EWKZ2Jets_ZToLL_M-50_TuneCP5_withDipoleRecoil_13TeV-madgraph-pythia8/MINIAODSIM/106X_mcRun2_asymptotic_v17-v1/70000/C2270830-A03F-0A46-8053-5F099D8C8383.root.
%MSG
%MSG-w XrdAdaptorInternal:  file_open 02-Mar-2024 00:15:54 CET PostProcessEvent
Failed to open file at URL root://eoscms.cern.ch:1094//eos/cms/store/mc/RunIISummer20UL16MiniAODv2/EWKZ2Jets_ZToLL_M-50_TuneCP5_withDipoleRecoil_13TeV-madgraph-pythia8/MINIAODSIM/106X_mcRun2_asymptotic_v17-v1/70000/C2270830-A03F-0A46-8053-5F099D8C8383.root?tried=.
%MSG
02-Mar-2024 00:15:54 CET  Fallback request to file root://xrootd-cms.infn.it//store/mc/RunIISummer20UL16MiniAODv2/EWKZ2Jets_ZToLL_M-50_TuneCP5_withDipoleRecoil_13TeV-madgraph-pythia8/MINIAODSIM/106X_mcRun2_asymptotic_v17-v1/70000/C2270830-A03F-0A46-8053-5F099D8C8383.root
%MSG-w XrdAdaptor:  file_open 02-Mar-2024 00:16:20 CET PostProcessEvent
Data is served from fnal.gov instead of original site infn.it
%MSG
02-Mar-2024 00:16:21 CET  Successfully opened file root://xrootd-cms.infn.it//store/mc/RunIISummer20UL16MiniAODv2/EWKZ2Jets_ZToLL_M-50_TuneCP5_withDipoleRecoil_13TeV-madgraph-pythia8/MINIAODSIM/106X_mcRun2_asymptotic_v17-v1/70000/C2270830-A03F-0A46-8053-5F099D8C8383.root
02-Mar-2024 00:16:28 CET  Closed file root://xrootd-cms.infn.it//store/mc/RunIISummer20UL16MiniAODv2/EWKZ2Jets_ZToLL_M-50_TuneCP5_withDipoleRecoil_13TeV-madgraph-pythia8/MINIAODSIM/106X_mcRun2_asymptotic_v17-v1/70000/C2270830-A03F-0A46-8053-5F099D8C8383.root
02-Mar-2024 00:16:28 CET  Initiating request to open file root://eoscms.cern.ch//eos/cms/store/mc/RunIISummer20UL16MiniAODv2/EWKZ2Jets_ZToLL_M-50_TuneCP5_withDipoleRecoil_13TeV-madgraph-pythia8/MINIAODSIM/106X_mcRun2_asymptotic_v17-v1/70000/A32653B0-C777-CC40-A3DF-D5D7ABA10FBB.root
%MSG-w XrdAdaptorInternal:  file_open 02-Mar-2024 00:16:29 CET PostProcessEvent
Failed to open file at URL root://eoscms.cern.ch:1094//eos/cms/store/mc/RunIISummer20UL16MiniAODv2/EWKZ2Jets_ZToLL_M-50_TuneCP5_withDipoleRecoil_13TeV-madgraph-pythia8/MINIAODSIM/106X_mcRun2_asymptotic_v17-v1/70000/A32653B0-C777-CC40-A3DF-D5D7ABA10FBB.root.
%MSG
%MSG-w XrdAdaptorInternal:  file_open 02-Mar-2024 00:16:29 CET PostProcessEvent
Failed to open file at URL root://eoscms.cern.ch:1094//eos/cms/store/mc/RunIISummer20UL16MiniAODv2/EWKZ2Jets_ZToLL_M-50_TuneCP5_withDipoleRecoil_13TeV-madgraph-pythia8/MINIAODSIM/106X_mcRun2_asymptotic_v17-v1/70000/A32653B0-C777-CC40-A3DF-D5D7ABA10FBB.root?tried=.
%MSG
02-Mar-2024 00:16:29 CET  Fallback request to file root://xrootd-cms.infn.it//store/mc/RunIISummer20UL16MiniAODv2/EWKZ2Jets_ZToLL_M-50_TuneCP5_withDipoleRecoil_13TeV-madgraph-pythia8/MINIAODSIM/106X_mcRun2_asymptotic_v17-v1/70000/A32653B0-C777-CC40-A3DF-D5D7ABA10FBB.root
%MSG-w XrdAdaptor:  file_open 02-Mar-2024 00:16:44 CET PostProcessEvent
Data is served from T2_US_Wisconsin instead of original site infn.it
%MSG
02-Mar-2024 00:16:45 CET  Successfully opened file root://xrootd-cms.infn.it//store/mc/RunIISummer20UL16MiniAODv2/EWKZ2Jets_ZToLL_M-50_TuneCP5_withDipoleRecoil_13TeV-madgraph-pythia8/MINIAODSIM/106X_mcRun2_asymptotic_v17-v1/70000/A32653B0-C777-CC40-A3DF-D5D7ABA10FBB.root
02-Mar-2024 00:16:50 CET  Closed file root://xrootd-cms.infn.it//store/mc/RunIISummer20UL16MiniAODv2/EWKZ2Jets_ZToLL_M-50_TuneCP5_withDipoleRecoil_13TeV-madgraph-pythia8/MINIAODSIM/106X_mcRun2_asymptotic_v17-v1/70000/A32653B0-C777-CC40-A3DF-D5D7ABA10FBB.root
02-Mar-2024 00:16:50 CET  Initiating request to open file root://eoscms.cern.ch//eos/cms/store/mc/RunIISummer20UL16MiniAODv2/EWKZ2Jets_ZToLL_M-50_TuneCP5_withDipoleRecoil_13TeV-madgraph-pythia8/MINIAODSIM/106X_mcRun2_asymptotic_v17-v1/70000/54791215-EC2B-C94D-8A1C-EC41883B76AC.root
%MSG-w XrdAdaptorInternal:  file_open 02-Mar-2024 00:16:51 CET PostProcessEvent
Failed to open file at URL root://eoscms.cern.ch:1094//eos/cms/store/mc/RunIISummer20UL16MiniAODv2/EWKZ2Jets_ZToLL_M-50_TuneCP5_withDipoleRecoil_13TeV-madgraph-pythia8/MINIAODSIM/106X_mcRun2_asymptotic_v17-v1/70000/54791215-EC2B-C94D-8A1C-EC41883B76AC.root.
%MSG
%MSG-w XrdAdaptorInternal:  file_open 02-Mar-2024 00:16:51 CET PostProcessEvent
Failed to open file at URL root://eoscms.cern.ch:1094//eos/cms/store/mc/RunIISummer20UL16MiniAODv2/EWKZ2Jets_ZToLL_M-50_TuneCP5_withDipoleRecoil_13TeV-madgraph-pythia8/MINIAODSIM/106X_mcRun2_asymptotic_v17-v1/70000/54791215-EC2B-C94D-8A1C-EC41883B76AC.root?tried=.
%MSG
02-Mar-2024 00:16:51 CET  Fallback request to file root://xrootd-cms.infn.it//store/mc/RunIISummer20UL16MiniAODv2/EWKZ2Jets_ZToLL_M-50_TuneCP5_withDipoleRecoil_13TeV-madgraph-pythia8/MINIAODSIM/106X_mcRun2_asymptotic_v17-v1/70000/54791215-EC2B-C94D-8A1C-EC41883B76AC.root
%MSG-w XrdAdaptor:  file_open 02-Mar-2024 00:17:06 CET PostProcessEvent
Data is served from T2_US_Florida instead of original site infn.it
%MSG
02-Mar-2024 00:17:06 CET  Successfully opened file root://xrootd-cms.infn.it//store/mc/RunIISummer20UL16MiniAODv2/EWKZ2Jets_ZToLL_M-50_TuneCP5_withDipoleRecoil_13TeV-madgraph-pythia8/MINIAODSIM/106X_mcRun2_asymptotic_v17-v1/70000/54791215-EC2B-C94D-8A1C-EC41883B76AC.root
02-Mar-2024 00:17:11 CET  Closed file root://xrootd-cms.infn.it//store/mc/RunIISummer20UL16MiniAODv2/EWKZ2Jets_ZToLL_M-50_TuneCP5_withDipoleRecoil_13TeV-madgraph-pythia8/MINIAODSIM/106X_mcRun2_asymptotic_v17-v1/70000/54791215-EC2B-C94D-8A1C-EC41883B76AC.root
02-Mar-2024 00:17:11 CET  Initiating request to open file root://eoscms.cern.ch//eos/cms/store/mc/RunIISummer20UL16MiniAODv2/EWKZ2Jets_ZToLL_M-50_TuneCP5_withDipoleRecoil_13TeV-madgraph-pythia8/MINIAODSIM/106X_mcRun2_asymptotic_v17-v1/70000/DBFFA82C-3792-7644-B67D-8A7600C1291E.root
%MSG-w XrdAdaptorInternal:  file_open 02-Mar-2024 00:17:12 CET PostProcessEvent
Failed to open file at URL root://eoscms.cern.ch:1094//eos/cms/store/mc/RunIISummer20UL16MiniAODv2/EWKZ2Jets_ZToLL_M-50_TuneCP5_withDipoleRecoil_13TeV-madgraph-pythia8/MINIAODSIM/106X_mcRun2_asymptotic_v17-v1/70000/DBFFA82C-3792-7644-B67D-8A7600C1291E.root.
%MSG
%MSG-w XrdAdaptorInternal:  file_open 02-Mar-2024 00:17:12 CET PostProcessEvent
Failed to open file at URL root://eoscms.cern.ch:1094//eos/cms/store/mc/RunIISummer20UL16MiniAODv2/EWKZ2Jets_ZToLL_M-50_TuneCP5_withDipoleRecoil_13TeV-madgraph-pythia8/MINIAODSIM/106X_mcRun2_asymptotic_v17-v1/70000/DBFFA82C-3792-7644-B67D-8A7600C1291E.root?tried=.
%MSG
02-Mar-2024 00:17:12 CET  Fallback request to file root://xrootd-cms.infn.it//store/mc/RunIISummer20UL16MiniAODv2/EWKZ2Jets_ZToLL_M-50_TuneCP5_withDipoleRecoil_13TeV-madgraph-pythia8/MINIAODSIM/106X_mcRun2_asymptotic_v17-v1/70000/DBFFA82C-3792-7644-B67D-8A7600C1291E.root
%MSG-w XrdAdaptor:  file_open 02-Mar-2024 00:17:25 CET PostProcessEvent
Data is served from T2_US_Florida instead of original site infn.it
%MSG
02-Mar-2024 00:17:26 CET  Successfully opened file root://xrootd-cms.infn.it//store/mc/RunIISummer20UL16MiniAODv2/EWKZ2Jets_ZToLL_M-50_TuneCP5_withDipoleRecoil_13TeV-madgraph-pythia8/MINIAODSIM/106X_mcRun2_asymptotic_v17-v1/70000/DBFFA82C-3792-7644-B67D-8A7600C1291E.root
02-Mar-2024 00:17:33 CET  Closed file root://xrootd-cms.infn.it//store/mc/RunIISummer20UL16MiniAODv2/EWKZ2Jets_ZToLL_M-50_TuneCP5_withDipoleRecoil_13TeV-madgraph-pythia8/MINIAODSIM/106X_mcRun2_asymptotic_v17-v1/70000/DBFFA82C-3792-7644-B67D-8A7600C1291E.root
02-Mar-2024 00:17:33 CET  Initiating request to open file root://eoscms.cern.ch//eos/cms/store/mc/RunIISummer20UL16MiniAODv2/EWKZ2Jets_ZToLL_M-50_TuneCP5_withDipoleRecoil_13TeV-madgraph-pythia8/MINIAODSIM/106X_mcRun2_asymptotic_v17-v1/70000/2E4D7DB2-4189-2949-BC33-B32633C75C1A.root
%MSG-w XrdAdaptorInternal:  file_open 02-Mar-2024 00:17:34 CET PostProcessEvent
Failed to open file at URL root://eoscms.cern.ch:1094//eos/cms/store/mc/RunIISummer20UL16MiniAODv2/EWKZ2Jets_ZToLL_M-50_TuneCP5_withDipoleRecoil_13TeV-madgraph-pythia8/MINIAODSIM/106X_mcRun2_asymptotic_v17-v1/70000/2E4D7DB2-4189-2949-BC33-B32633C75C1A.root.
%MSG
%MSG-w XrdAdaptorInternal:  file_open 02-Mar-2024 00:17:34 CET PostProcessEvent
Failed to open file at URL root://eoscms.cern.ch:1094//eos/cms/store/mc/RunIISummer20UL16MiniAODv2/EWKZ2Jets_ZToLL_M-50_TuneCP5_withDipoleRecoil_13TeV-madgraph-pythia8/MINIAODSIM/106X_mcRun2_asymptotic_v17-v1/70000/2E4D7DB2-4189-2949-BC33-B32633C75C1A.root?tried=.
%MSG
02-Mar-2024 00:17:34 CET  Fallback request to file root://xrootd-cms.infn.it//store/mc/RunIISummer20UL16MiniAODv2/EWKZ2Jets_ZToLL_M-50_TuneCP5_withDipoleRecoil_13TeV-madgraph-pythia8/MINIAODSIM/106X_mcRun2_asymptotic_v17-v1/70000/2E4D7DB2-4189-2949-BC33-B32633C75C1A.root
%MSG-w XrdAdaptor:  file_open 02-Mar-2024 00:17:48 CET PostProcessEvent
Data is served from T2_US_Wisconsin instead of original site infn.it
%MSG
02-Mar-2024 00:17:49 CET  Successfully opened file root://xrootd-cms.infn.it//store/mc/RunIISummer20UL16MiniAODv2/EWKZ2Jets_ZToLL_M-50_TuneCP5_withDipoleRecoil_13TeV-madgraph-pythia8/MINIAODSIM/106X_mcRun2_asymptotic_v17-v1/70000/2E4D7DB2-4189-2949-BC33-B32633C75C1A.root
02-Mar-2024 00:17:53 CET  Closed file root://xrootd-cms.infn.it//store/mc/RunIISummer20UL16MiniAODv2/EWKZ2Jets_ZToLL_M-50_TuneCP5_withDipoleRecoil_13TeV-madgraph-pythia8/MINIAODSIM/106X_mcRun2_asymptotic_v17-v1/70000/2E4D7DB2-4189-2949-BC33-B32633C75C1A.root
02-Mar-2024 00:17:53 CET  Initiating request to open file root://eoscms.cern.ch//eos/cms/store/mc/RunIISummer20UL16MiniAODv2/EWKZ2Jets_ZToLL_M-50_TuneCP5_withDipoleRecoil_13TeV-madgraph-pythia8/MINIAODSIM/106X_mcRun2_asymptotic_v17-v1/70000/DBE2476A-E1C1-CD4F-B1D0-67456F235247.root
%MSG-w XrdAdaptorInternal:  file_open 02-Mar-2024 00:17:54 CET PostProcessEvent
Failed to open file at URL root://eoscms.cern.ch:1094//eos/cms/store/mc/RunIISummer20UL16MiniAODv2/EWKZ2Jets_ZToLL_M-50_TuneCP5_withDipoleRecoil_13TeV-madgraph-pythia8/MINIAODSIM/106X_mcRun2_asymptotic_v17-v1/70000/DBE2476A-E1C1-CD4F-B1D0-67456F235247.root.
%MSG
%MSG-w XrdAdaptorInternal:  file_open 02-Mar-2024 00:17:54 CET PostProcessEvent
Failed to open file at URL root://eoscms.cern.ch:1094//eos/cms/store/mc/RunIISummer20UL16MiniAODv2/EWKZ2Jets_ZToLL_M-50_TuneCP5_withDipoleRecoil_13TeV-madgraph-pythia8/MINIAODSIM/106X_mcRun2_asymptotic_v17-v1/70000/DBE2476A-E1C1-CD4F-B1D0-67456F235247.root?tried=.
%MSG
02-Mar-2024 00:17:54 CET  Fallback request to file root://xrootd-cms.infn.it//store/mc/RunIISummer20UL16MiniAODv2/EWKZ2Jets_ZToLL_M-50_TuneCP5_withDipoleRecoil_13TeV-madgraph-pythia8/MINIAODSIM/106X_mcRun2_asymptotic_v17-v1/70000/DBE2476A-E1C1-CD4F-B1D0-67456F235247.root
%MSG-w XrdAdaptor:  file_open 02-Mar-2024 00:18:08 CET PostProcessEvent
Data is served from T2_US_Florida instead of original site infn.it
%MSG
02-Mar-2024 00:18:09 CET  Successfully opened file root://xrootd-cms.infn.it//store/mc/RunIISummer20UL16MiniAODv2/EWKZ2Jets_ZToLL_M-50_TuneCP5_withDipoleRecoil_13TeV-madgraph-pythia8/MINIAODSIM/106X_mcRun2_asymptotic_v17-v1/70000/DBE2476A-E1C1-CD4F-B1D0-67456F235247.root
Begin processing the 300001st record. Run 1, Event 65015, LumiSection 66 on stream 0 at 02-Mar-2024 00:18:13.781 CET
02-Mar-2024 00:18:14 CET  Closed file root://xrootd-cms.infn.it//store/mc/RunIISummer20UL16MiniAODv2/EWKZ2Jets_ZToLL_M-50_TuneCP5_withDipoleRecoil_13TeV-madgraph-pythia8/MINIAODSIM/106X_mcRun2_asymptotic_v17-v1/70000/DBE2476A-E1C1-CD4F-B1D0-67456F235247.root
02-Mar-2024 00:18:14 CET  Initiating request to open file root://eoscms.cern.ch//eos/cms/store/mc/RunIISummer20UL16MiniAODv2/EWKZ2Jets_ZToLL_M-50_TuneCP5_withDipoleRecoil_13TeV-madgraph-pythia8/MINIAODSIM/106X_mcRun2_asymptotic_v17-v1/70000/1F6F4C2C-4745-ED46-85CD-02EA7F2B4D92.root
%MSG-w XrdAdaptorInternal:  file_open 02-Mar-2024 00:18:15 CET PostProcessEvent
Failed to open file at URL root://eoscms.cern.ch:1094//eos/cms/store/mc/RunIISummer20UL16MiniAODv2/EWKZ2Jets_ZToLL_M-50_TuneCP5_withDipoleRecoil_13TeV-madgraph-pythia8/MINIAODSIM/106X_mcRun2_asymptotic_v17-v1/70000/1F6F4C2C-4745-ED46-85CD-02EA7F2B4D92.root.
%MSG
%MSG-w XrdAdaptorInternal:  file_open 02-Mar-2024 00:18:15 CET PostProcessEvent
Failed to open file at URL root://eoscms.cern.ch:1094//eos/cms/store/mc/RunIISummer20UL16MiniAODv2/EWKZ2Jets_ZToLL_M-50_TuneCP5_withDipoleRecoil_13TeV-madgraph-pythia8/MINIAODSIM/106X_mcRun2_asymptotic_v17-v1/70000/1F6F4C2C-4745-ED46-85CD-02EA7F2B4D92.root?tried=.
%MSG
02-Mar-2024 00:18:15 CET  Fallback request to file root://xrootd-cms.infn.it//store/mc/RunIISummer20UL16MiniAODv2/EWKZ2Jets_ZToLL_M-50_TuneCP5_withDipoleRecoil_13TeV-madgraph-pythia8/MINIAODSIM/106X_mcRun2_asymptotic_v17-v1/70000/1F6F4C2C-4745-ED46-85CD-02EA7F2B4D92.root
%MSG-w XrdAdaptor:  file_open 02-Mar-2024 00:18:27 CET PostProcessEvent
Data is served from T2_US_Florida instead of original site infn.it
%MSG
02-Mar-2024 00:18:28 CET  Successfully opened file root://xrootd-cms.infn.it//store/mc/RunIISummer20UL16MiniAODv2/EWKZ2Jets_ZToLL_M-50_TuneCP5_withDipoleRecoil_13TeV-madgraph-pythia8/MINIAODSIM/106X_mcRun2_asymptotic_v17-v1/70000/1F6F4C2C-4745-ED46-85CD-02EA7F2B4D92.root
02-Mar-2024 00:18:34 CET  Closed file root://xrootd-cms.infn.it//store/mc/RunIISummer20UL16MiniAODv2/EWKZ2Jets_ZToLL_M-50_TuneCP5_withDipoleRecoil_13TeV-madgraph-pythia8/MINIAODSIM/106X_mcRun2_asymptotic_v17-v1/70000/1F6F4C2C-4745-ED46-85CD-02EA7F2B4D92.root
02-Mar-2024 00:18:34 CET  Initiating request to open file root://eoscms.cern.ch//eos/cms/store/mc/RunIISummer20UL16MiniAODv2/EWKZ2Jets_ZToLL_M-50_TuneCP5_withDipoleRecoil_13TeV-madgraph-pythia8/MINIAODSIM/106X_mcRun2_asymptotic_v17-v1/280000/4F184FC4-6C17-C849-A59D-B9B99E80E670.root
%MSG-w XrdAdaptorInternal:  file_open 02-Mar-2024 00:18:35 CET PostProcessEvent
Failed to open file at URL root://eoscms.cern.ch:1094//eos/cms/store/mc/RunIISummer20UL16MiniAODv2/EWKZ2Jets_ZToLL_M-50_TuneCP5_withDipoleRecoil_13TeV-madgraph-pythia8/MINIAODSIM/106X_mcRun2_asymptotic_v17-v1/280000/4F184FC4-6C17-C849-A59D-B9B99E80E670.root.
%MSG
%MSG-w XrdAdaptorInternal:  file_open 02-Mar-2024 00:18:35 CET PostProcessEvent
Failed to open file at URL root://eoscms.cern.ch:1094//eos/cms/store/mc/RunIISummer20UL16MiniAODv2/EWKZ2Jets_ZToLL_M-50_TuneCP5_withDipoleRecoil_13TeV-madgraph-pythia8/MINIAODSIM/106X_mcRun2_asymptotic_v17-v1/280000/4F184FC4-6C17-C849-A59D-B9B99E80E670.root?tried=.
%MSG
02-Mar-2024 00:18:35 CET  Fallback request to file root://xrootd-cms.infn.it//store/mc/RunIISummer20UL16MiniAODv2/EWKZ2Jets_ZToLL_M-50_TuneCP5_withDipoleRecoil_13TeV-madgraph-pythia8/MINIAODSIM/106X_mcRun2_asymptotic_v17-v1/280000/4F184FC4-6C17-C849-A59D-B9B99E80E670.root
%MSG-w XrdAdaptor:  file_open 02-Mar-2024 00:19:04 CET PostProcessEvent
Data is served from fnal.gov instead of original site infn.it
%MSG
02-Mar-2024 00:19:04 CET  Successfully opened file root://xrootd-cms.infn.it//store/mc/RunIISummer20UL16MiniAODv2/EWKZ2Jets_ZToLL_M-50_TuneCP5_withDipoleRecoil_13TeV-madgraph-pythia8/MINIAODSIM/106X_mcRun2_asymptotic_v17-v1/280000/4F184FC4-6C17-C849-A59D-B9B99E80E670.root
02-Mar-2024 00:19:08 CET  Closed file root://xrootd-cms.infn.it//store/mc/RunIISummer20UL16MiniAODv2/EWKZ2Jets_ZToLL_M-50_TuneCP5_withDipoleRecoil_13TeV-madgraph-pythia8/MINIAODSIM/106X_mcRun2_asymptotic_v17-v1/280000/4F184FC4-6C17-C849-A59D-B9B99E80E670.root
02-Mar-2024 00:19:08 CET  Initiating request to open file root://eoscms.cern.ch//eos/cms/store/mc/RunIISummer20UL16MiniAODv2/EWKZ2Jets_ZToLL_M-50_TuneCP5_withDipoleRecoil_13TeV-madgraph-pythia8/MINIAODSIM/106X_mcRun2_asymptotic_v17-v1/270000/68F7B22B-9E4E-0A48-8B66-7EEF8B84E4AC.root
%MSG-w XrdAdaptorInternal:  file_open 02-Mar-2024 00:19:09 CET PostProcessEvent
Failed to open file at URL root://eoscms.cern.ch:1094//eos/cms/store/mc/RunIISummer20UL16MiniAODv2/EWKZ2Jets_ZToLL_M-50_TuneCP5_withDipoleRecoil_13TeV-madgraph-pythia8/MINIAODSIM/106X_mcRun2_asymptotic_v17-v1/270000/68F7B22B-9E4E-0A48-8B66-7EEF8B84E4AC.root.
%MSG
%MSG-w XrdAdaptorInternal:  file_open 02-Mar-2024 00:19:09 CET PostProcessEvent
Failed to open file at URL root://eoscms.cern.ch:1094//eos/cms/store/mc/RunIISummer20UL16MiniAODv2/EWKZ2Jets_ZToLL_M-50_TuneCP5_withDipoleRecoil_13TeV-madgraph-pythia8/MINIAODSIM/106X_mcRun2_asymptotic_v17-v1/270000/68F7B22B-9E4E-0A48-8B66-7EEF8B84E4AC.root?tried=.
%MSG
02-Mar-2024 00:19:09 CET  Fallback request to file root://xrootd-cms.infn.it//store/mc/RunIISummer20UL16MiniAODv2/EWKZ2Jets_ZToLL_M-50_TuneCP5_withDipoleRecoil_13TeV-madgraph-pythia8/MINIAODSIM/106X_mcRun2_asymptotic_v17-v1/270000/68F7B22B-9E4E-0A48-8B66-7EEF8B84E4AC.root
%MSG-w XrdAdaptor:  file_open 02-Mar-2024 00:19:29 CET PostProcessEvent
Data is served from T2_US_Nebraska instead of original site infn.it
%MSG
02-Mar-2024 00:19:30 CET  Successfully opened file root://xrootd-cms.infn.it//store/mc/RunIISummer20UL16MiniAODv2/EWKZ2Jets_ZToLL_M-50_TuneCP5_withDipoleRecoil_13TeV-madgraph-pythia8/MINIAODSIM/106X_mcRun2_asymptotic_v17-v1/270000/68F7B22B-9E4E-0A48-8B66-7EEF8B84E4AC.root
02-Mar-2024 00:19:36 CET  Closed file root://xrootd-cms.infn.it//store/mc/RunIISummer20UL16MiniAODv2/EWKZ2Jets_ZToLL_M-50_TuneCP5_withDipoleRecoil_13TeV-madgraph-pythia8/MINIAODSIM/106X_mcRun2_asymptotic_v17-v1/270000/68F7B22B-9E4E-0A48-8B66-7EEF8B84E4AC.root
02-Mar-2024 00:19:36 CET  Initiating request to open file root://eoscms.cern.ch//eos/cms/store/mc/RunIISummer20UL16MiniAODv2/EWKZ2Jets_ZToLL_M-50_TuneCP5_withDipoleRecoil_13TeV-madgraph-pythia8/MINIAODSIM/106X_mcRun2_asymptotic_v17-v1/70000/4E300873-51E5-D04F-ACA6-301F30A1C381.root
%MSG-w XrdAdaptorInternal:  file_open 02-Mar-2024 00:19:37 CET PostProcessEvent
Failed to open file at URL root://eoscms.cern.ch:1094//eos/cms/store/mc/RunIISummer20UL16MiniAODv2/EWKZ2Jets_ZToLL_M-50_TuneCP5_withDipoleRecoil_13TeV-madgraph-pythia8/MINIAODSIM/106X_mcRun2_asymptotic_v17-v1/70000/4E300873-51E5-D04F-ACA6-301F30A1C381.root.
%MSG
%MSG-w XrdAdaptorInternal:  file_open 02-Mar-2024 00:19:37 CET PostProcessEvent
Failed to open file at URL root://eoscms.cern.ch:1094//eos/cms/store/mc/RunIISummer20UL16MiniAODv2/EWKZ2Jets_ZToLL_M-50_TuneCP5_withDipoleRecoil_13TeV-madgraph-pythia8/MINIAODSIM/106X_mcRun2_asymptotic_v17-v1/70000/4E300873-51E5-D04F-ACA6-301F30A1C381.root?tried=.
%MSG
02-Mar-2024 00:19:37 CET  Fallback request to file root://xrootd-cms.infn.it//store/mc/RunIISummer20UL16MiniAODv2/EWKZ2Jets_ZToLL_M-50_TuneCP5_withDipoleRecoil_13TeV-madgraph-pythia8/MINIAODSIM/106X_mcRun2_asymptotic_v17-v1/70000/4E300873-51E5-D04F-ACA6-301F30A1C381.root
%MSG-w XrdAdaptor:  file_open 02-Mar-2024 00:19:50 CET PostProcessEvent
Data is served from T2_US_Florida instead of original site infn.it
%MSG
02-Mar-2024 00:19:51 CET  Successfully opened file root://xrootd-cms.infn.it//store/mc/RunIISummer20UL16MiniAODv2/EWKZ2Jets_ZToLL_M-50_TuneCP5_withDipoleRecoil_13TeV-madgraph-pythia8/MINIAODSIM/106X_mcRun2_asymptotic_v17-v1/70000/4E300873-51E5-D04F-ACA6-301F30A1C381.root
02-Mar-2024 00:19:56 CET  Closed file root://xrootd-cms.infn.it//store/mc/RunIISummer20UL16MiniAODv2/EWKZ2Jets_ZToLL_M-50_TuneCP5_withDipoleRecoil_13TeV-madgraph-pythia8/MINIAODSIM/106X_mcRun2_asymptotic_v17-v1/70000/4E300873-51E5-D04F-ACA6-301F30A1C381.root
02-Mar-2024 00:19:56 CET  Initiating request to open file root://eoscms.cern.ch//eos/cms/store/mc/RunIISummer20UL16MiniAODv2/EWKZ2Jets_ZToLL_M-50_TuneCP5_withDipoleRecoil_13TeV-madgraph-pythia8/MINIAODSIM/106X_mcRun2_asymptotic_v17-v1/70000/62C3F014-A1D7-454A-980C-C83F96674ACE.root
%MSG-w XrdAdaptorInternal:  file_open 02-Mar-2024 00:19:57 CET PostProcessEvent
Failed to open file at URL root://eoscms.cern.ch:1094//eos/cms/store/mc/RunIISummer20UL16MiniAODv2/EWKZ2Jets_ZToLL_M-50_TuneCP5_withDipoleRecoil_13TeV-madgraph-pythia8/MINIAODSIM/106X_mcRun2_asymptotic_v17-v1/70000/62C3F014-A1D7-454A-980C-C83F96674ACE.root.
%MSG
%MSG-w XrdAdaptorInternal:  file_open 02-Mar-2024 00:19:57 CET PostProcessEvent
Failed to open file at URL root://eoscms.cern.ch:1094//eos/cms/store/mc/RunIISummer20UL16MiniAODv2/EWKZ2Jets_ZToLL_M-50_TuneCP5_withDipoleRecoil_13TeV-madgraph-pythia8/MINIAODSIM/106X_mcRun2_asymptotic_v17-v1/70000/62C3F014-A1D7-454A-980C-C83F96674ACE.root?tried=.
%MSG
02-Mar-2024 00:19:57 CET  Fallback request to file root://xrootd-cms.infn.it//store/mc/RunIISummer20UL16MiniAODv2/EWKZ2Jets_ZToLL_M-50_TuneCP5_withDipoleRecoil_13TeV-madgraph-pythia8/MINIAODSIM/106X_mcRun2_asymptotic_v17-v1/70000/62C3F014-A1D7-454A-980C-C83F96674ACE.root
%MSG-w XrdAdaptor:  file_open 02-Mar-2024 00:20:10 CET PostProcessEvent
Data is served from T2_US_Nebraska instead of original site infn.it
%MSG
02-Mar-2024 00:20:11 CET  Successfully opened file root://xrootd-cms.infn.it//store/mc/RunIISummer20UL16MiniAODv2/EWKZ2Jets_ZToLL_M-50_TuneCP5_withDipoleRecoil_13TeV-madgraph-pythia8/MINIAODSIM/106X_mcRun2_asymptotic_v17-v1/70000/62C3F014-A1D7-454A-980C-C83F96674ACE.root
Begin processing the 400001st record. Run 1, Event 185003, LumiSection 186 on stream 0 at 02-Mar-2024 00:20:18.892 CET
02-Mar-2024 00:20:19 CET  Closed file root://xrootd-cms.infn.it//store/mc/RunIISummer20UL16MiniAODv2/EWKZ2Jets_ZToLL_M-50_TuneCP5_withDipoleRecoil_13TeV-madgraph-pythia8/MINIAODSIM/106X_mcRun2_asymptotic_v17-v1/70000/62C3F014-A1D7-454A-980C-C83F96674ACE.root
02-Mar-2024 00:20:19 CET  Initiating request to open file root://eoscms.cern.ch//eos/cms/store/mc/RunIISummer20UL16MiniAODv2/EWKZ2Jets_ZToLL_M-50_TuneCP5_withDipoleRecoil_13TeV-madgraph-pythia8/MINIAODSIM/106X_mcRun2_asymptotic_v17-v1/70000/F63A90FB-B9A6-C14E-A69B-34AC859EFEB4.root
%MSG-w XrdAdaptorInternal:  file_open 02-Mar-2024 00:20:20 CET PostProcessEvent
Failed to open file at URL root://eoscms.cern.ch:1094//eos/cms/store/mc/RunIISummer20UL16MiniAODv2/EWKZ2Jets_ZToLL_M-50_TuneCP5_withDipoleRecoil_13TeV-madgraph-pythia8/MINIAODSIM/106X_mcRun2_asymptotic_v17-v1/70000/F63A90FB-B9A6-C14E-A69B-34AC859EFEB4.root.
%MSG
%MSG-w XrdAdaptorInternal:  file_open 02-Mar-2024 00:20:20 CET PostProcessEvent
Failed to open file at URL root://eoscms.cern.ch:1094//eos/cms/store/mc/RunIISummer20UL16MiniAODv2/EWKZ2Jets_ZToLL_M-50_TuneCP5_withDipoleRecoil_13TeV-madgraph-pythia8/MINIAODSIM/106X_mcRun2_asymptotic_v17-v1/70000/F63A90FB-B9A6-C14E-A69B-34AC859EFEB4.root?tried=.
%MSG
02-Mar-2024 00:20:20 CET  Fallback request to file root://xrootd-cms.infn.it//store/mc/RunIISummer20UL16MiniAODv2/EWKZ2Jets_ZToLL_M-50_TuneCP5_withDipoleRecoil_13TeV-madgraph-pythia8/MINIAODSIM/106X_mcRun2_asymptotic_v17-v1/70000/F63A90FB-B9A6-C14E-A69B-34AC859EFEB4.root
%MSG-w XrdAdaptor:  file_open 02-Mar-2024 00:20:33 CET PostProcessEvent
Data is served from T2_US_Wisconsin instead of original site infn.it
%MSG
02-Mar-2024 00:20:34 CET  Successfully opened file root://xrootd-cms.infn.it//store/mc/RunIISummer20UL16MiniAODv2/EWKZ2Jets_ZToLL_M-50_TuneCP5_withDipoleRecoil_13TeV-madgraph-pythia8/MINIAODSIM/106X_mcRun2_asymptotic_v17-v1/70000/F63A90FB-B9A6-C14E-A69B-34AC859EFEB4.root
02-Mar-2024 00:20:40 CET  Closed file root://xrootd-cms.infn.it//store/mc/RunIISummer20UL16MiniAODv2/EWKZ2Jets_ZToLL_M-50_TuneCP5_withDipoleRecoil_13TeV-madgraph-pythia8/MINIAODSIM/106X_mcRun2_asymptotic_v17-v1/70000/F63A90FB-B9A6-C14E-A69B-34AC859EFEB4.root
02-Mar-2024 00:20:40 CET  Initiating request to open file root://eoscms.cern.ch//eos/cms/store/mc/RunIISummer20UL16MiniAODv2/EWKZ2Jets_ZToLL_M-50_TuneCP5_withDipoleRecoil_13TeV-madgraph-pythia8/MINIAODSIM/106X_mcRun2_asymptotic_v17-v1/70000/FD57DE96-87BB-4B4C-96A8-49E4685BF8FC.root
%MSG-w XrdAdaptorInternal:  file_open 02-Mar-2024 00:20:41 CET PostProcessEvent
Failed to open file at URL root://eoscms.cern.ch:1094//eos/cms/store/mc/RunIISummer20UL16MiniAODv2/EWKZ2Jets_ZToLL_M-50_TuneCP5_withDipoleRecoil_13TeV-madgraph-pythia8/MINIAODSIM/106X_mcRun2_asymptotic_v17-v1/70000/FD57DE96-87BB-4B4C-96A8-49E4685BF8FC.root.
%MSG
%MSG-w XrdAdaptorInternal:  file_open 02-Mar-2024 00:20:41 CET PostProcessEvent
Failed to open file at URL root://eoscms.cern.ch:1094//eos/cms/store/mc/RunIISummer20UL16MiniAODv2/EWKZ2Jets_ZToLL_M-50_TuneCP5_withDipoleRecoil_13TeV-madgraph-pythia8/MINIAODSIM/106X_mcRun2_asymptotic_v17-v1/70000/FD57DE96-87BB-4B4C-96A8-49E4685BF8FC.root?tried=.
%MSG
02-Mar-2024 00:20:41 CET  Fallback request to file root://xrootd-cms.infn.it//store/mc/RunIISummer20UL16MiniAODv2/EWKZ2Jets_ZToLL_M-50_TuneCP5_withDipoleRecoil_13TeV-madgraph-pythia8/MINIAODSIM/106X_mcRun2_asymptotic_v17-v1/70000/FD57DE96-87BB-4B4C-96A8-49E4685BF8FC.root
%MSG-w XrdAdaptor:  file_open 02-Mar-2024 00:20:54 CET PostProcessEvent
Data is served from T2_US_Wisconsin instead of original site infn.it
%MSG
02-Mar-2024 00:20:55 CET  Successfully opened file root://xrootd-cms.infn.it//store/mc/RunIISummer20UL16MiniAODv2/EWKZ2Jets_ZToLL_M-50_TuneCP5_withDipoleRecoil_13TeV-madgraph-pythia8/MINIAODSIM/106X_mcRun2_asymptotic_v17-v1/70000/FD57DE96-87BB-4B4C-96A8-49E4685BF8FC.root
02-Mar-2024 00:20:59 CET  Closed file root://xrootd-cms.infn.it//store/mc/RunIISummer20UL16MiniAODv2/EWKZ2Jets_ZToLL_M-50_TuneCP5_withDipoleRecoil_13TeV-madgraph-pythia8/MINIAODSIM/106X_mcRun2_asymptotic_v17-v1/70000/FD57DE96-87BB-4B4C-96A8-49E4685BF8FC.root
02-Mar-2024 00:20:59 CET  Initiating request to open file root://eoscms.cern.ch//eos/cms/store/mc/RunIISummer20UL16MiniAODv2/EWKZ2Jets_ZToLL_M-50_TuneCP5_withDipoleRecoil_13TeV-madgraph-pythia8/MINIAODSIM/106X_mcRun2_asymptotic_v17-v1/270000/3FD343E8-80F1-1A44-9337-B0CEF312EA5F.root
%MSG-w XrdAdaptorInternal:  file_open 02-Mar-2024 00:21:00 CET PostProcessEvent
Failed to open file at URL root://eoscms.cern.ch:1094//eos/cms/store/mc/RunIISummer20UL16MiniAODv2/EWKZ2Jets_ZToLL_M-50_TuneCP5_withDipoleRecoil_13TeV-madgraph-pythia8/MINIAODSIM/106X_mcRun2_asymptotic_v17-v1/270000/3FD343E8-80F1-1A44-9337-B0CEF312EA5F.root.
%MSG
%MSG-w XrdAdaptorInternal:  file_open 02-Mar-2024 00:21:00 CET PostProcessEvent
Failed to open file at URL root://eoscms.cern.ch:1094//eos/cms/store/mc/RunIISummer20UL16MiniAODv2/EWKZ2Jets_ZToLL_M-50_TuneCP5_withDipoleRecoil_13TeV-madgraph-pythia8/MINIAODSIM/106X_mcRun2_asymptotic_v17-v1/270000/3FD343E8-80F1-1A44-9337-B0CEF312EA5F.root?tried=.
%MSG
02-Mar-2024 00:21:00 CET  Fallback request to file root://xrootd-cms.infn.it//store/mc/RunIISummer20UL16MiniAODv2/EWKZ2Jets_ZToLL_M-50_TuneCP5_withDipoleRecoil_13TeV-madgraph-pythia8/MINIAODSIM/106X_mcRun2_asymptotic_v17-v1/270000/3FD343E8-80F1-1A44-9337-B0CEF312EA5F.root
Unable to load sec.protocol plugin libXrdSecztn.so
%MSG-w XrdAdaptor:  file_open 02-Mar-2024 00:21:23 CET PostProcessEvent
Data is served from fnal.gov instead of original site infn.it
%MSG
02-Mar-2024 00:21:24 CET  Successfully opened file root://xrootd-cms.infn.it//store/mc/RunIISummer20UL16MiniAODv2/EWKZ2Jets_ZToLL_M-50_TuneCP5_withDipoleRecoil_13TeV-madgraph-pythia8/MINIAODSIM/106X_mcRun2_asymptotic_v17-v1/270000/3FD343E8-80F1-1A44-9337-B0CEF312EA5F.root
02-Mar-2024 00:21:28 CET  Closed file root://xrootd-cms.infn.it//store/mc/RunIISummer20UL16MiniAODv2/EWKZ2Jets_ZToLL_M-50_TuneCP5_withDipoleRecoil_13TeV-madgraph-pythia8/MINIAODSIM/106X_mcRun2_asymptotic_v17-v1/270000/3FD343E8-80F1-1A44-9337-B0CEF312EA5F.root
02-Mar-2024 00:21:28 CET  Initiating request to open file root://eoscms.cern.ch//eos/cms/store/mc/RunIISummer20UL16MiniAODv2/EWKZ2Jets_ZToLL_M-50_TuneCP5_withDipoleRecoil_13TeV-madgraph-pythia8/MINIAODSIM/106X_mcRun2_asymptotic_v17-v1/70000/B93CFB65-4B36-5740-9631-E4E33DC22902.root
%MSG-w XrdAdaptorInternal:  file_open 02-Mar-2024 00:21:29 CET PostProcessEvent
Failed to open file at URL root://eoscms.cern.ch:1094//eos/cms/store/mc/RunIISummer20UL16MiniAODv2/EWKZ2Jets_ZToLL_M-50_TuneCP5_withDipoleRecoil_13TeV-madgraph-pythia8/MINIAODSIM/106X_mcRun2_asymptotic_v17-v1/70000/B93CFB65-4B36-5740-9631-E4E33DC22902.root.
%MSG
%MSG-w XrdAdaptorInternal:  file_open 02-Mar-2024 00:21:29 CET PostProcessEvent
Failed to open file at URL root://eoscms.cern.ch:1094//eos/cms/store/mc/RunIISummer20UL16MiniAODv2/EWKZ2Jets_ZToLL_M-50_TuneCP5_withDipoleRecoil_13TeV-madgraph-pythia8/MINIAODSIM/106X_mcRun2_asymptotic_v17-v1/70000/B93CFB65-4B36-5740-9631-E4E33DC22902.root?tried=.
%MSG
02-Mar-2024 00:21:29 CET  Fallback request to file root://xrootd-cms.infn.it//store/mc/RunIISummer20UL16MiniAODv2/EWKZ2Jets_ZToLL_M-50_TuneCP5_withDipoleRecoil_13TeV-madgraph-pythia8/MINIAODSIM/106X_mcRun2_asymptotic_v17-v1/70000/B93CFB65-4B36-5740-9631-E4E33DC22902.root
%MSG-w XrdAdaptor:  file_open 02-Mar-2024 00:21:44 CET PostProcessEvent
Data is served from T2_US_MIT instead of original site infn.it
%MSG
02-Mar-2024 00:21:44 CET  Successfully opened file root://xrootd-cms.infn.it//store/mc/RunIISummer20UL16MiniAODv2/EWKZ2Jets_ZToLL_M-50_TuneCP5_withDipoleRecoil_13TeV-madgraph-pythia8/MINIAODSIM/106X_mcRun2_asymptotic_v17-v1/70000/B93CFB65-4B36-5740-9631-E4E33DC22902.root
      6.149011      0.044235      0.006149             1
 
02-Mar-2024 00:21:48 CET  Closed file root://xrootd-cms.infn.it//store/mc/RunIISummer20UL16MiniAODv2/EWKZ2Jets_ZToLL_M-50_TuneCP5_withDipoleRecoil_13TeV-madgraph-pythia8/MINIAODSIM/106X_mcRun2_asymptotic_v17-v1/70000/B93CFB65-4B36-5740-9631-E4E33DC22902.root

------------------------------------
GenXsecAnalyzer:
------------------------------------
-------------------------------------------------------------------------------------------------------------------------------------------------------------------------- 
Overall cross-section summary 
--------------------------------------------------------------------------------------------------------------------------------------------------------------------------
Process		xsec_before [pb]		passed	nposw	nnegw	tried	nposw	nnegw 	xsec_match [pb]			accepted [%]	 event_eff [%]
0		6.206e+00 +/- 2.081e-03		453000	453000	0	453000	453000	0	6.206e+00 +/- 2.081e-03		100.0 +/- 0.0	100.0 +/- 0.0
-------------------------------------------------------------------------------------------------------------------------------------------------------------------------- 
Total		6.206e+00 +/- 2.081e-03		453000	453000	0	453000	453000	0	6.206e+00 +/- 2.081e-03		100.0 +/- 0.0	100.0 +/- 0.0
--------------------------------------------------------------------------------------------------------------------------------------------------------------------------
Before matching: total cross section = 6.206e+00 +- 2.081e-03 pb
After matching: total cross section = 6.206e+00 +- 2.081e-03 pb
Matching efficiency = 1.0 +/- 0.0   [TO BE USED IN MCM]
Filter efficiency (taking into account weights)= (453000) / (453000) = 1.000e+00 +- 0.000e+00
Filter efficiency (event-level)= (453000) / (453000) = 1.000e+00 +- 0.000e+00    [TO BE USED IN MCM]

After filter: final cross section = 6.206e+00 +- 2.081e-03 pb
After filter: final fraction of events with negative weights = 0.000e+00 +- 0.000e+00
After filter: final equivalent lumi for 1M events (1/fb) = 1.611e+02 +- 1.699e-01

=============================================

MessageLogger Summary

 type     category        sev    module        subroutine        count    total
 ---- -------------------- -- ---------------- ----------------  -----    -----
    1 GenXSecAnalyzer      -w GenXSecAnalyzer:                      15       15
    2 XrdAdaptor           -w file_open                             19       19
    3 XrdAdaptorInternal   -w file_open                             38       38
    4 fileAction           -s file_close                            19       19
    5 fileAction           -s file_open                             57       57

 type    category    Examples: run/evt        run/evt          run/evt
 ---- -------------------- ---------------- ---------------- ----------------
    1 GenXSecAnalyzer      PostGlobalEndRun PostGlobalEndRun PostGlobalEndRun
    2 XrdAdaptor           pre-events       PostProcessEvent PostProcessEvent
    3 XrdAdaptorInternal   pre-events       pre-events       PostProcessEvent
    4 fileAction           PostProcessEvent PostProcessEvent PostGlobalEndRun
    5 fileAction           pre-events       pre-events       PostProcessEvent

Severity    # Occurrences   Total Occurrences
--------    -------------   -----------------
Warning                72                  72
System                 76                  76

dropped waiting message count 0
