04-Mar-2024 16:03:35 CET  Initiating request to open file root://eoscms.cern.ch//eos/cms/store/mc/RunIISummer20UL16MiniAODv2/ZZTo4Q_5f_TuneCP5_13TeV-amcatnloFXFX-pythia8/MINIAODSIM/106X_mcRun2_asymptotic_v17-v2/60000/20EBFD03-31BB-184C-A6D9-1EB2F05723FC.root
%MSG-w XrdAdaptorInternal:  file_open 04-Mar-2024 16:03:37 CET pre-events
Failed to open file at URL root://eoscms.cern.ch:1094//eos/cms/store/mc/RunIISummer20UL16MiniAODv2/ZZTo4Q_5f_TuneCP5_13TeV-amcatnloFXFX-pythia8/MINIAODSIM/106X_mcRun2_asymptotic_v17-v2/60000/20EBFD03-31BB-184C-A6D9-1EB2F05723FC.root.
%MSG
%MSG-w XrdAdaptorInternal:  file_open 04-Mar-2024 16:03:37 CET pre-events
Failed to open file at URL root://eoscms.cern.ch:1094//eos/cms/store/mc/RunIISummer20UL16MiniAODv2/ZZTo4Q_5f_TuneCP5_13TeV-amcatnloFXFX-pythia8/MINIAODSIM/106X_mcRun2_asymptotic_v17-v2/60000/20EBFD03-31BB-184C-A6D9-1EB2F05723FC.root?tried=.
%MSG
04-Mar-2024 16:03:37 CET  Fallback request to file root://xrootd-cms.infn.it//store/mc/RunIISummer20UL16MiniAODv2/ZZTo4Q_5f_TuneCP5_13TeV-amcatnloFXFX-pythia8/MINIAODSIM/106X_mcRun2_asymptotic_v17-v2/60000/20EBFD03-31BB-184C-A6D9-1EB2F05723FC.root
%MSG-w XrdAdaptor:  file_open 04-Mar-2024 16:03:54 CET pre-events
Data is served from T2_US_Wisconsin instead of original site T2_IT_Pisa
%MSG
04-Mar-2024 16:04:04 CET  Successfully opened file root://xrootd-cms.infn.it//store/mc/RunIISummer20UL16MiniAODv2/ZZTo4Q_5f_TuneCP5_13TeV-amcatnloFXFX-pythia8/MINIAODSIM/106X_mcRun2_asymptotic_v17-v2/60000/20EBFD03-31BB-184C-A6D9-1EB2F05723FC.root
Begin processing the 1st record. Run 1, Event 1797264, LumiSection 1118 on stream 0 at 04-Mar-2024 16:04:11.510 CET
04-Mar-2024 16:04:11 CET  Closed file root://xrootd-cms.infn.it//store/mc/RunIISummer20UL16MiniAODv2/ZZTo4Q_5f_TuneCP5_13TeV-amcatnloFXFX-pythia8/MINIAODSIM/106X_mcRun2_asymptotic_v17-v2/60000/20EBFD03-31BB-184C-A6D9-1EB2F05723FC.root
04-Mar-2024 16:04:11 CET  Initiating request to open file root://eoscms.cern.ch//eos/cms/store/mc/RunIISummer20UL16MiniAODv2/ZZTo4Q_5f_TuneCP5_13TeV-amcatnloFXFX-pythia8/MINIAODSIM/106X_mcRun2_asymptotic_v17-v2/60000/7FDFCF85-33BC-DF41-8153-CA99FF139F0F.root
%MSG-w XrdAdaptorInternal:  file_open 04-Mar-2024 16:04:12 CET PostProcessEvent
Failed to open file at URL root://eoscms.cern.ch:1094//eos/cms/store/mc/RunIISummer20UL16MiniAODv2/ZZTo4Q_5f_TuneCP5_13TeV-amcatnloFXFX-pythia8/MINIAODSIM/106X_mcRun2_asymptotic_v17-v2/60000/7FDFCF85-33BC-DF41-8153-CA99FF139F0F.root.
%MSG
%MSG-w XrdAdaptorInternal:  file_open 04-Mar-2024 16:04:12 CET PostProcessEvent
Failed to open file at URL root://eoscms.cern.ch:1094//eos/cms/store/mc/RunIISummer20UL16MiniAODv2/ZZTo4Q_5f_TuneCP5_13TeV-amcatnloFXFX-pythia8/MINIAODSIM/106X_mcRun2_asymptotic_v17-v2/60000/7FDFCF85-33BC-DF41-8153-CA99FF139F0F.root?tried=.
%MSG
04-Mar-2024 16:04:12 CET  Fallback request to file root://xrootd-cms.infn.it//store/mc/RunIISummer20UL16MiniAODv2/ZZTo4Q_5f_TuneCP5_13TeV-amcatnloFXFX-pythia8/MINIAODSIM/106X_mcRun2_asymptotic_v17-v2/60000/7FDFCF85-33BC-DF41-8153-CA99FF139F0F.root
%MSG-w XrdAdaptor:  file_open 04-Mar-2024 16:04:28 CET PostProcessEvent
Data is served from T2_US_Caltech instead of original site T2_IT_Pisa
%MSG
04-Mar-2024 16:04:29 CET  Successfully opened file root://xrootd-cms.infn.it//store/mc/RunIISummer20UL16MiniAODv2/ZZTo4Q_5f_TuneCP5_13TeV-amcatnloFXFX-pythia8/MINIAODSIM/106X_mcRun2_asymptotic_v17-v2/60000/7FDFCF85-33BC-DF41-8153-CA99FF139F0F.root
04-Mar-2024 16:04:35 CET  Closed file root://xrootd-cms.infn.it//store/mc/RunIISummer20UL16MiniAODv2/ZZTo4Q_5f_TuneCP5_13TeV-amcatnloFXFX-pythia8/MINIAODSIM/106X_mcRun2_asymptotic_v17-v2/60000/7FDFCF85-33BC-DF41-8153-CA99FF139F0F.root
04-Mar-2024 16:04:35 CET  Initiating request to open file root://eoscms.cern.ch//eos/cms/store/mc/RunIISummer20UL16MiniAODv2/ZZTo4Q_5f_TuneCP5_13TeV-amcatnloFXFX-pythia8/MINIAODSIM/106X_mcRun2_asymptotic_v17-v2/60000/820A6AC0-1BA3-8C46-AEEC-85E9BEFF2244.root
%MSG-w XrdAdaptorInternal:  file_open 04-Mar-2024 16:04:36 CET PostProcessEvent
Failed to open file at URL root://eoscms.cern.ch:1094//eos/cms/store/mc/RunIISummer20UL16MiniAODv2/ZZTo4Q_5f_TuneCP5_13TeV-amcatnloFXFX-pythia8/MINIAODSIM/106X_mcRun2_asymptotic_v17-v2/60000/820A6AC0-1BA3-8C46-AEEC-85E9BEFF2244.root.
%MSG
%MSG-w XrdAdaptorInternal:  file_open 04-Mar-2024 16:04:36 CET PostProcessEvent
Failed to open file at URL root://eoscms.cern.ch:1094//eos/cms/store/mc/RunIISummer20UL16MiniAODv2/ZZTo4Q_5f_TuneCP5_13TeV-amcatnloFXFX-pythia8/MINIAODSIM/106X_mcRun2_asymptotic_v17-v2/60000/820A6AC0-1BA3-8C46-AEEC-85E9BEFF2244.root?tried=.
%MSG
04-Mar-2024 16:04:36 CET  Fallback request to file root://xrootd-cms.infn.it//store/mc/RunIISummer20UL16MiniAODv2/ZZTo4Q_5f_TuneCP5_13TeV-amcatnloFXFX-pythia8/MINIAODSIM/106X_mcRun2_asymptotic_v17-v2/60000/820A6AC0-1BA3-8C46-AEEC-85E9BEFF2244.root
%MSG-w XrdAdaptor:  file_open 04-Mar-2024 16:04:54 CET PostProcessEvent
Data is served from cms.rcac.purdue.edu instead of original site T2_IT_Pisa
%MSG
04-Mar-2024 16:05:00 CET  Successfully opened file root://xrootd-cms.infn.it//store/mc/RunIISummer20UL16MiniAODv2/ZZTo4Q_5f_TuneCP5_13TeV-amcatnloFXFX-pythia8/MINIAODSIM/106X_mcRun2_asymptotic_v17-v2/60000/820A6AC0-1BA3-8C46-AEEC-85E9BEFF2244.root
04-Mar-2024 16:05:05 CET  Closed file root://xrootd-cms.infn.it//store/mc/RunIISummer20UL16MiniAODv2/ZZTo4Q_5f_TuneCP5_13TeV-amcatnloFXFX-pythia8/MINIAODSIM/106X_mcRun2_asymptotic_v17-v2/60000/820A6AC0-1BA3-8C46-AEEC-85E9BEFF2244.root
04-Mar-2024 16:05:05 CET  Initiating request to open file root://eoscms.cern.ch//eos/cms/store/mc/RunIISummer20UL16MiniAODv2/ZZTo4Q_5f_TuneCP5_13TeV-amcatnloFXFX-pythia8/MINIAODSIM/106X_mcRun2_asymptotic_v17-v2/60000/85A742EB-3338-2C44-8274-154F37776571.root
%MSG-w XrdAdaptorInternal:  file_open 04-Mar-2024 16:05:06 CET PostProcessEvent
Failed to open file at URL root://eoscms.cern.ch:1094//eos/cms/store/mc/RunIISummer20UL16MiniAODv2/ZZTo4Q_5f_TuneCP5_13TeV-amcatnloFXFX-pythia8/MINIAODSIM/106X_mcRun2_asymptotic_v17-v2/60000/85A742EB-3338-2C44-8274-154F37776571.root.
%MSG
%MSG-w XrdAdaptorInternal:  file_open 04-Mar-2024 16:05:06 CET PostProcessEvent
Failed to open file at URL root://eoscms.cern.ch:1094//eos/cms/store/mc/RunIISummer20UL16MiniAODv2/ZZTo4Q_5f_TuneCP5_13TeV-amcatnloFXFX-pythia8/MINIAODSIM/106X_mcRun2_asymptotic_v17-v2/60000/85A742EB-3338-2C44-8274-154F37776571.root?tried=.
%MSG
04-Mar-2024 16:05:06 CET  Fallback request to file root://xrootd-cms.infn.it//store/mc/RunIISummer20UL16MiniAODv2/ZZTo4Q_5f_TuneCP5_13TeV-amcatnloFXFX-pythia8/MINIAODSIM/106X_mcRun2_asymptotic_v17-v2/60000/85A742EB-3338-2C44-8274-154F37776571.root
Unable to load sec.protocol plugin libXrdSecztn.so
%MSG-w XrdAdaptor:  file_open 04-Mar-2024 16:05:27 CET PostProcessEvent
Data is served from fnal.gov instead of original site T2_IT_Pisa
%MSG
04-Mar-2024 16:05:28 CET  Successfully opened file root://xrootd-cms.infn.it//store/mc/RunIISummer20UL16MiniAODv2/ZZTo4Q_5f_TuneCP5_13TeV-amcatnloFXFX-pythia8/MINIAODSIM/106X_mcRun2_asymptotic_v17-v2/60000/85A742EB-3338-2C44-8274-154F37776571.root
04-Mar-2024 16:05:33 CET  Closed file root://xrootd-cms.infn.it//store/mc/RunIISummer20UL16MiniAODv2/ZZTo4Q_5f_TuneCP5_13TeV-amcatnloFXFX-pythia8/MINIAODSIM/106X_mcRun2_asymptotic_v17-v2/60000/85A742EB-3338-2C44-8274-154F37776571.root
04-Mar-2024 16:05:33 CET  Initiating request to open file root://eoscms.cern.ch//eos/cms/store/mc/RunIISummer20UL16MiniAODv2/ZZTo4Q_5f_TuneCP5_13TeV-amcatnloFXFX-pythia8/MINIAODSIM/106X_mcRun2_asymptotic_v17-v2/60000/8A990D13-72DE-2F40-8DBB-D48118FD0997.root
%MSG-w XrdAdaptorInternal:  file_open 04-Mar-2024 16:05:34 CET PostProcessEvent
Failed to open file at URL root://eoscms.cern.ch:1094//eos/cms/store/mc/RunIISummer20UL16MiniAODv2/ZZTo4Q_5f_TuneCP5_13TeV-amcatnloFXFX-pythia8/MINIAODSIM/106X_mcRun2_asymptotic_v17-v2/60000/8A990D13-72DE-2F40-8DBB-D48118FD0997.root.
%MSG
%MSG-w XrdAdaptorInternal:  file_open 04-Mar-2024 16:05:34 CET PostProcessEvent
Failed to open file at URL root://eoscms.cern.ch:1094//eos/cms/store/mc/RunIISummer20UL16MiniAODv2/ZZTo4Q_5f_TuneCP5_13TeV-amcatnloFXFX-pythia8/MINIAODSIM/106X_mcRun2_asymptotic_v17-v2/60000/8A990D13-72DE-2F40-8DBB-D48118FD0997.root?tried=.
%MSG
04-Mar-2024 16:05:34 CET  Fallback request to file root://xrootd-cms.infn.it//store/mc/RunIISummer20UL16MiniAODv2/ZZTo4Q_5f_TuneCP5_13TeV-amcatnloFXFX-pythia8/MINIAODSIM/106X_mcRun2_asymptotic_v17-v2/60000/8A990D13-72DE-2F40-8DBB-D48118FD0997.root
Unable to load sec.protocol plugin libXrdSecztn.so
%MSG-w XrdAdaptor:  file_open 04-Mar-2024 16:05:48 CET PostProcessEvent
Data is served from fnal.gov instead of original site T2_IT_Pisa
%MSG
04-Mar-2024 16:05:48 CET  Successfully opened file root://xrootd-cms.infn.it//store/mc/RunIISummer20UL16MiniAODv2/ZZTo4Q_5f_TuneCP5_13TeV-amcatnloFXFX-pythia8/MINIAODSIM/106X_mcRun2_asymptotic_v17-v2/60000/8A990D13-72DE-2F40-8DBB-D48118FD0997.root
04-Mar-2024 16:06:01 CET  Closed file root://xrootd-cms.infn.it//store/mc/RunIISummer20UL16MiniAODv2/ZZTo4Q_5f_TuneCP5_13TeV-amcatnloFXFX-pythia8/MINIAODSIM/106X_mcRun2_asymptotic_v17-v2/60000/8A990D13-72DE-2F40-8DBB-D48118FD0997.root
04-Mar-2024 16:06:01 CET  Initiating request to open file root://eoscms.cern.ch//eos/cms/store/mc/RunIISummer20UL16MiniAODv2/ZZTo4Q_5f_TuneCP5_13TeV-amcatnloFXFX-pythia8/MINIAODSIM/106X_mcRun2_asymptotic_v17-v2/60000/49D1C66C-E725-7A48-88A0-F0713DE059F4.root
%MSG-w XrdAdaptorInternal:  file_open 04-Mar-2024 16:06:02 CET PostProcessEvent
Failed to open file at URL root://eoscms.cern.ch:1094//eos/cms/store/mc/RunIISummer20UL16MiniAODv2/ZZTo4Q_5f_TuneCP5_13TeV-amcatnloFXFX-pythia8/MINIAODSIM/106X_mcRun2_asymptotic_v17-v2/60000/49D1C66C-E725-7A48-88A0-F0713DE059F4.root.
%MSG
%MSG-w XrdAdaptorInternal:  file_open 04-Mar-2024 16:06:02 CET PostProcessEvent
Failed to open file at URL root://eoscms.cern.ch:1094//eos/cms/store/mc/RunIISummer20UL16MiniAODv2/ZZTo4Q_5f_TuneCP5_13TeV-amcatnloFXFX-pythia8/MINIAODSIM/106X_mcRun2_asymptotic_v17-v2/60000/49D1C66C-E725-7A48-88A0-F0713DE059F4.root?tried=.
%MSG
04-Mar-2024 16:06:02 CET  Fallback request to file root://xrootd-cms.infn.it//store/mc/RunIISummer20UL16MiniAODv2/ZZTo4Q_5f_TuneCP5_13TeV-amcatnloFXFX-pythia8/MINIAODSIM/106X_mcRun2_asymptotic_v17-v2/60000/49D1C66C-E725-7A48-88A0-F0713DE059F4.root
%MSG-w XrdAdaptor:  file_open 04-Mar-2024 16:06:27 CET PostProcessEvent
Data is served from fnal.gov instead of original site T2_IT_Pisa
%MSG
04-Mar-2024 16:06:28 CET  Successfully opened file root://xrootd-cms.infn.it//store/mc/RunIISummer20UL16MiniAODv2/ZZTo4Q_5f_TuneCP5_13TeV-amcatnloFXFX-pythia8/MINIAODSIM/106X_mcRun2_asymptotic_v17-v2/60000/49D1C66C-E725-7A48-88A0-F0713DE059F4.root
Unable to load sec.protocol plugin libXrdSecztn.so
04-Mar-2024 16:06:36 CET  Closed file root://xrootd-cms.infn.it//store/mc/RunIISummer20UL16MiniAODv2/ZZTo4Q_5f_TuneCP5_13TeV-amcatnloFXFX-pythia8/MINIAODSIM/106X_mcRun2_asymptotic_v17-v2/60000/49D1C66C-E725-7A48-88A0-F0713DE059F4.root
04-Mar-2024 16:06:36 CET  Initiating request to open file root://eoscms.cern.ch//eos/cms/store/mc/RunIISummer20UL16MiniAODv2/ZZTo4Q_5f_TuneCP5_13TeV-amcatnloFXFX-pythia8/MINIAODSIM/106X_mcRun2_asymptotic_v17-v2/60000/86BDD9FF-5094-B14B-A4EC-D3473EDAB50E.root
%MSG-w XrdAdaptorInternal:  file_open 04-Mar-2024 16:06:37 CET PostProcessEvent
Failed to open file at URL root://eoscms.cern.ch:1094//eos/cms/store/mc/RunIISummer20UL16MiniAODv2/ZZTo4Q_5f_TuneCP5_13TeV-amcatnloFXFX-pythia8/MINIAODSIM/106X_mcRun2_asymptotic_v17-v2/60000/86BDD9FF-5094-B14B-A4EC-D3473EDAB50E.root.
%MSG
%MSG-w XrdAdaptorInternal:  file_open 04-Mar-2024 16:06:37 CET PostProcessEvent
Failed to open file at URL root://eoscms.cern.ch:1094//eos/cms/store/mc/RunIISummer20UL16MiniAODv2/ZZTo4Q_5f_TuneCP5_13TeV-amcatnloFXFX-pythia8/MINIAODSIM/106X_mcRun2_asymptotic_v17-v2/60000/86BDD9FF-5094-B14B-A4EC-D3473EDAB50E.root?tried=.
%MSG
04-Mar-2024 16:06:37 CET  Fallback request to file root://xrootd-cms.infn.it//store/mc/RunIISummer20UL16MiniAODv2/ZZTo4Q_5f_TuneCP5_13TeV-amcatnloFXFX-pythia8/MINIAODSIM/106X_mcRun2_asymptotic_v17-v2/60000/86BDD9FF-5094-B14B-A4EC-D3473EDAB50E.root
%MSG-w XrdAdaptor:  file_open 04-Mar-2024 16:06:50 CET PostProcessEvent
Data is served from fnal.gov instead of original site T2_IT_Pisa
%MSG
04-Mar-2024 16:06:51 CET  Successfully opened file root://xrootd-cms.infn.it//store/mc/RunIISummer20UL16MiniAODv2/ZZTo4Q_5f_TuneCP5_13TeV-amcatnloFXFX-pythia8/MINIAODSIM/106X_mcRun2_asymptotic_v17-v2/60000/86BDD9FF-5094-B14B-A4EC-D3473EDAB50E.root
Begin processing the 100001st record. Run 1, Event 1971660, LumiSection 1226 on stream 0 at 04-Mar-2024 16:06:58.600 CET
04-Mar-2024 16:07:00 CET  Closed file root://xrootd-cms.infn.it//store/mc/RunIISummer20UL16MiniAODv2/ZZTo4Q_5f_TuneCP5_13TeV-amcatnloFXFX-pythia8/MINIAODSIM/106X_mcRun2_asymptotic_v17-v2/60000/86BDD9FF-5094-B14B-A4EC-D3473EDAB50E.root
04-Mar-2024 16:07:00 CET  Initiating request to open file root://eoscms.cern.ch//eos/cms/store/mc/RunIISummer20UL16MiniAODv2/ZZTo4Q_5f_TuneCP5_13TeV-amcatnloFXFX-pythia8/MINIAODSIM/106X_mcRun2_asymptotic_v17-v2/60000/0CCB87B0-3B73-954C-AFE6-EBDA21D8610B.root
%MSG-w XrdAdaptorInternal:  file_open 04-Mar-2024 16:07:01 CET PostProcessEvent
Failed to open file at URL root://eoscms.cern.ch:1094//eos/cms/store/mc/RunIISummer20UL16MiniAODv2/ZZTo4Q_5f_TuneCP5_13TeV-amcatnloFXFX-pythia8/MINIAODSIM/106X_mcRun2_asymptotic_v17-v2/60000/0CCB87B0-3B73-954C-AFE6-EBDA21D8610B.root.
%MSG
%MSG-w XrdAdaptorInternal:  file_open 04-Mar-2024 16:07:01 CET PostProcessEvent
Failed to open file at URL root://eoscms.cern.ch:1094//eos/cms/store/mc/RunIISummer20UL16MiniAODv2/ZZTo4Q_5f_TuneCP5_13TeV-amcatnloFXFX-pythia8/MINIAODSIM/106X_mcRun2_asymptotic_v17-v2/60000/0CCB87B0-3B73-954C-AFE6-EBDA21D8610B.root?tried=.
%MSG
04-Mar-2024 16:07:01 CET  Fallback request to file root://xrootd-cms.infn.it//store/mc/RunIISummer20UL16MiniAODv2/ZZTo4Q_5f_TuneCP5_13TeV-amcatnloFXFX-pythia8/MINIAODSIM/106X_mcRun2_asymptotic_v17-v2/60000/0CCB87B0-3B73-954C-AFE6-EBDA21D8610B.root
Unable to load sec.protocol plugin libXrdSecztn.so
%MSG-w XrdAdaptor:  file_open 04-Mar-2024 16:07:28 CET PostProcessEvent
Data is served from fnal.gov instead of original site T2_IT_Pisa
%MSG
04-Mar-2024 16:07:28 CET  Successfully opened file root://xrootd-cms.infn.it//store/mc/RunIISummer20UL16MiniAODv2/ZZTo4Q_5f_TuneCP5_13TeV-amcatnloFXFX-pythia8/MINIAODSIM/106X_mcRun2_asymptotic_v17-v2/60000/0CCB87B0-3B73-954C-AFE6-EBDA21D8610B.root
04-Mar-2024 16:07:41 CET  Closed file root://xrootd-cms.infn.it//store/mc/RunIISummer20UL16MiniAODv2/ZZTo4Q_5f_TuneCP5_13TeV-amcatnloFXFX-pythia8/MINIAODSIM/106X_mcRun2_asymptotic_v17-v2/60000/0CCB87B0-3B73-954C-AFE6-EBDA21D8610B.root
04-Mar-2024 16:07:41 CET  Initiating request to open file root://eoscms.cern.ch//eos/cms/store/mc/RunIISummer20UL16MiniAODv2/ZZTo4Q_5f_TuneCP5_13TeV-amcatnloFXFX-pythia8/MINIAODSIM/106X_mcRun2_asymptotic_v17-v2/60000/81D70438-3035-3444-9A2D-CD505F38DD45.root
%MSG-w XrdAdaptorInternal:  file_open 04-Mar-2024 16:07:42 CET PostProcessEvent
Failed to open file at URL root://eoscms.cern.ch:1094//eos/cms/store/mc/RunIISummer20UL16MiniAODv2/ZZTo4Q_5f_TuneCP5_13TeV-amcatnloFXFX-pythia8/MINIAODSIM/106X_mcRun2_asymptotic_v17-v2/60000/81D70438-3035-3444-9A2D-CD505F38DD45.root.
%MSG
%MSG-w XrdAdaptorInternal:  file_open 04-Mar-2024 16:07:42 CET PostProcessEvent
Failed to open file at URL root://eoscms.cern.ch:1094//eos/cms/store/mc/RunIISummer20UL16MiniAODv2/ZZTo4Q_5f_TuneCP5_13TeV-amcatnloFXFX-pythia8/MINIAODSIM/106X_mcRun2_asymptotic_v17-v2/60000/81D70438-3035-3444-9A2D-CD505F38DD45.root?tried=.
%MSG
04-Mar-2024 16:07:42 CET  Fallback request to file root://xrootd-cms.infn.it//store/mc/RunIISummer20UL16MiniAODv2/ZZTo4Q_5f_TuneCP5_13TeV-amcatnloFXFX-pythia8/MINIAODSIM/106X_mcRun2_asymptotic_v17-v2/60000/81D70438-3035-3444-9A2D-CD505F38DD45.root
%MSG-w XrdAdaptor:  file_open 04-Mar-2024 16:07:55 CET PostProcessEvent
Data is served from fnal.gov instead of original site T2_IT_Pisa
%MSG
04-Mar-2024 16:07:56 CET  Successfully opened file root://xrootd-cms.infn.it//store/mc/RunIISummer20UL16MiniAODv2/ZZTo4Q_5f_TuneCP5_13TeV-amcatnloFXFX-pythia8/MINIAODSIM/106X_mcRun2_asymptotic_v17-v2/60000/81D70438-3035-3444-9A2D-CD505F38DD45.root
Begin processing the 200001st record. Run 1, Event 1913197, LumiSection 1190 on stream 0 at 04-Mar-2024 16:08:05.448 CET
04-Mar-2024 16:08:06 CET  Closed file root://xrootd-cms.infn.it//store/mc/RunIISummer20UL16MiniAODv2/ZZTo4Q_5f_TuneCP5_13TeV-amcatnloFXFX-pythia8/MINIAODSIM/106X_mcRun2_asymptotic_v17-v2/60000/81D70438-3035-3444-9A2D-CD505F38DD45.root
04-Mar-2024 16:08:06 CET  Initiating request to open file root://eoscms.cern.ch//eos/cms/store/mc/RunIISummer20UL16MiniAODv2/ZZTo4Q_5f_TuneCP5_13TeV-amcatnloFXFX-pythia8/MINIAODSIM/106X_mcRun2_asymptotic_v17-v2/60000/2B517AC5-58BD-F64C-BB0B-7EB1AAA4F6D9.root
%MSG-w XrdAdaptorInternal:  file_open 04-Mar-2024 16:08:07 CET PostProcessEvent
Failed to open file at URL root://eoscms.cern.ch:1094//eos/cms/store/mc/RunIISummer20UL16MiniAODv2/ZZTo4Q_5f_TuneCP5_13TeV-amcatnloFXFX-pythia8/MINIAODSIM/106X_mcRun2_asymptotic_v17-v2/60000/2B517AC5-58BD-F64C-BB0B-7EB1AAA4F6D9.root.
%MSG
%MSG-w XrdAdaptorInternal:  file_open 04-Mar-2024 16:08:07 CET PostProcessEvent
Failed to open file at URL root://eoscms.cern.ch:1094//eos/cms/store/mc/RunIISummer20UL16MiniAODv2/ZZTo4Q_5f_TuneCP5_13TeV-amcatnloFXFX-pythia8/MINIAODSIM/106X_mcRun2_asymptotic_v17-v2/60000/2B517AC5-58BD-F64C-BB0B-7EB1AAA4F6D9.root?tried=.
%MSG
04-Mar-2024 16:08:07 CET  Fallback request to file root://xrootd-cms.infn.it//store/mc/RunIISummer20UL16MiniAODv2/ZZTo4Q_5f_TuneCP5_13TeV-amcatnloFXFX-pythia8/MINIAODSIM/106X_mcRun2_asymptotic_v17-v2/60000/2B517AC5-58BD-F64C-BB0B-7EB1AAA4F6D9.root
%MSG-w XrdAdaptor:  file_open 04-Mar-2024 16:08:26 CET PostProcessEvent
Data is served from fnal.gov instead of original site T2_IT_Pisa
%MSG
04-Mar-2024 16:08:27 CET  Successfully opened file root://xrootd-cms.infn.it//store/mc/RunIISummer20UL16MiniAODv2/ZZTo4Q_5f_TuneCP5_13TeV-amcatnloFXFX-pythia8/MINIAODSIM/106X_mcRun2_asymptotic_v17-v2/60000/2B517AC5-58BD-F64C-BB0B-7EB1AAA4F6D9.root
04-Mar-2024 16:08:39 CET  Closed file root://xrootd-cms.infn.it//store/mc/RunIISummer20UL16MiniAODv2/ZZTo4Q_5f_TuneCP5_13TeV-amcatnloFXFX-pythia8/MINIAODSIM/106X_mcRun2_asymptotic_v17-v2/60000/2B517AC5-58BD-F64C-BB0B-7EB1AAA4F6D9.root
04-Mar-2024 16:08:39 CET  Initiating request to open file root://eoscms.cern.ch//eos/cms/store/mc/RunIISummer20UL16MiniAODv2/ZZTo4Q_5f_TuneCP5_13TeV-amcatnloFXFX-pythia8/MINIAODSIM/106X_mcRun2_asymptotic_v17-v2/60000/A1160ED4-70FE-4440-A3B8-AA6937127970.root
%MSG-w XrdAdaptorInternal:  file_open 04-Mar-2024 16:08:40 CET PostProcessEvent
Failed to open file at URL root://eoscms.cern.ch:1094//eos/cms/store/mc/RunIISummer20UL16MiniAODv2/ZZTo4Q_5f_TuneCP5_13TeV-amcatnloFXFX-pythia8/MINIAODSIM/106X_mcRun2_asymptotic_v17-v2/60000/A1160ED4-70FE-4440-A3B8-AA6937127970.root.
%MSG
%MSG-w XrdAdaptorInternal:  file_open 04-Mar-2024 16:08:40 CET PostProcessEvent
Failed to open file at URL root://eoscms.cern.ch:1094//eos/cms/store/mc/RunIISummer20UL16MiniAODv2/ZZTo4Q_5f_TuneCP5_13TeV-amcatnloFXFX-pythia8/MINIAODSIM/106X_mcRun2_asymptotic_v17-v2/60000/A1160ED4-70FE-4440-A3B8-AA6937127970.root?tried=.
%MSG
04-Mar-2024 16:08:40 CET  Fallback request to file root://xrootd-cms.infn.it//store/mc/RunIISummer20UL16MiniAODv2/ZZTo4Q_5f_TuneCP5_13TeV-amcatnloFXFX-pythia8/MINIAODSIM/106X_mcRun2_asymptotic_v17-v2/60000/A1160ED4-70FE-4440-A3B8-AA6937127970.root
%MSG-w XrdAdaptor:  file_open 04-Mar-2024 16:08:52 CET PostProcessEvent
Data is served from fnal.gov instead of original site T2_IT_Pisa
%MSG
04-Mar-2024 16:08:53 CET  Successfully opened file root://xrootd-cms.infn.it//store/mc/RunIISummer20UL16MiniAODv2/ZZTo4Q_5f_TuneCP5_13TeV-amcatnloFXFX-pythia8/MINIAODSIM/106X_mcRun2_asymptotic_v17-v2/60000/A1160ED4-70FE-4440-A3B8-AA6937127970.root
Begin processing the 300001st record. Run 1, Event 1871783, LumiSection 1164 on stream 0 at 04-Mar-2024 16:09:04.054 CET
04-Mar-2024 16:09:06 CET  Closed file root://xrootd-cms.infn.it//store/mc/RunIISummer20UL16MiniAODv2/ZZTo4Q_5f_TuneCP5_13TeV-amcatnloFXFX-pythia8/MINIAODSIM/106X_mcRun2_asymptotic_v17-v2/60000/A1160ED4-70FE-4440-A3B8-AA6937127970.root
04-Mar-2024 16:09:06 CET  Initiating request to open file root://eoscms.cern.ch//eos/cms/store/mc/RunIISummer20UL16MiniAODv2/ZZTo4Q_5f_TuneCP5_13TeV-amcatnloFXFX-pythia8/MINIAODSIM/106X_mcRun2_asymptotic_v17-v2/60000/08B54EB5-ECC9-AA40-A41A-ED5EB0CAB3BC.root
%MSG-w XrdAdaptorInternal:  file_open 04-Mar-2024 16:09:07 CET PostProcessEvent
Failed to open file at URL root://eoscms.cern.ch:1094//eos/cms/store/mc/RunIISummer20UL16MiniAODv2/ZZTo4Q_5f_TuneCP5_13TeV-amcatnloFXFX-pythia8/MINIAODSIM/106X_mcRun2_asymptotic_v17-v2/60000/08B54EB5-ECC9-AA40-A41A-ED5EB0CAB3BC.root.
%MSG
%MSG-w XrdAdaptorInternal:  file_open 04-Mar-2024 16:09:07 CET PostProcessEvent
Failed to open file at URL root://eoscms.cern.ch:1094//eos/cms/store/mc/RunIISummer20UL16MiniAODv2/ZZTo4Q_5f_TuneCP5_13TeV-amcatnloFXFX-pythia8/MINIAODSIM/106X_mcRun2_asymptotic_v17-v2/60000/08B54EB5-ECC9-AA40-A41A-ED5EB0CAB3BC.root?tried=.
%MSG
04-Mar-2024 16:09:07 CET  Fallback request to file root://xrootd-cms.infn.it//store/mc/RunIISummer20UL16MiniAODv2/ZZTo4Q_5f_TuneCP5_13TeV-amcatnloFXFX-pythia8/MINIAODSIM/106X_mcRun2_asymptotic_v17-v2/60000/08B54EB5-ECC9-AA40-A41A-ED5EB0CAB3BC.root
%MSG-w XrdAdaptor:  file_open 04-Mar-2024 16:09:26 CET PostProcessEvent
Data is served from fnal.gov instead of original site T2_IT_Pisa
%MSG
04-Mar-2024 16:09:26 CET  Successfully opened file root://xrootd-cms.infn.it//store/mc/RunIISummer20UL16MiniAODv2/ZZTo4Q_5f_TuneCP5_13TeV-amcatnloFXFX-pythia8/MINIAODSIM/106X_mcRun2_asymptotic_v17-v2/60000/08B54EB5-ECC9-AA40-A41A-ED5EB0CAB3BC.root
04-Mar-2024 16:09:31 CET  Closed file root://xrootd-cms.infn.it//store/mc/RunIISummer20UL16MiniAODv2/ZZTo4Q_5f_TuneCP5_13TeV-amcatnloFXFX-pythia8/MINIAODSIM/106X_mcRun2_asymptotic_v17-v2/60000/08B54EB5-ECC9-AA40-A41A-ED5EB0CAB3BC.root
04-Mar-2024 16:09:31 CET  Initiating request to open file root://eoscms.cern.ch//eos/cms/store/mc/RunIISummer20UL16MiniAODv2/ZZTo4Q_5f_TuneCP5_13TeV-amcatnloFXFX-pythia8/MINIAODSIM/106X_mcRun2_asymptotic_v17-v2/2830000/E0601BC4-EB29-D041-A6E1-56C227CA1A67.root
%MSG-w XrdAdaptorInternal:  file_open 04-Mar-2024 16:09:32 CET PostProcessEvent
Failed to open file at URL root://eoscms.cern.ch:1094//eos/cms/store/mc/RunIISummer20UL16MiniAODv2/ZZTo4Q_5f_TuneCP5_13TeV-amcatnloFXFX-pythia8/MINIAODSIM/106X_mcRun2_asymptotic_v17-v2/2830000/E0601BC4-EB29-D041-A6E1-56C227CA1A67.root.
%MSG
%MSG-w XrdAdaptorInternal:  file_open 04-Mar-2024 16:09:32 CET PostProcessEvent
Failed to open file at URL root://eoscms.cern.ch:1094//eos/cms/store/mc/RunIISummer20UL16MiniAODv2/ZZTo4Q_5f_TuneCP5_13TeV-amcatnloFXFX-pythia8/MINIAODSIM/106X_mcRun2_asymptotic_v17-v2/2830000/E0601BC4-EB29-D041-A6E1-56C227CA1A67.root?tried=.
%MSG
04-Mar-2024 16:09:32 CET  Fallback request to file root://xrootd-cms.infn.it//store/mc/RunIISummer20UL16MiniAODv2/ZZTo4Q_5f_TuneCP5_13TeV-amcatnloFXFX-pythia8/MINIAODSIM/106X_mcRun2_asymptotic_v17-v2/2830000/E0601BC4-EB29-D041-A6E1-56C227CA1A67.root
%MSG-w XrdAdaptor:  file_open 04-Mar-2024 16:09:48 CET PostProcessEvent
Data is served from T2_US_Nebraska instead of original site T2_IT_Pisa
%MSG
04-Mar-2024 16:09:49 CET  Successfully opened file root://xrootd-cms.infn.it//store/mc/RunIISummer20UL16MiniAODv2/ZZTo4Q_5f_TuneCP5_13TeV-amcatnloFXFX-pythia8/MINIAODSIM/106X_mcRun2_asymptotic_v17-v2/2830000/E0601BC4-EB29-D041-A6E1-56C227CA1A67.root
Begin processing the 400001st record. Run 1, Event 838916, LumiSection 522 on stream 0 at 04-Mar-2024 16:10:08.291 CET
04-Mar-2024 16:10:08 CET  Closed file root://xrootd-cms.infn.it//store/mc/RunIISummer20UL16MiniAODv2/ZZTo4Q_5f_TuneCP5_13TeV-amcatnloFXFX-pythia8/MINIAODSIM/106X_mcRun2_asymptotic_v17-v2/2830000/E0601BC4-EB29-D041-A6E1-56C227CA1A67.root
04-Mar-2024 16:10:08 CET  Initiating request to open file root://eoscms.cern.ch//eos/cms/store/mc/RunIISummer20UL16MiniAODv2/ZZTo4Q_5f_TuneCP5_13TeV-amcatnloFXFX-pythia8/MINIAODSIM/106X_mcRun2_asymptotic_v17-v2/2830000/2763AA5B-77D3-7E46-B752-243749D8EF83.root
%MSG-w XrdAdaptorInternal:  file_open 04-Mar-2024 16:10:09 CET PostProcessEvent
Failed to open file at URL root://eoscms.cern.ch:1094//eos/cms/store/mc/RunIISummer20UL16MiniAODv2/ZZTo4Q_5f_TuneCP5_13TeV-amcatnloFXFX-pythia8/MINIAODSIM/106X_mcRun2_asymptotic_v17-v2/2830000/2763AA5B-77D3-7E46-B752-243749D8EF83.root.
%MSG
%MSG-w XrdAdaptorInternal:  file_open 04-Mar-2024 16:10:09 CET PostProcessEvent
Failed to open file at URL root://eoscms.cern.ch:1094//eos/cms/store/mc/RunIISummer20UL16MiniAODv2/ZZTo4Q_5f_TuneCP5_13TeV-amcatnloFXFX-pythia8/MINIAODSIM/106X_mcRun2_asymptotic_v17-v2/2830000/2763AA5B-77D3-7E46-B752-243749D8EF83.root?tried=.
%MSG
04-Mar-2024 16:10:09 CET  Fallback request to file root://xrootd-cms.infn.it//store/mc/RunIISummer20UL16MiniAODv2/ZZTo4Q_5f_TuneCP5_13TeV-amcatnloFXFX-pythia8/MINIAODSIM/106X_mcRun2_asymptotic_v17-v2/2830000/2763AA5B-77D3-7E46-B752-243749D8EF83.root
%MSG-w XrdAdaptor:  file_open 04-Mar-2024 16:10:31 CET PostProcessEvent
Data is served from T2_US_Nebraska instead of original site T2_IT_Pisa
%MSG
04-Mar-2024 16:10:32 CET  Successfully opened file root://xrootd-cms.infn.it//store/mc/RunIISummer20UL16MiniAODv2/ZZTo4Q_5f_TuneCP5_13TeV-amcatnloFXFX-pythia8/MINIAODSIM/106X_mcRun2_asymptotic_v17-v2/2830000/2763AA5B-77D3-7E46-B752-243749D8EF83.root
04-Mar-2024 16:10:46 CET  Closed file root://xrootd-cms.infn.it//store/mc/RunIISummer20UL16MiniAODv2/ZZTo4Q_5f_TuneCP5_13TeV-amcatnloFXFX-pythia8/MINIAODSIM/106X_mcRun2_asymptotic_v17-v2/2830000/2763AA5B-77D3-7E46-B752-243749D8EF83.root
04-Mar-2024 16:10:46 CET  Initiating request to open file root://eoscms.cern.ch//eos/cms/store/mc/RunIISummer20UL16MiniAODv2/ZZTo4Q_5f_TuneCP5_13TeV-amcatnloFXFX-pythia8/MINIAODSIM/106X_mcRun2_asymptotic_v17-v2/2830000/C4CA70DF-934F-3E4E-98BB-8AB7ABF45FAF.root
%MSG-w XrdAdaptorInternal:  file_open 04-Mar-2024 16:10:47 CET PostProcessEvent
Failed to open file at URL root://eoscms.cern.ch:1094//eos/cms/store/mc/RunIISummer20UL16MiniAODv2/ZZTo4Q_5f_TuneCP5_13TeV-amcatnloFXFX-pythia8/MINIAODSIM/106X_mcRun2_asymptotic_v17-v2/2830000/C4CA70DF-934F-3E4E-98BB-8AB7ABF45FAF.root.
%MSG
%MSG-w XrdAdaptorInternal:  file_open 04-Mar-2024 16:10:47 CET PostProcessEvent
Failed to open file at URL root://eoscms.cern.ch:1094//eos/cms/store/mc/RunIISummer20UL16MiniAODv2/ZZTo4Q_5f_TuneCP5_13TeV-amcatnloFXFX-pythia8/MINIAODSIM/106X_mcRun2_asymptotic_v17-v2/2830000/C4CA70DF-934F-3E4E-98BB-8AB7ABF45FAF.root?tried=.
%MSG
04-Mar-2024 16:10:47 CET  Fallback request to file root://xrootd-cms.infn.it//store/mc/RunIISummer20UL16MiniAODv2/ZZTo4Q_5f_TuneCP5_13TeV-amcatnloFXFX-pythia8/MINIAODSIM/106X_mcRun2_asymptotic_v17-v2/2830000/C4CA70DF-934F-3E4E-98BB-8AB7ABF45FAF.root
%MSG-w XrdAdaptor:  file_open 04-Mar-2024 16:11:01 CET PostProcessEvent
Data is served from T2_US_Nebraska instead of original site T2_IT_Pisa
%MSG
04-Mar-2024 16:11:02 CET  Successfully opened file root://xrootd-cms.infn.it//store/mc/RunIISummer20UL16MiniAODv2/ZZTo4Q_5f_TuneCP5_13TeV-amcatnloFXFX-pythia8/MINIAODSIM/106X_mcRun2_asymptotic_v17-v2/2830000/C4CA70DF-934F-3E4E-98BB-8AB7ABF45FAF.root
04-Mar-2024 16:11:11 CET  Closed file root://xrootd-cms.infn.it//store/mc/RunIISummer20UL16MiniAODv2/ZZTo4Q_5f_TuneCP5_13TeV-amcatnloFXFX-pythia8/MINIAODSIM/106X_mcRun2_asymptotic_v17-v2/2830000/C4CA70DF-934F-3E4E-98BB-8AB7ABF45FAF.root
04-Mar-2024 16:11:11 CET  Initiating request to open file root://eoscms.cern.ch//eos/cms/store/mc/RunIISummer20UL16MiniAODv2/ZZTo4Q_5f_TuneCP5_13TeV-amcatnloFXFX-pythia8/MINIAODSIM/106X_mcRun2_asymptotic_v17-v2/2830000/81BBB54A-95C8-224E-A5FC-A1DE311CD717.root
%MSG-w XrdAdaptorInternal:  file_open 04-Mar-2024 16:11:12 CET PostProcessEvent
Failed to open file at URL root://eoscms.cern.ch:1094//eos/cms/store/mc/RunIISummer20UL16MiniAODv2/ZZTo4Q_5f_TuneCP5_13TeV-amcatnloFXFX-pythia8/MINIAODSIM/106X_mcRun2_asymptotic_v17-v2/2830000/81BBB54A-95C8-224E-A5FC-A1DE311CD717.root.
%MSG
%MSG-w XrdAdaptorInternal:  file_open 04-Mar-2024 16:11:12 CET PostProcessEvent
Failed to open file at URL root://eoscms.cern.ch:1094//eos/cms/store/mc/RunIISummer20UL16MiniAODv2/ZZTo4Q_5f_TuneCP5_13TeV-amcatnloFXFX-pythia8/MINIAODSIM/106X_mcRun2_asymptotic_v17-v2/2830000/81BBB54A-95C8-224E-A5FC-A1DE311CD717.root?tried=.
%MSG
04-Mar-2024 16:11:12 CET  Fallback request to file root://xrootd-cms.infn.it//store/mc/RunIISummer20UL16MiniAODv2/ZZTo4Q_5f_TuneCP5_13TeV-amcatnloFXFX-pythia8/MINIAODSIM/106X_mcRun2_asymptotic_v17-v2/2830000/81BBB54A-95C8-224E-A5FC-A1DE311CD717.root
%MSG-w XrdAdaptor:  file_open 04-Mar-2024 16:11:27 CET PostProcessEvent
Data is served from T2_US_Florida instead of original site T2_IT_Pisa
%MSG
04-Mar-2024 16:11:28 CET  Successfully opened file root://xrootd-cms.infn.it//store/mc/RunIISummer20UL16MiniAODv2/ZZTo4Q_5f_TuneCP5_13TeV-amcatnloFXFX-pythia8/MINIAODSIM/106X_mcRun2_asymptotic_v17-v2/2830000/81BBB54A-95C8-224E-A5FC-A1DE311CD717.root
04-Mar-2024 16:11:38 CET  Closed file root://xrootd-cms.infn.it//store/mc/RunIISummer20UL16MiniAODv2/ZZTo4Q_5f_TuneCP5_13TeV-amcatnloFXFX-pythia8/MINIAODSIM/106X_mcRun2_asymptotic_v17-v2/2830000/81BBB54A-95C8-224E-A5FC-A1DE311CD717.root
04-Mar-2024 16:11:38 CET  Initiating request to open file root://eoscms.cern.ch//eos/cms/store/mc/RunIISummer20UL16MiniAODv2/ZZTo4Q_5f_TuneCP5_13TeV-amcatnloFXFX-pythia8/MINIAODSIM/106X_mcRun2_asymptotic_v17-v2/2830000/A33CC6FC-BC0A-8442-AF15-D9525E2ACA6B.root
%MSG-w XrdAdaptorInternal:  file_open 04-Mar-2024 16:11:39 CET PostProcessEvent
Failed to open file at URL root://eoscms.cern.ch:1094//eos/cms/store/mc/RunIISummer20UL16MiniAODv2/ZZTo4Q_5f_TuneCP5_13TeV-amcatnloFXFX-pythia8/MINIAODSIM/106X_mcRun2_asymptotic_v17-v2/2830000/A33CC6FC-BC0A-8442-AF15-D9525E2ACA6B.root.
%MSG
%MSG-w XrdAdaptorInternal:  file_open 04-Mar-2024 16:11:39 CET PostProcessEvent
Failed to open file at URL root://eoscms.cern.ch:1094//eos/cms/store/mc/RunIISummer20UL16MiniAODv2/ZZTo4Q_5f_TuneCP5_13TeV-amcatnloFXFX-pythia8/MINIAODSIM/106X_mcRun2_asymptotic_v17-v2/2830000/A33CC6FC-BC0A-8442-AF15-D9525E2ACA6B.root?tried=.
%MSG
04-Mar-2024 16:11:39 CET  Fallback request to file root://xrootd-cms.infn.it//store/mc/RunIISummer20UL16MiniAODv2/ZZTo4Q_5f_TuneCP5_13TeV-amcatnloFXFX-pythia8/MINIAODSIM/106X_mcRun2_asymptotic_v17-v2/2830000/A33CC6FC-BC0A-8442-AF15-D9525E2ACA6B.root
%MSG-w XrdAdaptor:  file_open 04-Mar-2024 16:11:52 CET PostProcessEvent
Data is served from T2_US_Florida instead of original site T2_IT_Pisa
%MSG
04-Mar-2024 16:11:53 CET  Successfully opened file root://xrootd-cms.infn.it//store/mc/RunIISummer20UL16MiniAODv2/ZZTo4Q_5f_TuneCP5_13TeV-amcatnloFXFX-pythia8/MINIAODSIM/106X_mcRun2_asymptotic_v17-v2/2830000/A33CC6FC-BC0A-8442-AF15-D9525E2ACA6B.root
04-Mar-2024 16:11:57 CET  Closed file root://xrootd-cms.infn.it//store/mc/RunIISummer20UL16MiniAODv2/ZZTo4Q_5f_TuneCP5_13TeV-amcatnloFXFX-pythia8/MINIAODSIM/106X_mcRun2_asymptotic_v17-v2/2830000/A33CC6FC-BC0A-8442-AF15-D9525E2ACA6B.root
04-Mar-2024 16:11:57 CET  Initiating request to open file root://eoscms.cern.ch//eos/cms/store/mc/RunIISummer20UL16MiniAODv2/ZZTo4Q_5f_TuneCP5_13TeV-amcatnloFXFX-pythia8/MINIAODSIM/106X_mcRun2_asymptotic_v17-v2/2830000/675BBAE9-4191-1048-AF5E-C4C3D70BF628.root
%MSG-w XrdAdaptorInternal:  file_open 04-Mar-2024 16:11:58 CET PostProcessEvent
Failed to open file at URL root://eoscms.cern.ch:1094//eos/cms/store/mc/RunIISummer20UL16MiniAODv2/ZZTo4Q_5f_TuneCP5_13TeV-amcatnloFXFX-pythia8/MINIAODSIM/106X_mcRun2_asymptotic_v17-v2/2830000/675BBAE9-4191-1048-AF5E-C4C3D70BF628.root.
%MSG
%MSG-w XrdAdaptorInternal:  file_open 04-Mar-2024 16:11:58 CET PostProcessEvent
Failed to open file at URL root://eoscms.cern.ch:1094//eos/cms/store/mc/RunIISummer20UL16MiniAODv2/ZZTo4Q_5f_TuneCP5_13TeV-amcatnloFXFX-pythia8/MINIAODSIM/106X_mcRun2_asymptotic_v17-v2/2830000/675BBAE9-4191-1048-AF5E-C4C3D70BF628.root?tried=.
%MSG
04-Mar-2024 16:11:58 CET  Fallback request to file root://xrootd-cms.infn.it//store/mc/RunIISummer20UL16MiniAODv2/ZZTo4Q_5f_TuneCP5_13TeV-amcatnloFXFX-pythia8/MINIAODSIM/106X_mcRun2_asymptotic_v17-v2/2830000/675BBAE9-4191-1048-AF5E-C4C3D70BF628.root
%MSG-w XrdAdaptor:  file_open 04-Mar-2024 16:12:10 CET PostProcessEvent
Data is served from fnal.gov instead of original site T2_IT_Pisa
%MSG
04-Mar-2024 16:12:10 CET  Successfully opened file root://xrootd-cms.infn.it//store/mc/RunIISummer20UL16MiniAODv2/ZZTo4Q_5f_TuneCP5_13TeV-amcatnloFXFX-pythia8/MINIAODSIM/106X_mcRun2_asymptotic_v17-v2/2830000/675BBAE9-4191-1048-AF5E-C4C3D70BF628.root
04-Mar-2024 16:12:14 CET  Closed file root://xrootd-cms.infn.it//store/mc/RunIISummer20UL16MiniAODv2/ZZTo4Q_5f_TuneCP5_13TeV-amcatnloFXFX-pythia8/MINIAODSIM/106X_mcRun2_asymptotic_v17-v2/2830000/675BBAE9-4191-1048-AF5E-C4C3D70BF628.root
04-Mar-2024 16:12:14 CET  Initiating request to open file root://eoscms.cern.ch//eos/cms/store/mc/RunIISummer20UL16MiniAODv2/ZZTo4Q_5f_TuneCP5_13TeV-amcatnloFXFX-pythia8/MINIAODSIM/106X_mcRun2_asymptotic_v17-v2/2830000/DC7B67B7-56DE-4744-B032-8D89A1C19223.root
%MSG-w XrdAdaptorInternal:  file_open 04-Mar-2024 16:12:15 CET PostProcessEvent
Failed to open file at URL root://eoscms.cern.ch:1094//eos/cms/store/mc/RunIISummer20UL16MiniAODv2/ZZTo4Q_5f_TuneCP5_13TeV-amcatnloFXFX-pythia8/MINIAODSIM/106X_mcRun2_asymptotic_v17-v2/2830000/DC7B67B7-56DE-4744-B032-8D89A1C19223.root.
%MSG
%MSG-w XrdAdaptorInternal:  file_open 04-Mar-2024 16:12:15 CET PostProcessEvent
Failed to open file at URL root://eoscms.cern.ch:1094//eos/cms/store/mc/RunIISummer20UL16MiniAODv2/ZZTo4Q_5f_TuneCP5_13TeV-amcatnloFXFX-pythia8/MINIAODSIM/106X_mcRun2_asymptotic_v17-v2/2830000/DC7B67B7-56DE-4744-B032-8D89A1C19223.root?tried=.
%MSG
04-Mar-2024 16:12:15 CET  Fallback request to file root://xrootd-cms.infn.it//store/mc/RunIISummer20UL16MiniAODv2/ZZTo4Q_5f_TuneCP5_13TeV-amcatnloFXFX-pythia8/MINIAODSIM/106X_mcRun2_asymptotic_v17-v2/2830000/DC7B67B7-56DE-4744-B032-8D89A1C19223.root
%MSG-w XrdAdaptor:  file_open 04-Mar-2024 16:12:29 CET PostProcessEvent
Data is served from T2_US_Wisconsin instead of original site T2_IT_Pisa
%MSG
04-Mar-2024 16:12:30 CET  Successfully opened file root://xrootd-cms.infn.it//store/mc/RunIISummer20UL16MiniAODv2/ZZTo4Q_5f_TuneCP5_13TeV-amcatnloFXFX-pythia8/MINIAODSIM/106X_mcRun2_asymptotic_v17-v2/2830000/DC7B67B7-56DE-4744-B032-8D89A1C19223.root
Begin processing the 500001st record. Run 1, Event 47437, LumiSection 30 on stream 0 at 04-Mar-2024 16:12:38.520 CET
04-Mar-2024 16:12:40 CET  Closed file root://xrootd-cms.infn.it//store/mc/RunIISummer20UL16MiniAODv2/ZZTo4Q_5f_TuneCP5_13TeV-amcatnloFXFX-pythia8/MINIAODSIM/106X_mcRun2_asymptotic_v17-v2/2830000/DC7B67B7-56DE-4744-B032-8D89A1C19223.root
04-Mar-2024 16:12:40 CET  Initiating request to open file root://eoscms.cern.ch//eos/cms/store/mc/RunIISummer20UL16MiniAODv2/ZZTo4Q_5f_TuneCP5_13TeV-amcatnloFXFX-pythia8/MINIAODSIM/106X_mcRun2_asymptotic_v17-v2/2830000/3673A4DC-38A6-5340-8E0A-26D3CA8ECC53.root
%MSG-w XrdAdaptorInternal:  file_open 04-Mar-2024 16:12:41 CET PostProcessEvent
Failed to open file at URL root://eoscms.cern.ch:1094//eos/cms/store/mc/RunIISummer20UL16MiniAODv2/ZZTo4Q_5f_TuneCP5_13TeV-amcatnloFXFX-pythia8/MINIAODSIM/106X_mcRun2_asymptotic_v17-v2/2830000/3673A4DC-38A6-5340-8E0A-26D3CA8ECC53.root.
%MSG
%MSG-w XrdAdaptorInternal:  file_open 04-Mar-2024 16:12:41 CET PostProcessEvent
Failed to open file at URL root://eoscms.cern.ch:1094//eos/cms/store/mc/RunIISummer20UL16MiniAODv2/ZZTo4Q_5f_TuneCP5_13TeV-amcatnloFXFX-pythia8/MINIAODSIM/106X_mcRun2_asymptotic_v17-v2/2830000/3673A4DC-38A6-5340-8E0A-26D3CA8ECC53.root?tried=.
%MSG
04-Mar-2024 16:12:41 CET  Fallback request to file root://xrootd-cms.infn.it//store/mc/RunIISummer20UL16MiniAODv2/ZZTo4Q_5f_TuneCP5_13TeV-amcatnloFXFX-pythia8/MINIAODSIM/106X_mcRun2_asymptotic_v17-v2/2830000/3673A4DC-38A6-5340-8E0A-26D3CA8ECC53.root
%MSG-w XrdAdaptor:  file_open 04-Mar-2024 16:12:56 CET PostProcessEvent
Data is served from T2_US_MIT instead of original site T2_IT_Pisa
%MSG
04-Mar-2024 16:12:56 CET  Successfully opened file root://xrootd-cms.infn.it//store/mc/RunIISummer20UL16MiniAODv2/ZZTo4Q_5f_TuneCP5_13TeV-amcatnloFXFX-pythia8/MINIAODSIM/106X_mcRun2_asymptotic_v17-v2/2830000/3673A4DC-38A6-5340-8E0A-26D3CA8ECC53.root
04-Mar-2024 16:13:00 CET  Closed file root://xrootd-cms.infn.it//store/mc/RunIISummer20UL16MiniAODv2/ZZTo4Q_5f_TuneCP5_13TeV-amcatnloFXFX-pythia8/MINIAODSIM/106X_mcRun2_asymptotic_v17-v2/2830000/3673A4DC-38A6-5340-8E0A-26D3CA8ECC53.root
04-Mar-2024 16:13:00 CET  Initiating request to open file root://eoscms.cern.ch//eos/cms/store/mc/RunIISummer20UL16MiniAODv2/ZZTo4Q_5f_TuneCP5_13TeV-amcatnloFXFX-pythia8/MINIAODSIM/106X_mcRun2_asymptotic_v17-v2/2830000/2D1A9032-1D0C-9046-A474-25A77C76F552.root
%MSG-w XrdAdaptorInternal:  file_open 04-Mar-2024 16:13:01 CET PostProcessEvent
Failed to open file at URL root://eoscms.cern.ch:1094//eos/cms/store/mc/RunIISummer20UL16MiniAODv2/ZZTo4Q_5f_TuneCP5_13TeV-amcatnloFXFX-pythia8/MINIAODSIM/106X_mcRun2_asymptotic_v17-v2/2830000/2D1A9032-1D0C-9046-A474-25A77C76F552.root.
%MSG
%MSG-w XrdAdaptorInternal:  file_open 04-Mar-2024 16:13:01 CET PostProcessEvent
Failed to open file at URL root://eoscms.cern.ch:1094//eos/cms/store/mc/RunIISummer20UL16MiniAODv2/ZZTo4Q_5f_TuneCP5_13TeV-amcatnloFXFX-pythia8/MINIAODSIM/106X_mcRun2_asymptotic_v17-v2/2830000/2D1A9032-1D0C-9046-A474-25A77C76F552.root?tried=.
%MSG
04-Mar-2024 16:13:01 CET  Fallback request to file root://xrootd-cms.infn.it//store/mc/RunIISummer20UL16MiniAODv2/ZZTo4Q_5f_TuneCP5_13TeV-amcatnloFXFX-pythia8/MINIAODSIM/106X_mcRun2_asymptotic_v17-v2/2830000/2D1A9032-1D0C-9046-A474-25A77C76F552.root
%MSG-w XrdAdaptor:  file_open 04-Mar-2024 16:13:24 CET PostProcessEvent
Data is served from fnal.gov instead of original site T2_IT_Pisa
%MSG
04-Mar-2024 16:13:24 CET  Successfully opened file root://xrootd-cms.infn.it//store/mc/RunIISummer20UL16MiniAODv2/ZZTo4Q_5f_TuneCP5_13TeV-amcatnloFXFX-pythia8/MINIAODSIM/106X_mcRun2_asymptotic_v17-v2/2830000/2D1A9032-1D0C-9046-A474-25A77C76F552.root
04-Mar-2024 16:13:33 CET  Closed file root://xrootd-cms.infn.it//store/mc/RunIISummer20UL16MiniAODv2/ZZTo4Q_5f_TuneCP5_13TeV-amcatnloFXFX-pythia8/MINIAODSIM/106X_mcRun2_asymptotic_v17-v2/2830000/2D1A9032-1D0C-9046-A474-25A77C76F552.root
04-Mar-2024 16:13:33 CET  Initiating request to open file root://eoscms.cern.ch//eos/cms/store/mc/RunIISummer20UL16MiniAODv2/ZZTo4Q_5f_TuneCP5_13TeV-amcatnloFXFX-pythia8/MINIAODSIM/106X_mcRun2_asymptotic_v17-v2/2830000/A2737977-56BB-3D4F-BDDD-B46C7ABB98C6.root
%MSG-w XrdAdaptorInternal:  file_open 04-Mar-2024 16:13:34 CET PostProcessEvent
Failed to open file at URL root://eoscms.cern.ch:1094//eos/cms/store/mc/RunIISummer20UL16MiniAODv2/ZZTo4Q_5f_TuneCP5_13TeV-amcatnloFXFX-pythia8/MINIAODSIM/106X_mcRun2_asymptotic_v17-v2/2830000/A2737977-56BB-3D4F-BDDD-B46C7ABB98C6.root.
%MSG
%MSG-w XrdAdaptorInternal:  file_open 04-Mar-2024 16:13:34 CET PostProcessEvent
Failed to open file at URL root://eoscms.cern.ch:1094//eos/cms/store/mc/RunIISummer20UL16MiniAODv2/ZZTo4Q_5f_TuneCP5_13TeV-amcatnloFXFX-pythia8/MINIAODSIM/106X_mcRun2_asymptotic_v17-v2/2830000/A2737977-56BB-3D4F-BDDD-B46C7ABB98C6.root?tried=.
%MSG
04-Mar-2024 16:13:34 CET  Fallback request to file root://xrootd-cms.infn.it//store/mc/RunIISummer20UL16MiniAODv2/ZZTo4Q_5f_TuneCP5_13TeV-amcatnloFXFX-pythia8/MINIAODSIM/106X_mcRun2_asymptotic_v17-v2/2830000/A2737977-56BB-3D4F-BDDD-B46C7ABB98C6.root
Unable to load sec.protocol plugin libXrdSecztn.so
%MSG-w XrdAdaptor:  file_open 04-Mar-2024 16:13:48 CET PostProcessEvent
Data is served from fnal.gov instead of original site T2_IT_Pisa
%MSG
04-Mar-2024 16:13:48 CET  Successfully opened file root://xrootd-cms.infn.it//store/mc/RunIISummer20UL16MiniAODv2/ZZTo4Q_5f_TuneCP5_13TeV-amcatnloFXFX-pythia8/MINIAODSIM/106X_mcRun2_asymptotic_v17-v2/2830000/A2737977-56BB-3D4F-BDDD-B46C7ABB98C6.root
Begin processing the 600001st record. Run 1, Event 1494076, LumiSection 929 on stream 0 at 04-Mar-2024 16:13:58.411 CET
04-Mar-2024 16:13:58 CET  Closed file root://xrootd-cms.infn.it//store/mc/RunIISummer20UL16MiniAODv2/ZZTo4Q_5f_TuneCP5_13TeV-amcatnloFXFX-pythia8/MINIAODSIM/106X_mcRun2_asymptotic_v17-v2/2830000/A2737977-56BB-3D4F-BDDD-B46C7ABB98C6.root
04-Mar-2024 16:13:58 CET  Initiating request to open file root://eoscms.cern.ch//eos/cms/store/mc/RunIISummer20UL16MiniAODv2/ZZTo4Q_5f_TuneCP5_13TeV-amcatnloFXFX-pythia8/MINIAODSIM/106X_mcRun2_asymptotic_v17-v2/2830000/6581F87C-21F9-0842-8644-D3E70795DCE8.root
%MSG-w XrdAdaptorInternal:  file_open 04-Mar-2024 16:13:59 CET PostProcessEvent
Failed to open file at URL root://eoscms.cern.ch:1094//eos/cms/store/mc/RunIISummer20UL16MiniAODv2/ZZTo4Q_5f_TuneCP5_13TeV-amcatnloFXFX-pythia8/MINIAODSIM/106X_mcRun2_asymptotic_v17-v2/2830000/6581F87C-21F9-0842-8644-D3E70795DCE8.root.
%MSG
%MSG-w XrdAdaptorInternal:  file_open 04-Mar-2024 16:13:59 CET PostProcessEvent
Failed to open file at URL root://eoscms.cern.ch:1094//eos/cms/store/mc/RunIISummer20UL16MiniAODv2/ZZTo4Q_5f_TuneCP5_13TeV-amcatnloFXFX-pythia8/MINIAODSIM/106X_mcRun2_asymptotic_v17-v2/2830000/6581F87C-21F9-0842-8644-D3E70795DCE8.root?tried=.
%MSG
04-Mar-2024 16:13:59 CET  Fallback request to file root://xrootd-cms.infn.it//store/mc/RunIISummer20UL16MiniAODv2/ZZTo4Q_5f_TuneCP5_13TeV-amcatnloFXFX-pythia8/MINIAODSIM/106X_mcRun2_asymptotic_v17-v2/2830000/6581F87C-21F9-0842-8644-D3E70795DCE8.root
%MSG-w XrdAdaptor:  file_open 04-Mar-2024 16:14:12 CET PostProcessEvent
Data is served from fnal.gov instead of original site T2_IT_Pisa
%MSG
04-Mar-2024 16:14:12 CET  Successfully opened file root://xrootd-cms.infn.it//store/mc/RunIISummer20UL16MiniAODv2/ZZTo4Q_5f_TuneCP5_13TeV-amcatnloFXFX-pythia8/MINIAODSIM/106X_mcRun2_asymptotic_v17-v2/2830000/6581F87C-21F9-0842-8644-D3E70795DCE8.root
04-Mar-2024 16:14:17 CET  Closed file root://xrootd-cms.infn.it//store/mc/RunIISummer20UL16MiniAODv2/ZZTo4Q_5f_TuneCP5_13TeV-amcatnloFXFX-pythia8/MINIAODSIM/106X_mcRun2_asymptotic_v17-v2/2830000/6581F87C-21F9-0842-8644-D3E70795DCE8.root
04-Mar-2024 16:14:17 CET  Initiating request to open file root://eoscms.cern.ch//eos/cms/store/mc/RunIISummer20UL16MiniAODv2/ZZTo4Q_5f_TuneCP5_13TeV-amcatnloFXFX-pythia8/MINIAODSIM/106X_mcRun2_asymptotic_v17-v2/2830000/A8E02C91-2C4C-CD4D-82E9-F14456BB0A2B.root
%MSG-w XrdAdaptorInternal:  file_open 04-Mar-2024 16:14:18 CET PostProcessEvent
Failed to open file at URL root://eoscms.cern.ch:1094//eos/cms/store/mc/RunIISummer20UL16MiniAODv2/ZZTo4Q_5f_TuneCP5_13TeV-amcatnloFXFX-pythia8/MINIAODSIM/106X_mcRun2_asymptotic_v17-v2/2830000/A8E02C91-2C4C-CD4D-82E9-F14456BB0A2B.root.
%MSG
%MSG-w XrdAdaptorInternal:  file_open 04-Mar-2024 16:14:18 CET PostProcessEvent
Failed to open file at URL root://eoscms.cern.ch:1094//eos/cms/store/mc/RunIISummer20UL16MiniAODv2/ZZTo4Q_5f_TuneCP5_13TeV-amcatnloFXFX-pythia8/MINIAODSIM/106X_mcRun2_asymptotic_v17-v2/2830000/A8E02C91-2C4C-CD4D-82E9-F14456BB0A2B.root?tried=.
%MSG
04-Mar-2024 16:14:18 CET  Fallback request to file root://xrootd-cms.infn.it//store/mc/RunIISummer20UL16MiniAODv2/ZZTo4Q_5f_TuneCP5_13TeV-amcatnloFXFX-pythia8/MINIAODSIM/106X_mcRun2_asymptotic_v17-v2/2830000/A8E02C91-2C4C-CD4D-82E9-F14456BB0A2B.root
%MSG-w XrdAdaptor:  file_open 04-Mar-2024 16:14:32 CET PostProcessEvent
Data is served from T2_US_Wisconsin instead of original site T2_IT_Pisa
%MSG
04-Mar-2024 16:14:33 CET  Successfully opened file root://xrootd-cms.infn.it//store/mc/RunIISummer20UL16MiniAODv2/ZZTo4Q_5f_TuneCP5_13TeV-amcatnloFXFX-pythia8/MINIAODSIM/106X_mcRun2_asymptotic_v17-v2/2830000/A8E02C91-2C4C-CD4D-82E9-F14456BB0A2B.root
04-Mar-2024 16:14:38 CET  Closed file root://xrootd-cms.infn.it//store/mc/RunIISummer20UL16MiniAODv2/ZZTo4Q_5f_TuneCP5_13TeV-amcatnloFXFX-pythia8/MINIAODSIM/106X_mcRun2_asymptotic_v17-v2/2830000/A8E02C91-2C4C-CD4D-82E9-F14456BB0A2B.root
04-Mar-2024 16:14:38 CET  Initiating request to open file root://eoscms.cern.ch//eos/cms/store/mc/RunIISummer20UL16MiniAODv2/ZZTo4Q_5f_TuneCP5_13TeV-amcatnloFXFX-pythia8/MINIAODSIM/106X_mcRun2_asymptotic_v17-v2/2830000/6556F0C2-0BA0-C247-8EF5-08FA38F380EC.root
%MSG-w XrdAdaptorInternal:  file_open 04-Mar-2024 16:14:39 CET PostProcessEvent
Failed to open file at URL root://eoscms.cern.ch:1094//eos/cms/store/mc/RunIISummer20UL16MiniAODv2/ZZTo4Q_5f_TuneCP5_13TeV-amcatnloFXFX-pythia8/MINIAODSIM/106X_mcRun2_asymptotic_v17-v2/2830000/6556F0C2-0BA0-C247-8EF5-08FA38F380EC.root.
%MSG
%MSG-w XrdAdaptorInternal:  file_open 04-Mar-2024 16:14:39 CET PostProcessEvent
Failed to open file at URL root://eoscms.cern.ch:1094//eos/cms/store/mc/RunIISummer20UL16MiniAODv2/ZZTo4Q_5f_TuneCP5_13TeV-amcatnloFXFX-pythia8/MINIAODSIM/106X_mcRun2_asymptotic_v17-v2/2830000/6556F0C2-0BA0-C247-8EF5-08FA38F380EC.root?tried=.
%MSG
04-Mar-2024 16:14:39 CET  Fallback request to file root://xrootd-cms.infn.it//store/mc/RunIISummer20UL16MiniAODv2/ZZTo4Q_5f_TuneCP5_13TeV-amcatnloFXFX-pythia8/MINIAODSIM/106X_mcRun2_asymptotic_v17-v2/2830000/6556F0C2-0BA0-C247-8EF5-08FA38F380EC.root
%MSG-w XrdAdaptor:  file_open 04-Mar-2024 16:14:52 CET PostProcessEvent
Data is served from T2_US_Wisconsin instead of original site T2_IT_Pisa
%MSG
04-Mar-2024 16:14:53 CET  Successfully opened file root://xrootd-cms.infn.it//store/mc/RunIISummer20UL16MiniAODv2/ZZTo4Q_5f_TuneCP5_13TeV-amcatnloFXFX-pythia8/MINIAODSIM/106X_mcRun2_asymptotic_v17-v2/2830000/6556F0C2-0BA0-C247-8EF5-08FA38F380EC.root
04-Mar-2024 16:15:02 CET  Closed file root://xrootd-cms.infn.it//store/mc/RunIISummer20UL16MiniAODv2/ZZTo4Q_5f_TuneCP5_13TeV-amcatnloFXFX-pythia8/MINIAODSIM/106X_mcRun2_asymptotic_v17-v2/2830000/6556F0C2-0BA0-C247-8EF5-08FA38F380EC.root
04-Mar-2024 16:15:02 CET  Initiating request to open file root://eoscms.cern.ch//eos/cms/store/mc/RunIISummer20UL16MiniAODv2/ZZTo4Q_5f_TuneCP5_13TeV-amcatnloFXFX-pythia8/MINIAODSIM/106X_mcRun2_asymptotic_v17-v2/2830000/6B965BA0-27A1-384B-BBE7-C8F7CFCAB16D.root
%MSG-w XrdAdaptorInternal:  file_open 04-Mar-2024 16:15:03 CET PostProcessEvent
Failed to open file at URL root://eoscms.cern.ch:1094//eos/cms/store/mc/RunIISummer20UL16MiniAODv2/ZZTo4Q_5f_TuneCP5_13TeV-amcatnloFXFX-pythia8/MINIAODSIM/106X_mcRun2_asymptotic_v17-v2/2830000/6B965BA0-27A1-384B-BBE7-C8F7CFCAB16D.root.
%MSG
%MSG-w XrdAdaptorInternal:  file_open 04-Mar-2024 16:15:03 CET PostProcessEvent
Failed to open file at URL root://eoscms.cern.ch:1094//eos/cms/store/mc/RunIISummer20UL16MiniAODv2/ZZTo4Q_5f_TuneCP5_13TeV-amcatnloFXFX-pythia8/MINIAODSIM/106X_mcRun2_asymptotic_v17-v2/2830000/6B965BA0-27A1-384B-BBE7-C8F7CFCAB16D.root?tried=.
%MSG
04-Mar-2024 16:15:03 CET  Fallback request to file root://xrootd-cms.infn.it//store/mc/RunIISummer20UL16MiniAODv2/ZZTo4Q_5f_TuneCP5_13TeV-amcatnloFXFX-pythia8/MINIAODSIM/106X_mcRun2_asymptotic_v17-v2/2830000/6B965BA0-27A1-384B-BBE7-C8F7CFCAB16D.root
%MSG-w XrdAdaptor:  file_open 04-Mar-2024 16:15:26 CET PostProcessEvent
Data is served from T2_US_Caltech instead of original site T2_IT_Pisa
%MSG
04-Mar-2024 16:15:27 CET  Successfully opened file root://xrootd-cms.infn.it//store/mc/RunIISummer20UL16MiniAODv2/ZZTo4Q_5f_TuneCP5_13TeV-amcatnloFXFX-pythia8/MINIAODSIM/106X_mcRun2_asymptotic_v17-v2/2830000/6B965BA0-27A1-384B-BBE7-C8F7CFCAB16D.root
04-Mar-2024 16:16:05 CET  Closed file root://xrootd-cms.infn.it//store/mc/RunIISummer20UL16MiniAODv2/ZZTo4Q_5f_TuneCP5_13TeV-amcatnloFXFX-pythia8/MINIAODSIM/106X_mcRun2_asymptotic_v17-v2/2830000/6B965BA0-27A1-384B-BBE7-C8F7CFCAB16D.root
04-Mar-2024 16:16:05 CET  Initiating request to open file root://eoscms.cern.ch//eos/cms/store/mc/RunIISummer20UL16MiniAODv2/ZZTo4Q_5f_TuneCP5_13TeV-amcatnloFXFX-pythia8/MINIAODSIM/106X_mcRun2_asymptotic_v17-v2/2830000/6F8CC952-B18C-C04D-AC76-4133184D6895.root
%MSG-w XrdAdaptorInternal:  file_open 04-Mar-2024 16:16:06 CET PostProcessEvent
Failed to open file at URL root://eoscms.cern.ch:1094//eos/cms/store/mc/RunIISummer20UL16MiniAODv2/ZZTo4Q_5f_TuneCP5_13TeV-amcatnloFXFX-pythia8/MINIAODSIM/106X_mcRun2_asymptotic_v17-v2/2830000/6F8CC952-B18C-C04D-AC76-4133184D6895.root.
%MSG
%MSG-w XrdAdaptorInternal:  file_open 04-Mar-2024 16:16:06 CET PostProcessEvent
Failed to open file at URL root://eoscms.cern.ch:1094//eos/cms/store/mc/RunIISummer20UL16MiniAODv2/ZZTo4Q_5f_TuneCP5_13TeV-amcatnloFXFX-pythia8/MINIAODSIM/106X_mcRun2_asymptotic_v17-v2/2830000/6F8CC952-B18C-C04D-AC76-4133184D6895.root?tried=.
%MSG
04-Mar-2024 16:16:06 CET  Fallback request to file root://xrootd-cms.infn.it//store/mc/RunIISummer20UL16MiniAODv2/ZZTo4Q_5f_TuneCP5_13TeV-amcatnloFXFX-pythia8/MINIAODSIM/106X_mcRun2_asymptotic_v17-v2/2830000/6F8CC952-B18C-C04D-AC76-4133184D6895.root
%MSG-w XrdAdaptor:  file_open 04-Mar-2024 16:16:25 CET PostProcessEvent
Data is served from T2_US_Caltech instead of original site T2_IT_Pisa
%MSG
04-Mar-2024 16:16:26 CET  Successfully opened file root://xrootd-cms.infn.it//store/mc/RunIISummer20UL16MiniAODv2/ZZTo4Q_5f_TuneCP5_13TeV-amcatnloFXFX-pythia8/MINIAODSIM/106X_mcRun2_asymptotic_v17-v2/2830000/6F8CC952-B18C-C04D-AC76-4133184D6895.root
04-Mar-2024 16:16:32 CET  Closed file root://xrootd-cms.infn.it//store/mc/RunIISummer20UL16MiniAODv2/ZZTo4Q_5f_TuneCP5_13TeV-amcatnloFXFX-pythia8/MINIAODSIM/106X_mcRun2_asymptotic_v17-v2/2830000/6F8CC952-B18C-C04D-AC76-4133184D6895.root
04-Mar-2024 16:16:32 CET  Initiating request to open file root://eoscms.cern.ch//eos/cms/store/mc/RunIISummer20UL16MiniAODv2/ZZTo4Q_5f_TuneCP5_13TeV-amcatnloFXFX-pythia8/MINIAODSIM/106X_mcRun2_asymptotic_v17-v2/2830000/6943A1AC-E1B6-BF44-A980-225961B4560B.root
%MSG-w XrdAdaptorInternal:  file_open 04-Mar-2024 16:16:33 CET PostProcessEvent
Failed to open file at URL root://eoscms.cern.ch:1094//eos/cms/store/mc/RunIISummer20UL16MiniAODv2/ZZTo4Q_5f_TuneCP5_13TeV-amcatnloFXFX-pythia8/MINIAODSIM/106X_mcRun2_asymptotic_v17-v2/2830000/6943A1AC-E1B6-BF44-A980-225961B4560B.root.
%MSG
%MSG-w XrdAdaptorInternal:  file_open 04-Mar-2024 16:16:33 CET PostProcessEvent
Failed to open file at URL root://eoscms.cern.ch:1094//eos/cms/store/mc/RunIISummer20UL16MiniAODv2/ZZTo4Q_5f_TuneCP5_13TeV-amcatnloFXFX-pythia8/MINIAODSIM/106X_mcRun2_asymptotic_v17-v2/2830000/6943A1AC-E1B6-BF44-A980-225961B4560B.root?tried=.
%MSG
04-Mar-2024 16:16:33 CET  Fallback request to file root://xrootd-cms.infn.it//store/mc/RunIISummer20UL16MiniAODv2/ZZTo4Q_5f_TuneCP5_13TeV-amcatnloFXFX-pythia8/MINIAODSIM/106X_mcRun2_asymptotic_v17-v2/2830000/6943A1AC-E1B6-BF44-A980-225961B4560B.root
%MSG-w XrdAdaptor:  file_open 04-Mar-2024 16:16:49 CET PostProcessEvent
Data is served from cms.rcac.purdue.edu instead of original site T2_IT_Pisa
%MSG
04-Mar-2024 16:16:50 CET  Successfully opened file root://xrootd-cms.infn.it//store/mc/RunIISummer20UL16MiniAODv2/ZZTo4Q_5f_TuneCP5_13TeV-amcatnloFXFX-pythia8/MINIAODSIM/106X_mcRun2_asymptotic_v17-v2/2830000/6943A1AC-E1B6-BF44-A980-225961B4560B.root
Begin processing the 700001st record. Run 1, Event 404939, LumiSection 252 on stream 0 at 04-Mar-2024 16:17:00.815 CET
04-Mar-2024 16:17:02 CET  Closed file root://xrootd-cms.infn.it//store/mc/RunIISummer20UL16MiniAODv2/ZZTo4Q_5f_TuneCP5_13TeV-amcatnloFXFX-pythia8/MINIAODSIM/106X_mcRun2_asymptotic_v17-v2/2830000/6943A1AC-E1B6-BF44-A980-225961B4560B.root
04-Mar-2024 16:17:02 CET  Initiating request to open file root://eoscms.cern.ch//eos/cms/store/mc/RunIISummer20UL16MiniAODv2/ZZTo4Q_5f_TuneCP5_13TeV-amcatnloFXFX-pythia8/MINIAODSIM/106X_mcRun2_asymptotic_v17-v2/2830000/C06AA36B-E8AF-764A-A380-D214316EB5F4.root
%MSG-w XrdAdaptorInternal:  file_open 04-Mar-2024 16:17:03 CET PostProcessEvent
Failed to open file at URL root://eoscms.cern.ch:1094//eos/cms/store/mc/RunIISummer20UL16MiniAODv2/ZZTo4Q_5f_TuneCP5_13TeV-amcatnloFXFX-pythia8/MINIAODSIM/106X_mcRun2_asymptotic_v17-v2/2830000/C06AA36B-E8AF-764A-A380-D214316EB5F4.root.
%MSG
%MSG-w XrdAdaptorInternal:  file_open 04-Mar-2024 16:17:03 CET PostProcessEvent
Failed to open file at URL root://eoscms.cern.ch:1094//eos/cms/store/mc/RunIISummer20UL16MiniAODv2/ZZTo4Q_5f_TuneCP5_13TeV-amcatnloFXFX-pythia8/MINIAODSIM/106X_mcRun2_asymptotic_v17-v2/2830000/C06AA36B-E8AF-764A-A380-D214316EB5F4.root?tried=.
%MSG
04-Mar-2024 16:17:03 CET  Fallback request to file root://xrootd-cms.infn.it//store/mc/RunIISummer20UL16MiniAODv2/ZZTo4Q_5f_TuneCP5_13TeV-amcatnloFXFX-pythia8/MINIAODSIM/106X_mcRun2_asymptotic_v17-v2/2830000/C06AA36B-E8AF-764A-A380-D214316EB5F4.root
%MSG-w XrdAdaptor:  file_open 04-Mar-2024 16:17:27 CET PostProcessEvent
Data is served from cms.rcac.purdue.edu instead of original site T2_IT_Pisa
%MSG
04-Mar-2024 16:17:27 CET  Successfully opened file root://xrootd-cms.infn.it//store/mc/RunIISummer20UL16MiniAODv2/ZZTo4Q_5f_TuneCP5_13TeV-amcatnloFXFX-pythia8/MINIAODSIM/106X_mcRun2_asymptotic_v17-v2/2830000/C06AA36B-E8AF-764A-A380-D214316EB5F4.root
04-Mar-2024 16:17:32 CET  Closed file root://xrootd-cms.infn.it//store/mc/RunIISummer20UL16MiniAODv2/ZZTo4Q_5f_TuneCP5_13TeV-amcatnloFXFX-pythia8/MINIAODSIM/106X_mcRun2_asymptotic_v17-v2/2830000/C06AA36B-E8AF-764A-A380-D214316EB5F4.root
04-Mar-2024 16:17:32 CET  Initiating request to open file root://eoscms.cern.ch//eos/cms/store/mc/RunIISummer20UL16MiniAODv2/ZZTo4Q_5f_TuneCP5_13TeV-amcatnloFXFX-pythia8/MINIAODSIM/106X_mcRun2_asymptotic_v17-v2/2830000/49825A0C-5D49-F84D-BA7F-818D9042E04E.root
%MSG-w XrdAdaptorInternal:  file_open 04-Mar-2024 16:17:33 CET PostProcessEvent
Failed to open file at URL root://eoscms.cern.ch:1094//eos/cms/store/mc/RunIISummer20UL16MiniAODv2/ZZTo4Q_5f_TuneCP5_13TeV-amcatnloFXFX-pythia8/MINIAODSIM/106X_mcRun2_asymptotic_v17-v2/2830000/49825A0C-5D49-F84D-BA7F-818D9042E04E.root.
%MSG
%MSG-w XrdAdaptorInternal:  file_open 04-Mar-2024 16:17:33 CET PostProcessEvent
Failed to open file at URL root://eoscms.cern.ch:1094//eos/cms/store/mc/RunIISummer20UL16MiniAODv2/ZZTo4Q_5f_TuneCP5_13TeV-amcatnloFXFX-pythia8/MINIAODSIM/106X_mcRun2_asymptotic_v17-v2/2830000/49825A0C-5D49-F84D-BA7F-818D9042E04E.root?tried=.
%MSG
04-Mar-2024 16:17:33 CET  Fallback request to file root://xrootd-cms.infn.it//store/mc/RunIISummer20UL16MiniAODv2/ZZTo4Q_5f_TuneCP5_13TeV-amcatnloFXFX-pythia8/MINIAODSIM/106X_mcRun2_asymptotic_v17-v2/2830000/49825A0C-5D49-F84D-BA7F-818D9042E04E.root
%MSG-w XrdAdaptor:  file_open 04-Mar-2024 16:17:47 CET PostProcessEvent
Data is served from T2_US_Florida instead of original site T2_IT_Pisa
%MSG
04-Mar-2024 16:17:48 CET  Successfully opened file root://xrootd-cms.infn.it//store/mc/RunIISummer20UL16MiniAODv2/ZZTo4Q_5f_TuneCP5_13TeV-amcatnloFXFX-pythia8/MINIAODSIM/106X_mcRun2_asymptotic_v17-v2/2830000/49825A0C-5D49-F84D-BA7F-818D9042E04E.root
04-Mar-2024 16:17:57 CET  Closed file root://xrootd-cms.infn.it//store/mc/RunIISummer20UL16MiniAODv2/ZZTo4Q_5f_TuneCP5_13TeV-amcatnloFXFX-pythia8/MINIAODSIM/106X_mcRun2_asymptotic_v17-v2/2830000/49825A0C-5D49-F84D-BA7F-818D9042E04E.root
04-Mar-2024 16:17:57 CET  Initiating request to open file root://eoscms.cern.ch//eos/cms/store/mc/RunIISummer20UL16MiniAODv2/ZZTo4Q_5f_TuneCP5_13TeV-amcatnloFXFX-pythia8/MINIAODSIM/106X_mcRun2_asymptotic_v17-v2/2830000/8514FF84-15DF-024B-95C2-572521170092.root
%MSG-w XrdAdaptorInternal:  file_open 04-Mar-2024 16:17:58 CET PostProcessEvent
Failed to open file at URL root://eoscms.cern.ch:1094//eos/cms/store/mc/RunIISummer20UL16MiniAODv2/ZZTo4Q_5f_TuneCP5_13TeV-amcatnloFXFX-pythia8/MINIAODSIM/106X_mcRun2_asymptotic_v17-v2/2830000/8514FF84-15DF-024B-95C2-572521170092.root.
%MSG
%MSG-w XrdAdaptorInternal:  file_open 04-Mar-2024 16:17:58 CET PostProcessEvent
Failed to open file at URL root://eoscms.cern.ch:1094//eos/cms/store/mc/RunIISummer20UL16MiniAODv2/ZZTo4Q_5f_TuneCP5_13TeV-amcatnloFXFX-pythia8/MINIAODSIM/106X_mcRun2_asymptotic_v17-v2/2830000/8514FF84-15DF-024B-95C2-572521170092.root?tried=.
%MSG
04-Mar-2024 16:17:58 CET  Fallback request to file root://xrootd-cms.infn.it//store/mc/RunIISummer20UL16MiniAODv2/ZZTo4Q_5f_TuneCP5_13TeV-amcatnloFXFX-pythia8/MINIAODSIM/106X_mcRun2_asymptotic_v17-v2/2830000/8514FF84-15DF-024B-95C2-572521170092.root
%MSG-w XrdAdaptor:  file_open 04-Mar-2024 16:18:12 CET PostProcessEvent
Data is served from T2_US_Florida instead of original site T2_IT_Pisa
%MSG
04-Mar-2024 16:18:13 CET  Successfully opened file root://xrootd-cms.infn.it//store/mc/RunIISummer20UL16MiniAODv2/ZZTo4Q_5f_TuneCP5_13TeV-amcatnloFXFX-pythia8/MINIAODSIM/106X_mcRun2_asymptotic_v17-v2/2830000/8514FF84-15DF-024B-95C2-572521170092.root
04-Mar-2024 16:18:18 CET  Closed file root://xrootd-cms.infn.it//store/mc/RunIISummer20UL16MiniAODv2/ZZTo4Q_5f_TuneCP5_13TeV-amcatnloFXFX-pythia8/MINIAODSIM/106X_mcRun2_asymptotic_v17-v2/2830000/8514FF84-15DF-024B-95C2-572521170092.root
04-Mar-2024 16:18:18 CET  Initiating request to open file root://eoscms.cern.ch//eos/cms/store/mc/RunIISummer20UL16MiniAODv2/ZZTo4Q_5f_TuneCP5_13TeV-amcatnloFXFX-pythia8/MINIAODSIM/106X_mcRun2_asymptotic_v17-v2/2830000/32D86E06-7D72-5D4F-BD1D-48246650B926.root
%MSG-w XrdAdaptorInternal:  file_open 04-Mar-2024 16:18:19 CET PostProcessEvent
Failed to open file at URL root://eoscms.cern.ch:1094//eos/cms/store/mc/RunIISummer20UL16MiniAODv2/ZZTo4Q_5f_TuneCP5_13TeV-amcatnloFXFX-pythia8/MINIAODSIM/106X_mcRun2_asymptotic_v17-v2/2830000/32D86E06-7D72-5D4F-BD1D-48246650B926.root.
%MSG
%MSG-w XrdAdaptorInternal:  file_open 04-Mar-2024 16:18:19 CET PostProcessEvent
Failed to open file at URL root://eoscms.cern.ch:1094//eos/cms/store/mc/RunIISummer20UL16MiniAODv2/ZZTo4Q_5f_TuneCP5_13TeV-amcatnloFXFX-pythia8/MINIAODSIM/106X_mcRun2_asymptotic_v17-v2/2830000/32D86E06-7D72-5D4F-BD1D-48246650B926.root?tried=.
%MSG
04-Mar-2024 16:18:19 CET  Fallback request to file root://xrootd-cms.infn.it//store/mc/RunIISummer20UL16MiniAODv2/ZZTo4Q_5f_TuneCP5_13TeV-amcatnloFXFX-pythia8/MINIAODSIM/106X_mcRun2_asymptotic_v17-v2/2830000/32D86E06-7D72-5D4F-BD1D-48246650B926.root
%MSG-w XrdAdaptor:  file_open 04-Mar-2024 16:18:32 CET PostProcessEvent
Data is served from fnal.gov instead of original site T2_IT_Pisa
%MSG
04-Mar-2024 16:18:32 CET  Successfully opened file root://xrootd-cms.infn.it//store/mc/RunIISummer20UL16MiniAODv2/ZZTo4Q_5f_TuneCP5_13TeV-amcatnloFXFX-pythia8/MINIAODSIM/106X_mcRun2_asymptotic_v17-v2/2830000/32D86E06-7D72-5D4F-BD1D-48246650B926.root
04-Mar-2024 16:18:42 CET  Closed file root://xrootd-cms.infn.it//store/mc/RunIISummer20UL16MiniAODv2/ZZTo4Q_5f_TuneCP5_13TeV-amcatnloFXFX-pythia8/MINIAODSIM/106X_mcRun2_asymptotic_v17-v2/2830000/32D86E06-7D72-5D4F-BD1D-48246650B926.root
04-Mar-2024 16:18:42 CET  Initiating request to open file root://eoscms.cern.ch//eos/cms/store/mc/RunIISummer20UL16MiniAODv2/ZZTo4Q_5f_TuneCP5_13TeV-amcatnloFXFX-pythia8/MINIAODSIM/106X_mcRun2_asymptotic_v17-v2/2830000/DFD34D3D-A3AA-3149-B66B-4C79B36C2AC3.root
%MSG-w XrdAdaptorInternal:  file_open 04-Mar-2024 16:18:43 CET PostProcessEvent
Failed to open file at URL root://eoscms.cern.ch:1094//eos/cms/store/mc/RunIISummer20UL16MiniAODv2/ZZTo4Q_5f_TuneCP5_13TeV-amcatnloFXFX-pythia8/MINIAODSIM/106X_mcRun2_asymptotic_v17-v2/2830000/DFD34D3D-A3AA-3149-B66B-4C79B36C2AC3.root.
%MSG
%MSG-w XrdAdaptorInternal:  file_open 04-Mar-2024 16:18:43 CET PostProcessEvent
Failed to open file at URL root://eoscms.cern.ch:1094//eos/cms/store/mc/RunIISummer20UL16MiniAODv2/ZZTo4Q_5f_TuneCP5_13TeV-amcatnloFXFX-pythia8/MINIAODSIM/106X_mcRun2_asymptotic_v17-v2/2830000/DFD34D3D-A3AA-3149-B66B-4C79B36C2AC3.root?tried=.
%MSG
04-Mar-2024 16:18:43 CET  Fallback request to file root://xrootd-cms.infn.it//store/mc/RunIISummer20UL16MiniAODv2/ZZTo4Q_5f_TuneCP5_13TeV-amcatnloFXFX-pythia8/MINIAODSIM/106X_mcRun2_asymptotic_v17-v2/2830000/DFD34D3D-A3AA-3149-B66B-4C79B36C2AC3.root
%MSG-w XrdAdaptor:  file_open 04-Mar-2024 16:18:56 CET PostProcessEvent
Data is served from fnal.gov instead of original site T2_IT_Pisa
%MSG
04-Mar-2024 16:18:57 CET  Successfully opened file root://xrootd-cms.infn.it//store/mc/RunIISummer20UL16MiniAODv2/ZZTo4Q_5f_TuneCP5_13TeV-amcatnloFXFX-pythia8/MINIAODSIM/106X_mcRun2_asymptotic_v17-v2/2830000/DFD34D3D-A3AA-3149-B66B-4C79B36C2AC3.root
04-Mar-2024 16:19:01 CET  Closed file root://xrootd-cms.infn.it//store/mc/RunIISummer20UL16MiniAODv2/ZZTo4Q_5f_TuneCP5_13TeV-amcatnloFXFX-pythia8/MINIAODSIM/106X_mcRun2_asymptotic_v17-v2/2830000/DFD34D3D-A3AA-3149-B66B-4C79B36C2AC3.root
04-Mar-2024 16:19:01 CET  Initiating request to open file root://eoscms.cern.ch//eos/cms/store/mc/RunIISummer20UL16MiniAODv2/ZZTo4Q_5f_TuneCP5_13TeV-amcatnloFXFX-pythia8/MINIAODSIM/106X_mcRun2_asymptotic_v17-v2/2830000/2B9281FD-7D1F-D94B-9EF5-8188966F1516.root
%MSG-w XrdAdaptorInternal:  file_open 04-Mar-2024 16:19:02 CET PostProcessEvent
Failed to open file at URL root://eoscms.cern.ch:1094//eos/cms/store/mc/RunIISummer20UL16MiniAODv2/ZZTo4Q_5f_TuneCP5_13TeV-amcatnloFXFX-pythia8/MINIAODSIM/106X_mcRun2_asymptotic_v17-v2/2830000/2B9281FD-7D1F-D94B-9EF5-8188966F1516.root.
%MSG
%MSG-w XrdAdaptorInternal:  file_open 04-Mar-2024 16:19:02 CET PostProcessEvent
Failed to open file at URL root://eoscms.cern.ch:1094//eos/cms/store/mc/RunIISummer20UL16MiniAODv2/ZZTo4Q_5f_TuneCP5_13TeV-amcatnloFXFX-pythia8/MINIAODSIM/106X_mcRun2_asymptotic_v17-v2/2830000/2B9281FD-7D1F-D94B-9EF5-8188966F1516.root?tried=.
%MSG
04-Mar-2024 16:19:02 CET  Fallback request to file root://xrootd-cms.infn.it//store/mc/RunIISummer20UL16MiniAODv2/ZZTo4Q_5f_TuneCP5_13TeV-amcatnloFXFX-pythia8/MINIAODSIM/106X_mcRun2_asymptotic_v17-v2/2830000/2B9281FD-7D1F-D94B-9EF5-8188966F1516.root
%MSG-w XrdAdaptor:  file_open 04-Mar-2024 16:19:04 CET PostProcessEvent
Data is served from in2p3.fr instead of original site T2_IT_Pisa
%MSG
04-Mar-2024 16:19:05 CET  Successfully opened file root://xrootd-cms.infn.it//store/mc/RunIISummer20UL16MiniAODv2/ZZTo4Q_5f_TuneCP5_13TeV-amcatnloFXFX-pythia8/MINIAODSIM/106X_mcRun2_asymptotic_v17-v2/2830000/2B9281FD-7D1F-D94B-9EF5-8188966F1516.root
Begin processing the 800001st record. Run 1, Event 536977, LumiSection 334 on stream 0 at 04-Mar-2024 16:19:08.812 CET
04-Mar-2024 16:19:08 CET  Closed file root://xrootd-cms.infn.it//store/mc/RunIISummer20UL16MiniAODv2/ZZTo4Q_5f_TuneCP5_13TeV-amcatnloFXFX-pythia8/MINIAODSIM/106X_mcRun2_asymptotic_v17-v2/2830000/2B9281FD-7D1F-D94B-9EF5-8188966F1516.root
04-Mar-2024 16:19:08 CET  Initiating request to open file root://eoscms.cern.ch//eos/cms/store/mc/RunIISummer20UL16MiniAODv2/ZZTo4Q_5f_TuneCP5_13TeV-amcatnloFXFX-pythia8/MINIAODSIM/106X_mcRun2_asymptotic_v17-v2/2830000/3BB2BE67-3339-6844-B16D-1AEF79EA6AB0.root
%MSG-w XrdAdaptorInternal:  file_open 04-Mar-2024 16:19:09 CET PostProcessEvent
Failed to open file at URL root://eoscms.cern.ch:1094//eos/cms/store/mc/RunIISummer20UL16MiniAODv2/ZZTo4Q_5f_TuneCP5_13TeV-amcatnloFXFX-pythia8/MINIAODSIM/106X_mcRun2_asymptotic_v17-v2/2830000/3BB2BE67-3339-6844-B16D-1AEF79EA6AB0.root.
%MSG
%MSG-w XrdAdaptorInternal:  file_open 04-Mar-2024 16:19:09 CET PostProcessEvent
Failed to open file at URL root://eoscms.cern.ch:1094//eos/cms/store/mc/RunIISummer20UL16MiniAODv2/ZZTo4Q_5f_TuneCP5_13TeV-amcatnloFXFX-pythia8/MINIAODSIM/106X_mcRun2_asymptotic_v17-v2/2830000/3BB2BE67-3339-6844-B16D-1AEF79EA6AB0.root?tried=.
%MSG
04-Mar-2024 16:19:09 CET  Fallback request to file root://xrootd-cms.infn.it//store/mc/RunIISummer20UL16MiniAODv2/ZZTo4Q_5f_TuneCP5_13TeV-amcatnloFXFX-pythia8/MINIAODSIM/106X_mcRun2_asymptotic_v17-v2/2830000/3BB2BE67-3339-6844-B16D-1AEF79EA6AB0.root
Unable to load sec.protocol plugin libXrdSecztn.so
%MSG-w XrdAdaptor:  file_open 04-Mar-2024 16:19:28 CET PostProcessEvent
Data is served from fnal.gov instead of original site T2_IT_Pisa
%MSG
[2024-03-04 16:19:28.510851 +0100][Warning][XRootD            ] [cms-xrd-global.cern.ch:1094] Redirect limit has been reached for message kXR_open (file: /store/mc/RunIISummer20UL16MiniAODv2/ZZTo4Q_5f_TuneCP5_13TeV-amcatnloFXFX-pythia8/MINIAODSIM/106X_mcRun2_asymptotic_v17-v2/2830000/2B9281FD-7D1F-D94B-9EF5-8188966F1516.root?tried=+1213xrootd-cms-redir-int.cr.cnaf.infn.it,+1413llrxrd-redir.in2p3.fr,+1213xrootd-redic.pi.infn.it,+1413xrootd-redic.pi.infn.it,sbgse14.in2p3.fr,sbgse1.in2p3.fr,xrootd-cms.infn.it,llrxrd-redir.in2p3.fr,llrxrd-redir.in2p3.fr,llrxrd-redir.in2p3.fr,llrxrd-redir.in2p3.fr,llrxrd-redir.in2p3.fr,llrxrd-redir.in2p3.fr,llrxrd-redir.in2p3.fr&triedrc=enoent,enoent,enoent,enoent,enoent, mode: 0660, flags: kXR_open_read kXR_async kXR_retstat ), the last known error is: [ERROR] Error response: No such file or directory
04-Mar-2024 16:19:28 CET  Successfully opened file root://xrootd-cms.infn.it//store/mc/RunIISummer20UL16MiniAODv2/ZZTo4Q_5f_TuneCP5_13TeV-amcatnloFXFX-pythia8/MINIAODSIM/106X_mcRun2_asymptotic_v17-v2/2830000/3BB2BE67-3339-6844-B16D-1AEF79EA6AB0.root
04-Mar-2024 16:19:33 CET  Closed file root://xrootd-cms.infn.it//store/mc/RunIISummer20UL16MiniAODv2/ZZTo4Q_5f_TuneCP5_13TeV-amcatnloFXFX-pythia8/MINIAODSIM/106X_mcRun2_asymptotic_v17-v2/2830000/3BB2BE67-3339-6844-B16D-1AEF79EA6AB0.root
04-Mar-2024 16:19:33 CET  Initiating request to open file root://eoscms.cern.ch//eos/cms/store/mc/RunIISummer20UL16MiniAODv2/ZZTo4Q_5f_TuneCP5_13TeV-amcatnloFXFX-pythia8/MINIAODSIM/106X_mcRun2_asymptotic_v17-v2/2830000/F17FA5D7-A633-744F-864C-C5D2D89389AE.root
%MSG-w XrdAdaptorInternal:  file_open 04-Mar-2024 16:19:34 CET PostProcessEvent
Failed to open file at URL root://eoscms.cern.ch:1094//eos/cms/store/mc/RunIISummer20UL16MiniAODv2/ZZTo4Q_5f_TuneCP5_13TeV-amcatnloFXFX-pythia8/MINIAODSIM/106X_mcRun2_asymptotic_v17-v2/2830000/F17FA5D7-A633-744F-864C-C5D2D89389AE.root.
%MSG
%MSG-w XrdAdaptorInternal:  file_open 04-Mar-2024 16:19:34 CET PostProcessEvent
Failed to open file at URL root://eoscms.cern.ch:1094//eos/cms/store/mc/RunIISummer20UL16MiniAODv2/ZZTo4Q_5f_TuneCP5_13TeV-amcatnloFXFX-pythia8/MINIAODSIM/106X_mcRun2_asymptotic_v17-v2/2830000/F17FA5D7-A633-744F-864C-C5D2D89389AE.root?tried=.
%MSG
04-Mar-2024 16:19:34 CET  Fallback request to file root://xrootd-cms.infn.it//store/mc/RunIISummer20UL16MiniAODv2/ZZTo4Q_5f_TuneCP5_13TeV-amcatnloFXFX-pythia8/MINIAODSIM/106X_mcRun2_asymptotic_v17-v2/2830000/F17FA5D7-A633-744F-864C-C5D2D89389AE.root
%MSG-w XrdAdaptor:  file_open 04-Mar-2024 16:19:46 CET PostProcessEvent
Data is served from T2_US_Wisconsin instead of original site T2_IT_Pisa
%MSG
04-Mar-2024 16:19:47 CET  Successfully opened file root://xrootd-cms.infn.it//store/mc/RunIISummer20UL16MiniAODv2/ZZTo4Q_5f_TuneCP5_13TeV-amcatnloFXFX-pythia8/MINIAODSIM/106X_mcRun2_asymptotic_v17-v2/2830000/F17FA5D7-A633-744F-864C-C5D2D89389AE.root
04-Mar-2024 16:20:04 CET  Closed file root://xrootd-cms.infn.it//store/mc/RunIISummer20UL16MiniAODv2/ZZTo4Q_5f_TuneCP5_13TeV-amcatnloFXFX-pythia8/MINIAODSIM/106X_mcRun2_asymptotic_v17-v2/2830000/F17FA5D7-A633-744F-864C-C5D2D89389AE.root
04-Mar-2024 16:20:04 CET  Initiating request to open file root://eoscms.cern.ch//eos/cms/store/mc/RunIISummer20UL16MiniAODv2/ZZTo4Q_5f_TuneCP5_13TeV-amcatnloFXFX-pythia8/MINIAODSIM/106X_mcRun2_asymptotic_v17-v2/2830000/62539FD0-A0E2-AC49-B15E-297BF5145016.root
%MSG-w XrdAdaptorInternal:  file_open 04-Mar-2024 16:20:05 CET PostProcessEvent
Failed to open file at URL root://eoscms.cern.ch:1094//eos/cms/store/mc/RunIISummer20UL16MiniAODv2/ZZTo4Q_5f_TuneCP5_13TeV-amcatnloFXFX-pythia8/MINIAODSIM/106X_mcRun2_asymptotic_v17-v2/2830000/62539FD0-A0E2-AC49-B15E-297BF5145016.root.
%MSG
%MSG-w XrdAdaptorInternal:  file_open 04-Mar-2024 16:20:05 CET PostProcessEvent
Failed to open file at URL root://eoscms.cern.ch:1094//eos/cms/store/mc/RunIISummer20UL16MiniAODv2/ZZTo4Q_5f_TuneCP5_13TeV-amcatnloFXFX-pythia8/MINIAODSIM/106X_mcRun2_asymptotic_v17-v2/2830000/62539FD0-A0E2-AC49-B15E-297BF5145016.root?tried=.
%MSG
04-Mar-2024 16:20:05 CET  Fallback request to file root://xrootd-cms.infn.it//store/mc/RunIISummer20UL16MiniAODv2/ZZTo4Q_5f_TuneCP5_13TeV-amcatnloFXFX-pythia8/MINIAODSIM/106X_mcRun2_asymptotic_v17-v2/2830000/62539FD0-A0E2-AC49-B15E-297BF5145016.root
%MSG-w XrdAdaptor:  file_open 04-Mar-2024 16:20:23 CET PostProcessEvent
Data is served from T2_US_Wisconsin instead of original site T2_IT_Pisa
%MSG
04-Mar-2024 16:20:24 CET  Successfully opened file root://xrootd-cms.infn.it//store/mc/RunIISummer20UL16MiniAODv2/ZZTo4Q_5f_TuneCP5_13TeV-amcatnloFXFX-pythia8/MINIAODSIM/106X_mcRun2_asymptotic_v17-v2/2830000/62539FD0-A0E2-AC49-B15E-297BF5145016.root
04-Mar-2024 16:20:30 CET  Closed file root://xrootd-cms.infn.it//store/mc/RunIISummer20UL16MiniAODv2/ZZTo4Q_5f_TuneCP5_13TeV-amcatnloFXFX-pythia8/MINIAODSIM/106X_mcRun2_asymptotic_v17-v2/2830000/62539FD0-A0E2-AC49-B15E-297BF5145016.root
04-Mar-2024 16:20:30 CET  Initiating request to open file root://eoscms.cern.ch//eos/cms/store/mc/RunIISummer20UL16MiniAODv2/ZZTo4Q_5f_TuneCP5_13TeV-amcatnloFXFX-pythia8/MINIAODSIM/106X_mcRun2_asymptotic_v17-v2/2830000/59E45A29-D12E-9E4A-B598-FC421138C966.root
%MSG-w XrdAdaptorInternal:  file_open 04-Mar-2024 16:20:31 CET PostProcessEvent
Failed to open file at URL root://eoscms.cern.ch:1094//eos/cms/store/mc/RunIISummer20UL16MiniAODv2/ZZTo4Q_5f_TuneCP5_13TeV-amcatnloFXFX-pythia8/MINIAODSIM/106X_mcRun2_asymptotic_v17-v2/2830000/59E45A29-D12E-9E4A-B598-FC421138C966.root.
%MSG
%MSG-w XrdAdaptorInternal:  file_open 04-Mar-2024 16:20:31 CET PostProcessEvent
Failed to open file at URL root://eoscms.cern.ch:1094//eos/cms/store/mc/RunIISummer20UL16MiniAODv2/ZZTo4Q_5f_TuneCP5_13TeV-amcatnloFXFX-pythia8/MINIAODSIM/106X_mcRun2_asymptotic_v17-v2/2830000/59E45A29-D12E-9E4A-B598-FC421138C966.root?tried=.
%MSG
04-Mar-2024 16:20:31 CET  Fallback request to file root://xrootd-cms.infn.it//store/mc/RunIISummer20UL16MiniAODv2/ZZTo4Q_5f_TuneCP5_13TeV-amcatnloFXFX-pythia8/MINIAODSIM/106X_mcRun2_asymptotic_v17-v2/2830000/59E45A29-D12E-9E4A-B598-FC421138C966.root
%MSG-w XrdAdaptor:  file_open 04-Mar-2024 16:20:45 CET PostProcessEvent
Data is served from T2_US_MIT instead of original site T2_IT_Pisa
%MSG
04-Mar-2024 16:20:46 CET  Successfully opened file root://xrootd-cms.infn.it//store/mc/RunIISummer20UL16MiniAODv2/ZZTo4Q_5f_TuneCP5_13TeV-amcatnloFXFX-pythia8/MINIAODSIM/106X_mcRun2_asymptotic_v17-v2/2830000/59E45A29-D12E-9E4A-B598-FC421138C966.root
04-Mar-2024 16:20:49 CET  Closed file root://xrootd-cms.infn.it//store/mc/RunIISummer20UL16MiniAODv2/ZZTo4Q_5f_TuneCP5_13TeV-amcatnloFXFX-pythia8/MINIAODSIM/106X_mcRun2_asymptotic_v17-v2/2830000/59E45A29-D12E-9E4A-B598-FC421138C966.root
04-Mar-2024 16:20:49 CET  Initiating request to open file root://eoscms.cern.ch//eos/cms/store/mc/RunIISummer20UL16MiniAODv2/ZZTo4Q_5f_TuneCP5_13TeV-amcatnloFXFX-pythia8/MINIAODSIM/106X_mcRun2_asymptotic_v17-v2/2830000/F4BB4F18-3CB0-3644-A400-9936CD7423DB.root
%MSG-w XrdAdaptorInternal:  file_open 04-Mar-2024 16:20:50 CET PostProcessEvent
Failed to open file at URL root://eoscms.cern.ch:1094//eos/cms/store/mc/RunIISummer20UL16MiniAODv2/ZZTo4Q_5f_TuneCP5_13TeV-amcatnloFXFX-pythia8/MINIAODSIM/106X_mcRun2_asymptotic_v17-v2/2830000/F4BB4F18-3CB0-3644-A400-9936CD7423DB.root.
%MSG
%MSG-w XrdAdaptorInternal:  file_open 04-Mar-2024 16:20:50 CET PostProcessEvent
Failed to open file at URL root://eoscms.cern.ch:1094//eos/cms/store/mc/RunIISummer20UL16MiniAODv2/ZZTo4Q_5f_TuneCP5_13TeV-amcatnloFXFX-pythia8/MINIAODSIM/106X_mcRun2_asymptotic_v17-v2/2830000/F4BB4F18-3CB0-3644-A400-9936CD7423DB.root?tried=.
%MSG
04-Mar-2024 16:20:50 CET  Fallback request to file root://xrootd-cms.infn.it//store/mc/RunIISummer20UL16MiniAODv2/ZZTo4Q_5f_TuneCP5_13TeV-amcatnloFXFX-pythia8/MINIAODSIM/106X_mcRun2_asymptotic_v17-v2/2830000/F4BB4F18-3CB0-3644-A400-9936CD7423DB.root
%MSG-w XrdAdaptor:  file_open 04-Mar-2024 16:21:03 CET PostProcessEvent
Data is served from fnal.gov instead of original site T2_IT_Pisa
%MSG
04-Mar-2024 16:21:03 CET  Successfully opened file root://xrootd-cms.infn.it//store/mc/RunIISummer20UL16MiniAODv2/ZZTo4Q_5f_TuneCP5_13TeV-amcatnloFXFX-pythia8/MINIAODSIM/106X_mcRun2_asymptotic_v17-v2/2830000/F4BB4F18-3CB0-3644-A400-9936CD7423DB.root
Begin processing the 900001st record. Run 1, Event 875015, LumiSection 544 on stream 0 at 04-Mar-2024 16:21:14.204 CET
04-Mar-2024 16:21:16 CET  Closed file root://xrootd-cms.infn.it//store/mc/RunIISummer20UL16MiniAODv2/ZZTo4Q_5f_TuneCP5_13TeV-amcatnloFXFX-pythia8/MINIAODSIM/106X_mcRun2_asymptotic_v17-v2/2830000/F4BB4F18-3CB0-3644-A400-9936CD7423DB.root
04-Mar-2024 16:21:16 CET  Initiating request to open file root://eoscms.cern.ch//eos/cms/store/mc/RunIISummer20UL16MiniAODv2/ZZTo4Q_5f_TuneCP5_13TeV-amcatnloFXFX-pythia8/MINIAODSIM/106X_mcRun2_asymptotic_v17-v2/2830000/9C5CD611-054D-964F-B131-BA4B26BC231A.root
%MSG-w XrdAdaptorInternal:  file_open 04-Mar-2024 16:21:17 CET PostProcessEvent
Failed to open file at URL root://eoscms.cern.ch:1094//eos/cms/store/mc/RunIISummer20UL16MiniAODv2/ZZTo4Q_5f_TuneCP5_13TeV-amcatnloFXFX-pythia8/MINIAODSIM/106X_mcRun2_asymptotic_v17-v2/2830000/9C5CD611-054D-964F-B131-BA4B26BC231A.root.
%MSG
%MSG-w XrdAdaptorInternal:  file_open 04-Mar-2024 16:21:17 CET PostProcessEvent
Failed to open file at URL root://eoscms.cern.ch:1094//eos/cms/store/mc/RunIISummer20UL16MiniAODv2/ZZTo4Q_5f_TuneCP5_13TeV-amcatnloFXFX-pythia8/MINIAODSIM/106X_mcRun2_asymptotic_v17-v2/2830000/9C5CD611-054D-964F-B131-BA4B26BC231A.root?tried=.
%MSG
04-Mar-2024 16:21:17 CET  Fallback request to file root://xrootd-cms.infn.it//store/mc/RunIISummer20UL16MiniAODv2/ZZTo4Q_5f_TuneCP5_13TeV-amcatnloFXFX-pythia8/MINIAODSIM/106X_mcRun2_asymptotic_v17-v2/2830000/9C5CD611-054D-964F-B131-BA4B26BC231A.root
%MSG-w XrdAdaptor:  file_open 04-Mar-2024 16:21:30 CET PostProcessEvent
Data is served from fnal.gov instead of original site T2_IT_Pisa
%MSG
04-Mar-2024 16:21:30 CET  Successfully opened file root://xrootd-cms.infn.it//store/mc/RunIISummer20UL16MiniAODv2/ZZTo4Q_5f_TuneCP5_13TeV-amcatnloFXFX-pythia8/MINIAODSIM/106X_mcRun2_asymptotic_v17-v2/2830000/9C5CD611-054D-964F-B131-BA4B26BC231A.root
04-Mar-2024 16:21:37 CET  Closed file root://xrootd-cms.infn.it//store/mc/RunIISummer20UL16MiniAODv2/ZZTo4Q_5f_TuneCP5_13TeV-amcatnloFXFX-pythia8/MINIAODSIM/106X_mcRun2_asymptotic_v17-v2/2830000/9C5CD611-054D-964F-B131-BA4B26BC231A.root
04-Mar-2024 16:21:37 CET  Initiating request to open file root://eoscms.cern.ch//eos/cms/store/mc/RunIISummer20UL16MiniAODv2/ZZTo4Q_5f_TuneCP5_13TeV-amcatnloFXFX-pythia8/MINIAODSIM/106X_mcRun2_asymptotic_v17-v2/2830000/2158FE57-CE09-2B44-8605-597CC803AEFB.root
%MSG-w XrdAdaptorInternal:  file_open 04-Mar-2024 16:21:38 CET PostProcessEvent
Failed to open file at URL root://eoscms.cern.ch:1094//eos/cms/store/mc/RunIISummer20UL16MiniAODv2/ZZTo4Q_5f_TuneCP5_13TeV-amcatnloFXFX-pythia8/MINIAODSIM/106X_mcRun2_asymptotic_v17-v2/2830000/2158FE57-CE09-2B44-8605-597CC803AEFB.root.
%MSG
%MSG-w XrdAdaptorInternal:  file_open 04-Mar-2024 16:21:38 CET PostProcessEvent
Failed to open file at URL root://eoscms.cern.ch:1094//eos/cms/store/mc/RunIISummer20UL16MiniAODv2/ZZTo4Q_5f_TuneCP5_13TeV-amcatnloFXFX-pythia8/MINIAODSIM/106X_mcRun2_asymptotic_v17-v2/2830000/2158FE57-CE09-2B44-8605-597CC803AEFB.root?tried=.
%MSG
04-Mar-2024 16:21:38 CET  Fallback request to file root://xrootd-cms.infn.it//store/mc/RunIISummer20UL16MiniAODv2/ZZTo4Q_5f_TuneCP5_13TeV-amcatnloFXFX-pythia8/MINIAODSIM/106X_mcRun2_asymptotic_v17-v2/2830000/2158FE57-CE09-2B44-8605-597CC803AEFB.root
%MSG-w XrdAdaptor:  file_open 04-Mar-2024 16:21:51 CET PostProcessEvent
Data is served from T2_US_Florida instead of original site T2_IT_Pisa
%MSG
04-Mar-2024 16:21:52 CET  Successfully opened file root://xrootd-cms.infn.it//store/mc/RunIISummer20UL16MiniAODv2/ZZTo4Q_5f_TuneCP5_13TeV-amcatnloFXFX-pythia8/MINIAODSIM/106X_mcRun2_asymptotic_v17-v2/2830000/2158FE57-CE09-2B44-8605-597CC803AEFB.root
Begin processing the 1000001st record. Run 1, Event 632091, LumiSection 393 on stream 0 at 04-Mar-2024 16:22:04.671 CET
04-Mar-2024 16:22:05 CET  Closed file root://xrootd-cms.infn.it//store/mc/RunIISummer20UL16MiniAODv2/ZZTo4Q_5f_TuneCP5_13TeV-amcatnloFXFX-pythia8/MINIAODSIM/106X_mcRun2_asymptotic_v17-v2/2830000/2158FE57-CE09-2B44-8605-597CC803AEFB.root
04-Mar-2024 16:22:05 CET  Initiating request to open file root://eoscms.cern.ch//eos/cms/store/mc/RunIISummer20UL16MiniAODv2/ZZTo4Q_5f_TuneCP5_13TeV-amcatnloFXFX-pythia8/MINIAODSIM/106X_mcRun2_asymptotic_v17-v2/2830000/A6C84F2E-3FC7-9243-9355-FC7E017B97AE.root
%MSG-w XrdAdaptorInternal:  file_open 04-Mar-2024 16:22:06 CET PostProcessEvent
Failed to open file at URL root://eoscms.cern.ch:1094//eos/cms/store/mc/RunIISummer20UL16MiniAODv2/ZZTo4Q_5f_TuneCP5_13TeV-amcatnloFXFX-pythia8/MINIAODSIM/106X_mcRun2_asymptotic_v17-v2/2830000/A6C84F2E-3FC7-9243-9355-FC7E017B97AE.root.
%MSG
%MSG-w XrdAdaptorInternal:  file_open 04-Mar-2024 16:22:06 CET PostProcessEvent
Failed to open file at URL root://eoscms.cern.ch:1094//eos/cms/store/mc/RunIISummer20UL16MiniAODv2/ZZTo4Q_5f_TuneCP5_13TeV-amcatnloFXFX-pythia8/MINIAODSIM/106X_mcRun2_asymptotic_v17-v2/2830000/A6C84F2E-3FC7-9243-9355-FC7E017B97AE.root?tried=.
%MSG
04-Mar-2024 16:22:06 CET  Fallback request to file root://xrootd-cms.infn.it//store/mc/RunIISummer20UL16MiniAODv2/ZZTo4Q_5f_TuneCP5_13TeV-amcatnloFXFX-pythia8/MINIAODSIM/106X_mcRun2_asymptotic_v17-v2/2830000/A6C84F2E-3FC7-9243-9355-FC7E017B97AE.root
%MSG-w XrdAdaptor:  file_open 04-Mar-2024 16:22:25 CET PostProcessEvent
Data is served from T2_US_Florida instead of original site T2_IT_Pisa
%MSG
04-Mar-2024 16:22:26 CET  Successfully opened file root://xrootd-cms.infn.it//store/mc/RunIISummer20UL16MiniAODv2/ZZTo4Q_5f_TuneCP5_13TeV-amcatnloFXFX-pythia8/MINIAODSIM/106X_mcRun2_asymptotic_v17-v2/2830000/A6C84F2E-3FC7-9243-9355-FC7E017B97AE.root
04-Mar-2024 16:22:39 CET  Closed file root://xrootd-cms.infn.it//store/mc/RunIISummer20UL16MiniAODv2/ZZTo4Q_5f_TuneCP5_13TeV-amcatnloFXFX-pythia8/MINIAODSIM/106X_mcRun2_asymptotic_v17-v2/2830000/A6C84F2E-3FC7-9243-9355-FC7E017B97AE.root
04-Mar-2024 16:22:39 CET  Initiating request to open file root://eoscms.cern.ch//eos/cms/store/mc/RunIISummer20UL16MiniAODv2/ZZTo4Q_5f_TuneCP5_13TeV-amcatnloFXFX-pythia8/MINIAODSIM/106X_mcRun2_asymptotic_v17-v2/2830000/74F2742D-1486-3043-A0AC-4464FE606163.root
%MSG-w XrdAdaptorInternal:  file_open 04-Mar-2024 16:22:40 CET PostProcessEvent
Failed to open file at URL root://eoscms.cern.ch:1094//eos/cms/store/mc/RunIISummer20UL16MiniAODv2/ZZTo4Q_5f_TuneCP5_13TeV-amcatnloFXFX-pythia8/MINIAODSIM/106X_mcRun2_asymptotic_v17-v2/2830000/74F2742D-1486-3043-A0AC-4464FE606163.root.
%MSG
%MSG-w XrdAdaptorInternal:  file_open 04-Mar-2024 16:22:40 CET PostProcessEvent
Failed to open file at URL root://eoscms.cern.ch:1094//eos/cms/store/mc/RunIISummer20UL16MiniAODv2/ZZTo4Q_5f_TuneCP5_13TeV-amcatnloFXFX-pythia8/MINIAODSIM/106X_mcRun2_asymptotic_v17-v2/2830000/74F2742D-1486-3043-A0AC-4464FE606163.root?tried=.
%MSG
04-Mar-2024 16:22:40 CET  Fallback request to file root://xrootd-cms.infn.it//store/mc/RunIISummer20UL16MiniAODv2/ZZTo4Q_5f_TuneCP5_13TeV-amcatnloFXFX-pythia8/MINIAODSIM/106X_mcRun2_asymptotic_v17-v2/2830000/74F2742D-1486-3043-A0AC-4464FE606163.root
%MSG-w XrdAdaptor:  file_open 04-Mar-2024 16:22:53 CET PostProcessEvent
Data is served from T2_US_Florida instead of original site T2_IT_Pisa
%MSG
04-Mar-2024 16:22:54 CET  Successfully opened file root://xrootd-cms.infn.it//store/mc/RunIISummer20UL16MiniAODv2/ZZTo4Q_5f_TuneCP5_13TeV-amcatnloFXFX-pythia8/MINIAODSIM/106X_mcRun2_asymptotic_v17-v2/2830000/74F2742D-1486-3043-A0AC-4464FE606163.root
Begin processing the 1100001st record. Run 1, Event 1459155, LumiSection 907 on stream 0 at 04-Mar-2024 16:23:02.605 CET
04-Mar-2024 16:23:03 CET  Closed file root://xrootd-cms.infn.it//store/mc/RunIISummer20UL16MiniAODv2/ZZTo4Q_5f_TuneCP5_13TeV-amcatnloFXFX-pythia8/MINIAODSIM/106X_mcRun2_asymptotic_v17-v2/2830000/74F2742D-1486-3043-A0AC-4464FE606163.root
04-Mar-2024 16:23:03 CET  Initiating request to open file root://eoscms.cern.ch//eos/cms/store/mc/RunIISummer20UL16MiniAODv2/ZZTo4Q_5f_TuneCP5_13TeV-amcatnloFXFX-pythia8/MINIAODSIM/106X_mcRun2_asymptotic_v17-v2/2830000/862D135F-AD6C-254A-BEFF-63CE21E91117.root
%MSG-w XrdAdaptorInternal:  file_open 04-Mar-2024 16:23:04 CET PostProcessEvent
Failed to open file at URL root://eoscms.cern.ch:1094//eos/cms/store/mc/RunIISummer20UL16MiniAODv2/ZZTo4Q_5f_TuneCP5_13TeV-amcatnloFXFX-pythia8/MINIAODSIM/106X_mcRun2_asymptotic_v17-v2/2830000/862D135F-AD6C-254A-BEFF-63CE21E91117.root.
%MSG
%MSG-w XrdAdaptorInternal:  file_open 04-Mar-2024 16:23:04 CET PostProcessEvent
Failed to open file at URL root://eoscms.cern.ch:1094//eos/cms/store/mc/RunIISummer20UL16MiniAODv2/ZZTo4Q_5f_TuneCP5_13TeV-amcatnloFXFX-pythia8/MINIAODSIM/106X_mcRun2_asymptotic_v17-v2/2830000/862D135F-AD6C-254A-BEFF-63CE21E91117.root?tried=.
%MSG
04-Mar-2024 16:23:04 CET  Fallback request to file root://xrootd-cms.infn.it//store/mc/RunIISummer20UL16MiniAODv2/ZZTo4Q_5f_TuneCP5_13TeV-amcatnloFXFX-pythia8/MINIAODSIM/106X_mcRun2_asymptotic_v17-v2/2830000/862D135F-AD6C-254A-BEFF-63CE21E91117.root
%MSG-w XrdAdaptor:  file_open 04-Mar-2024 16:23:29 CET PostProcessEvent
Data is served from T2_US_Florida instead of original site T2_IT_Pisa
%MSG
04-Mar-2024 16:23:30 CET  Successfully opened file root://xrootd-cms.infn.it//store/mc/RunIISummer20UL16MiniAODv2/ZZTo4Q_5f_TuneCP5_13TeV-amcatnloFXFX-pythia8/MINIAODSIM/106X_mcRun2_asymptotic_v17-v2/2830000/862D135F-AD6C-254A-BEFF-63CE21E91117.root
04-Mar-2024 16:23:38 CET  Closed file root://xrootd-cms.infn.it//store/mc/RunIISummer20UL16MiniAODv2/ZZTo4Q_5f_TuneCP5_13TeV-amcatnloFXFX-pythia8/MINIAODSIM/106X_mcRun2_asymptotic_v17-v2/2830000/862D135F-AD6C-254A-BEFF-63CE21E91117.root
04-Mar-2024 16:23:38 CET  Initiating request to open file root://eoscms.cern.ch//eos/cms/store/mc/RunIISummer20UL16MiniAODv2/ZZTo4Q_5f_TuneCP5_13TeV-amcatnloFXFX-pythia8/MINIAODSIM/106X_mcRun2_asymptotic_v17-v2/2830000/D78F41A6-FC23-7742-B4AA-E55CA8940C1C.root
%MSG-w XrdAdaptorInternal:  file_open 04-Mar-2024 16:23:39 CET PostProcessEvent
Failed to open file at URL root://eoscms.cern.ch:1094//eos/cms/store/mc/RunIISummer20UL16MiniAODv2/ZZTo4Q_5f_TuneCP5_13TeV-amcatnloFXFX-pythia8/MINIAODSIM/106X_mcRun2_asymptotic_v17-v2/2830000/D78F41A6-FC23-7742-B4AA-E55CA8940C1C.root.
%MSG
%MSG-w XrdAdaptorInternal:  file_open 04-Mar-2024 16:23:39 CET PostProcessEvent
Failed to open file at URL root://eoscms.cern.ch:1094//eos/cms/store/mc/RunIISummer20UL16MiniAODv2/ZZTo4Q_5f_TuneCP5_13TeV-amcatnloFXFX-pythia8/MINIAODSIM/106X_mcRun2_asymptotic_v17-v2/2830000/D78F41A6-FC23-7742-B4AA-E55CA8940C1C.root?tried=.
%MSG
04-Mar-2024 16:23:39 CET  Fallback request to file root://xrootd-cms.infn.it//store/mc/RunIISummer20UL16MiniAODv2/ZZTo4Q_5f_TuneCP5_13TeV-amcatnloFXFX-pythia8/MINIAODSIM/106X_mcRun2_asymptotic_v17-v2/2830000/D78F41A6-FC23-7742-B4AA-E55CA8940C1C.root
%MSG-w XrdAdaptor:  file_open 04-Mar-2024 16:23:52 CET PostProcessEvent
Data is served from fnal.gov instead of original site T2_IT_Pisa
%MSG
04-Mar-2024 16:23:53 CET  Successfully opened file root://xrootd-cms.infn.it//store/mc/RunIISummer20UL16MiniAODv2/ZZTo4Q_5f_TuneCP5_13TeV-amcatnloFXFX-pythia8/MINIAODSIM/106X_mcRun2_asymptotic_v17-v2/2830000/D78F41A6-FC23-7742-B4AA-E55CA8940C1C.root
04-Mar-2024 16:24:00 CET  Closed file root://xrootd-cms.infn.it//store/mc/RunIISummer20UL16MiniAODv2/ZZTo4Q_5f_TuneCP5_13TeV-amcatnloFXFX-pythia8/MINIAODSIM/106X_mcRun2_asymptotic_v17-v2/2830000/D78F41A6-FC23-7742-B4AA-E55CA8940C1C.root
04-Mar-2024 16:24:00 CET  Initiating request to open file root://eoscms.cern.ch//eos/cms/store/mc/RunIISummer20UL16MiniAODv2/ZZTo4Q_5f_TuneCP5_13TeV-amcatnloFXFX-pythia8/MINIAODSIM/106X_mcRun2_asymptotic_v17-v2/2830000/3CA8CD0D-AF5A-D344-87A3-ED2A70AD2D7E.root
%MSG-w XrdAdaptorInternal:  file_open 04-Mar-2024 16:24:01 CET PostProcessEvent
Failed to open file at URL root://eoscms.cern.ch:1094//eos/cms/store/mc/RunIISummer20UL16MiniAODv2/ZZTo4Q_5f_TuneCP5_13TeV-amcatnloFXFX-pythia8/MINIAODSIM/106X_mcRun2_asymptotic_v17-v2/2830000/3CA8CD0D-AF5A-D344-87A3-ED2A70AD2D7E.root.
%MSG
%MSG-w XrdAdaptorInternal:  file_open 04-Mar-2024 16:24:01 CET PostProcessEvent
Failed to open file at URL root://eoscms.cern.ch:1094//eos/cms/store/mc/RunIISummer20UL16MiniAODv2/ZZTo4Q_5f_TuneCP5_13TeV-amcatnloFXFX-pythia8/MINIAODSIM/106X_mcRun2_asymptotic_v17-v2/2830000/3CA8CD0D-AF5A-D344-87A3-ED2A70AD2D7E.root?tried=.
%MSG
04-Mar-2024 16:24:01 CET  Fallback request to file root://xrootd-cms.infn.it//store/mc/RunIISummer20UL16MiniAODv2/ZZTo4Q_5f_TuneCP5_13TeV-amcatnloFXFX-pythia8/MINIAODSIM/106X_mcRun2_asymptotic_v17-v2/2830000/3CA8CD0D-AF5A-D344-87A3-ED2A70AD2D7E.root
%MSG-w XrdAdaptor:  file_open 04-Mar-2024 16:24:24 CET PostProcessEvent
Data is served from fnal.gov instead of original site T2_IT_Pisa
%MSG
04-Mar-2024 16:24:24 CET  Successfully opened file root://xrootd-cms.infn.it//store/mc/RunIISummer20UL16MiniAODv2/ZZTo4Q_5f_TuneCP5_13TeV-amcatnloFXFX-pythia8/MINIAODSIM/106X_mcRun2_asymptotic_v17-v2/2830000/3CA8CD0D-AF5A-D344-87A3-ED2A70AD2D7E.root
04-Mar-2024 16:24:31 CET  Closed file root://xrootd-cms.infn.it//store/mc/RunIISummer20UL16MiniAODv2/ZZTo4Q_5f_TuneCP5_13TeV-amcatnloFXFX-pythia8/MINIAODSIM/106X_mcRun2_asymptotic_v17-v2/2830000/3CA8CD0D-AF5A-D344-87A3-ED2A70AD2D7E.root
04-Mar-2024 16:24:31 CET  Initiating request to open file root://eoscms.cern.ch//eos/cms/store/mc/RunIISummer20UL16MiniAODv2/ZZTo4Q_5f_TuneCP5_13TeV-amcatnloFXFX-pythia8/MINIAODSIM/106X_mcRun2_asymptotic_v17-v2/2830000/4A67A1D8-3088-214D-BAC7-648F56D55A68.root
%MSG-w XrdAdaptorInternal:  file_open 04-Mar-2024 16:24:32 CET PostProcessEvent
Failed to open file at URL root://eoscms.cern.ch:1094//eos/cms/store/mc/RunIISummer20UL16MiniAODv2/ZZTo4Q_5f_TuneCP5_13TeV-amcatnloFXFX-pythia8/MINIAODSIM/106X_mcRun2_asymptotic_v17-v2/2830000/4A67A1D8-3088-214D-BAC7-648F56D55A68.root.
%MSG
%MSG-w XrdAdaptorInternal:  file_open 04-Mar-2024 16:24:32 CET PostProcessEvent
Failed to open file at URL root://eoscms.cern.ch:1094//eos/cms/store/mc/RunIISummer20UL16MiniAODv2/ZZTo4Q_5f_TuneCP5_13TeV-amcatnloFXFX-pythia8/MINIAODSIM/106X_mcRun2_asymptotic_v17-v2/2830000/4A67A1D8-3088-214D-BAC7-648F56D55A68.root?tried=.
%MSG
04-Mar-2024 16:24:32 CET  Fallback request to file root://xrootd-cms.infn.it//store/mc/RunIISummer20UL16MiniAODv2/ZZTo4Q_5f_TuneCP5_13TeV-amcatnloFXFX-pythia8/MINIAODSIM/106X_mcRun2_asymptotic_v17-v2/2830000/4A67A1D8-3088-214D-BAC7-648F56D55A68.root
%MSG-w XrdAdaptor:  file_open 04-Mar-2024 16:24:48 CET PostProcessEvent
Data is served from T2_US_Vanderbilt instead of original site T2_IT_Pisa
%MSG
04-Mar-2024 16:24:48 CET  Successfully opened file root://xrootd-cms.infn.it//store/mc/RunIISummer20UL16MiniAODv2/ZZTo4Q_5f_TuneCP5_13TeV-amcatnloFXFX-pythia8/MINIAODSIM/106X_mcRun2_asymptotic_v17-v2/2830000/4A67A1D8-3088-214D-BAC7-648F56D55A68.root
Begin processing the 1200001st record. Run 1, Event 356506, LumiSection 222 on stream 0 at 04-Mar-2024 16:26:28.436 CET
04-Mar-2024 16:26:31 CET  Closed file root://xrootd-cms.infn.it//store/mc/RunIISummer20UL16MiniAODv2/ZZTo4Q_5f_TuneCP5_13TeV-amcatnloFXFX-pythia8/MINIAODSIM/106X_mcRun2_asymptotic_v17-v2/2830000/4A67A1D8-3088-214D-BAC7-648F56D55A68.root
04-Mar-2024 16:26:31 CET  Initiating request to open file root://eoscms.cern.ch//eos/cms/store/mc/RunIISummer20UL16MiniAODv2/ZZTo4Q_5f_TuneCP5_13TeV-amcatnloFXFX-pythia8/MINIAODSIM/106X_mcRun2_asymptotic_v17-v2/2830000/CA245358-E284-6949-8A5F-B732F0E8252A.root
%MSG-w XrdAdaptorInternal:  file_open 04-Mar-2024 16:26:32 CET PostProcessEvent
Failed to open file at URL root://eoscms.cern.ch:1094//eos/cms/store/mc/RunIISummer20UL16MiniAODv2/ZZTo4Q_5f_TuneCP5_13TeV-amcatnloFXFX-pythia8/MINIAODSIM/106X_mcRun2_asymptotic_v17-v2/2830000/CA245358-E284-6949-8A5F-B732F0E8252A.root.
%MSG
%MSG-w XrdAdaptorInternal:  file_open 04-Mar-2024 16:26:32 CET PostProcessEvent
Failed to open file at URL root://eoscms.cern.ch:1094//eos/cms/store/mc/RunIISummer20UL16MiniAODv2/ZZTo4Q_5f_TuneCP5_13TeV-amcatnloFXFX-pythia8/MINIAODSIM/106X_mcRun2_asymptotic_v17-v2/2830000/CA245358-E284-6949-8A5F-B732F0E8252A.root?tried=.
%MSG
04-Mar-2024 16:26:32 CET  Fallback request to file root://xrootd-cms.infn.it//store/mc/RunIISummer20UL16MiniAODv2/ZZTo4Q_5f_TuneCP5_13TeV-amcatnloFXFX-pythia8/MINIAODSIM/106X_mcRun2_asymptotic_v17-v2/2830000/CA245358-E284-6949-8A5F-B732F0E8252A.root
%MSG-w XrdAdaptor:  file_open 04-Mar-2024 16:26:47 CET PostProcessEvent
Data is served from T2_US_Vanderbilt instead of original site T2_IT_Pisa
%MSG
04-Mar-2024 16:26:48 CET  Successfully opened file root://xrootd-cms.infn.it//store/mc/RunIISummer20UL16MiniAODv2/ZZTo4Q_5f_TuneCP5_13TeV-amcatnloFXFX-pythia8/MINIAODSIM/106X_mcRun2_asymptotic_v17-v2/2830000/CA245358-E284-6949-8A5F-B732F0E8252A.root
04-Mar-2024 16:26:56 CET  Closed file root://xrootd-cms.infn.it//store/mc/RunIISummer20UL16MiniAODv2/ZZTo4Q_5f_TuneCP5_13TeV-amcatnloFXFX-pythia8/MINIAODSIM/106X_mcRun2_asymptotic_v17-v2/2830000/CA245358-E284-6949-8A5F-B732F0E8252A.root
04-Mar-2024 16:26:56 CET  Initiating request to open file root://eoscms.cern.ch//eos/cms/store/mc/RunIISummer20UL16MiniAODv2/ZZTo4Q_5f_TuneCP5_13TeV-amcatnloFXFX-pythia8/MINIAODSIM/106X_mcRun2_asymptotic_v17-v2/2830000/AEEA8AB0-9113-E641-9131-C1B202E78A2A.root
%MSG-w XrdAdaptorInternal:  file_open 04-Mar-2024 16:26:57 CET PostProcessEvent
Failed to open file at URL root://eoscms.cern.ch:1094//eos/cms/store/mc/RunIISummer20UL16MiniAODv2/ZZTo4Q_5f_TuneCP5_13TeV-amcatnloFXFX-pythia8/MINIAODSIM/106X_mcRun2_asymptotic_v17-v2/2830000/AEEA8AB0-9113-E641-9131-C1B202E78A2A.root.
%MSG
%MSG-w XrdAdaptorInternal:  file_open 04-Mar-2024 16:26:57 CET PostProcessEvent
Failed to open file at URL root://eoscms.cern.ch:1094//eos/cms/store/mc/RunIISummer20UL16MiniAODv2/ZZTo4Q_5f_TuneCP5_13TeV-amcatnloFXFX-pythia8/MINIAODSIM/106X_mcRun2_asymptotic_v17-v2/2830000/AEEA8AB0-9113-E641-9131-C1B202E78A2A.root?tried=.
%MSG
04-Mar-2024 16:26:57 CET  Fallback request to file root://xrootd-cms.infn.it//store/mc/RunIISummer20UL16MiniAODv2/ZZTo4Q_5f_TuneCP5_13TeV-amcatnloFXFX-pythia8/MINIAODSIM/106X_mcRun2_asymptotic_v17-v2/2830000/AEEA8AB0-9113-E641-9131-C1B202E78A2A.root
%MSG-w XrdAdaptor:  file_open 04-Mar-2024 16:27:10 CET PostProcessEvent
Data is served from T2_US_Florida instead of original site T2_IT_Pisa
%MSG
04-Mar-2024 16:27:11 CET  Successfully opened file root://xrootd-cms.infn.it//store/mc/RunIISummer20UL16MiniAODv2/ZZTo4Q_5f_TuneCP5_13TeV-amcatnloFXFX-pythia8/MINIAODSIM/106X_mcRun2_asymptotic_v17-v2/2830000/AEEA8AB0-9113-E641-9131-C1B202E78A2A.root
04-Mar-2024 16:27:15 CET  Closed file root://xrootd-cms.infn.it//store/mc/RunIISummer20UL16MiniAODv2/ZZTo4Q_5f_TuneCP5_13TeV-amcatnloFXFX-pythia8/MINIAODSIM/106X_mcRun2_asymptotic_v17-v2/2830000/AEEA8AB0-9113-E641-9131-C1B202E78A2A.root
04-Mar-2024 16:27:15 CET  Initiating request to open file root://eoscms.cern.ch//eos/cms/store/mc/RunIISummer20UL16MiniAODv2/ZZTo4Q_5f_TuneCP5_13TeV-amcatnloFXFX-pythia8/MINIAODSIM/106X_mcRun2_asymptotic_v17-v2/2830000/966F404D-E243-214E-9DF8-8D87AEE27038.root
%MSG-w XrdAdaptorInternal:  file_open 04-Mar-2024 16:27:16 CET PostProcessEvent
Failed to open file at URL root://eoscms.cern.ch:1094//eos/cms/store/mc/RunIISummer20UL16MiniAODv2/ZZTo4Q_5f_TuneCP5_13TeV-amcatnloFXFX-pythia8/MINIAODSIM/106X_mcRun2_asymptotic_v17-v2/2830000/966F404D-E243-214E-9DF8-8D87AEE27038.root.
%MSG
%MSG-w XrdAdaptorInternal:  file_open 04-Mar-2024 16:27:16 CET PostProcessEvent
Failed to open file at URL root://eoscms.cern.ch:1094//eos/cms/store/mc/RunIISummer20UL16MiniAODv2/ZZTo4Q_5f_TuneCP5_13TeV-amcatnloFXFX-pythia8/MINIAODSIM/106X_mcRun2_asymptotic_v17-v2/2830000/966F404D-E243-214E-9DF8-8D87AEE27038.root?tried=.
%MSG
04-Mar-2024 16:27:16 CET  Fallback request to file root://xrootd-cms.infn.it//store/mc/RunIISummer20UL16MiniAODv2/ZZTo4Q_5f_TuneCP5_13TeV-amcatnloFXFX-pythia8/MINIAODSIM/106X_mcRun2_asymptotic_v17-v2/2830000/966F404D-E243-214E-9DF8-8D87AEE27038.root
%MSG-w XrdAdaptor:  file_open 04-Mar-2024 16:27:30 CET PostProcessEvent
Data is served from cms.rcac.purdue.edu instead of original site T2_IT_Pisa
%MSG
04-Mar-2024 16:27:31 CET  Successfully opened file root://xrootd-cms.infn.it//store/mc/RunIISummer20UL16MiniAODv2/ZZTo4Q_5f_TuneCP5_13TeV-amcatnloFXFX-pythia8/MINIAODSIM/106X_mcRun2_asymptotic_v17-v2/2830000/966F404D-E243-214E-9DF8-8D87AEE27038.root
      4.440560      0.011002     13.852079             1
 
04-Mar-2024 16:27:39 CET  Closed file root://xrootd-cms.infn.it//store/mc/RunIISummer20UL16MiniAODv2/ZZTo4Q_5f_TuneCP5_13TeV-amcatnloFXFX-pythia8/MINIAODSIM/106X_mcRun2_asymptotic_v17-v2/2830000/966F404D-E243-214E-9DF8-8D87AEE27038.root

------------------------------------
GenXsecAnalyzer:
------------------------------------
-------------------------------------------------------------------------------------------------------------------------------------------------------------------------- 
Overall cross-section summary 
--------------------------------------------------------------------------------------------------------------------------------------------------------------------------
Process		xsec_before [pb]		passed	nposw	nnegw	tried	nposw	nnegw 	xsec_match [pb]			accepted [%]	 event_eff [%]
0		4.441e+00 +/- 5.501e-03		1270030	897488	372542	2187766	1448435	739331	3.287e+00 +/- 6.298e-03		74.0 +/- 0.1	58.1 +/- 0.0
-------------------------------------------------------------------------------------------------------------------------------------------------------------------------- 
Total		4.441e+00 +/- 5.501e-03		1270030	897488	372542	2187766	1448435	739331	3.287e+00 +/- 6.298e-03		74.0 +/- 0.1	58.1 +/- 0.0
--------------------------------------------------------------------------------------------------------------------------------------------------------------------------
Before matching: total cross section = 4.441e+00 +- 5.501e-03 pb
After matching: total cross section = 3.287e+00 +- 6.298e-03 pb
Matching efficiency = 0.6 +/- 0.0   [TO BE USED IN MCM]
Filter efficiency (taking into account weights)= (7.27159e+06) / (7.27159e+06) = 1.000e+00 +- 0.000e+00
Filter efficiency (event-level)= (1.27003e+06) / (1.27003e+06) = 1.000e+00 +- 0.000e+00    [TO BE USED IN MCM]

After filter: final cross section = 3.287e+00 +- 6.298e-03 pb
After filter: final fraction of events with negative weights = 2.933e-01 +- 6.441e-05
After filter: final equivalent lumi for 1M events (1/fb) = 5.197e+01 +- 4.832e-02

=============================================

MessageLogger Summary

 type     category        sev    module        subroutine        count    total
 ---- -------------------- -- ---------------- ----------------  -----    -----
    1 GenXSecAnalyzer      -w GenXSecAnalyzer:                      15       15
    2 XrdAdaptor           -w file_open                             50       50
    3 XrdAdaptorInternal   -w file_open                            100      100
    4 fileAction           -s file_close                            50       50
    5 fileAction           -s file_open                            150      150

 type    category    Examples: run/evt        run/evt          run/evt
 ---- -------------------- ---------------- ---------------- ----------------
    1 GenXSecAnalyzer      PostGlobalEndRun PostGlobalEndRun PostGlobalEndRun
    2 XrdAdaptor           pre-events       PostProcessEvent PostProcessEvent
    3 XrdAdaptorInternal   pre-events       pre-events       PostProcessEvent
    4 fileAction           PostProcessEvent PostProcessEvent PostGlobalEndRun
    5 fileAction           pre-events       pre-events       PostProcessEvent

Severity    # Occurrences   Total Occurrences
--------    -------------   -----------------
Warning               165                 165
System                200                 200

dropped waiting message count 0
