05-Mar-2024 17:31:29 CET  Initiating request to open file root://eoscms.cern.ch//eos/cms/store/mc/RunIISummer20UL16MiniAODv2/DYJetsToLL_M-50_HT-2500toInf_TuneCP5_PSweights_13TeV-madgraphMLM-pythia8/MINIAODSIM/106X_mcRun2_asymptotic_v17-v2/2430000/2EDEDCDB-5918-904E-9BE9-177F21AC57AB.root
%MSG-w XrdAdaptorInternal:  file_open 05-Mar-2024 17:31:30 CET pre-events
Failed to open file at URL root://eoscms.cern.ch:1094//eos/cms/store/mc/RunIISummer20UL16MiniAODv2/DYJetsToLL_M-50_HT-2500toInf_TuneCP5_PSweights_13TeV-madgraphMLM-pythia8/MINIAODSIM/106X_mcRun2_asymptotic_v17-v2/2430000/2EDEDCDB-5918-904E-9BE9-177F21AC57AB.root.
%MSG
%MSG-w XrdAdaptorInternal:  file_open 05-Mar-2024 17:31:30 CET pre-events
Failed to open file at URL root://eoscms.cern.ch:1094//eos/cms/store/mc/RunIISummer20UL16MiniAODv2/DYJetsToLL_M-50_HT-2500toInf_TuneCP5_PSweights_13TeV-madgraphMLM-pythia8/MINIAODSIM/106X_mcRun2_asymptotic_v17-v2/2430000/2EDEDCDB-5918-904E-9BE9-177F21AC57AB.root?tried=.
%MSG
05-Mar-2024 17:31:30 CET  Fallback request to file root://xrootd-cms.infn.it//store/mc/RunIISummer20UL16MiniAODv2/DYJetsToLL_M-50_HT-2500toInf_TuneCP5_PSweights_13TeV-madgraphMLM-pythia8/MINIAODSIM/106X_mcRun2_asymptotic_v17-v2/2430000/2EDEDCDB-5918-904E-9BE9-177F21AC57AB.root
Unable to load sec.protocol plugin libXrdSecztn.so
%MSG-w XrdAdaptor:  file_open 05-Mar-2024 17:31:45 CET pre-events
Data is served from fnal.gov instead of original site T2_FR_GRIF_LLR
%MSG
05-Mar-2024 17:31:50 CET  Successfully opened file root://xrootd-cms.infn.it//store/mc/RunIISummer20UL16MiniAODv2/DYJetsToLL_M-50_HT-2500toInf_TuneCP5_PSweights_13TeV-madgraphMLM-pythia8/MINIAODSIM/106X_mcRun2_asymptotic_v17-v2/2430000/2EDEDCDB-5918-904E-9BE9-177F21AC57AB.root
Unable to load sec.protocol plugin libXrdSecztn.so
Begin processing the 1st record. Run 1, Event 177, LumiSection 1 on stream 0 at 05-Mar-2024 17:31:55.788 CET
05-Mar-2024 17:31:57 CET  Closed file root://xrootd-cms.infn.it//store/mc/RunIISummer20UL16MiniAODv2/DYJetsToLL_M-50_HT-2500toInf_TuneCP5_PSweights_13TeV-madgraphMLM-pythia8/MINIAODSIM/106X_mcRun2_asymptotic_v17-v2/2430000/2EDEDCDB-5918-904E-9BE9-177F21AC57AB.root
05-Mar-2024 17:31:57 CET  Initiating request to open file root://eoscms.cern.ch//eos/cms/store/mc/RunIISummer20UL16MiniAODv2/DYJetsToLL_M-50_HT-2500toInf_TuneCP5_PSweights_13TeV-madgraphMLM-pythia8/MINIAODSIM/106X_mcRun2_asymptotic_v17-v2/2430000/FC1484A1-64F4-4240-928C-136CDEA9128B.root
%MSG-w XrdAdaptorInternal:  file_open 05-Mar-2024 17:31:58 CET PostProcessEvent
Failed to open file at URL root://eoscms.cern.ch:1094//eos/cms/store/mc/RunIISummer20UL16MiniAODv2/DYJetsToLL_M-50_HT-2500toInf_TuneCP5_PSweights_13TeV-madgraphMLM-pythia8/MINIAODSIM/106X_mcRun2_asymptotic_v17-v2/2430000/FC1484A1-64F4-4240-928C-136CDEA9128B.root.
%MSG
%MSG-w XrdAdaptorInternal:  file_open 05-Mar-2024 17:31:58 CET PostProcessEvent
Failed to open file at URL root://eoscms.cern.ch:1094//eos/cms/store/mc/RunIISummer20UL16MiniAODv2/DYJetsToLL_M-50_HT-2500toInf_TuneCP5_PSweights_13TeV-madgraphMLM-pythia8/MINIAODSIM/106X_mcRun2_asymptotic_v17-v2/2430000/FC1484A1-64F4-4240-928C-136CDEA9128B.root?tried=.
%MSG
05-Mar-2024 17:31:58 CET  Fallback request to file root://xrootd-cms.infn.it//store/mc/RunIISummer20UL16MiniAODv2/DYJetsToLL_M-50_HT-2500toInf_TuneCP5_PSweights_13TeV-madgraphMLM-pythia8/MINIAODSIM/106X_mcRun2_asymptotic_v17-v2/2430000/FC1484A1-64F4-4240-928C-136CDEA9128B.root
%MSG-w XrdAdaptor:  file_open 05-Mar-2024 17:32:14 CET PostProcessEvent
Data is served from T2_BR_SPRACE instead of original site T2_FR_GRIF_LLR
%MSG
05-Mar-2024 17:32:15 CET  Successfully opened file root://xrootd-cms.infn.it//store/mc/RunIISummer20UL16MiniAODv2/DYJetsToLL_M-50_HT-2500toInf_TuneCP5_PSweights_13TeV-madgraphMLM-pythia8/MINIAODSIM/106X_mcRun2_asymptotic_v17-v2/2430000/FC1484A1-64F4-4240-928C-136CDEA9128B.root
05-Mar-2024 17:32:24 CET  Closed file root://xrootd-cms.infn.it//store/mc/RunIISummer20UL16MiniAODv2/DYJetsToLL_M-50_HT-2500toInf_TuneCP5_PSweights_13TeV-madgraphMLM-pythia8/MINIAODSIM/106X_mcRun2_asymptotic_v17-v2/2430000/FC1484A1-64F4-4240-928C-136CDEA9128B.root
05-Mar-2024 17:32:24 CET  Initiating request to open file root://eoscms.cern.ch//eos/cms/store/mc/RunIISummer20UL16MiniAODv2/DYJetsToLL_M-50_HT-2500toInf_TuneCP5_PSweights_13TeV-madgraphMLM-pythia8/MINIAODSIM/106X_mcRun2_asymptotic_v17-v2/2430000/0C40CF2E-E120-C443-908D-B63D200037A2.root
%MSG-w XrdAdaptorInternal:  file_open 05-Mar-2024 17:32:25 CET PostProcessEvent
Failed to open file at URL root://eoscms.cern.ch:1094//eos/cms/store/mc/RunIISummer20UL16MiniAODv2/DYJetsToLL_M-50_HT-2500toInf_TuneCP5_PSweights_13TeV-madgraphMLM-pythia8/MINIAODSIM/106X_mcRun2_asymptotic_v17-v2/2430000/0C40CF2E-E120-C443-908D-B63D200037A2.root.
%MSG
%MSG-w XrdAdaptorInternal:  file_open 05-Mar-2024 17:32:25 CET PostProcessEvent
Failed to open file at URL root://eoscms.cern.ch:1094//eos/cms/store/mc/RunIISummer20UL16MiniAODv2/DYJetsToLL_M-50_HT-2500toInf_TuneCP5_PSweights_13TeV-madgraphMLM-pythia8/MINIAODSIM/106X_mcRun2_asymptotic_v17-v2/2430000/0C40CF2E-E120-C443-908D-B63D200037A2.root?tried=.
%MSG
05-Mar-2024 17:32:25 CET  Fallback request to file root://xrootd-cms.infn.it//store/mc/RunIISummer20UL16MiniAODv2/DYJetsToLL_M-50_HT-2500toInf_TuneCP5_PSweights_13TeV-madgraphMLM-pythia8/MINIAODSIM/106X_mcRun2_asymptotic_v17-v2/2430000/0C40CF2E-E120-C443-908D-B63D200037A2.root
%MSG-w XrdAdaptor:  file_open 05-Mar-2024 17:32:40 CET PostProcessEvent
Data is served from T2_US_Caltech instead of original site T2_FR_GRIF_LLR
%MSG
05-Mar-2024 17:32:41 CET  Successfully opened file root://xrootd-cms.infn.it//store/mc/RunIISummer20UL16MiniAODv2/DYJetsToLL_M-50_HT-2500toInf_TuneCP5_PSweights_13TeV-madgraphMLM-pythia8/MINIAODSIM/106X_mcRun2_asymptotic_v17-v2/2430000/0C40CF2E-E120-C443-908D-B63D200037A2.root
05-Mar-2024 17:32:47 CET  Closed file root://xrootd-cms.infn.it//store/mc/RunIISummer20UL16MiniAODv2/DYJetsToLL_M-50_HT-2500toInf_TuneCP5_PSweights_13TeV-madgraphMLM-pythia8/MINIAODSIM/106X_mcRun2_asymptotic_v17-v2/2430000/0C40CF2E-E120-C443-908D-B63D200037A2.root
05-Mar-2024 17:32:47 CET  Initiating request to open file root://eoscms.cern.ch//eos/cms/store/mc/RunIISummer20UL16MiniAODv2/DYJetsToLL_M-50_HT-2500toInf_TuneCP5_PSweights_13TeV-madgraphMLM-pythia8/MINIAODSIM/106X_mcRun2_asymptotic_v17-v2/2430000/F8C3CB87-ED0C-1848-A57C-C98AC8563DCF.root
%MSG-w XrdAdaptorInternal:  file_open 05-Mar-2024 17:32:48 CET PostProcessEvent
Failed to open file at URL root://eoscms.cern.ch:1094//eos/cms/store/mc/RunIISummer20UL16MiniAODv2/DYJetsToLL_M-50_HT-2500toInf_TuneCP5_PSweights_13TeV-madgraphMLM-pythia8/MINIAODSIM/106X_mcRun2_asymptotic_v17-v2/2430000/F8C3CB87-ED0C-1848-A57C-C98AC8563DCF.root.
%MSG
%MSG-w XrdAdaptorInternal:  file_open 05-Mar-2024 17:32:48 CET PostProcessEvent
Failed to open file at URL root://eoscms.cern.ch:1094//eos/cms/store/mc/RunIISummer20UL16MiniAODv2/DYJetsToLL_M-50_HT-2500toInf_TuneCP5_PSweights_13TeV-madgraphMLM-pythia8/MINIAODSIM/106X_mcRun2_asymptotic_v17-v2/2430000/F8C3CB87-ED0C-1848-A57C-C98AC8563DCF.root?tried=.
%MSG
05-Mar-2024 17:32:48 CET  Fallback request to file root://xrootd-cms.infn.it//store/mc/RunIISummer20UL16MiniAODv2/DYJetsToLL_M-50_HT-2500toInf_TuneCP5_PSweights_13TeV-madgraphMLM-pythia8/MINIAODSIM/106X_mcRun2_asymptotic_v17-v2/2430000/F8C3CB87-ED0C-1848-A57C-C98AC8563DCF.root
[2024-03-05 17:33:00.811469 +0100][Error  ][AsyncSock         ] [xrd-ds07.sprace.org.br:1094 #0.0] Socket error encountered: [ERROR] Internal error
[2024-03-05 17:33:00.811629 +0100][Error  ][AsyncSock         ] [xrd-ds06.sprace.org.br:1094 #0.0] Socket error encountered: [ERROR] Internal error
%MSG-w XrdAdaptor:  file_open 05-Mar-2024 17:33:01 CET PostProcessEvent
Data is served from fnal.gov instead of original site T2_FR_GRIF_LLR
%MSG
05-Mar-2024 17:33:02 CET  Successfully opened file root://xrootd-cms.infn.it//store/mc/RunIISummer20UL16MiniAODv2/DYJetsToLL_M-50_HT-2500toInf_TuneCP5_PSweights_13TeV-madgraphMLM-pythia8/MINIAODSIM/106X_mcRun2_asymptotic_v17-v2/2430000/F8C3CB87-ED0C-1848-A57C-C98AC8563DCF.root
05-Mar-2024 17:33:07 CET  Closed file root://xrootd-cms.infn.it//store/mc/RunIISummer20UL16MiniAODv2/DYJetsToLL_M-50_HT-2500toInf_TuneCP5_PSweights_13TeV-madgraphMLM-pythia8/MINIAODSIM/106X_mcRun2_asymptotic_v17-v2/2430000/F8C3CB87-ED0C-1848-A57C-C98AC8563DCF.root
05-Mar-2024 17:33:07 CET  Initiating request to open file root://eoscms.cern.ch//eos/cms/store/mc/RunIISummer20UL16MiniAODv2/DYJetsToLL_M-50_HT-2500toInf_TuneCP5_PSweights_13TeV-madgraphMLM-pythia8/MINIAODSIM/106X_mcRun2_asymptotic_v17-v2/2430000/85401195-6716-1640-A022-C834B8C305B4.root
%MSG-w XrdAdaptorInternal:  file_open 05-Mar-2024 17:33:08 CET PostProcessEvent
Failed to open file at URL root://eoscms.cern.ch:1094//eos/cms/store/mc/RunIISummer20UL16MiniAODv2/DYJetsToLL_M-50_HT-2500toInf_TuneCP5_PSweights_13TeV-madgraphMLM-pythia8/MINIAODSIM/106X_mcRun2_asymptotic_v17-v2/2430000/85401195-6716-1640-A022-C834B8C305B4.root.
%MSG
%MSG-w XrdAdaptorInternal:  file_open 05-Mar-2024 17:33:08 CET PostProcessEvent
Failed to open file at URL root://eoscms.cern.ch:1094//eos/cms/store/mc/RunIISummer20UL16MiniAODv2/DYJetsToLL_M-50_HT-2500toInf_TuneCP5_PSweights_13TeV-madgraphMLM-pythia8/MINIAODSIM/106X_mcRun2_asymptotic_v17-v2/2430000/85401195-6716-1640-A022-C834B8C305B4.root?tried=.
%MSG
05-Mar-2024 17:33:08 CET  Fallback request to file root://xrootd-cms.infn.it//store/mc/RunIISummer20UL16MiniAODv2/DYJetsToLL_M-50_HT-2500toInf_TuneCP5_PSweights_13TeV-madgraphMLM-pythia8/MINIAODSIM/106X_mcRun2_asymptotic_v17-v2/2430000/85401195-6716-1640-A022-C834B8C305B4.root
%MSG-w XrdAdaptor:  file_open 05-Mar-2024 17:33:26 CET PostProcessEvent
Data is served from fnal.gov instead of original site T2_FR_GRIF_LLR
%MSG
05-Mar-2024 17:33:27 CET  Successfully opened file root://xrootd-cms.infn.it//store/mc/RunIISummer20UL16MiniAODv2/DYJetsToLL_M-50_HT-2500toInf_TuneCP5_PSweights_13TeV-madgraphMLM-pythia8/MINIAODSIM/106X_mcRun2_asymptotic_v17-v2/2430000/85401195-6716-1640-A022-C834B8C305B4.root
Unable to load sec.protocol plugin libXrdSecztn.so
05-Mar-2024 17:33:34 CET  Closed file root://xrootd-cms.infn.it//store/mc/RunIISummer20UL16MiniAODv2/DYJetsToLL_M-50_HT-2500toInf_TuneCP5_PSweights_13TeV-madgraphMLM-pythia8/MINIAODSIM/106X_mcRun2_asymptotic_v17-v2/2430000/85401195-6716-1640-A022-C834B8C305B4.root
05-Mar-2024 17:33:34 CET  Initiating request to open file root://eoscms.cern.ch//eos/cms/store/mc/RunIISummer20UL16MiniAODv2/DYJetsToLL_M-50_HT-2500toInf_TuneCP5_PSweights_13TeV-madgraphMLM-pythia8/MINIAODSIM/106X_mcRun2_asymptotic_v17-v2/2430000/C7D2B054-E39C-7745-ABAF-E604F145FF7C.root
%MSG-w XrdAdaptorInternal:  file_open 05-Mar-2024 17:33:35 CET PostProcessEvent
Failed to open file at URL root://eoscms.cern.ch:1094//eos/cms/store/mc/RunIISummer20UL16MiniAODv2/DYJetsToLL_M-50_HT-2500toInf_TuneCP5_PSweights_13TeV-madgraphMLM-pythia8/MINIAODSIM/106X_mcRun2_asymptotic_v17-v2/2430000/C7D2B054-E39C-7745-ABAF-E604F145FF7C.root.
%MSG
%MSG-w XrdAdaptorInternal:  file_open 05-Mar-2024 17:33:35 CET PostProcessEvent
Failed to open file at URL root://eoscms.cern.ch:1094//eos/cms/store/mc/RunIISummer20UL16MiniAODv2/DYJetsToLL_M-50_HT-2500toInf_TuneCP5_PSweights_13TeV-madgraphMLM-pythia8/MINIAODSIM/106X_mcRun2_asymptotic_v17-v2/2430000/C7D2B054-E39C-7745-ABAF-E604F145FF7C.root?tried=.
%MSG
05-Mar-2024 17:33:35 CET  Fallback request to file root://xrootd-cms.infn.it//store/mc/RunIISummer20UL16MiniAODv2/DYJetsToLL_M-50_HT-2500toInf_TuneCP5_PSweights_13TeV-madgraphMLM-pythia8/MINIAODSIM/106X_mcRun2_asymptotic_v17-v2/2430000/C7D2B054-E39C-7745-ABAF-E604F145FF7C.root
%MSG-w XrdAdaptor:  file_open 05-Mar-2024 17:33:48 CET PostProcessEvent
Data is served from fnal.gov instead of original site T2_FR_GRIF_LLR
%MSG
05-Mar-2024 17:33:49 CET  Successfully opened file root://xrootd-cms.infn.it//store/mc/RunIISummer20UL16MiniAODv2/DYJetsToLL_M-50_HT-2500toInf_TuneCP5_PSweights_13TeV-madgraphMLM-pythia8/MINIAODSIM/106X_mcRun2_asymptotic_v17-v2/2430000/C7D2B054-E39C-7745-ABAF-E604F145FF7C.root
Begin processing the 100001st record. Run 1, Event 2685800, LumiSection 555 on stream 0 at 05-Mar-2024 17:33:55.360 CET
05-Mar-2024 17:33:56 CET  Closed file root://xrootd-cms.infn.it//store/mc/RunIISummer20UL16MiniAODv2/DYJetsToLL_M-50_HT-2500toInf_TuneCP5_PSweights_13TeV-madgraphMLM-pythia8/MINIAODSIM/106X_mcRun2_asymptotic_v17-v2/2430000/C7D2B054-E39C-7745-ABAF-E604F145FF7C.root
05-Mar-2024 17:33:56 CET  Initiating request to open file root://eoscms.cern.ch//eos/cms/store/mc/RunIISummer20UL16MiniAODv2/DYJetsToLL_M-50_HT-2500toInf_TuneCP5_PSweights_13TeV-madgraphMLM-pythia8/MINIAODSIM/106X_mcRun2_asymptotic_v17-v2/2430000/BFA6C3D3-0BCA-4546-B5FB-F3592222AA7C.root
%MSG-w XrdAdaptorInternal:  file_open 05-Mar-2024 17:33:57 CET PostProcessEvent
Failed to open file at URL root://eoscms.cern.ch:1094//eos/cms/store/mc/RunIISummer20UL16MiniAODv2/DYJetsToLL_M-50_HT-2500toInf_TuneCP5_PSweights_13TeV-madgraphMLM-pythia8/MINIAODSIM/106X_mcRun2_asymptotic_v17-v2/2430000/BFA6C3D3-0BCA-4546-B5FB-F3592222AA7C.root.
%MSG
%MSG-w XrdAdaptorInternal:  file_open 05-Mar-2024 17:33:57 CET PostProcessEvent
Failed to open file at URL root://eoscms.cern.ch:1094//eos/cms/store/mc/RunIISummer20UL16MiniAODv2/DYJetsToLL_M-50_HT-2500toInf_TuneCP5_PSweights_13TeV-madgraphMLM-pythia8/MINIAODSIM/106X_mcRun2_asymptotic_v17-v2/2430000/BFA6C3D3-0BCA-4546-B5FB-F3592222AA7C.root?tried=.
%MSG
05-Mar-2024 17:33:57 CET  Fallback request to file root://xrootd-cms.infn.it//store/mc/RunIISummer20UL16MiniAODv2/DYJetsToLL_M-50_HT-2500toInf_TuneCP5_PSweights_13TeV-madgraphMLM-pythia8/MINIAODSIM/106X_mcRun2_asymptotic_v17-v2/2430000/BFA6C3D3-0BCA-4546-B5FB-F3592222AA7C.root
%MSG-w XrdAdaptor:  file_open 05-Mar-2024 17:34:09 CET PostProcessEvent
Data is served from fnal.gov instead of original site T2_FR_GRIF_LLR
%MSG
05-Mar-2024 17:34:10 CET  Successfully opened file root://xrootd-cms.infn.it//store/mc/RunIISummer20UL16MiniAODv2/DYJetsToLL_M-50_HT-2500toInf_TuneCP5_PSweights_13TeV-madgraphMLM-pythia8/MINIAODSIM/106X_mcRun2_asymptotic_v17-v2/2430000/BFA6C3D3-0BCA-4546-B5FB-F3592222AA7C.root
05-Mar-2024 17:34:16 CET  Closed file root://xrootd-cms.infn.it//store/mc/RunIISummer20UL16MiniAODv2/DYJetsToLL_M-50_HT-2500toInf_TuneCP5_PSweights_13TeV-madgraphMLM-pythia8/MINIAODSIM/106X_mcRun2_asymptotic_v17-v2/2430000/BFA6C3D3-0BCA-4546-B5FB-F3592222AA7C.root
05-Mar-2024 17:34:16 CET  Initiating request to open file root://eoscms.cern.ch//eos/cms/store/mc/RunIISummer20UL16MiniAODv2/DYJetsToLL_M-50_HT-2500toInf_TuneCP5_PSweights_13TeV-madgraphMLM-pythia8/MINIAODSIM/106X_mcRun2_asymptotic_v17-v2/2430000/C048140C-313D-984F-A39D-A5FB77568916.root
%MSG-w XrdAdaptorInternal:  file_open 05-Mar-2024 17:34:17 CET PostProcessEvent
Failed to open file at URL root://eoscms.cern.ch:1094//eos/cms/store/mc/RunIISummer20UL16MiniAODv2/DYJetsToLL_M-50_HT-2500toInf_TuneCP5_PSweights_13TeV-madgraphMLM-pythia8/MINIAODSIM/106X_mcRun2_asymptotic_v17-v2/2430000/C048140C-313D-984F-A39D-A5FB77568916.root.
%MSG
%MSG-w XrdAdaptorInternal:  file_open 05-Mar-2024 17:34:17 CET PostProcessEvent
Failed to open file at URL root://eoscms.cern.ch:1094//eos/cms/store/mc/RunIISummer20UL16MiniAODv2/DYJetsToLL_M-50_HT-2500toInf_TuneCP5_PSweights_13TeV-madgraphMLM-pythia8/MINIAODSIM/106X_mcRun2_asymptotic_v17-v2/2430000/C048140C-313D-984F-A39D-A5FB77568916.root?tried=.
%MSG
05-Mar-2024 17:34:17 CET  Fallback request to file root://xrootd-cms.infn.it//store/mc/RunIISummer20UL16MiniAODv2/DYJetsToLL_M-50_HT-2500toInf_TuneCP5_PSweights_13TeV-madgraphMLM-pythia8/MINIAODSIM/106X_mcRun2_asymptotic_v17-v2/2430000/C048140C-313D-984F-A39D-A5FB77568916.root
[2024-03-05 17:36:18.497487 +0100][Error  ][AsyncSock         ] [osg-se.sprace.org.br:1094 #0.0] Socket error encountered: [ERROR] Internal error
%MSG-w XrdAdaptor:  file_open 05-Mar-2024 17:36:18 CET PostProcessEvent
Data is served from fnal.gov instead of original site T2_FR_GRIF_LLR
%MSG
05-Mar-2024 17:36:19 CET  Successfully opened file root://xrootd-cms.infn.it//store/mc/RunIISummer20UL16MiniAODv2/DYJetsToLL_M-50_HT-2500toInf_TuneCP5_PSweights_13TeV-madgraphMLM-pythia8/MINIAODSIM/106X_mcRun2_asymptotic_v17-v2/2430000/C048140C-313D-984F-A39D-A5FB77568916.root
05-Mar-2024 17:36:25 CET  Closed file root://xrootd-cms.infn.it//store/mc/RunIISummer20UL16MiniAODv2/DYJetsToLL_M-50_HT-2500toInf_TuneCP5_PSweights_13TeV-madgraphMLM-pythia8/MINIAODSIM/106X_mcRun2_asymptotic_v17-v2/2430000/C048140C-313D-984F-A39D-A5FB77568916.root
05-Mar-2024 17:36:25 CET  Initiating request to open file root://eoscms.cern.ch//eos/cms/store/mc/RunIISummer20UL16MiniAODv2/DYJetsToLL_M-50_HT-2500toInf_TuneCP5_PSweights_13TeV-madgraphMLM-pythia8/MINIAODSIM/106X_mcRun2_asymptotic_v17-v2/2430000/115D9DE4-C7FB-3245-A57A-6089D6504108.root
%MSG-w XrdAdaptorInternal:  file_open 05-Mar-2024 17:36:26 CET PostProcessEvent
Failed to open file at URL root://eoscms.cern.ch:1094//eos/cms/store/mc/RunIISummer20UL16MiniAODv2/DYJetsToLL_M-50_HT-2500toInf_TuneCP5_PSweights_13TeV-madgraphMLM-pythia8/MINIAODSIM/106X_mcRun2_asymptotic_v17-v2/2430000/115D9DE4-C7FB-3245-A57A-6089D6504108.root.
%MSG
%MSG-w XrdAdaptorInternal:  file_open 05-Mar-2024 17:36:26 CET PostProcessEvent
Failed to open file at URL root://eoscms.cern.ch:1094//eos/cms/store/mc/RunIISummer20UL16MiniAODv2/DYJetsToLL_M-50_HT-2500toInf_TuneCP5_PSweights_13TeV-madgraphMLM-pythia8/MINIAODSIM/106X_mcRun2_asymptotic_v17-v2/2430000/115D9DE4-C7FB-3245-A57A-6089D6504108.root?tried=.
%MSG
05-Mar-2024 17:36:26 CET  Fallback request to file root://xrootd-cms.infn.it//store/mc/RunIISummer20UL16MiniAODv2/DYJetsToLL_M-50_HT-2500toInf_TuneCP5_PSweights_13TeV-madgraphMLM-pythia8/MINIAODSIM/106X_mcRun2_asymptotic_v17-v2/2430000/115D9DE4-C7FB-3245-A57A-6089D6504108.root
%MSG-w XrdAdaptor:  file_open 05-Mar-2024 17:36:39 CET PostProcessEvent
Data is served from fnal.gov instead of original site T2_FR_GRIF_LLR
%MSG
05-Mar-2024 17:36:40 CET  Successfully opened file root://xrootd-cms.infn.it//store/mc/RunIISummer20UL16MiniAODv2/DYJetsToLL_M-50_HT-2500toInf_TuneCP5_PSweights_13TeV-madgraphMLM-pythia8/MINIAODSIM/106X_mcRun2_asymptotic_v17-v2/2430000/115D9DE4-C7FB-3245-A57A-6089D6504108.root
Begin processing the 200001st record. Run 1, Event 2559173, LumiSection 529 on stream 0 at 05-Mar-2024 17:36:46.608 CET
05-Mar-2024 17:36:46 CET  Closed file root://xrootd-cms.infn.it//store/mc/RunIISummer20UL16MiniAODv2/DYJetsToLL_M-50_HT-2500toInf_TuneCP5_PSweights_13TeV-madgraphMLM-pythia8/MINIAODSIM/106X_mcRun2_asymptotic_v17-v2/2430000/115D9DE4-C7FB-3245-A57A-6089D6504108.root
05-Mar-2024 17:36:46 CET  Initiating request to open file root://eoscms.cern.ch//eos/cms/store/mc/RunIISummer20UL16MiniAODv2/DYJetsToLL_M-50_HT-2500toInf_TuneCP5_PSweights_13TeV-madgraphMLM-pythia8/MINIAODSIM/106X_mcRun2_asymptotic_v17-v2/2430000/ED52A3CA-1241-F940-AA1E-50EDB94BB2BF.root
%MSG-w XrdAdaptorInternal:  file_open 05-Mar-2024 17:36:47 CET PostProcessEvent
Failed to open file at URL root://eoscms.cern.ch:1094//eos/cms/store/mc/RunIISummer20UL16MiniAODv2/DYJetsToLL_M-50_HT-2500toInf_TuneCP5_PSweights_13TeV-madgraphMLM-pythia8/MINIAODSIM/106X_mcRun2_asymptotic_v17-v2/2430000/ED52A3CA-1241-F940-AA1E-50EDB94BB2BF.root.
%MSG
%MSG-w XrdAdaptorInternal:  file_open 05-Mar-2024 17:36:47 CET PostProcessEvent
Failed to open file at URL root://eoscms.cern.ch:1094//eos/cms/store/mc/RunIISummer20UL16MiniAODv2/DYJetsToLL_M-50_HT-2500toInf_TuneCP5_PSweights_13TeV-madgraphMLM-pythia8/MINIAODSIM/106X_mcRun2_asymptotic_v17-v2/2430000/ED52A3CA-1241-F940-AA1E-50EDB94BB2BF.root?tried=.
%MSG
05-Mar-2024 17:36:47 CET  Fallback request to file root://xrootd-cms.infn.it//store/mc/RunIISummer20UL16MiniAODv2/DYJetsToLL_M-50_HT-2500toInf_TuneCP5_PSweights_13TeV-madgraphMLM-pythia8/MINIAODSIM/106X_mcRun2_asymptotic_v17-v2/2430000/ED52A3CA-1241-F940-AA1E-50EDB94BB2BF.root
%MSG-w XrdAdaptor:  file_open 05-Mar-2024 17:37:00 CET PostProcessEvent
Data is served from fnal.gov instead of original site T2_FR_GRIF_LLR
%MSG
05-Mar-2024 17:37:01 CET  Successfully opened file root://xrootd-cms.infn.it//store/mc/RunIISummer20UL16MiniAODv2/DYJetsToLL_M-50_HT-2500toInf_TuneCP5_PSweights_13TeV-madgraphMLM-pythia8/MINIAODSIM/106X_mcRun2_asymptotic_v17-v2/2430000/ED52A3CA-1241-F940-AA1E-50EDB94BB2BF.root
Unable to load sec.protocol plugin libXrdSecztn.so
05-Mar-2024 17:37:10 CET  Closed file root://xrootd-cms.infn.it//store/mc/RunIISummer20UL16MiniAODv2/DYJetsToLL_M-50_HT-2500toInf_TuneCP5_PSweights_13TeV-madgraphMLM-pythia8/MINIAODSIM/106X_mcRun2_asymptotic_v17-v2/2430000/ED52A3CA-1241-F940-AA1E-50EDB94BB2BF.root
05-Mar-2024 17:37:10 CET  Initiating request to open file root://eoscms.cern.ch//eos/cms/store/mc/RunIISummer20UL16MiniAODv2/DYJetsToLL_M-50_HT-2500toInf_TuneCP5_PSweights_13TeV-madgraphMLM-pythia8/MINIAODSIM/106X_mcRun2_asymptotic_v17-v2/2430000/9733156B-2C75-5747-94AC-80B644AD87DB.root
%MSG-w XrdAdaptorInternal:  file_open 05-Mar-2024 17:37:11 CET PostProcessEvent
Failed to open file at URL root://eoscms.cern.ch:1094//eos/cms/store/mc/RunIISummer20UL16MiniAODv2/DYJetsToLL_M-50_HT-2500toInf_TuneCP5_PSweights_13TeV-madgraphMLM-pythia8/MINIAODSIM/106X_mcRun2_asymptotic_v17-v2/2430000/9733156B-2C75-5747-94AC-80B644AD87DB.root.
%MSG
%MSG-w XrdAdaptorInternal:  file_open 05-Mar-2024 17:37:11 CET PostProcessEvent
Failed to open file at URL root://eoscms.cern.ch:1094//eos/cms/store/mc/RunIISummer20UL16MiniAODv2/DYJetsToLL_M-50_HT-2500toInf_TuneCP5_PSweights_13TeV-madgraphMLM-pythia8/MINIAODSIM/106X_mcRun2_asymptotic_v17-v2/2430000/9733156B-2C75-5747-94AC-80B644AD87DB.root?tried=.
%MSG
05-Mar-2024 17:37:11 CET  Fallback request to file root://xrootd-cms.infn.it//store/mc/RunIISummer20UL16MiniAODv2/DYJetsToLL_M-50_HT-2500toInf_TuneCP5_PSweights_13TeV-madgraphMLM-pythia8/MINIAODSIM/106X_mcRun2_asymptotic_v17-v2/2430000/9733156B-2C75-5747-94AC-80B644AD87DB.root
%MSG-w XrdAdaptor:  file_open 05-Mar-2024 17:37:24 CET PostProcessEvent
Data is served from fnal.gov instead of original site T2_FR_GRIF_LLR
%MSG
05-Mar-2024 17:37:25 CET  Successfully opened file root://xrootd-cms.infn.it//store/mc/RunIISummer20UL16MiniAODv2/DYJetsToLL_M-50_HT-2500toInf_TuneCP5_PSweights_13TeV-madgraphMLM-pythia8/MINIAODSIM/106X_mcRun2_asymptotic_v17-v2/2430000/9733156B-2C75-5747-94AC-80B644AD87DB.root
05-Mar-2024 17:37:32 CET  Closed file root://xrootd-cms.infn.it//store/mc/RunIISummer20UL16MiniAODv2/DYJetsToLL_M-50_HT-2500toInf_TuneCP5_PSweights_13TeV-madgraphMLM-pythia8/MINIAODSIM/106X_mcRun2_asymptotic_v17-v2/2430000/9733156B-2C75-5747-94AC-80B644AD87DB.root
05-Mar-2024 17:37:32 CET  Initiating request to open file root://eoscms.cern.ch//eos/cms/store/mc/RunIISummer20UL16MiniAODv2/DYJetsToLL_M-50_HT-2500toInf_TuneCP5_PSweights_13TeV-madgraphMLM-pythia8/MINIAODSIM/106X_mcRun2_asymptotic_v17-v2/2430000/13CD0211-D155-594A-90CB-3D9D15F3A426.root
%MSG-w XrdAdaptorInternal:  file_open 05-Mar-2024 17:37:33 CET PostProcessEvent
Failed to open file at URL root://eoscms.cern.ch:1094//eos/cms/store/mc/RunIISummer20UL16MiniAODv2/DYJetsToLL_M-50_HT-2500toInf_TuneCP5_PSweights_13TeV-madgraphMLM-pythia8/MINIAODSIM/106X_mcRun2_asymptotic_v17-v2/2430000/13CD0211-D155-594A-90CB-3D9D15F3A426.root.
%MSG
%MSG-w XrdAdaptorInternal:  file_open 05-Mar-2024 17:37:33 CET PostProcessEvent
Failed to open file at URL root://eoscms.cern.ch:1094//eos/cms/store/mc/RunIISummer20UL16MiniAODv2/DYJetsToLL_M-50_HT-2500toInf_TuneCP5_PSweights_13TeV-madgraphMLM-pythia8/MINIAODSIM/106X_mcRun2_asymptotic_v17-v2/2430000/13CD0211-D155-594A-90CB-3D9D15F3A426.root?tried=.
%MSG
05-Mar-2024 17:37:33 CET  Fallback request to file root://xrootd-cms.infn.it//store/mc/RunIISummer20UL16MiniAODv2/DYJetsToLL_M-50_HT-2500toInf_TuneCP5_PSweights_13TeV-madgraphMLM-pythia8/MINIAODSIM/106X_mcRun2_asymptotic_v17-v2/2430000/13CD0211-D155-594A-90CB-3D9D15F3A426.root
%MSG-w XrdAdaptor:  file_open 05-Mar-2024 17:37:46 CET PostProcessEvent
Data is served from fnal.gov instead of original site T2_FR_GRIF_LLR
%MSG
05-Mar-2024 17:37:47 CET  Successfully opened file root://xrootd-cms.infn.it//store/mc/RunIISummer20UL16MiniAODv2/DYJetsToLL_M-50_HT-2500toInf_TuneCP5_PSweights_13TeV-madgraphMLM-pythia8/MINIAODSIM/106X_mcRun2_asymptotic_v17-v2/2430000/13CD0211-D155-594A-90CB-3D9D15F3A426.root
05-Mar-2024 17:37:53 CET  Closed file root://xrootd-cms.infn.it//store/mc/RunIISummer20UL16MiniAODv2/DYJetsToLL_M-50_HT-2500toInf_TuneCP5_PSweights_13TeV-madgraphMLM-pythia8/MINIAODSIM/106X_mcRun2_asymptotic_v17-v2/2430000/13CD0211-D155-594A-90CB-3D9D15F3A426.root
05-Mar-2024 17:37:53 CET  Initiating request to open file root://eoscms.cern.ch//eos/cms/store/mc/RunIISummer20UL16MiniAODv2/DYJetsToLL_M-50_HT-2500toInf_TuneCP5_PSweights_13TeV-madgraphMLM-pythia8/MINIAODSIM/106X_mcRun2_asymptotic_v17-v2/2430000/59F56337-8958-EF49-8CFA-4354E18D54A1.root
%MSG-w XrdAdaptorInternal:  file_open 05-Mar-2024 17:37:54 CET PostProcessEvent
Failed to open file at URL root://eoscms.cern.ch:1094//eos/cms/store/mc/RunIISummer20UL16MiniAODv2/DYJetsToLL_M-50_HT-2500toInf_TuneCP5_PSweights_13TeV-madgraphMLM-pythia8/MINIAODSIM/106X_mcRun2_asymptotic_v17-v2/2430000/59F56337-8958-EF49-8CFA-4354E18D54A1.root.
%MSG
%MSG-w XrdAdaptorInternal:  file_open 05-Mar-2024 17:37:54 CET PostProcessEvent
Failed to open file at URL root://eoscms.cern.ch:1094//eos/cms/store/mc/RunIISummer20UL16MiniAODv2/DYJetsToLL_M-50_HT-2500toInf_TuneCP5_PSweights_13TeV-madgraphMLM-pythia8/MINIAODSIM/106X_mcRun2_asymptotic_v17-v2/2430000/59F56337-8958-EF49-8CFA-4354E18D54A1.root?tried=.
%MSG
05-Mar-2024 17:37:54 CET  Fallback request to file root://xrootd-cms.infn.it//store/mc/RunIISummer20UL16MiniAODv2/DYJetsToLL_M-50_HT-2500toInf_TuneCP5_PSweights_13TeV-madgraphMLM-pythia8/MINIAODSIM/106X_mcRun2_asymptotic_v17-v2/2430000/59F56337-8958-EF49-8CFA-4354E18D54A1.root
%MSG-w XrdAdaptor:  file_open 05-Mar-2024 17:38:06 CET PostProcessEvent
Data is served from fnal.gov instead of original site T2_FR_GRIF_LLR
%MSG
05-Mar-2024 17:38:07 CET  Successfully opened file root://xrootd-cms.infn.it//store/mc/RunIISummer20UL16MiniAODv2/DYJetsToLL_M-50_HT-2500toInf_TuneCP5_PSweights_13TeV-madgraphMLM-pythia8/MINIAODSIM/106X_mcRun2_asymptotic_v17-v2/2430000/59F56337-8958-EF49-8CFA-4354E18D54A1.root
Begin processing the 300001st record. Run 1, Event 4360451, LumiSection 901 on stream 0 at 05-Mar-2024 17:38:13.064 CET
05-Mar-2024 17:38:13 CET  Closed file root://xrootd-cms.infn.it//store/mc/RunIISummer20UL16MiniAODv2/DYJetsToLL_M-50_HT-2500toInf_TuneCP5_PSweights_13TeV-madgraphMLM-pythia8/MINIAODSIM/106X_mcRun2_asymptotic_v17-v2/2430000/59F56337-8958-EF49-8CFA-4354E18D54A1.root
05-Mar-2024 17:38:13 CET  Initiating request to open file root://eoscms.cern.ch//eos/cms/store/mc/RunIISummer20UL16MiniAODv2/DYJetsToLL_M-50_HT-2500toInf_TuneCP5_PSweights_13TeV-madgraphMLM-pythia8/MINIAODSIM/106X_mcRun2_asymptotic_v17-v2/2430000/382A8EAC-574A-1547-B154-D5FD37819B50.root
%MSG-w XrdAdaptorInternal:  file_open 05-Mar-2024 17:38:14 CET PostProcessEvent
Failed to open file at URL root://eoscms.cern.ch:1094//eos/cms/store/mc/RunIISummer20UL16MiniAODv2/DYJetsToLL_M-50_HT-2500toInf_TuneCP5_PSweights_13TeV-madgraphMLM-pythia8/MINIAODSIM/106X_mcRun2_asymptotic_v17-v2/2430000/382A8EAC-574A-1547-B154-D5FD37819B50.root.
%MSG
%MSG-w XrdAdaptorInternal:  file_open 05-Mar-2024 17:38:14 CET PostProcessEvent
Failed to open file at URL root://eoscms.cern.ch:1094//eos/cms/store/mc/RunIISummer20UL16MiniAODv2/DYJetsToLL_M-50_HT-2500toInf_TuneCP5_PSweights_13TeV-madgraphMLM-pythia8/MINIAODSIM/106X_mcRun2_asymptotic_v17-v2/2430000/382A8EAC-574A-1547-B154-D5FD37819B50.root?tried=.
%MSG
05-Mar-2024 17:38:14 CET  Fallback request to file root://xrootd-cms.infn.it//store/mc/RunIISummer20UL16MiniAODv2/DYJetsToLL_M-50_HT-2500toInf_TuneCP5_PSweights_13TeV-madgraphMLM-pythia8/MINIAODSIM/106X_mcRun2_asymptotic_v17-v2/2430000/382A8EAC-574A-1547-B154-D5FD37819B50.root
%MSG-w XrdAdaptor:  file_open 05-Mar-2024 17:38:27 CET PostProcessEvent
Data is served from fnal.gov instead of original site T2_FR_GRIF_LLR
%MSG
05-Mar-2024 17:38:28 CET  Successfully opened file root://xrootd-cms.infn.it//store/mc/RunIISummer20UL16MiniAODv2/DYJetsToLL_M-50_HT-2500toInf_TuneCP5_PSweights_13TeV-madgraphMLM-pythia8/MINIAODSIM/106X_mcRun2_asymptotic_v17-v2/2430000/382A8EAC-574A-1547-B154-D5FD37819B50.root
05-Mar-2024 17:38:33 CET  Closed file root://xrootd-cms.infn.it//store/mc/RunIISummer20UL16MiniAODv2/DYJetsToLL_M-50_HT-2500toInf_TuneCP5_PSweights_13TeV-madgraphMLM-pythia8/MINIAODSIM/106X_mcRun2_asymptotic_v17-v2/2430000/382A8EAC-574A-1547-B154-D5FD37819B50.root
05-Mar-2024 17:38:33 CET  Initiating request to open file root://eoscms.cern.ch//eos/cms/store/mc/RunIISummer20UL16MiniAODv2/DYJetsToLL_M-50_HT-2500toInf_TuneCP5_PSweights_13TeV-madgraphMLM-pythia8/MINIAODSIM/106X_mcRun2_asymptotic_v17-v2/2430000/860C7702-C1B8-9547-8876-DBF4A638BD11.root
%MSG-w XrdAdaptorInternal:  file_open 05-Mar-2024 17:38:34 CET PostProcessEvent
Failed to open file at URL root://eoscms.cern.ch:1094//eos/cms/store/mc/RunIISummer20UL16MiniAODv2/DYJetsToLL_M-50_HT-2500toInf_TuneCP5_PSweights_13TeV-madgraphMLM-pythia8/MINIAODSIM/106X_mcRun2_asymptotic_v17-v2/2430000/860C7702-C1B8-9547-8876-DBF4A638BD11.root.
%MSG
%MSG-w XrdAdaptorInternal:  file_open 05-Mar-2024 17:38:34 CET PostProcessEvent
Failed to open file at URL root://eoscms.cern.ch:1094//eos/cms/store/mc/RunIISummer20UL16MiniAODv2/DYJetsToLL_M-50_HT-2500toInf_TuneCP5_PSweights_13TeV-madgraphMLM-pythia8/MINIAODSIM/106X_mcRun2_asymptotic_v17-v2/2430000/860C7702-C1B8-9547-8876-DBF4A638BD11.root?tried=.
%MSG
05-Mar-2024 17:38:34 CET  Fallback request to file root://xrootd-cms.infn.it//store/mc/RunIISummer20UL16MiniAODv2/DYJetsToLL_M-50_HT-2500toInf_TuneCP5_PSweights_13TeV-madgraphMLM-pythia8/MINIAODSIM/106X_mcRun2_asymptotic_v17-v2/2430000/860C7702-C1B8-9547-8876-DBF4A638BD11.root
%MSG-w XrdAdaptor:  file_open 05-Mar-2024 17:38:49 CET PostProcessEvent
Data is served from T2_US_Florida instead of original site T2_FR_GRIF_LLR
%MSG
05-Mar-2024 17:38:50 CET  Successfully opened file root://xrootd-cms.infn.it//store/mc/RunIISummer20UL16MiniAODv2/DYJetsToLL_M-50_HT-2500toInf_TuneCP5_PSweights_13TeV-madgraphMLM-pythia8/MINIAODSIM/106X_mcRun2_asymptotic_v17-v2/2430000/860C7702-C1B8-9547-8876-DBF4A638BD11.root
05-Mar-2024 17:38:57 CET  Closed file root://xrootd-cms.infn.it//store/mc/RunIISummer20UL16MiniAODv2/DYJetsToLL_M-50_HT-2500toInf_TuneCP5_PSweights_13TeV-madgraphMLM-pythia8/MINIAODSIM/106X_mcRun2_asymptotic_v17-v2/2430000/860C7702-C1B8-9547-8876-DBF4A638BD11.root
05-Mar-2024 17:38:57 CET  Initiating request to open file root://eoscms.cern.ch//eos/cms/store/mc/RunIISummer20UL16MiniAODv2/DYJetsToLL_M-50_HT-2500toInf_TuneCP5_PSweights_13TeV-madgraphMLM-pythia8/MINIAODSIM/106X_mcRun2_asymptotic_v17-v2/2430000/7A77DE22-FE7A-2B45-8CBC-2DC0DDBCB75A.root
%MSG-w XrdAdaptorInternal:  file_open 05-Mar-2024 17:38:58 CET PostProcessEvent
Failed to open file at URL root://eoscms.cern.ch:1094//eos/cms/store/mc/RunIISummer20UL16MiniAODv2/DYJetsToLL_M-50_HT-2500toInf_TuneCP5_PSweights_13TeV-madgraphMLM-pythia8/MINIAODSIM/106X_mcRun2_asymptotic_v17-v2/2430000/7A77DE22-FE7A-2B45-8CBC-2DC0DDBCB75A.root.
%MSG
%MSG-w XrdAdaptorInternal:  file_open 05-Mar-2024 17:38:58 CET PostProcessEvent
Failed to open file at URL root://eoscms.cern.ch:1094//eos/cms/store/mc/RunIISummer20UL16MiniAODv2/DYJetsToLL_M-50_HT-2500toInf_TuneCP5_PSweights_13TeV-madgraphMLM-pythia8/MINIAODSIM/106X_mcRun2_asymptotic_v17-v2/2430000/7A77DE22-FE7A-2B45-8CBC-2DC0DDBCB75A.root?tried=.
%MSG
05-Mar-2024 17:38:58 CET  Fallback request to file root://xrootd-cms.infn.it//store/mc/RunIISummer20UL16MiniAODv2/DYJetsToLL_M-50_HT-2500toInf_TuneCP5_PSweights_13TeV-madgraphMLM-pythia8/MINIAODSIM/106X_mcRun2_asymptotic_v17-v2/2430000/7A77DE22-FE7A-2B45-8CBC-2DC0DDBCB75A.root
%MSG-w XrdAdaptor:  file_open 05-Mar-2024 17:39:13 CET PostProcessEvent
Data is served from T2_US_Vanderbilt instead of original site T2_FR_GRIF_LLR
%MSG
05-Mar-2024 17:39:16 CET  Successfully opened file root://xrootd-cms.infn.it//store/mc/RunIISummer20UL16MiniAODv2/DYJetsToLL_M-50_HT-2500toInf_TuneCP5_PSweights_13TeV-madgraphMLM-pythia8/MINIAODSIM/106X_mcRun2_asymptotic_v17-v2/2430000/7A77DE22-FE7A-2B45-8CBC-2DC0DDBCB75A.root
05-Mar-2024 17:39:25 CET  Closed file root://xrootd-cms.infn.it//store/mc/RunIISummer20UL16MiniAODv2/DYJetsToLL_M-50_HT-2500toInf_TuneCP5_PSweights_13TeV-madgraphMLM-pythia8/MINIAODSIM/106X_mcRun2_asymptotic_v17-v2/2430000/7A77DE22-FE7A-2B45-8CBC-2DC0DDBCB75A.root
05-Mar-2024 17:39:25 CET  Initiating request to open file root://eoscms.cern.ch//eos/cms/store/mc/RunIISummer20UL16MiniAODv2/DYJetsToLL_M-50_HT-2500toInf_TuneCP5_PSweights_13TeV-madgraphMLM-pythia8/MINIAODSIM/106X_mcRun2_asymptotic_v17-v2/2430000/5845B0B9-C8C9-4C4F-986E-2F690845B254.root
%MSG-w XrdAdaptorInternal:  file_open 05-Mar-2024 17:39:26 CET PostProcessEvent
Failed to open file at URL root://eoscms.cern.ch:1094//eos/cms/store/mc/RunIISummer20UL16MiniAODv2/DYJetsToLL_M-50_HT-2500toInf_TuneCP5_PSweights_13TeV-madgraphMLM-pythia8/MINIAODSIM/106X_mcRun2_asymptotic_v17-v2/2430000/5845B0B9-C8C9-4C4F-986E-2F690845B254.root.
%MSG
%MSG-w XrdAdaptorInternal:  file_open 05-Mar-2024 17:39:26 CET PostProcessEvent
Failed to open file at URL root://eoscms.cern.ch:1094//eos/cms/store/mc/RunIISummer20UL16MiniAODv2/DYJetsToLL_M-50_HT-2500toInf_TuneCP5_PSweights_13TeV-madgraphMLM-pythia8/MINIAODSIM/106X_mcRun2_asymptotic_v17-v2/2430000/5845B0B9-C8C9-4C4F-986E-2F690845B254.root?tried=.
%MSG
05-Mar-2024 17:39:26 CET  Fallback request to file root://xrootd-cms.infn.it//store/mc/RunIISummer20UL16MiniAODv2/DYJetsToLL_M-50_HT-2500toInf_TuneCP5_PSweights_13TeV-madgraphMLM-pythia8/MINIAODSIM/106X_mcRun2_asymptotic_v17-v2/2430000/5845B0B9-C8C9-4C4F-986E-2F690845B254.root
%MSG-w XrdAdaptor:  file_open 05-Mar-2024 17:39:40 CET PostProcessEvent
Data is served from T2_US_Nebraska instead of original site T2_FR_GRIF_LLR
%MSG
05-Mar-2024 17:39:41 CET  Successfully opened file root://xrootd-cms.infn.it//store/mc/RunIISummer20UL16MiniAODv2/DYJetsToLL_M-50_HT-2500toInf_TuneCP5_PSweights_13TeV-madgraphMLM-pythia8/MINIAODSIM/106X_mcRun2_asymptotic_v17-v2/2430000/5845B0B9-C8C9-4C4F-986E-2F690845B254.root
Begin processing the 400001st record. Run 1, Event 5635556, LumiSection 1164 on stream 0 at 05-Mar-2024 17:39:47.901 CET
05-Mar-2024 17:39:47 CET  Closed file root://xrootd-cms.infn.it//store/mc/RunIISummer20UL16MiniAODv2/DYJetsToLL_M-50_HT-2500toInf_TuneCP5_PSweights_13TeV-madgraphMLM-pythia8/MINIAODSIM/106X_mcRun2_asymptotic_v17-v2/2430000/5845B0B9-C8C9-4C4F-986E-2F690845B254.root
05-Mar-2024 17:39:47 CET  Initiating request to open file root://eoscms.cern.ch//eos/cms/store/mc/RunIISummer20UL16MiniAODv2/DYJetsToLL_M-50_HT-2500toInf_TuneCP5_PSweights_13TeV-madgraphMLM-pythia8/MINIAODSIM/106X_mcRun2_asymptotic_v17-v2/40000/B72B50E6-E095-4143-8AD5-E72C7F7BC6B1.root
%MSG-w XrdAdaptorInternal:  file_open 05-Mar-2024 17:39:48 CET PostProcessEvent
Failed to open file at URL root://eoscms.cern.ch:1094//eos/cms/store/mc/RunIISummer20UL16MiniAODv2/DYJetsToLL_M-50_HT-2500toInf_TuneCP5_PSweights_13TeV-madgraphMLM-pythia8/MINIAODSIM/106X_mcRun2_asymptotic_v17-v2/40000/B72B50E6-E095-4143-8AD5-E72C7F7BC6B1.root.
%MSG
%MSG-w XrdAdaptorInternal:  file_open 05-Mar-2024 17:39:48 CET PostProcessEvent
Failed to open file at URL root://eoscms.cern.ch:1094//eos/cms/store/mc/RunIISummer20UL16MiniAODv2/DYJetsToLL_M-50_HT-2500toInf_TuneCP5_PSweights_13TeV-madgraphMLM-pythia8/MINIAODSIM/106X_mcRun2_asymptotic_v17-v2/40000/B72B50E6-E095-4143-8AD5-E72C7F7BC6B1.root?tried=.
%MSG
05-Mar-2024 17:39:48 CET  Fallback request to file root://xrootd-cms.infn.it//store/mc/RunIISummer20UL16MiniAODv2/DYJetsToLL_M-50_HT-2500toInf_TuneCP5_PSweights_13TeV-madgraphMLM-pythia8/MINIAODSIM/106X_mcRun2_asymptotic_v17-v2/40000/B72B50E6-E095-4143-8AD5-E72C7F7BC6B1.root
%MSG-w XrdAdaptor:  file_open 05-Mar-2024 17:40:01 CET PostProcessEvent
Data is served from fnal.gov instead of original site T2_FR_GRIF_LLR
%MSG
05-Mar-2024 17:40:02 CET  Successfully opened file root://xrootd-cms.infn.it//store/mc/RunIISummer20UL16MiniAODv2/DYJetsToLL_M-50_HT-2500toInf_TuneCP5_PSweights_13TeV-madgraphMLM-pythia8/MINIAODSIM/106X_mcRun2_asymptotic_v17-v2/40000/B72B50E6-E095-4143-8AD5-E72C7F7BC6B1.root
05-Mar-2024 17:40:08 CET  Closed file root://xrootd-cms.infn.it//store/mc/RunIISummer20UL16MiniAODv2/DYJetsToLL_M-50_HT-2500toInf_TuneCP5_PSweights_13TeV-madgraphMLM-pythia8/MINIAODSIM/106X_mcRun2_asymptotic_v17-v2/40000/B72B50E6-E095-4143-8AD5-E72C7F7BC6B1.root
05-Mar-2024 17:40:08 CET  Initiating request to open file root://eoscms.cern.ch//eos/cms/store/mc/RunIISummer20UL16MiniAODv2/DYJetsToLL_M-50_HT-2500toInf_TuneCP5_PSweights_13TeV-madgraphMLM-pythia8/MINIAODSIM/106X_mcRun2_asymptotic_v17-v2/40000/E6C1EDE9-5AEE-224B-BA6B-E15E8A573749.root
%MSG-w XrdAdaptorInternal:  file_open 05-Mar-2024 17:40:09 CET PostProcessEvent
Failed to open file at URL root://eoscms.cern.ch:1094//eos/cms/store/mc/RunIISummer20UL16MiniAODv2/DYJetsToLL_M-50_HT-2500toInf_TuneCP5_PSweights_13TeV-madgraphMLM-pythia8/MINIAODSIM/106X_mcRun2_asymptotic_v17-v2/40000/E6C1EDE9-5AEE-224B-BA6B-E15E8A573749.root.
%MSG
%MSG-w XrdAdaptorInternal:  file_open 05-Mar-2024 17:40:09 CET PostProcessEvent
Failed to open file at URL root://eoscms.cern.ch:1094//eos/cms/store/mc/RunIISummer20UL16MiniAODv2/DYJetsToLL_M-50_HT-2500toInf_TuneCP5_PSweights_13TeV-madgraphMLM-pythia8/MINIAODSIM/106X_mcRun2_asymptotic_v17-v2/40000/E6C1EDE9-5AEE-224B-BA6B-E15E8A573749.root?tried=.
%MSG
05-Mar-2024 17:40:09 CET  Fallback request to file root://xrootd-cms.infn.it//store/mc/RunIISummer20UL16MiniAODv2/DYJetsToLL_M-50_HT-2500toInf_TuneCP5_PSweights_13TeV-madgraphMLM-pythia8/MINIAODSIM/106X_mcRun2_asymptotic_v17-v2/40000/E6C1EDE9-5AEE-224B-BA6B-E15E8A573749.root
%MSG-w XrdAdaptor:  file_open 05-Mar-2024 17:40:28 CET PostProcessEvent
Data is served from fnal.gov instead of original site T2_FR_GRIF_LLR
%MSG
05-Mar-2024 17:40:29 CET  Successfully opened file root://xrootd-cms.infn.it//store/mc/RunIISummer20UL16MiniAODv2/DYJetsToLL_M-50_HT-2500toInf_TuneCP5_PSweights_13TeV-madgraphMLM-pythia8/MINIAODSIM/106X_mcRun2_asymptotic_v17-v2/40000/E6C1EDE9-5AEE-224B-BA6B-E15E8A573749.root
05-Mar-2024 17:40:41 CET  Closed file root://xrootd-cms.infn.it//store/mc/RunIISummer20UL16MiniAODv2/DYJetsToLL_M-50_HT-2500toInf_TuneCP5_PSweights_13TeV-madgraphMLM-pythia8/MINIAODSIM/106X_mcRun2_asymptotic_v17-v2/40000/E6C1EDE9-5AEE-224B-BA6B-E15E8A573749.root
05-Mar-2024 17:40:41 CET  Initiating request to open file root://eoscms.cern.ch//eos/cms/store/mc/RunIISummer20UL16MiniAODv2/DYJetsToLL_M-50_HT-2500toInf_TuneCP5_PSweights_13TeV-madgraphMLM-pythia8/MINIAODSIM/106X_mcRun2_asymptotic_v17-v2/2430000/AE36C4BA-0E28-7843-886C-9FB1B45EE3B0.root
%MSG-w XrdAdaptorInternal:  file_open 05-Mar-2024 17:40:42 CET PostProcessEvent
Failed to open file at URL root://eoscms.cern.ch:1094//eos/cms/store/mc/RunIISummer20UL16MiniAODv2/DYJetsToLL_M-50_HT-2500toInf_TuneCP5_PSweights_13TeV-madgraphMLM-pythia8/MINIAODSIM/106X_mcRun2_asymptotic_v17-v2/2430000/AE36C4BA-0E28-7843-886C-9FB1B45EE3B0.root.
%MSG
%MSG-w XrdAdaptorInternal:  file_open 05-Mar-2024 17:40:42 CET PostProcessEvent
Failed to open file at URL root://eoscms.cern.ch:1094//eos/cms/store/mc/RunIISummer20UL16MiniAODv2/DYJetsToLL_M-50_HT-2500toInf_TuneCP5_PSweights_13TeV-madgraphMLM-pythia8/MINIAODSIM/106X_mcRun2_asymptotic_v17-v2/2430000/AE36C4BA-0E28-7843-886C-9FB1B45EE3B0.root?tried=.
%MSG
05-Mar-2024 17:40:42 CET  Fallback request to file root://xrootd-cms.infn.it//store/mc/RunIISummer20UL16MiniAODv2/DYJetsToLL_M-50_HT-2500toInf_TuneCP5_PSweights_13TeV-madgraphMLM-pythia8/MINIAODSIM/106X_mcRun2_asymptotic_v17-v2/2430000/AE36C4BA-0E28-7843-886C-9FB1B45EE3B0.root
%MSG-w XrdAdaptor:  file_open 05-Mar-2024 17:40:56 CET PostProcessEvent
Data is served from T2_US_Caltech instead of original site T2_FR_GRIF_LLR
%MSG
05-Mar-2024 17:40:57 CET  Successfully opened file root://xrootd-cms.infn.it//store/mc/RunIISummer20UL16MiniAODv2/DYJetsToLL_M-50_HT-2500toInf_TuneCP5_PSweights_13TeV-madgraphMLM-pythia8/MINIAODSIM/106X_mcRun2_asymptotic_v17-v2/2430000/AE36C4BA-0E28-7843-886C-9FB1B45EE3B0.root
05-Mar-2024 17:41:02 CET  Closed file root://xrootd-cms.infn.it//store/mc/RunIISummer20UL16MiniAODv2/DYJetsToLL_M-50_HT-2500toInf_TuneCP5_PSweights_13TeV-madgraphMLM-pythia8/MINIAODSIM/106X_mcRun2_asymptotic_v17-v2/2430000/AE36C4BA-0E28-7843-886C-9FB1B45EE3B0.root
05-Mar-2024 17:41:02 CET  Initiating request to open file root://eoscms.cern.ch//eos/cms/store/mc/RunIISummer20UL16MiniAODv2/DYJetsToLL_M-50_HT-2500toInf_TuneCP5_PSweights_13TeV-madgraphMLM-pythia8/MINIAODSIM/106X_mcRun2_asymptotic_v17-v2/2430000/7B319181-B127-9E41-80E1-E27016A3A604.root
%MSG-w XrdAdaptorInternal:  file_open 05-Mar-2024 17:41:03 CET PostProcessEvent
Failed to open file at URL root://eoscms.cern.ch:1094//eos/cms/store/mc/RunIISummer20UL16MiniAODv2/DYJetsToLL_M-50_HT-2500toInf_TuneCP5_PSweights_13TeV-madgraphMLM-pythia8/MINIAODSIM/106X_mcRun2_asymptotic_v17-v2/2430000/7B319181-B127-9E41-80E1-E27016A3A604.root.
%MSG
%MSG-w XrdAdaptorInternal:  file_open 05-Mar-2024 17:41:03 CET PostProcessEvent
Failed to open file at URL root://eoscms.cern.ch:1094//eos/cms/store/mc/RunIISummer20UL16MiniAODv2/DYJetsToLL_M-50_HT-2500toInf_TuneCP5_PSweights_13TeV-madgraphMLM-pythia8/MINIAODSIM/106X_mcRun2_asymptotic_v17-v2/2430000/7B319181-B127-9E41-80E1-E27016A3A604.root?tried=.
%MSG
05-Mar-2024 17:41:03 CET  Fallback request to file root://xrootd-cms.infn.it//store/mc/RunIISummer20UL16MiniAODv2/DYJetsToLL_M-50_HT-2500toInf_TuneCP5_PSweights_13TeV-madgraphMLM-pythia8/MINIAODSIM/106X_mcRun2_asymptotic_v17-v2/2430000/7B319181-B127-9E41-80E1-E27016A3A604.root
%MSG-w XrdAdaptor:  file_open 05-Mar-2024 17:41:27 CET PostProcessEvent
Data is served from fnal.gov instead of original site T2_FR_GRIF_LLR
%MSG
05-Mar-2024 17:41:28 CET  Successfully opened file root://xrootd-cms.infn.it//store/mc/RunIISummer20UL16MiniAODv2/DYJetsToLL_M-50_HT-2500toInf_TuneCP5_PSweights_13TeV-madgraphMLM-pythia8/MINIAODSIM/106X_mcRun2_asymptotic_v17-v2/2430000/7B319181-B127-9E41-80E1-E27016A3A604.root
05-Mar-2024 17:41:32 CET  Closed file root://xrootd-cms.infn.it//store/mc/RunIISummer20UL16MiniAODv2/DYJetsToLL_M-50_HT-2500toInf_TuneCP5_PSweights_13TeV-madgraphMLM-pythia8/MINIAODSIM/106X_mcRun2_asymptotic_v17-v2/2430000/7B319181-B127-9E41-80E1-E27016A3A604.root
05-Mar-2024 17:41:32 CET  Initiating request to open file root://eoscms.cern.ch//eos/cms/store/mc/RunIISummer20UL16MiniAODv2/DYJetsToLL_M-50_HT-2500toInf_TuneCP5_PSweights_13TeV-madgraphMLM-pythia8/MINIAODSIM/106X_mcRun2_asymptotic_v17-v2/2430000/0E18052B-6322-F543-8A15-79348CAFB84C.root
%MSG-w XrdAdaptorInternal:  file_open 05-Mar-2024 17:41:33 CET PostProcessEvent
Failed to open file at URL root://eoscms.cern.ch:1094//eos/cms/store/mc/RunIISummer20UL16MiniAODv2/DYJetsToLL_M-50_HT-2500toInf_TuneCP5_PSweights_13TeV-madgraphMLM-pythia8/MINIAODSIM/106X_mcRun2_asymptotic_v17-v2/2430000/0E18052B-6322-F543-8A15-79348CAFB84C.root.
%MSG
%MSG-w XrdAdaptorInternal:  file_open 05-Mar-2024 17:41:33 CET PostProcessEvent
Failed to open file at URL root://eoscms.cern.ch:1094//eos/cms/store/mc/RunIISummer20UL16MiniAODv2/DYJetsToLL_M-50_HT-2500toInf_TuneCP5_PSweights_13TeV-madgraphMLM-pythia8/MINIAODSIM/106X_mcRun2_asymptotic_v17-v2/2430000/0E18052B-6322-F543-8A15-79348CAFB84C.root?tried=.
%MSG
05-Mar-2024 17:41:33 CET  Fallback request to file root://xrootd-cms.infn.it//store/mc/RunIISummer20UL16MiniAODv2/DYJetsToLL_M-50_HT-2500toInf_TuneCP5_PSweights_13TeV-madgraphMLM-pythia8/MINIAODSIM/106X_mcRun2_asymptotic_v17-v2/2430000/0E18052B-6322-F543-8A15-79348CAFB84C.root
%MSG-w XrdAdaptor:  file_open 05-Mar-2024 17:41:46 CET PostProcessEvent
Data is served from fnal.gov instead of original site T2_FR_GRIF_LLR
%MSG
05-Mar-2024 17:41:47 CET  Successfully opened file root://xrootd-cms.infn.it//store/mc/RunIISummer20UL16MiniAODv2/DYJetsToLL_M-50_HT-2500toInf_TuneCP5_PSweights_13TeV-madgraphMLM-pythia8/MINIAODSIM/106X_mcRun2_asymptotic_v17-v2/2430000/0E18052B-6322-F543-8A15-79348CAFB84C.root
05-Mar-2024 17:41:52 CET  Closed file root://xrootd-cms.infn.it//store/mc/RunIISummer20UL16MiniAODv2/DYJetsToLL_M-50_HT-2500toInf_TuneCP5_PSweights_13TeV-madgraphMLM-pythia8/MINIAODSIM/106X_mcRun2_asymptotic_v17-v2/2430000/0E18052B-6322-F543-8A15-79348CAFB84C.root
05-Mar-2024 17:41:52 CET  Initiating request to open file root://eoscms.cern.ch//eos/cms/store/mc/RunIISummer20UL16MiniAODv2/DYJetsToLL_M-50_HT-2500toInf_TuneCP5_PSweights_13TeV-madgraphMLM-pythia8/MINIAODSIM/106X_mcRun2_asymptotic_v17-v2/2430000/791E43EC-6BCF-2E48-A991-1A2159B535DA.root
%MSG-w XrdAdaptorInternal:  file_open 05-Mar-2024 17:41:53 CET PostProcessEvent
Failed to open file at URL root://eoscms.cern.ch:1094//eos/cms/store/mc/RunIISummer20UL16MiniAODv2/DYJetsToLL_M-50_HT-2500toInf_TuneCP5_PSweights_13TeV-madgraphMLM-pythia8/MINIAODSIM/106X_mcRun2_asymptotic_v17-v2/2430000/791E43EC-6BCF-2E48-A991-1A2159B535DA.root.
%MSG
%MSG-w XrdAdaptorInternal:  file_open 05-Mar-2024 17:41:53 CET PostProcessEvent
Failed to open file at URL root://eoscms.cern.ch:1094//eos/cms/store/mc/RunIISummer20UL16MiniAODv2/DYJetsToLL_M-50_HT-2500toInf_TuneCP5_PSweights_13TeV-madgraphMLM-pythia8/MINIAODSIM/106X_mcRun2_asymptotic_v17-v2/2430000/791E43EC-6BCF-2E48-A991-1A2159B535DA.root?tried=.
%MSG
05-Mar-2024 17:41:53 CET  Fallback request to file root://xrootd-cms.infn.it//store/mc/RunIISummer20UL16MiniAODv2/DYJetsToLL_M-50_HT-2500toInf_TuneCP5_PSweights_13TeV-madgraphMLM-pythia8/MINIAODSIM/106X_mcRun2_asymptotic_v17-v2/2430000/791E43EC-6BCF-2E48-A991-1A2159B535DA.root
%MSG-w XrdAdaptor:  file_open 05-Mar-2024 17:42:06 CET PostProcessEvent
Data is served from fnal.gov instead of original site T2_FR_GRIF_LLR
%MSG
05-Mar-2024 17:42:07 CET  Successfully opened file root://xrootd-cms.infn.it//store/mc/RunIISummer20UL16MiniAODv2/DYJetsToLL_M-50_HT-2500toInf_TuneCP5_PSweights_13TeV-madgraphMLM-pythia8/MINIAODSIM/106X_mcRun2_asymptotic_v17-v2/2430000/791E43EC-6BCF-2E48-A991-1A2159B535DA.root
Begin processing the 500001st record. Run 1, Event 4600906, LumiSection 951 on stream 0 at 05-Mar-2024 17:42:12.530 CET
05-Mar-2024 17:42:12 CET  Closed file root://xrootd-cms.infn.it//store/mc/RunIISummer20UL16MiniAODv2/DYJetsToLL_M-50_HT-2500toInf_TuneCP5_PSweights_13TeV-madgraphMLM-pythia8/MINIAODSIM/106X_mcRun2_asymptotic_v17-v2/2430000/791E43EC-6BCF-2E48-A991-1A2159B535DA.root
05-Mar-2024 17:42:12 CET  Initiating request to open file root://eoscms.cern.ch//eos/cms/store/mc/RunIISummer20UL16MiniAODv2/DYJetsToLL_M-50_HT-2500toInf_TuneCP5_PSweights_13TeV-madgraphMLM-pythia8/MINIAODSIM/106X_mcRun2_asymptotic_v17-v2/2430000/91FEC4CA-4697-7748-8C8E-91B0BC6923EC.root
%MSG-w XrdAdaptorInternal:  file_open 05-Mar-2024 17:42:13 CET PostProcessEvent
Failed to open file at URL root://eoscms.cern.ch:1094//eos/cms/store/mc/RunIISummer20UL16MiniAODv2/DYJetsToLL_M-50_HT-2500toInf_TuneCP5_PSweights_13TeV-madgraphMLM-pythia8/MINIAODSIM/106X_mcRun2_asymptotic_v17-v2/2430000/91FEC4CA-4697-7748-8C8E-91B0BC6923EC.root.
%MSG
%MSG-w XrdAdaptorInternal:  file_open 05-Mar-2024 17:42:13 CET PostProcessEvent
Failed to open file at URL root://eoscms.cern.ch:1094//eos/cms/store/mc/RunIISummer20UL16MiniAODv2/DYJetsToLL_M-50_HT-2500toInf_TuneCP5_PSweights_13TeV-madgraphMLM-pythia8/MINIAODSIM/106X_mcRun2_asymptotic_v17-v2/2430000/91FEC4CA-4697-7748-8C8E-91B0BC6923EC.root?tried=.
%MSG
05-Mar-2024 17:42:13 CET  Fallback request to file root://xrootd-cms.infn.it//store/mc/RunIISummer20UL16MiniAODv2/DYJetsToLL_M-50_HT-2500toInf_TuneCP5_PSweights_13TeV-madgraphMLM-pythia8/MINIAODSIM/106X_mcRun2_asymptotic_v17-v2/2430000/91FEC4CA-4697-7748-8C8E-91B0BC6923EC.root
%MSG-w XrdAdaptor:  file_open 05-Mar-2024 17:42:28 CET PostProcessEvent
Data is served from T2_US_Nebraska instead of original site T2_FR_GRIF_LLR
%MSG
05-Mar-2024 17:42:28 CET  Successfully opened file root://xrootd-cms.infn.it//store/mc/RunIISummer20UL16MiniAODv2/DYJetsToLL_M-50_HT-2500toInf_TuneCP5_PSweights_13TeV-madgraphMLM-pythia8/MINIAODSIM/106X_mcRun2_asymptotic_v17-v2/2430000/91FEC4CA-4697-7748-8C8E-91B0BC6923EC.root
05-Mar-2024 17:42:34 CET  Closed file root://xrootd-cms.infn.it//store/mc/RunIISummer20UL16MiniAODv2/DYJetsToLL_M-50_HT-2500toInf_TuneCP5_PSweights_13TeV-madgraphMLM-pythia8/MINIAODSIM/106X_mcRun2_asymptotic_v17-v2/2430000/91FEC4CA-4697-7748-8C8E-91B0BC6923EC.root
05-Mar-2024 17:42:34 CET  Initiating request to open file root://eoscms.cern.ch//eos/cms/store/mc/RunIISummer20UL16MiniAODv2/DYJetsToLL_M-50_HT-2500toInf_TuneCP5_PSweights_13TeV-madgraphMLM-pythia8/MINIAODSIM/106X_mcRun2_asymptotic_v17-v2/250000/26AF4B5D-AA1E-D940-B23B-6F225822ED85.root
%MSG-w XrdAdaptorInternal:  file_open 05-Mar-2024 17:42:35 CET PostProcessEvent
Failed to open file at URL root://eoscms.cern.ch:1094//eos/cms/store/mc/RunIISummer20UL16MiniAODv2/DYJetsToLL_M-50_HT-2500toInf_TuneCP5_PSweights_13TeV-madgraphMLM-pythia8/MINIAODSIM/106X_mcRun2_asymptotic_v17-v2/250000/26AF4B5D-AA1E-D940-B23B-6F225822ED85.root.
%MSG
%MSG-w XrdAdaptorInternal:  file_open 05-Mar-2024 17:42:35 CET PostProcessEvent
Failed to open file at URL root://eoscms.cern.ch:1094//eos/cms/store/mc/RunIISummer20UL16MiniAODv2/DYJetsToLL_M-50_HT-2500toInf_TuneCP5_PSweights_13TeV-madgraphMLM-pythia8/MINIAODSIM/106X_mcRun2_asymptotic_v17-v2/250000/26AF4B5D-AA1E-D940-B23B-6F225822ED85.root?tried=.
%MSG
05-Mar-2024 17:42:35 CET  Fallback request to file root://xrootd-cms.infn.it//store/mc/RunIISummer20UL16MiniAODv2/DYJetsToLL_M-50_HT-2500toInf_TuneCP5_PSweights_13TeV-madgraphMLM-pythia8/MINIAODSIM/106X_mcRun2_asymptotic_v17-v2/250000/26AF4B5D-AA1E-D940-B23B-6F225822ED85.root
%MSG-w XrdAdaptor:  file_open 05-Mar-2024 17:42:49 CET PostProcessEvent
Data is served from T2_US_Nebraska instead of original site T2_FR_GRIF_LLR
%MSG
05-Mar-2024 17:42:50 CET  Successfully opened file root://xrootd-cms.infn.it//store/mc/RunIISummer20UL16MiniAODv2/DYJetsToLL_M-50_HT-2500toInf_TuneCP5_PSweights_13TeV-madgraphMLM-pythia8/MINIAODSIM/106X_mcRun2_asymptotic_v17-v2/250000/26AF4B5D-AA1E-D940-B23B-6F225822ED85.root
05-Mar-2024 17:42:55 CET  Closed file root://xrootd-cms.infn.it//store/mc/RunIISummer20UL16MiniAODv2/DYJetsToLL_M-50_HT-2500toInf_TuneCP5_PSweights_13TeV-madgraphMLM-pythia8/MINIAODSIM/106X_mcRun2_asymptotic_v17-v2/250000/26AF4B5D-AA1E-D940-B23B-6F225822ED85.root
05-Mar-2024 17:42:55 CET  Initiating request to open file root://eoscms.cern.ch//eos/cms/store/mc/RunIISummer20UL16MiniAODv2/DYJetsToLL_M-50_HT-2500toInf_TuneCP5_PSweights_13TeV-madgraphMLM-pythia8/MINIAODSIM/106X_mcRun2_asymptotic_v17-v2/2430000/D3B0B485-C545-DD4C-A59F-24EB70A6EE7F.root
%MSG-w XrdAdaptorInternal:  file_open 05-Mar-2024 17:42:56 CET PostProcessEvent
Failed to open file at URL root://eoscms.cern.ch:1094//eos/cms/store/mc/RunIISummer20UL16MiniAODv2/DYJetsToLL_M-50_HT-2500toInf_TuneCP5_PSweights_13TeV-madgraphMLM-pythia8/MINIAODSIM/106X_mcRun2_asymptotic_v17-v2/2430000/D3B0B485-C545-DD4C-A59F-24EB70A6EE7F.root.
%MSG
%MSG-w XrdAdaptorInternal:  file_open 05-Mar-2024 17:42:56 CET PostProcessEvent
Failed to open file at URL root://eoscms.cern.ch:1094//eos/cms/store/mc/RunIISummer20UL16MiniAODv2/DYJetsToLL_M-50_HT-2500toInf_TuneCP5_PSweights_13TeV-madgraphMLM-pythia8/MINIAODSIM/106X_mcRun2_asymptotic_v17-v2/2430000/D3B0B485-C545-DD4C-A59F-24EB70A6EE7F.root?tried=.
%MSG
05-Mar-2024 17:42:56 CET  Fallback request to file root://xrootd-cms.infn.it//store/mc/RunIISummer20UL16MiniAODv2/DYJetsToLL_M-50_HT-2500toInf_TuneCP5_PSweights_13TeV-madgraphMLM-pythia8/MINIAODSIM/106X_mcRun2_asymptotic_v17-v2/2430000/D3B0B485-C545-DD4C-A59F-24EB70A6EE7F.root
%MSG-w XrdAdaptor:  file_open 05-Mar-2024 17:43:11 CET PostProcessEvent
Data is served from T2_US_Nebraska instead of original site T2_FR_GRIF_LLR
%MSG
05-Mar-2024 17:43:11 CET  Successfully opened file root://xrootd-cms.infn.it//store/mc/RunIISummer20UL16MiniAODv2/DYJetsToLL_M-50_HT-2500toInf_TuneCP5_PSweights_13TeV-madgraphMLM-pythia8/MINIAODSIM/106X_mcRun2_asymptotic_v17-v2/2430000/D3B0B485-C545-DD4C-A59F-24EB70A6EE7F.root
05-Mar-2024 17:43:28 CET  Closed file root://xrootd-cms.infn.it//store/mc/RunIISummer20UL16MiniAODv2/DYJetsToLL_M-50_HT-2500toInf_TuneCP5_PSweights_13TeV-madgraphMLM-pythia8/MINIAODSIM/106X_mcRun2_asymptotic_v17-v2/2430000/D3B0B485-C545-DD4C-A59F-24EB70A6EE7F.root
05-Mar-2024 17:43:28 CET  Initiating request to open file root://eoscms.cern.ch//eos/cms/store/mc/RunIISummer20UL16MiniAODv2/DYJetsToLL_M-50_HT-2500toInf_TuneCP5_PSweights_13TeV-madgraphMLM-pythia8/MINIAODSIM/106X_mcRun2_asymptotic_v17-v2/2430000/FAE7723E-4992-7E44-A670-9A16BF1E7A13.root
%MSG-w XrdAdaptorInternal:  file_open 05-Mar-2024 17:43:29 CET PostProcessEvent
Failed to open file at URL root://eoscms.cern.ch:1094//eos/cms/store/mc/RunIISummer20UL16MiniAODv2/DYJetsToLL_M-50_HT-2500toInf_TuneCP5_PSweights_13TeV-madgraphMLM-pythia8/MINIAODSIM/106X_mcRun2_asymptotic_v17-v2/2430000/FAE7723E-4992-7E44-A670-9A16BF1E7A13.root.
%MSG
%MSG-w XrdAdaptorInternal:  file_open 05-Mar-2024 17:43:29 CET PostProcessEvent
Failed to open file at URL root://eoscms.cern.ch:1094//eos/cms/store/mc/RunIISummer20UL16MiniAODv2/DYJetsToLL_M-50_HT-2500toInf_TuneCP5_PSweights_13TeV-madgraphMLM-pythia8/MINIAODSIM/106X_mcRun2_asymptotic_v17-v2/2430000/FAE7723E-4992-7E44-A670-9A16BF1E7A13.root?tried=.
%MSG
05-Mar-2024 17:43:29 CET  Fallback request to file root://xrootd-cms.infn.it//store/mc/RunIISummer20UL16MiniAODv2/DYJetsToLL_M-50_HT-2500toInf_TuneCP5_PSweights_13TeV-madgraphMLM-pythia8/MINIAODSIM/106X_mcRun2_asymptotic_v17-v2/2430000/FAE7723E-4992-7E44-A670-9A16BF1E7A13.root
%MSG-w XrdAdaptor:  file_open 05-Mar-2024 17:43:44 CET PostProcessEvent
Data is served from T2_US_Nebraska instead of original site T2_FR_GRIF_LLR
%MSG
05-Mar-2024 17:43:45 CET  Successfully opened file root://xrootd-cms.infn.it//store/mc/RunIISummer20UL16MiniAODv2/DYJetsToLL_M-50_HT-2500toInf_TuneCP5_PSweights_13TeV-madgraphMLM-pythia8/MINIAODSIM/106X_mcRun2_asymptotic_v17-v2/2430000/FAE7723E-4992-7E44-A670-9A16BF1E7A13.root
05-Mar-2024 17:44:02 CET  Closed file root://xrootd-cms.infn.it//store/mc/RunIISummer20UL16MiniAODv2/DYJetsToLL_M-50_HT-2500toInf_TuneCP5_PSweights_13TeV-madgraphMLM-pythia8/MINIAODSIM/106X_mcRun2_asymptotic_v17-v2/2430000/FAE7723E-4992-7E44-A670-9A16BF1E7A13.root
05-Mar-2024 17:44:02 CET  Initiating request to open file root://eoscms.cern.ch//eos/cms/store/mc/RunIISummer20UL16MiniAODv2/DYJetsToLL_M-50_HT-2500toInf_TuneCP5_PSweights_13TeV-madgraphMLM-pythia8/MINIAODSIM/106X_mcRun2_asymptotic_v17-v2/2430000/7C602E6B-6B3B-1A4F-937F-76969215A017.root
%MSG-w XrdAdaptorInternal:  file_open 05-Mar-2024 17:44:03 CET PostProcessEvent
Failed to open file at URL root://eoscms.cern.ch:1094//eos/cms/store/mc/RunIISummer20UL16MiniAODv2/DYJetsToLL_M-50_HT-2500toInf_TuneCP5_PSweights_13TeV-madgraphMLM-pythia8/MINIAODSIM/106X_mcRun2_asymptotic_v17-v2/2430000/7C602E6B-6B3B-1A4F-937F-76969215A017.root.
%MSG
%MSG-w XrdAdaptorInternal:  file_open 05-Mar-2024 17:44:03 CET PostProcessEvent
Failed to open file at URL root://eoscms.cern.ch:1094//eos/cms/store/mc/RunIISummer20UL16MiniAODv2/DYJetsToLL_M-50_HT-2500toInf_TuneCP5_PSweights_13TeV-madgraphMLM-pythia8/MINIAODSIM/106X_mcRun2_asymptotic_v17-v2/2430000/7C602E6B-6B3B-1A4F-937F-76969215A017.root?tried=.
%MSG
05-Mar-2024 17:44:03 CET  Fallback request to file root://xrootd-cms.infn.it//store/mc/RunIISummer20UL16MiniAODv2/DYJetsToLL_M-50_HT-2500toInf_TuneCP5_PSweights_13TeV-madgraphMLM-pythia8/MINIAODSIM/106X_mcRun2_asymptotic_v17-v2/2430000/7C602E6B-6B3B-1A4F-937F-76969215A017.root
%MSG-w XrdAdaptor:  file_open 05-Mar-2024 17:44:29 CET PostProcessEvent
Data is served from T2_US_Nebraska instead of original site T2_FR_GRIF_LLR
%MSG
05-Mar-2024 17:44:29 CET  Successfully opened file root://xrootd-cms.infn.it//store/mc/RunIISummer20UL16MiniAODv2/DYJetsToLL_M-50_HT-2500toInf_TuneCP5_PSweights_13TeV-madgraphMLM-pythia8/MINIAODSIM/106X_mcRun2_asymptotic_v17-v2/2430000/7C602E6B-6B3B-1A4F-937F-76969215A017.root
Begin processing the 600001st record. Run 1, Event 3576564, LumiSection 739 on stream 0 at 05-Mar-2024 17:44:47.844 CET
05-Mar-2024 17:44:48 CET  Closed file root://xrootd-cms.infn.it//store/mc/RunIISummer20UL16MiniAODv2/DYJetsToLL_M-50_HT-2500toInf_TuneCP5_PSweights_13TeV-madgraphMLM-pythia8/MINIAODSIM/106X_mcRun2_asymptotic_v17-v2/2430000/7C602E6B-6B3B-1A4F-937F-76969215A017.root
05-Mar-2024 17:44:48 CET  Initiating request to open file root://eoscms.cern.ch//eos/cms/store/mc/RunIISummer20UL16MiniAODv2/DYJetsToLL_M-50_HT-2500toInf_TuneCP5_PSweights_13TeV-madgraphMLM-pythia8/MINIAODSIM/106X_mcRun2_asymptotic_v17-v2/2430000/ED7807AF-521A-6146-AF3B-9F64F1232F98.root
%MSG-w XrdAdaptorInternal:  file_open 05-Mar-2024 17:44:49 CET PostProcessEvent
Failed to open file at URL root://eoscms.cern.ch:1094//eos/cms/store/mc/RunIISummer20UL16MiniAODv2/DYJetsToLL_M-50_HT-2500toInf_TuneCP5_PSweights_13TeV-madgraphMLM-pythia8/MINIAODSIM/106X_mcRun2_asymptotic_v17-v2/2430000/ED7807AF-521A-6146-AF3B-9F64F1232F98.root.
%MSG
%MSG-w XrdAdaptorInternal:  file_open 05-Mar-2024 17:44:49 CET PostProcessEvent
Failed to open file at URL root://eoscms.cern.ch:1094//eos/cms/store/mc/RunIISummer20UL16MiniAODv2/DYJetsToLL_M-50_HT-2500toInf_TuneCP5_PSweights_13TeV-madgraphMLM-pythia8/MINIAODSIM/106X_mcRun2_asymptotic_v17-v2/2430000/ED7807AF-521A-6146-AF3B-9F64F1232F98.root?tried=.
%MSG
05-Mar-2024 17:44:49 CET  Fallback request to file root://xrootd-cms.infn.it//store/mc/RunIISummer20UL16MiniAODv2/DYJetsToLL_M-50_HT-2500toInf_TuneCP5_PSweights_13TeV-madgraphMLM-pythia8/MINIAODSIM/106X_mcRun2_asymptotic_v17-v2/2430000/ED7807AF-521A-6146-AF3B-9F64F1232F98.root
%MSG-w XrdAdaptor:  file_open 05-Mar-2024 17:45:01 CET PostProcessEvent
Data is served from T2_US_Nebraska instead of original site T2_FR_GRIF_LLR
%MSG
05-Mar-2024 17:45:02 CET  Successfully opened file root://xrootd-cms.infn.it//store/mc/RunIISummer20UL16MiniAODv2/DYJetsToLL_M-50_HT-2500toInf_TuneCP5_PSweights_13TeV-madgraphMLM-pythia8/MINIAODSIM/106X_mcRun2_asymptotic_v17-v2/2430000/ED7807AF-521A-6146-AF3B-9F64F1232F98.root
05-Mar-2024 17:45:07 CET  Closed file root://xrootd-cms.infn.it//store/mc/RunIISummer20UL16MiniAODv2/DYJetsToLL_M-50_HT-2500toInf_TuneCP5_PSweights_13TeV-madgraphMLM-pythia8/MINIAODSIM/106X_mcRun2_asymptotic_v17-v2/2430000/ED7807AF-521A-6146-AF3B-9F64F1232F98.root
05-Mar-2024 17:45:07 CET  Initiating request to open file root://eoscms.cern.ch//eos/cms/store/mc/RunIISummer20UL16MiniAODv2/DYJetsToLL_M-50_HT-2500toInf_TuneCP5_PSweights_13TeV-madgraphMLM-pythia8/MINIAODSIM/106X_mcRun2_asymptotic_v17-v2/2430000/0B1A95C2-9D22-F340-8403-F84BC61C240E.root
%MSG-w XrdAdaptorInternal:  file_open 05-Mar-2024 17:45:08 CET PostProcessEvent
Failed to open file at URL root://eoscms.cern.ch:1094//eos/cms/store/mc/RunIISummer20UL16MiniAODv2/DYJetsToLL_M-50_HT-2500toInf_TuneCP5_PSweights_13TeV-madgraphMLM-pythia8/MINIAODSIM/106X_mcRun2_asymptotic_v17-v2/2430000/0B1A95C2-9D22-F340-8403-F84BC61C240E.root.
%MSG
%MSG-w XrdAdaptorInternal:  file_open 05-Mar-2024 17:45:08 CET PostProcessEvent
Failed to open file at URL root://eoscms.cern.ch:1094//eos/cms/store/mc/RunIISummer20UL16MiniAODv2/DYJetsToLL_M-50_HT-2500toInf_TuneCP5_PSweights_13TeV-madgraphMLM-pythia8/MINIAODSIM/106X_mcRun2_asymptotic_v17-v2/2430000/0B1A95C2-9D22-F340-8403-F84BC61C240E.root?tried=.
%MSG
05-Mar-2024 17:45:08 CET  Fallback request to file root://xrootd-cms.infn.it//store/mc/RunIISummer20UL16MiniAODv2/DYJetsToLL_M-50_HT-2500toInf_TuneCP5_PSweights_13TeV-madgraphMLM-pythia8/MINIAODSIM/106X_mcRun2_asymptotic_v17-v2/2430000/0B1A95C2-9D22-F340-8403-F84BC61C240E.root
%MSG-w XrdAdaptor:  file_open 05-Mar-2024 17:45:27 CET PostProcessEvent
Data is served from T2_US_Vanderbilt instead of original site T2_FR_GRIF_LLR
%MSG
05-Mar-2024 17:45:28 CET  Successfully opened file root://xrootd-cms.infn.it//store/mc/RunIISummer20UL16MiniAODv2/DYJetsToLL_M-50_HT-2500toInf_TuneCP5_PSweights_13TeV-madgraphMLM-pythia8/MINIAODSIM/106X_mcRun2_asymptotic_v17-v2/2430000/0B1A95C2-9D22-F340-8403-F84BC61C240E.root
05-Mar-2024 17:45:52 CET  Closed file root://xrootd-cms.infn.it//store/mc/RunIISummer20UL16MiniAODv2/DYJetsToLL_M-50_HT-2500toInf_TuneCP5_PSweights_13TeV-madgraphMLM-pythia8/MINIAODSIM/106X_mcRun2_asymptotic_v17-v2/2430000/0B1A95C2-9D22-F340-8403-F84BC61C240E.root
05-Mar-2024 17:45:52 CET  Initiating request to open file root://eoscms.cern.ch//eos/cms/store/mc/RunIISummer20UL16MiniAODv2/DYJetsToLL_M-50_HT-2500toInf_TuneCP5_PSweights_13TeV-madgraphMLM-pythia8/MINIAODSIM/106X_mcRun2_asymptotic_v17-v2/2430000/FC758A1A-64D3-5843-915F-2D4BCD0C3BE7.root
%MSG-w XrdAdaptorInternal:  file_open 05-Mar-2024 17:45:53 CET PostProcessEvent
Failed to open file at URL root://eoscms.cern.ch:1094//eos/cms/store/mc/RunIISummer20UL16MiniAODv2/DYJetsToLL_M-50_HT-2500toInf_TuneCP5_PSweights_13TeV-madgraphMLM-pythia8/MINIAODSIM/106X_mcRun2_asymptotic_v17-v2/2430000/FC758A1A-64D3-5843-915F-2D4BCD0C3BE7.root.
%MSG
%MSG-w XrdAdaptorInternal:  file_open 05-Mar-2024 17:45:53 CET PostProcessEvent
Failed to open file at URL root://eoscms.cern.ch:1094//eos/cms/store/mc/RunIISummer20UL16MiniAODv2/DYJetsToLL_M-50_HT-2500toInf_TuneCP5_PSweights_13TeV-madgraphMLM-pythia8/MINIAODSIM/106X_mcRun2_asymptotic_v17-v2/2430000/FC758A1A-64D3-5843-915F-2D4BCD0C3BE7.root?tried=.
%MSG
05-Mar-2024 17:45:53 CET  Fallback request to file root://xrootd-cms.infn.it//store/mc/RunIISummer20UL16MiniAODv2/DYJetsToLL_M-50_HT-2500toInf_TuneCP5_PSweights_13TeV-madgraphMLM-pythia8/MINIAODSIM/106X_mcRun2_asymptotic_v17-v2/2430000/FC758A1A-64D3-5843-915F-2D4BCD0C3BE7.root
%MSG-w XrdAdaptor:  file_open 05-Mar-2024 17:46:06 CET PostProcessEvent
Data is served from fnal.gov instead of original site T2_FR_GRIF_LLR
%MSG
05-Mar-2024 17:46:06 CET  Successfully opened file root://xrootd-cms.infn.it//store/mc/RunIISummer20UL16MiniAODv2/DYJetsToLL_M-50_HT-2500toInf_TuneCP5_PSweights_13TeV-madgraphMLM-pythia8/MINIAODSIM/106X_mcRun2_asymptotic_v17-v2/2430000/FC758A1A-64D3-5843-915F-2D4BCD0C3BE7.root
05-Mar-2024 17:46:10 CET  Closed file root://xrootd-cms.infn.it//store/mc/RunIISummer20UL16MiniAODv2/DYJetsToLL_M-50_HT-2500toInf_TuneCP5_PSweights_13TeV-madgraphMLM-pythia8/MINIAODSIM/106X_mcRun2_asymptotic_v17-v2/2430000/FC758A1A-64D3-5843-915F-2D4BCD0C3BE7.root
05-Mar-2024 17:46:10 CET  Initiating request to open file root://eoscms.cern.ch//eos/cms/store/mc/RunIISummer20UL16MiniAODv2/DYJetsToLL_M-50_HT-2500toInf_TuneCP5_PSweights_13TeV-madgraphMLM-pythia8/MINIAODSIM/106X_mcRun2_asymptotic_v17-v2/2430000/DC9FD774-B452-8E47-A185-793E3AC8AE2A.root
%MSG-w XrdAdaptorInternal:  file_open 05-Mar-2024 17:46:11 CET PostProcessEvent
Failed to open file at URL root://eoscms.cern.ch:1094//eos/cms/store/mc/RunIISummer20UL16MiniAODv2/DYJetsToLL_M-50_HT-2500toInf_TuneCP5_PSweights_13TeV-madgraphMLM-pythia8/MINIAODSIM/106X_mcRun2_asymptotic_v17-v2/2430000/DC9FD774-B452-8E47-A185-793E3AC8AE2A.root.
%MSG
%MSG-w XrdAdaptorInternal:  file_open 05-Mar-2024 17:46:11 CET PostProcessEvent
Failed to open file at URL root://eoscms.cern.ch:1094//eos/cms/store/mc/RunIISummer20UL16MiniAODv2/DYJetsToLL_M-50_HT-2500toInf_TuneCP5_PSweights_13TeV-madgraphMLM-pythia8/MINIAODSIM/106X_mcRun2_asymptotic_v17-v2/2430000/DC9FD774-B452-8E47-A185-793E3AC8AE2A.root?tried=.
%MSG
05-Mar-2024 17:46:11 CET  Fallback request to file root://xrootd-cms.infn.it//store/mc/RunIISummer20UL16MiniAODv2/DYJetsToLL_M-50_HT-2500toInf_TuneCP5_PSweights_13TeV-madgraphMLM-pythia8/MINIAODSIM/106X_mcRun2_asymptotic_v17-v2/2430000/DC9FD774-B452-8E47-A185-793E3AC8AE2A.root
%MSG-w XrdAdaptor:  file_open 05-Mar-2024 17:46:27 CET PostProcessEvent
Data is served from T2_BR_UERJ instead of original site T2_FR_GRIF_LLR
%MSG
05-Mar-2024 17:46:28 CET  Successfully opened file root://xrootd-cms.infn.it//store/mc/RunIISummer20UL16MiniAODv2/DYJetsToLL_M-50_HT-2500toInf_TuneCP5_PSweights_13TeV-madgraphMLM-pythia8/MINIAODSIM/106X_mcRun2_asymptotic_v17-v2/2430000/DC9FD774-B452-8E47-A185-793E3AC8AE2A.root
%MSG-w XrdAdaptor:  (NoModuleName) 05-Mar-2024 17:46:34 CET pre-events
Data is now served from T2_BR_UERJ, T2_US_MIT instead of previous T2_BR_UERJ
%MSG
05-Mar-2024 17:46:35 CET  Closed file root://xrootd-cms.infn.it//store/mc/RunIISummer20UL16MiniAODv2/DYJetsToLL_M-50_HT-2500toInf_TuneCP5_PSweights_13TeV-madgraphMLM-pythia8/MINIAODSIM/106X_mcRun2_asymptotic_v17-v2/2430000/DC9FD774-B452-8E47-A185-793E3AC8AE2A.root
05-Mar-2024 17:46:35 CET  Initiating request to open file root://eoscms.cern.ch//eos/cms/store/mc/RunIISummer20UL16MiniAODv2/DYJetsToLL_M-50_HT-2500toInf_TuneCP5_PSweights_13TeV-madgraphMLM-pythia8/MINIAODSIM/106X_mcRun2_asymptotic_v17-v2/2430000/E5EB3E96-FD9C-464F-B62B-CB23A86540C8.root
%MSG-w XrdAdaptorInternal:  file_open 05-Mar-2024 17:46:36 CET PostProcessEvent
Failed to open file at URL root://eoscms.cern.ch:1094//eos/cms/store/mc/RunIISummer20UL16MiniAODv2/DYJetsToLL_M-50_HT-2500toInf_TuneCP5_PSweights_13TeV-madgraphMLM-pythia8/MINIAODSIM/106X_mcRun2_asymptotic_v17-v2/2430000/E5EB3E96-FD9C-464F-B62B-CB23A86540C8.root.
%MSG
%MSG-w XrdAdaptorInternal:  file_open 05-Mar-2024 17:46:36 CET PostProcessEvent
Failed to open file at URL root://eoscms.cern.ch:1094//eos/cms/store/mc/RunIISummer20UL16MiniAODv2/DYJetsToLL_M-50_HT-2500toInf_TuneCP5_PSweights_13TeV-madgraphMLM-pythia8/MINIAODSIM/106X_mcRun2_asymptotic_v17-v2/2430000/E5EB3E96-FD9C-464F-B62B-CB23A86540C8.root?tried=.
%MSG
05-Mar-2024 17:46:36 CET  Fallback request to file root://xrootd-cms.infn.it//store/mc/RunIISummer20UL16MiniAODv2/DYJetsToLL_M-50_HT-2500toInf_TuneCP5_PSweights_13TeV-madgraphMLM-pythia8/MINIAODSIM/106X_mcRun2_asymptotic_v17-v2/2430000/E5EB3E96-FD9C-464F-B62B-CB23A86540C8.root
%MSG-w XrdAdaptor:  file_open 05-Mar-2024 17:46:50 CET PostProcessEvent
Data is served from T2_US_Florida instead of original site T2_FR_GRIF_LLR
%MSG
05-Mar-2024 17:46:51 CET  Successfully opened file root://xrootd-cms.infn.it//store/mc/RunIISummer20UL16MiniAODv2/DYJetsToLL_M-50_HT-2500toInf_TuneCP5_PSweights_13TeV-madgraphMLM-pythia8/MINIAODSIM/106X_mcRun2_asymptotic_v17-v2/2430000/E5EB3E96-FD9C-464F-B62B-CB23A86540C8.root
05-Mar-2024 17:46:57 CET  Closed file root://xrootd-cms.infn.it//store/mc/RunIISummer20UL16MiniAODv2/DYJetsToLL_M-50_HT-2500toInf_TuneCP5_PSweights_13TeV-madgraphMLM-pythia8/MINIAODSIM/106X_mcRun2_asymptotic_v17-v2/2430000/E5EB3E96-FD9C-464F-B62B-CB23A86540C8.root
05-Mar-2024 17:46:57 CET  Initiating request to open file root://eoscms.cern.ch//eos/cms/store/mc/RunIISummer20UL16MiniAODv2/DYJetsToLL_M-50_HT-2500toInf_TuneCP5_PSweights_13TeV-madgraphMLM-pythia8/MINIAODSIM/106X_mcRun2_asymptotic_v17-v2/2430000/D1A87D7A-3D26-4044-BF4B-8E2D32BF9043.root
%MSG-w XrdAdaptorInternal:  file_open 05-Mar-2024 17:46:58 CET PostProcessEvent
Failed to open file at URL root://eoscms.cern.ch:1094//eos/cms/store/mc/RunIISummer20UL16MiniAODv2/DYJetsToLL_M-50_HT-2500toInf_TuneCP5_PSweights_13TeV-madgraphMLM-pythia8/MINIAODSIM/106X_mcRun2_asymptotic_v17-v2/2430000/D1A87D7A-3D26-4044-BF4B-8E2D32BF9043.root.
%MSG
%MSG-w XrdAdaptorInternal:  file_open 05-Mar-2024 17:46:58 CET PostProcessEvent
Failed to open file at URL root://eoscms.cern.ch:1094//eos/cms/store/mc/RunIISummer20UL16MiniAODv2/DYJetsToLL_M-50_HT-2500toInf_TuneCP5_PSweights_13TeV-madgraphMLM-pythia8/MINIAODSIM/106X_mcRun2_asymptotic_v17-v2/2430000/D1A87D7A-3D26-4044-BF4B-8E2D32BF9043.root?tried=.
%MSG
05-Mar-2024 17:46:58 CET  Fallback request to file root://xrootd-cms.infn.it//store/mc/RunIISummer20UL16MiniAODv2/DYJetsToLL_M-50_HT-2500toInf_TuneCP5_PSweights_13TeV-madgraphMLM-pythia8/MINIAODSIM/106X_mcRun2_asymptotic_v17-v2/2430000/D1A87D7A-3D26-4044-BF4B-8E2D32BF9043.root
%MSG-w XrdAdaptor:  file_open 05-Mar-2024 17:47:12 CET PostProcessEvent
Data is served from T2_US_Florida instead of original site T2_FR_GRIF_LLR
%MSG
05-Mar-2024 17:47:13 CET  Successfully opened file root://xrootd-cms.infn.it//store/mc/RunIISummer20UL16MiniAODv2/DYJetsToLL_M-50_HT-2500toInf_TuneCP5_PSweights_13TeV-madgraphMLM-pythia8/MINIAODSIM/106X_mcRun2_asymptotic_v17-v2/2430000/D1A87D7A-3D26-4044-BF4B-8E2D32BF9043.root
05-Mar-2024 17:47:17 CET  Closed file root://xrootd-cms.infn.it//store/mc/RunIISummer20UL16MiniAODv2/DYJetsToLL_M-50_HT-2500toInf_TuneCP5_PSweights_13TeV-madgraphMLM-pythia8/MINIAODSIM/106X_mcRun2_asymptotic_v17-v2/2430000/D1A87D7A-3D26-4044-BF4B-8E2D32BF9043.root
05-Mar-2024 17:47:17 CET  Initiating request to open file root://eoscms.cern.ch//eos/cms/store/mc/RunIISummer20UL16MiniAODv2/DYJetsToLL_M-50_HT-2500toInf_TuneCP5_PSweights_13TeV-madgraphMLM-pythia8/MINIAODSIM/106X_mcRun2_asymptotic_v17-v2/2430000/94A61EC7-5E5E-9544-8CBA-0FDD5C3EADF0.root
%MSG-w XrdAdaptorInternal:  file_open 05-Mar-2024 17:47:18 CET PostProcessEvent
Failed to open file at URL root://eoscms.cern.ch:1094//eos/cms/store/mc/RunIISummer20UL16MiniAODv2/DYJetsToLL_M-50_HT-2500toInf_TuneCP5_PSweights_13TeV-madgraphMLM-pythia8/MINIAODSIM/106X_mcRun2_asymptotic_v17-v2/2430000/94A61EC7-5E5E-9544-8CBA-0FDD5C3EADF0.root.
%MSG
%MSG-w XrdAdaptorInternal:  file_open 05-Mar-2024 17:47:18 CET PostProcessEvent
Failed to open file at URL root://eoscms.cern.ch:1094//eos/cms/store/mc/RunIISummer20UL16MiniAODv2/DYJetsToLL_M-50_HT-2500toInf_TuneCP5_PSweights_13TeV-madgraphMLM-pythia8/MINIAODSIM/106X_mcRun2_asymptotic_v17-v2/2430000/94A61EC7-5E5E-9544-8CBA-0FDD5C3EADF0.root?tried=.
%MSG
05-Mar-2024 17:47:18 CET  Fallback request to file root://xrootd-cms.infn.it//store/mc/RunIISummer20UL16MiniAODv2/DYJetsToLL_M-50_HT-2500toInf_TuneCP5_PSweights_13TeV-madgraphMLM-pythia8/MINIAODSIM/106X_mcRun2_asymptotic_v17-v2/2430000/94A61EC7-5E5E-9544-8CBA-0FDD5C3EADF0.root
%MSG-w XrdAdaptor:  file_open 05-Mar-2024 17:47:31 CET PostProcessEvent
Data is served from fnal.gov instead of original site T2_FR_GRIF_LLR
%MSG
05-Mar-2024 17:47:31 CET  Successfully opened file root://xrootd-cms.infn.it//store/mc/RunIISummer20UL16MiniAODv2/DYJetsToLL_M-50_HT-2500toInf_TuneCP5_PSweights_13TeV-madgraphMLM-pythia8/MINIAODSIM/106X_mcRun2_asymptotic_v17-v2/2430000/94A61EC7-5E5E-9544-8CBA-0FDD5C3EADF0.root
Unable to load sec.protocol plugin libXrdSecztn.so
05-Mar-2024 17:47:37 CET  Closed file root://xrootd-cms.infn.it//store/mc/RunIISummer20UL16MiniAODv2/DYJetsToLL_M-50_HT-2500toInf_TuneCP5_PSweights_13TeV-madgraphMLM-pythia8/MINIAODSIM/106X_mcRun2_asymptotic_v17-v2/2430000/94A61EC7-5E5E-9544-8CBA-0FDD5C3EADF0.root
05-Mar-2024 17:47:37 CET  Initiating request to open file root://eoscms.cern.ch//eos/cms/store/mc/RunIISummer20UL16MiniAODv2/DYJetsToLL_M-50_HT-2500toInf_TuneCP5_PSweights_13TeV-madgraphMLM-pythia8/MINIAODSIM/106X_mcRun2_asymptotic_v17-v2/260000/D6474380-2778-0847-9DDD-3D4418A6F742.root
%MSG-w XrdAdaptorInternal:  file_open 05-Mar-2024 17:47:38 CET PostProcessEvent
Failed to open file at URL root://eoscms.cern.ch:1094//eos/cms/store/mc/RunIISummer20UL16MiniAODv2/DYJetsToLL_M-50_HT-2500toInf_TuneCP5_PSweights_13TeV-madgraphMLM-pythia8/MINIAODSIM/106X_mcRun2_asymptotic_v17-v2/260000/D6474380-2778-0847-9DDD-3D4418A6F742.root.
%MSG
%MSG-w XrdAdaptorInternal:  file_open 05-Mar-2024 17:47:38 CET PostProcessEvent
Failed to open file at URL root://eoscms.cern.ch:1094//eos/cms/store/mc/RunIISummer20UL16MiniAODv2/DYJetsToLL_M-50_HT-2500toInf_TuneCP5_PSweights_13TeV-madgraphMLM-pythia8/MINIAODSIM/106X_mcRun2_asymptotic_v17-v2/260000/D6474380-2778-0847-9DDD-3D4418A6F742.root?tried=.
%MSG
05-Mar-2024 17:47:38 CET  Fallback request to file root://xrootd-cms.infn.it//store/mc/RunIISummer20UL16MiniAODv2/DYJetsToLL_M-50_HT-2500toInf_TuneCP5_PSweights_13TeV-madgraphMLM-pythia8/MINIAODSIM/106X_mcRun2_asymptotic_v17-v2/260000/D6474380-2778-0847-9DDD-3D4418A6F742.root
%MSG-w XrdAdaptor:  file_open 05-Mar-2024 17:47:51 CET PostProcessEvent
Data is served from T2_US_Vanderbilt instead of original site T2_FR_GRIF_LLR
%MSG
05-Mar-2024 17:47:52 CET  Successfully opened file root://xrootd-cms.infn.it//store/mc/RunIISummer20UL16MiniAODv2/DYJetsToLL_M-50_HT-2500toInf_TuneCP5_PSweights_13TeV-madgraphMLM-pythia8/MINIAODSIM/106X_mcRun2_asymptotic_v17-v2/260000/D6474380-2778-0847-9DDD-3D4418A6F742.root
      0.007298      0.000050      0.000007             3
      0.001235      0.000023      0.000007             2
      0.024302      0.000106      0.000007             4
 
05-Mar-2024 17:48:03 CET  Closed file root://xrootd-cms.infn.it//store/mc/RunIISummer20UL16MiniAODv2/DYJetsToLL_M-50_HT-2500toInf_TuneCP5_PSweights_13TeV-madgraphMLM-pythia8/MINIAODSIM/106X_mcRun2_asymptotic_v17-v2/260000/D6474380-2778-0847-9DDD-3D4418A6F742.root

------------------------------------
GenXsecAnalyzer:
------------------------------------
-------------------------------------------------------------------------------------------------------------------------------------------------------------------------- 
Overall cross-section summary 
--------------------------------------------------------------------------------------------------------------------------------------------------------------------------
Process		xsec_before [pb]		passed	nposw	nnegw	tried	nposw	nnegw 	xsec_match [pb]			accepted [%]	 event_eff [%]
0		6.888e-06 +/- 2.653e-08		5	5	0	162	162	0	2.126e-07 +/- 9.361e-08		3.1 +/- 1.4	3.1 +/- 1.4
1		1.212e-03 +/- 5.187e-07		12108	12108	0	282914	282914	0	5.187e-05 +/- 4.617e-07		4.3 +/- 0.0	4.3 +/- 0.0
2		7.290e-03 +/- 1.322e-06		39292	39292	0	1728225	1728225	0	1.657e-04 +/- 8.271e-07		2.3 +/- 0.0	2.3 +/- 0.0
3		2.419e-02 +/- 2.648e-06		645406	645406	0	5642270	5642270	0	2.768e-03 +/- 3.256e-06		11.4 +/- 0.0	11.4 +/- 0.0
-------------------------------------------------------------------------------------------------------------------------------------------------------------------------- 
Total		3.270e-02 +/- 3.005e-06		696811	696811	0	7653571	7653571	0	2.977e-03 +/- 3.412e-06		9.1 +/- 0.0	9.1 +/- 0.0
--------------------------------------------------------------------------------------------------------------------------------------------------------------------------
Before matching: total cross section = 3.270e-02 +- 3.005e-06 pb
After matching: total cross section = 2.977e-03 +- 3.412e-06 pb
Matching efficiency = 0.1 +/- 0.0   [TO BE USED IN MCM]
Filter efficiency (taking into account weights)= (696811) / (696811) = 1.000e+00 +- 0.000e+00
Filter efficiency (event-level)= (696811) / (696811) = 1.000e+00 +- 0.000e+00    [TO BE USED IN MCM]

After filter: final cross section = 2.977e-03 +- 3.412e-06 pb
After filter: final fraction of events with negative weights = 0.000e+00 +- 0.000e+00
After filter: final equivalent lumi for 1M events (1/fb) = 3.359e+05 +- 5.108e+02

=============================================

MessageLogger Summary

 type     category        sev    module        subroutine        count    total
 ---- -------------------- -- ---------------- ----------------  -----    -----
    1 GenXSecAnalyzer      -w GenXSecAnalyzer:                      18       18
    2 XrdAdaptor           -w (NoModuleName)                         1        1
    3 XrdAdaptor           -w file_open                             36       36
    4 XrdAdaptorInternal   -w file_open                             72       72
    5 fileAction           -s file_close                            36       36
    6 fileAction           -s file_open                            108      108

 type    category    Examples: run/evt        run/evt          run/evt
 ---- -------------------- ---------------- ---------------- ----------------
    1 GenXSecAnalyzer      PostGlobalEndRun PostGlobalEndRun PostGlobalEndRun
    2 XrdAdaptor           pre-events                        
    3 XrdAdaptor           pre-events       PostProcessEvent PostProcessEvent
    4 XrdAdaptorInternal   pre-events       pre-events       PostProcessEvent
    5 fileAction           PostProcessEvent PostProcessEvent PostGlobalEndRun
    6 fileAction           pre-events       pre-events       PostProcessEvent

Severity    # Occurrences   Total Occurrences
--------    -------------   -----------------
Warning               127                 127
System                144                 144

dropped waiting message count 0
