02-Mar-2024 12:52:07 CET  Initiating request to open file root://eoscms.cern.ch//eos/cms/store/mc/RunIISummer20UL16MiniAODv2/ZZZ_TuneCP5_13TeV-amcatnlo-pythia8/MINIAODSIM/106X_mcRun2_asymptotic_v17-v1/120000/6FEFC983-493B-AF48-A6FB-D90FDD5BE759.root
%MSG-w XrdAdaptorInternal:  file_open 02-Mar-2024 12:52:08 CET pre-events
Failed to open file at URL root://eoscms.cern.ch:1094//eos/cms/store/mc/RunIISummer20UL16MiniAODv2/ZZZ_TuneCP5_13TeV-amcatnlo-pythia8/MINIAODSIM/106X_mcRun2_asymptotic_v17-v1/120000/6FEFC983-493B-AF48-A6FB-D90FDD5BE759.root.
%MSG
%MSG-w XrdAdaptorInternal:  file_open 02-Mar-2024 12:52:08 CET pre-events
Failed to open file at URL root://eoscms.cern.ch:1094//eos/cms/store/mc/RunIISummer20UL16MiniAODv2/ZZZ_TuneCP5_13TeV-amcatnlo-pythia8/MINIAODSIM/106X_mcRun2_asymptotic_v17-v1/120000/6FEFC983-493B-AF48-A6FB-D90FDD5BE759.root?tried=.
%MSG
02-Mar-2024 12:52:08 CET  Fallback request to file root://xrootd-cms.infn.it//store/mc/RunIISummer20UL16MiniAODv2/ZZZ_TuneCP5_13TeV-amcatnlo-pythia8/MINIAODSIM/106X_mcRun2_asymptotic_v17-v1/120000/6FEFC983-493B-AF48-A6FB-D90FDD5BE759.root
%MSG-w XrdAdaptor:  file_open 02-Mar-2024 12:52:12 CET pre-events
Data is served from T2_US_MIT instead of original site T2_FR_GRIF_LLR
%MSG
02-Mar-2024 12:52:18 CET  Successfully opened file root://xrootd-cms.infn.it//store/mc/RunIISummer20UL16MiniAODv2/ZZZ_TuneCP5_13TeV-amcatnlo-pythia8/MINIAODSIM/106X_mcRun2_asymptotic_v17-v1/120000/6FEFC983-493B-AF48-A6FB-D90FDD5BE759.root
Begin processing the 1st record. Run 1, Event 3013, LumiSection 4 on stream 0 at 02-Mar-2024 12:52:23.553 CET
02-Mar-2024 12:52:24 CET  Closed file root://xrootd-cms.infn.it//store/mc/RunIISummer20UL16MiniAODv2/ZZZ_TuneCP5_13TeV-amcatnlo-pythia8/MINIAODSIM/106X_mcRun2_asymptotic_v17-v1/120000/6FEFC983-493B-AF48-A6FB-D90FDD5BE759.root
02-Mar-2024 12:52:24 CET  Initiating request to open file root://eoscms.cern.ch//eos/cms/store/mc/RunIISummer20UL16MiniAODv2/ZZZ_TuneCP5_13TeV-amcatnlo-pythia8/MINIAODSIM/106X_mcRun2_asymptotic_v17-v1/270000/F1FFC265-F9D9-D344-A71F-DAA550EF1089.root
%MSG-w XrdAdaptorInternal:  file_open 02-Mar-2024 12:52:25 CET PostProcessEvent
Failed to open file at URL root://eoscms.cern.ch:1094//eos/cms/store/mc/RunIISummer20UL16MiniAODv2/ZZZ_TuneCP5_13TeV-amcatnlo-pythia8/MINIAODSIM/106X_mcRun2_asymptotic_v17-v1/270000/F1FFC265-F9D9-D344-A71F-DAA550EF1089.root.
%MSG
%MSG-w XrdAdaptorInternal:  file_open 02-Mar-2024 12:52:25 CET PostProcessEvent
Failed to open file at URL root://eoscms.cern.ch:1094//eos/cms/store/mc/RunIISummer20UL16MiniAODv2/ZZZ_TuneCP5_13TeV-amcatnlo-pythia8/MINIAODSIM/106X_mcRun2_asymptotic_v17-v1/270000/F1FFC265-F9D9-D344-A71F-DAA550EF1089.root?tried=.
%MSG
02-Mar-2024 12:52:25 CET  Fallback request to file root://xrootd-cms.infn.it//store/mc/RunIISummer20UL16MiniAODv2/ZZZ_TuneCP5_13TeV-amcatnlo-pythia8/MINIAODSIM/106X_mcRun2_asymptotic_v17-v1/270000/F1FFC265-F9D9-D344-A71F-DAA550EF1089.root
Unable to load sec.protocol plugin libXrdSecztn.so
%MSG-w XrdAdaptor:  file_open 02-Mar-2024 12:52:29 CET PostProcessEvent
Data is served from fnal.gov instead of original site T2_FR_GRIF_LLR
%MSG
02-Mar-2024 12:52:29 CET  Successfully opened file root://xrootd-cms.infn.it//store/mc/RunIISummer20UL16MiniAODv2/ZZZ_TuneCP5_13TeV-amcatnlo-pythia8/MINIAODSIM/106X_mcRun2_asymptotic_v17-v1/270000/F1FFC265-F9D9-D344-A71F-DAA550EF1089.root
02-Mar-2024 12:52:33 CET  Closed file root://xrootd-cms.infn.it//store/mc/RunIISummer20UL16MiniAODv2/ZZZ_TuneCP5_13TeV-amcatnlo-pythia8/MINIAODSIM/106X_mcRun2_asymptotic_v17-v1/270000/F1FFC265-F9D9-D344-A71F-DAA550EF1089.root
02-Mar-2024 12:52:33 CET  Initiating request to open file root://eoscms.cern.ch//eos/cms/store/mc/RunIISummer20UL16MiniAODv2/ZZZ_TuneCP5_13TeV-amcatnlo-pythia8/MINIAODSIM/106X_mcRun2_asymptotic_v17-v1/270000/7A23DC04-74EA-284B-B4D5-63F0357634C5.root
%MSG-w XrdAdaptorInternal:  file_open 02-Mar-2024 12:52:34 CET PostProcessEvent
Failed to open file at URL root://eoscms.cern.ch:1094//eos/cms/store/mc/RunIISummer20UL16MiniAODv2/ZZZ_TuneCP5_13TeV-amcatnlo-pythia8/MINIAODSIM/106X_mcRun2_asymptotic_v17-v1/270000/7A23DC04-74EA-284B-B4D5-63F0357634C5.root.
%MSG
%MSG-w XrdAdaptorInternal:  file_open 02-Mar-2024 12:52:34 CET PostProcessEvent
Failed to open file at URL root://eoscms.cern.ch:1094//eos/cms/store/mc/RunIISummer20UL16MiniAODv2/ZZZ_TuneCP5_13TeV-amcatnlo-pythia8/MINIAODSIM/106X_mcRun2_asymptotic_v17-v1/270000/7A23DC04-74EA-284B-B4D5-63F0357634C5.root?tried=.
%MSG
02-Mar-2024 12:52:34 CET  Fallback request to file root://xrootd-cms.infn.it//store/mc/RunIISummer20UL16MiniAODv2/ZZZ_TuneCP5_13TeV-amcatnlo-pythia8/MINIAODSIM/106X_mcRun2_asymptotic_v17-v1/270000/7A23DC04-74EA-284B-B4D5-63F0357634C5.root
Unable to load sec.protocol plugin libXrdSecztn.so
%MSG-w XrdAdaptor:  file_open 02-Mar-2024 12:52:38 CET PostProcessEvent
Data is served from fnal.gov instead of original site T2_FR_GRIF_LLR
%MSG
02-Mar-2024 12:52:39 CET  Successfully opened file root://xrootd-cms.infn.it//store/mc/RunIISummer20UL16MiniAODv2/ZZZ_TuneCP5_13TeV-amcatnlo-pythia8/MINIAODSIM/106X_mcRun2_asymptotic_v17-v1/270000/7A23DC04-74EA-284B-B4D5-63F0357634C5.root
02-Mar-2024 12:52:43 CET  Closed file root://xrootd-cms.infn.it//store/mc/RunIISummer20UL16MiniAODv2/ZZZ_TuneCP5_13TeV-amcatnlo-pythia8/MINIAODSIM/106X_mcRun2_asymptotic_v17-v1/270000/7A23DC04-74EA-284B-B4D5-63F0357634C5.root
02-Mar-2024 12:52:43 CET  Initiating request to open file root://eoscms.cern.ch//eos/cms/store/mc/RunIISummer20UL16MiniAODv2/ZZZ_TuneCP5_13TeV-amcatnlo-pythia8/MINIAODSIM/106X_mcRun2_asymptotic_v17-v1/120000/0BD1D957-D2BA-2A40-B3D3-AA4230AF4C3C.root
%MSG-w XrdAdaptorInternal:  file_open 02-Mar-2024 12:52:44 CET PostProcessEvent
Failed to open file at URL root://eoscms.cern.ch:1094//eos/cms/store/mc/RunIISummer20UL16MiniAODv2/ZZZ_TuneCP5_13TeV-amcatnlo-pythia8/MINIAODSIM/106X_mcRun2_asymptotic_v17-v1/120000/0BD1D957-D2BA-2A40-B3D3-AA4230AF4C3C.root.
%MSG
%MSG-w XrdAdaptorInternal:  file_open 02-Mar-2024 12:52:44 CET PostProcessEvent
Failed to open file at URL root://eoscms.cern.ch:1094//eos/cms/store/mc/RunIISummer20UL16MiniAODv2/ZZZ_TuneCP5_13TeV-amcatnlo-pythia8/MINIAODSIM/106X_mcRun2_asymptotic_v17-v1/120000/0BD1D957-D2BA-2A40-B3D3-AA4230AF4C3C.root?tried=.
%MSG
02-Mar-2024 12:52:44 CET  Fallback request to file root://xrootd-cms.infn.it//store/mc/RunIISummer20UL16MiniAODv2/ZZZ_TuneCP5_13TeV-amcatnlo-pythia8/MINIAODSIM/106X_mcRun2_asymptotic_v17-v1/120000/0BD1D957-D2BA-2A40-B3D3-AA4230AF4C3C.root
Unable to load sec.protocol plugin libXrdSecztn.so
%MSG-w XrdAdaptor:  file_open 02-Mar-2024 12:52:47 CET PostProcessEvent
Data is served from fnal.gov instead of original site T2_FR_GRIF_LLR
%MSG
02-Mar-2024 12:52:48 CET  Successfully opened file root://xrootd-cms.infn.it//store/mc/RunIISummer20UL16MiniAODv2/ZZZ_TuneCP5_13TeV-amcatnlo-pythia8/MINIAODSIM/106X_mcRun2_asymptotic_v17-v1/120000/0BD1D957-D2BA-2A40-B3D3-AA4230AF4C3C.root
02-Mar-2024 12:53:24 CET  Closed file root://xrootd-cms.infn.it//store/mc/RunIISummer20UL16MiniAODv2/ZZZ_TuneCP5_13TeV-amcatnlo-pythia8/MINIAODSIM/106X_mcRun2_asymptotic_v17-v1/120000/0BD1D957-D2BA-2A40-B3D3-AA4230AF4C3C.root
02-Mar-2024 12:53:24 CET  Initiating request to open file root://eoscms.cern.ch//eos/cms/store/mc/RunIISummer20UL16MiniAODv2/ZZZ_TuneCP5_13TeV-amcatnlo-pythia8/MINIAODSIM/106X_mcRun2_asymptotic_v17-v1/120000/9C58BE54-17E6-6343-889A-E3AF58349FFF.root
%MSG-w XrdAdaptorInternal:  file_open 02-Mar-2024 12:53:25 CET PostProcessEvent
Failed to open file at URL root://eoscms.cern.ch:1094//eos/cms/store/mc/RunIISummer20UL16MiniAODv2/ZZZ_TuneCP5_13TeV-amcatnlo-pythia8/MINIAODSIM/106X_mcRun2_asymptotic_v17-v1/120000/9C58BE54-17E6-6343-889A-E3AF58349FFF.root.
%MSG
%MSG-w XrdAdaptorInternal:  file_open 02-Mar-2024 12:53:25 CET PostProcessEvent
Failed to open file at URL root://eoscms.cern.ch:1094//eos/cms/store/mc/RunIISummer20UL16MiniAODv2/ZZZ_TuneCP5_13TeV-amcatnlo-pythia8/MINIAODSIM/106X_mcRun2_asymptotic_v17-v1/120000/9C58BE54-17E6-6343-889A-E3AF58349FFF.root?tried=.
%MSG
02-Mar-2024 12:53:25 CET  Fallback request to file root://xrootd-cms.infn.it//store/mc/RunIISummer20UL16MiniAODv2/ZZZ_TuneCP5_13TeV-amcatnlo-pythia8/MINIAODSIM/106X_mcRun2_asymptotic_v17-v1/120000/9C58BE54-17E6-6343-889A-E3AF58349FFF.root
%MSG-w XrdAdaptor:  file_open 02-Mar-2024 12:53:29 CET PostProcessEvent
Data is served from T2_US_Wisconsin instead of original site T2_FR_GRIF_LLR
%MSG
02-Mar-2024 12:53:30 CET  Successfully opened file root://xrootd-cms.infn.it//store/mc/RunIISummer20UL16MiniAODv2/ZZZ_TuneCP5_13TeV-amcatnlo-pythia8/MINIAODSIM/106X_mcRun2_asymptotic_v17-v1/120000/9C58BE54-17E6-6343-889A-E3AF58349FFF.root
02-Mar-2024 12:53:41 CET  Closed file root://xrootd-cms.infn.it//store/mc/RunIISummer20UL16MiniAODv2/ZZZ_TuneCP5_13TeV-amcatnlo-pythia8/MINIAODSIM/106X_mcRun2_asymptotic_v17-v1/120000/9C58BE54-17E6-6343-889A-E3AF58349FFF.root
02-Mar-2024 12:53:41 CET  Initiating request to open file root://eoscms.cern.ch//eos/cms/store/mc/RunIISummer20UL16MiniAODv2/ZZZ_TuneCP5_13TeV-amcatnlo-pythia8/MINIAODSIM/106X_mcRun2_asymptotic_v17-v1/120000/80A664E5-1649-7744-A06B-F0532C255EA3.root
%MSG-w XrdAdaptorInternal:  file_open 02-Mar-2024 12:53:42 CET PostProcessEvent
Failed to open file at URL root://eoscms.cern.ch:1094//eos/cms/store/mc/RunIISummer20UL16MiniAODv2/ZZZ_TuneCP5_13TeV-amcatnlo-pythia8/MINIAODSIM/106X_mcRun2_asymptotic_v17-v1/120000/80A664E5-1649-7744-A06B-F0532C255EA3.root.
%MSG
%MSG-w XrdAdaptorInternal:  file_open 02-Mar-2024 12:53:42 CET PostProcessEvent
Failed to open file at URL root://eoscms.cern.ch:1094//eos/cms/store/mc/RunIISummer20UL16MiniAODv2/ZZZ_TuneCP5_13TeV-amcatnlo-pythia8/MINIAODSIM/106X_mcRun2_asymptotic_v17-v1/120000/80A664E5-1649-7744-A06B-F0532C255EA3.root?tried=.
%MSG
02-Mar-2024 12:53:42 CET  Fallback request to file root://xrootd-cms.infn.it//store/mc/RunIISummer20UL16MiniAODv2/ZZZ_TuneCP5_13TeV-amcatnlo-pythia8/MINIAODSIM/106X_mcRun2_asymptotic_v17-v1/120000/80A664E5-1649-7744-A06B-F0532C255EA3.root
%MSG-w XrdAdaptor:  file_open 02-Mar-2024 12:53:45 CET PostProcessEvent
Data is served from T2_US_Wisconsin instead of original site T2_FR_GRIF_LLR
%MSG
02-Mar-2024 12:53:46 CET  Successfully opened file root://xrootd-cms.infn.it//store/mc/RunIISummer20UL16MiniAODv2/ZZZ_TuneCP5_13TeV-amcatnlo-pythia8/MINIAODSIM/106X_mcRun2_asymptotic_v17-v1/120000/80A664E5-1649-7744-A06B-F0532C255EA3.root
      0.014758      0.000015      0.016572             0
 
02-Mar-2024 12:53:52 CET  Closed file root://xrootd-cms.infn.it//store/mc/RunIISummer20UL16MiniAODv2/ZZZ_TuneCP5_13TeV-amcatnlo-pythia8/MINIAODSIM/106X_mcRun2_asymptotic_v17-v1/120000/80A664E5-1649-7744-A06B-F0532C255EA3.root

------------------------------------
GenXsecAnalyzer:
------------------------------------
-------------------------------------------------------------------------------------------------------------------------------------------------------------------------- 
Overall cross-section summary 
--------------------------------------------------------------------------------------------------------------------------------------------------------------------------
Process		xsec_before [pb]		passed	nposw	nnegw	tried	nposw	nnegw 	xsec_match [pb]			accepted [%]	 event_eff [%]
0		1.476e-02 +/- 2.347e-06		72000	68179	3821	72000	68179	3821	1.476e-02 +/- 2.347e-06		100.0 +/- 0.0	100.0 +/- 0.0
-------------------------------------------------------------------------------------------------------------------------------------------------------------------------- 
Total		1.476e-02 +/- 2.347e-06		72000	68179	3821	72000	68179	3821	1.476e-02 +/- 2.347e-06		100.0 +/- 0.0	100.0 +/- 0.0
--------------------------------------------------------------------------------------------------------------------------------------------------------------------------
Before matching: total cross section = 1.476e-02 +- 2.347e-06 pb
After matching: total cross section = 1.476e-02 +- 2.347e-06 pb
Matching efficiency = 1.0 +/- 0.0   [TO BE USED IN MCM]
Filter efficiency (taking into account weights)= (1066.52) / (1066.52) = 1.000e+00 +- 0.000e+00
Filter efficiency (event-level)= (72000) / (72000) = 1.000e+00 +- 0.000e+00    [TO BE USED IN MCM]

After filter: final cross section = 1.476e-02 +- 2.347e-06 pb
After filter: final fraction of events with negative weights = 5.307e-02 +- 1.568e-05
After filter: final equivalent lumi for 1M events (1/fb) = 5.414e+04 +- 4.912e+01

=============================================

MessageLogger Summary

 type     category        sev    module        subroutine        count    total
 ---- -------------------- -- ---------------- ----------------  -----    -----
    1 GenXSecAnalyzer      -w GenXSecAnalyzer:                      15       15
    2 XrdAdaptor           -w file_open                              6        6
    3 XrdAdaptorInternal   -w file_open                             12       12
    4 fileAction           -s file_close                             6        6
    5 fileAction           -s file_open                             18       18

 type    category    Examples: run/evt        run/evt          run/evt
 ---- -------------------- ---------------- ---------------- ----------------
    1 GenXSecAnalyzer      PostGlobalEndRun PostGlobalEndRun PostGlobalEndRun
    2 XrdAdaptor           pre-events       PostProcessEvent PostProcessEvent
    3 XrdAdaptorInternal   pre-events       pre-events       PostProcessEvent
    4 fileAction           PostProcessEvent PostProcessEvent PostGlobalEndRun
    5 fileAction           pre-events       pre-events       PostProcessEvent

Severity    # Occurrences   Total Occurrences
--------    -------------   -----------------
Warning                33                  33
System                 24                  24

dropped waiting message count 0
