08-Mar-2024 21:50:37 CET  Initiating request to open file root://eoscms.cern.ch//eos/cms/store/mc/RunIISummer20UL16MiniAODv2/ZJetsToNuNu_HT-1200To2500_TuneCP5_13TeV-madgraphMLM-pythia8/MINIAODSIM/106X_mcRun2_asymptotic_v17-v2/270000/1F0E5A95-B724-0949-B89B-A42863BD709E.root
%MSG-w XrdAdaptorInternal:  file_open 08-Mar-2024 21:50:38 CET pre-events
Failed to open file at URL root://eoscms.cern.ch:1094//eos/cms/store/mc/RunIISummer20UL16MiniAODv2/ZJetsToNuNu_HT-1200To2500_TuneCP5_13TeV-madgraphMLM-pythia8/MINIAODSIM/106X_mcRun2_asymptotic_v17-v2/270000/1F0E5A95-B724-0949-B89B-A42863BD709E.root.
%MSG
%MSG-w XrdAdaptorInternal:  file_open 08-Mar-2024 21:50:38 CET pre-events
Failed to open file at URL root://eoscms.cern.ch:1094//eos/cms/store/mc/RunIISummer20UL16MiniAODv2/ZJetsToNuNu_HT-1200To2500_TuneCP5_13TeV-madgraphMLM-pythia8/MINIAODSIM/106X_mcRun2_asymptotic_v17-v2/270000/1F0E5A95-B724-0949-B89B-A42863BD709E.root?tried=.
%MSG
08-Mar-2024 21:50:38 CET  Fallback request to file root://xrootd-cms.infn.it//store/mc/RunIISummer20UL16MiniAODv2/ZJetsToNuNu_HT-1200To2500_TuneCP5_13TeV-madgraphMLM-pythia8/MINIAODSIM/106X_mcRun2_asymptotic_v17-v2/270000/1F0E5A95-B724-0949-B89B-A42863BD709E.root
%MSG-w XrdAdaptor:  file_open 08-Mar-2024 21:50:50 CET pre-events
Data is served from T2_US_Caltech instead of original site infn.it
%MSG
08-Mar-2024 21:50:57 CET  Successfully opened file root://xrootd-cms.infn.it//store/mc/RunIISummer20UL16MiniAODv2/ZJetsToNuNu_HT-1200To2500_TuneCP5_13TeV-madgraphMLM-pythia8/MINIAODSIM/106X_mcRun2_asymptotic_v17-v2/270000/1F0E5A95-B724-0949-B89B-A42863BD709E.root
Begin processing the 1st record. Run 1, Event 1055736, LumiSection 153 on stream 0 at 08-Mar-2024 21:51:05.803 CET
08-Mar-2024 21:51:06 CET  Closed file root://xrootd-cms.infn.it//store/mc/RunIISummer20UL16MiniAODv2/ZJetsToNuNu_HT-1200To2500_TuneCP5_13TeV-madgraphMLM-pythia8/MINIAODSIM/106X_mcRun2_asymptotic_v17-v2/270000/1F0E5A95-B724-0949-B89B-A42863BD709E.root
08-Mar-2024 21:51:06 CET  Initiating request to open file root://eoscms.cern.ch//eos/cms/store/mc/RunIISummer20UL16MiniAODv2/ZJetsToNuNu_HT-1200To2500_TuneCP5_13TeV-madgraphMLM-pythia8/MINIAODSIM/106X_mcRun2_asymptotic_v17-v2/260000/9BC64BE6-E336-2F4C-99AA-B92A43D79972.root
%MSG-w XrdAdaptorInternal:  file_open 08-Mar-2024 21:51:07 CET PostProcessEvent
Failed to open file at URL root://eoscms.cern.ch:1094//eos/cms/store/mc/RunIISummer20UL16MiniAODv2/ZJetsToNuNu_HT-1200To2500_TuneCP5_13TeV-madgraphMLM-pythia8/MINIAODSIM/106X_mcRun2_asymptotic_v17-v2/260000/9BC64BE6-E336-2F4C-99AA-B92A43D79972.root.
%MSG
%MSG-w XrdAdaptorInternal:  file_open 08-Mar-2024 21:51:07 CET PostProcessEvent
Failed to open file at URL root://eoscms.cern.ch:1094//eos/cms/store/mc/RunIISummer20UL16MiniAODv2/ZJetsToNuNu_HT-1200To2500_TuneCP5_13TeV-madgraphMLM-pythia8/MINIAODSIM/106X_mcRun2_asymptotic_v17-v2/260000/9BC64BE6-E336-2F4C-99AA-B92A43D79972.root?tried=.
%MSG
08-Mar-2024 21:51:07 CET  Fallback request to file root://xrootd-cms.infn.it//store/mc/RunIISummer20UL16MiniAODv2/ZJetsToNuNu_HT-1200To2500_TuneCP5_13TeV-madgraphMLM-pythia8/MINIAODSIM/106X_mcRun2_asymptotic_v17-v2/260000/9BC64BE6-E336-2F4C-99AA-B92A43D79972.root
Unable to load sec.protocol plugin libXrdSecztn.so
%MSG-w XrdAdaptor:  file_open 08-Mar-2024 21:51:23 CET PostProcessEvent
Data is served from fnal.gov instead of original site infn.it
%MSG
08-Mar-2024 21:51:24 CET  Successfully opened file root://xrootd-cms.infn.it//store/mc/RunIISummer20UL16MiniAODv2/ZJetsToNuNu_HT-1200To2500_TuneCP5_13TeV-madgraphMLM-pythia8/MINIAODSIM/106X_mcRun2_asymptotic_v17-v2/260000/9BC64BE6-E336-2F4C-99AA-B92A43D79972.root
08-Mar-2024 21:51:28 CET  Closed file root://xrootd-cms.infn.it//store/mc/RunIISummer20UL16MiniAODv2/ZJetsToNuNu_HT-1200To2500_TuneCP5_13TeV-madgraphMLM-pythia8/MINIAODSIM/106X_mcRun2_asymptotic_v17-v2/260000/9BC64BE6-E336-2F4C-99AA-B92A43D79972.root
08-Mar-2024 21:51:28 CET  Initiating request to open file root://eoscms.cern.ch//eos/cms/store/mc/RunIISummer20UL16MiniAODv2/ZJetsToNuNu_HT-1200To2500_TuneCP5_13TeV-madgraphMLM-pythia8/MINIAODSIM/106X_mcRun2_asymptotic_v17-v2/270000/D93FD955-D9EF-4D44-9935-8CDB85741F58.root
%MSG-w XrdAdaptorInternal:  file_open 08-Mar-2024 21:51:29 CET PostProcessEvent
Failed to open file at URL root://eoscms.cern.ch:1094//eos/cms/store/mc/RunIISummer20UL16MiniAODv2/ZJetsToNuNu_HT-1200To2500_TuneCP5_13TeV-madgraphMLM-pythia8/MINIAODSIM/106X_mcRun2_asymptotic_v17-v2/270000/D93FD955-D9EF-4D44-9935-8CDB85741F58.root.
%MSG
%MSG-w XrdAdaptorInternal:  file_open 08-Mar-2024 21:51:29 CET PostProcessEvent
Failed to open file at URL root://eoscms.cern.ch:1094//eos/cms/store/mc/RunIISummer20UL16MiniAODv2/ZJetsToNuNu_HT-1200To2500_TuneCP5_13TeV-madgraphMLM-pythia8/MINIAODSIM/106X_mcRun2_asymptotic_v17-v2/270000/D93FD955-D9EF-4D44-9935-8CDB85741F58.root?tried=.
%MSG
08-Mar-2024 21:51:29 CET  Fallback request to file root://xrootd-cms.infn.it//store/mc/RunIISummer20UL16MiniAODv2/ZJetsToNuNu_HT-1200To2500_TuneCP5_13TeV-madgraphMLM-pythia8/MINIAODSIM/106X_mcRun2_asymptotic_v17-v2/270000/D93FD955-D9EF-4D44-9935-8CDB85741F58.root
%MSG-w XrdAdaptor:  file_open 08-Mar-2024 21:51:40 CET PostProcessEvent
Data is served from T2_US_Nebraska instead of original site infn.it
%MSG
08-Mar-2024 21:51:41 CET  Successfully opened file root://xrootd-cms.infn.it//store/mc/RunIISummer20UL16MiniAODv2/ZJetsToNuNu_HT-1200To2500_TuneCP5_13TeV-madgraphMLM-pythia8/MINIAODSIM/106X_mcRun2_asymptotic_v17-v2/270000/D93FD955-D9EF-4D44-9935-8CDB85741F58.root
08-Mar-2024 21:51:47 CET  Closed file root://xrootd-cms.infn.it//store/mc/RunIISummer20UL16MiniAODv2/ZJetsToNuNu_HT-1200To2500_TuneCP5_13TeV-madgraphMLM-pythia8/MINIAODSIM/106X_mcRun2_asymptotic_v17-v2/270000/D93FD955-D9EF-4D44-9935-8CDB85741F58.root
08-Mar-2024 21:51:47 CET  Initiating request to open file root://eoscms.cern.ch//eos/cms/store/mc/RunIISummer20UL16MiniAODv2/ZJetsToNuNu_HT-1200To2500_TuneCP5_13TeV-madgraphMLM-pythia8/MINIAODSIM/106X_mcRun2_asymptotic_v17-v2/270000/027CF3A0-2103-4245-BA97-A269E8F1958F.root
%MSG-w XrdAdaptorInternal:  file_open 08-Mar-2024 21:51:48 CET PostProcessEvent
Failed to open file at URL root://eoscms.cern.ch:1094//eos/cms/store/mc/RunIISummer20UL16MiniAODv2/ZJetsToNuNu_HT-1200To2500_TuneCP5_13TeV-madgraphMLM-pythia8/MINIAODSIM/106X_mcRun2_asymptotic_v17-v2/270000/027CF3A0-2103-4245-BA97-A269E8F1958F.root.
%MSG
%MSG-w XrdAdaptorInternal:  file_open 08-Mar-2024 21:51:48 CET PostProcessEvent
Failed to open file at URL root://eoscms.cern.ch:1094//eos/cms/store/mc/RunIISummer20UL16MiniAODv2/ZJetsToNuNu_HT-1200To2500_TuneCP5_13TeV-madgraphMLM-pythia8/MINIAODSIM/106X_mcRun2_asymptotic_v17-v2/270000/027CF3A0-2103-4245-BA97-A269E8F1958F.root?tried=.
%MSG
08-Mar-2024 21:51:48 CET  Fallback request to file root://xrootd-cms.infn.it//store/mc/RunIISummer20UL16MiniAODv2/ZJetsToNuNu_HT-1200To2500_TuneCP5_13TeV-madgraphMLM-pythia8/MINIAODSIM/106X_mcRun2_asymptotic_v17-v2/270000/027CF3A0-2103-4245-BA97-A269E8F1958F.root
%MSG-w XrdAdaptor:  file_open 08-Mar-2024 21:51:59 CET PostProcessEvent
Data is served from T2_US_Wisconsin instead of original site infn.it
%MSG
08-Mar-2024 21:51:59 CET  Successfully opened file root://xrootd-cms.infn.it//store/mc/RunIISummer20UL16MiniAODv2/ZJetsToNuNu_HT-1200To2500_TuneCP5_13TeV-madgraphMLM-pythia8/MINIAODSIM/106X_mcRun2_asymptotic_v17-v2/270000/027CF3A0-2103-4245-BA97-A269E8F1958F.root
08-Mar-2024 21:52:04 CET  Closed file root://xrootd-cms.infn.it//store/mc/RunIISummer20UL16MiniAODv2/ZJetsToNuNu_HT-1200To2500_TuneCP5_13TeV-madgraphMLM-pythia8/MINIAODSIM/106X_mcRun2_asymptotic_v17-v2/270000/027CF3A0-2103-4245-BA97-A269E8F1958F.root
08-Mar-2024 21:52:04 CET  Initiating request to open file root://eoscms.cern.ch//eos/cms/store/mc/RunIISummer20UL16MiniAODv2/ZJetsToNuNu_HT-1200To2500_TuneCP5_13TeV-madgraphMLM-pythia8/MINIAODSIM/106X_mcRun2_asymptotic_v17-v2/260000/1A0B969F-BFA2-194D-8C1C-35DAC93782F2.root
%MSG-w XrdAdaptorInternal:  file_open 08-Mar-2024 21:52:05 CET PostProcessEvent
Failed to open file at URL root://eoscms.cern.ch:1094//eos/cms/store/mc/RunIISummer20UL16MiniAODv2/ZJetsToNuNu_HT-1200To2500_TuneCP5_13TeV-madgraphMLM-pythia8/MINIAODSIM/106X_mcRun2_asymptotic_v17-v2/260000/1A0B969F-BFA2-194D-8C1C-35DAC93782F2.root.
%MSG
%MSG-w XrdAdaptorInternal:  file_open 08-Mar-2024 21:52:05 CET PostProcessEvent
Failed to open file at URL root://eoscms.cern.ch:1094//eos/cms/store/mc/RunIISummer20UL16MiniAODv2/ZJetsToNuNu_HT-1200To2500_TuneCP5_13TeV-madgraphMLM-pythia8/MINIAODSIM/106X_mcRun2_asymptotic_v17-v2/260000/1A0B969F-BFA2-194D-8C1C-35DAC93782F2.root?tried=.
%MSG
08-Mar-2024 21:52:05 CET  Fallback request to file root://xrootd-cms.infn.it//store/mc/RunIISummer20UL16MiniAODv2/ZJetsToNuNu_HT-1200To2500_TuneCP5_13TeV-madgraphMLM-pythia8/MINIAODSIM/106X_mcRun2_asymptotic_v17-v2/260000/1A0B969F-BFA2-194D-8C1C-35DAC93782F2.root
Unable to load sec.protocol plugin libXrdSecztn.so
%MSG-w XrdAdaptor:  file_open 08-Mar-2024 21:52:21 CET PostProcessEvent
Data is served from fnal.gov instead of original site infn.it
%MSG
08-Mar-2024 21:52:22 CET  Successfully opened file root://xrootd-cms.infn.it//store/mc/RunIISummer20UL16MiniAODv2/ZJetsToNuNu_HT-1200To2500_TuneCP5_13TeV-madgraphMLM-pythia8/MINIAODSIM/106X_mcRun2_asymptotic_v17-v2/260000/1A0B969F-BFA2-194D-8C1C-35DAC93782F2.root
08-Mar-2024 21:52:26 CET  Closed file root://xrootd-cms.infn.it//store/mc/RunIISummer20UL16MiniAODv2/ZJetsToNuNu_HT-1200To2500_TuneCP5_13TeV-madgraphMLM-pythia8/MINIAODSIM/106X_mcRun2_asymptotic_v17-v2/260000/1A0B969F-BFA2-194D-8C1C-35DAC93782F2.root
08-Mar-2024 21:52:26 CET  Initiating request to open file root://eoscms.cern.ch//eos/cms/store/mc/RunIISummer20UL16MiniAODv2/ZJetsToNuNu_HT-1200To2500_TuneCP5_13TeV-madgraphMLM-pythia8/MINIAODSIM/106X_mcRun2_asymptotic_v17-v2/270000/56B6CC50-105C-C14D-A099-187BC359833E.root
%MSG-w XrdAdaptorInternal:  file_open 08-Mar-2024 21:52:27 CET PostProcessEvent
Failed to open file at URL root://eoscms.cern.ch:1094//eos/cms/store/mc/RunIISummer20UL16MiniAODv2/ZJetsToNuNu_HT-1200To2500_TuneCP5_13TeV-madgraphMLM-pythia8/MINIAODSIM/106X_mcRun2_asymptotic_v17-v2/270000/56B6CC50-105C-C14D-A099-187BC359833E.root.
%MSG
%MSG-w XrdAdaptorInternal:  file_open 08-Mar-2024 21:52:27 CET PostProcessEvent
Failed to open file at URL root://eoscms.cern.ch:1094//eos/cms/store/mc/RunIISummer20UL16MiniAODv2/ZJetsToNuNu_HT-1200To2500_TuneCP5_13TeV-madgraphMLM-pythia8/MINIAODSIM/106X_mcRun2_asymptotic_v17-v2/270000/56B6CC50-105C-C14D-A099-187BC359833E.root?tried=.
%MSG
08-Mar-2024 21:52:27 CET  Fallback request to file root://xrootd-cms.infn.it//store/mc/RunIISummer20UL16MiniAODv2/ZJetsToNuNu_HT-1200To2500_TuneCP5_13TeV-madgraphMLM-pythia8/MINIAODSIM/106X_mcRun2_asymptotic_v17-v2/270000/56B6CC50-105C-C14D-A099-187BC359833E.root
%MSG-w XrdAdaptor:  file_open 08-Mar-2024 21:52:36 CET PostProcessEvent
Data is served from T2_US_Wisconsin instead of original site infn.it
%MSG
08-Mar-2024 21:52:37 CET  Successfully opened file root://xrootd-cms.infn.it//store/mc/RunIISummer20UL16MiniAODv2/ZJetsToNuNu_HT-1200To2500_TuneCP5_13TeV-madgraphMLM-pythia8/MINIAODSIM/106X_mcRun2_asymptotic_v17-v2/270000/56B6CC50-105C-C14D-A099-187BC359833E.root
08-Mar-2024 21:52:46 CET  Closed file root://xrootd-cms.infn.it//store/mc/RunIISummer20UL16MiniAODv2/ZJetsToNuNu_HT-1200To2500_TuneCP5_13TeV-madgraphMLM-pythia8/MINIAODSIM/106X_mcRun2_asymptotic_v17-v2/270000/56B6CC50-105C-C14D-A099-187BC359833E.root
08-Mar-2024 21:52:46 CET  Initiating request to open file root://eoscms.cern.ch//eos/cms/store/mc/RunIISummer20UL16MiniAODv2/ZJetsToNuNu_HT-1200To2500_TuneCP5_13TeV-madgraphMLM-pythia8/MINIAODSIM/106X_mcRun2_asymptotic_v17-v2/260000/20ED9F32-C150-304D-A778-38EB5E1CE520.root
%MSG-w XrdAdaptorInternal:  file_open 08-Mar-2024 21:52:47 CET PostProcessEvent
Failed to open file at URL root://eoscms.cern.ch:1094//eos/cms/store/mc/RunIISummer20UL16MiniAODv2/ZJetsToNuNu_HT-1200To2500_TuneCP5_13TeV-madgraphMLM-pythia8/MINIAODSIM/106X_mcRun2_asymptotic_v17-v2/260000/20ED9F32-C150-304D-A778-38EB5E1CE520.root.
%MSG
%MSG-w XrdAdaptorInternal:  file_open 08-Mar-2024 21:52:47 CET PostProcessEvent
Failed to open file at URL root://eoscms.cern.ch:1094//eos/cms/store/mc/RunIISummer20UL16MiniAODv2/ZJetsToNuNu_HT-1200To2500_TuneCP5_13TeV-madgraphMLM-pythia8/MINIAODSIM/106X_mcRun2_asymptotic_v17-v2/260000/20ED9F32-C150-304D-A778-38EB5E1CE520.root?tried=.
%MSG
08-Mar-2024 21:52:47 CET  Fallback request to file root://xrootd-cms.infn.it//store/mc/RunIISummer20UL16MiniAODv2/ZJetsToNuNu_HT-1200To2500_TuneCP5_13TeV-madgraphMLM-pythia8/MINIAODSIM/106X_mcRun2_asymptotic_v17-v2/260000/20ED9F32-C150-304D-A778-38EB5E1CE520.root
Unable to load sec.protocol plugin libXrdSecztn.so
%MSG-w XrdAdaptor:  file_open 08-Mar-2024 21:52:57 CET PostProcessEvent
Data is served from fnal.gov instead of original site infn.it
%MSG
08-Mar-2024 21:52:58 CET  Successfully opened file root://xrootd-cms.infn.it//store/mc/RunIISummer20UL16MiniAODv2/ZJetsToNuNu_HT-1200To2500_TuneCP5_13TeV-madgraphMLM-pythia8/MINIAODSIM/106X_mcRun2_asymptotic_v17-v2/260000/20ED9F32-C150-304D-A778-38EB5E1CE520.root
08-Mar-2024 21:53:02 CET  Closed file root://xrootd-cms.infn.it//store/mc/RunIISummer20UL16MiniAODv2/ZJetsToNuNu_HT-1200To2500_TuneCP5_13TeV-madgraphMLM-pythia8/MINIAODSIM/106X_mcRun2_asymptotic_v17-v2/260000/20ED9F32-C150-304D-A778-38EB5E1CE520.root
08-Mar-2024 21:53:02 CET  Initiating request to open file root://eoscms.cern.ch//eos/cms/store/mc/RunIISummer20UL16MiniAODv2/ZJetsToNuNu_HT-1200To2500_TuneCP5_13TeV-madgraphMLM-pythia8/MINIAODSIM/106X_mcRun2_asymptotic_v17-v2/260000/5635C830-3701-1146-9CB0-95F555E1659A.root
%MSG-w XrdAdaptorInternal:  file_open 08-Mar-2024 21:53:03 CET PostProcessEvent
Failed to open file at URL root://eoscms.cern.ch:1094//eos/cms/store/mc/RunIISummer20UL16MiniAODv2/ZJetsToNuNu_HT-1200To2500_TuneCP5_13TeV-madgraphMLM-pythia8/MINIAODSIM/106X_mcRun2_asymptotic_v17-v2/260000/5635C830-3701-1146-9CB0-95F555E1659A.root.
%MSG
%MSG-w XrdAdaptorInternal:  file_open 08-Mar-2024 21:53:03 CET PostProcessEvent
Failed to open file at URL root://eoscms.cern.ch:1094//eos/cms/store/mc/RunIISummer20UL16MiniAODv2/ZJetsToNuNu_HT-1200To2500_TuneCP5_13TeV-madgraphMLM-pythia8/MINIAODSIM/106X_mcRun2_asymptotic_v17-v2/260000/5635C830-3701-1146-9CB0-95F555E1659A.root?tried=.
%MSG
08-Mar-2024 21:53:03 CET  Fallback request to file root://xrootd-cms.infn.it//store/mc/RunIISummer20UL16MiniAODv2/ZJetsToNuNu_HT-1200To2500_TuneCP5_13TeV-madgraphMLM-pythia8/MINIAODSIM/106X_mcRun2_asymptotic_v17-v2/260000/5635C830-3701-1146-9CB0-95F555E1659A.root
%MSG-w XrdAdaptor:  file_open 08-Mar-2024 21:53:24 CET PostProcessEvent
Data is served from T2_US_Nebraska instead of original site infn.it
%MSG
08-Mar-2024 21:53:25 CET  Successfully opened file root://xrootd-cms.infn.it//store/mc/RunIISummer20UL16MiniAODv2/ZJetsToNuNu_HT-1200To2500_TuneCP5_13TeV-madgraphMLM-pythia8/MINIAODSIM/106X_mcRun2_asymptotic_v17-v2/260000/5635C830-3701-1146-9CB0-95F555E1659A.root
08-Mar-2024 21:53:30 CET  Closed file root://xrootd-cms.infn.it//store/mc/RunIISummer20UL16MiniAODv2/ZJetsToNuNu_HT-1200To2500_TuneCP5_13TeV-madgraphMLM-pythia8/MINIAODSIM/106X_mcRun2_asymptotic_v17-v2/260000/5635C830-3701-1146-9CB0-95F555E1659A.root
08-Mar-2024 21:53:30 CET  Initiating request to open file root://eoscms.cern.ch//eos/cms/store/mc/RunIISummer20UL16MiniAODv2/ZJetsToNuNu_HT-1200To2500_TuneCP5_13TeV-madgraphMLM-pythia8/MINIAODSIM/106X_mcRun2_asymptotic_v17-v2/260000/A13A8726-4773-7146-B179-8A9CD4F76486.root
%MSG-w XrdAdaptorInternal:  file_open 08-Mar-2024 21:53:31 CET PostProcessEvent
Failed to open file at URL root://eoscms.cern.ch:1094//eos/cms/store/mc/RunIISummer20UL16MiniAODv2/ZJetsToNuNu_HT-1200To2500_TuneCP5_13TeV-madgraphMLM-pythia8/MINIAODSIM/106X_mcRun2_asymptotic_v17-v2/260000/A13A8726-4773-7146-B179-8A9CD4F76486.root.
%MSG
%MSG-w XrdAdaptorInternal:  file_open 08-Mar-2024 21:53:31 CET PostProcessEvent
Failed to open file at URL root://eoscms.cern.ch:1094//eos/cms/store/mc/RunIISummer20UL16MiniAODv2/ZJetsToNuNu_HT-1200To2500_TuneCP5_13TeV-madgraphMLM-pythia8/MINIAODSIM/106X_mcRun2_asymptotic_v17-v2/260000/A13A8726-4773-7146-B179-8A9CD4F76486.root?tried=.
%MSG
08-Mar-2024 21:53:31 CET  Fallback request to file root://xrootd-cms.infn.it//store/mc/RunIISummer20UL16MiniAODv2/ZJetsToNuNu_HT-1200To2500_TuneCP5_13TeV-madgraphMLM-pythia8/MINIAODSIM/106X_mcRun2_asymptotic_v17-v2/260000/A13A8726-4773-7146-B179-8A9CD4F76486.root
%MSG-w XrdAdaptor:  file_open 08-Mar-2024 21:53:40 CET PostProcessEvent
Data is served from T2_US_Nebraska instead of original site infn.it
%MSG
08-Mar-2024 21:53:41 CET  Successfully opened file root://xrootd-cms.infn.it//store/mc/RunIISummer20UL16MiniAODv2/ZJetsToNuNu_HT-1200To2500_TuneCP5_13TeV-madgraphMLM-pythia8/MINIAODSIM/106X_mcRun2_asymptotic_v17-v2/260000/A13A8726-4773-7146-B179-8A9CD4F76486.root
08-Mar-2024 21:53:47 CET  Closed file root://xrootd-cms.infn.it//store/mc/RunIISummer20UL16MiniAODv2/ZJetsToNuNu_HT-1200To2500_TuneCP5_13TeV-madgraphMLM-pythia8/MINIAODSIM/106X_mcRun2_asymptotic_v17-v2/260000/A13A8726-4773-7146-B179-8A9CD4F76486.root
08-Mar-2024 21:53:47 CET  Initiating request to open file root://eoscms.cern.ch//eos/cms/store/mc/RunIISummer20UL16MiniAODv2/ZJetsToNuNu_HT-1200To2500_TuneCP5_13TeV-madgraphMLM-pythia8/MINIAODSIM/106X_mcRun2_asymptotic_v17-v2/270000/5292D97D-CF79-D848-9AE0-FDE5C64F4086.root
%MSG-w XrdAdaptorInternal:  file_open 08-Mar-2024 21:53:48 CET PostProcessEvent
Failed to open file at URL root://eoscms.cern.ch:1094//eos/cms/store/mc/RunIISummer20UL16MiniAODv2/ZJetsToNuNu_HT-1200To2500_TuneCP5_13TeV-madgraphMLM-pythia8/MINIAODSIM/106X_mcRun2_asymptotic_v17-v2/270000/5292D97D-CF79-D848-9AE0-FDE5C64F4086.root.
%MSG
%MSG-w XrdAdaptorInternal:  file_open 08-Mar-2024 21:53:48 CET PostProcessEvent
Failed to open file at URL root://eoscms.cern.ch:1094//eos/cms/store/mc/RunIISummer20UL16MiniAODv2/ZJetsToNuNu_HT-1200To2500_TuneCP5_13TeV-madgraphMLM-pythia8/MINIAODSIM/106X_mcRun2_asymptotic_v17-v2/270000/5292D97D-CF79-D848-9AE0-FDE5C64F4086.root?tried=.
%MSG
08-Mar-2024 21:53:48 CET  Fallback request to file root://xrootd-cms.infn.it//store/mc/RunIISummer20UL16MiniAODv2/ZJetsToNuNu_HT-1200To2500_TuneCP5_13TeV-madgraphMLM-pythia8/MINIAODSIM/106X_mcRun2_asymptotic_v17-v2/270000/5292D97D-CF79-D848-9AE0-FDE5C64F4086.root
%MSG-w XrdAdaptor:  file_open 08-Mar-2024 21:53:57 CET PostProcessEvent
Data is served from fnal.gov instead of original site infn.it
%MSG
08-Mar-2024 21:53:57 CET  Successfully opened file root://xrootd-cms.infn.it//store/mc/RunIISummer20UL16MiniAODv2/ZJetsToNuNu_HT-1200To2500_TuneCP5_13TeV-madgraphMLM-pythia8/MINIAODSIM/106X_mcRun2_asymptotic_v17-v2/270000/5292D97D-CF79-D848-9AE0-FDE5C64F4086.root
08-Mar-2024 21:54:02 CET  Closed file root://xrootd-cms.infn.it//store/mc/RunIISummer20UL16MiniAODv2/ZJetsToNuNu_HT-1200To2500_TuneCP5_13TeV-madgraphMLM-pythia8/MINIAODSIM/106X_mcRun2_asymptotic_v17-v2/270000/5292D97D-CF79-D848-9AE0-FDE5C64F4086.root
08-Mar-2024 21:54:02 CET  Initiating request to open file root://eoscms.cern.ch//eos/cms/store/mc/RunIISummer20UL16MiniAODv2/ZJetsToNuNu_HT-1200To2500_TuneCP5_13TeV-madgraphMLM-pythia8/MINIAODSIM/106X_mcRun2_asymptotic_v17-v2/260000/72E78A73-3BD9-4F48-8675-BD972EEC31F0.root
%MSG-w XrdAdaptorInternal:  file_open 08-Mar-2024 21:54:03 CET PostProcessEvent
Failed to open file at URL root://eoscms.cern.ch:1094//eos/cms/store/mc/RunIISummer20UL16MiniAODv2/ZJetsToNuNu_HT-1200To2500_TuneCP5_13TeV-madgraphMLM-pythia8/MINIAODSIM/106X_mcRun2_asymptotic_v17-v2/260000/72E78A73-3BD9-4F48-8675-BD972EEC31F0.root.
%MSG
%MSG-w XrdAdaptorInternal:  file_open 08-Mar-2024 21:54:03 CET PostProcessEvent
Failed to open file at URL root://eoscms.cern.ch:1094//eos/cms/store/mc/RunIISummer20UL16MiniAODv2/ZJetsToNuNu_HT-1200To2500_TuneCP5_13TeV-madgraphMLM-pythia8/MINIAODSIM/106X_mcRun2_asymptotic_v17-v2/260000/72E78A73-3BD9-4F48-8675-BD972EEC31F0.root?tried=.
%MSG
08-Mar-2024 21:54:03 CET  Fallback request to file root://xrootd-cms.infn.it//store/mc/RunIISummer20UL16MiniAODv2/ZJetsToNuNu_HT-1200To2500_TuneCP5_13TeV-madgraphMLM-pythia8/MINIAODSIM/106X_mcRun2_asymptotic_v17-v2/260000/72E78A73-3BD9-4F48-8675-BD972EEC31F0.root
%MSG-w XrdAdaptor:  file_open 08-Mar-2024 21:54:25 CET PostProcessEvent
Data is served from T2_US_MIT instead of original site infn.it
%MSG
08-Mar-2024 21:54:26 CET  Successfully opened file root://xrootd-cms.infn.it//store/mc/RunIISummer20UL16MiniAODv2/ZJetsToNuNu_HT-1200To2500_TuneCP5_13TeV-madgraphMLM-pythia8/MINIAODSIM/106X_mcRun2_asymptotic_v17-v2/260000/72E78A73-3BD9-4F48-8675-BD972EEC31F0.root
08-Mar-2024 21:54:29 CET  Closed file root://xrootd-cms.infn.it//store/mc/RunIISummer20UL16MiniAODv2/ZJetsToNuNu_HT-1200To2500_TuneCP5_13TeV-madgraphMLM-pythia8/MINIAODSIM/106X_mcRun2_asymptotic_v17-v2/260000/72E78A73-3BD9-4F48-8675-BD972EEC31F0.root
08-Mar-2024 21:54:29 CET  Initiating request to open file root://eoscms.cern.ch//eos/cms/store/mc/RunIISummer20UL16MiniAODv2/ZJetsToNuNu_HT-1200To2500_TuneCP5_13TeV-madgraphMLM-pythia8/MINIAODSIM/106X_mcRun2_asymptotic_v17-v2/260000/5F5F7D84-06D9-4F4F-A72B-D83319F39629.root
%MSG-w XrdAdaptorInternal:  file_open 08-Mar-2024 21:54:30 CET PostProcessEvent
Failed to open file at URL root://eoscms.cern.ch:1094//eos/cms/store/mc/RunIISummer20UL16MiniAODv2/ZJetsToNuNu_HT-1200To2500_TuneCP5_13TeV-madgraphMLM-pythia8/MINIAODSIM/106X_mcRun2_asymptotic_v17-v2/260000/5F5F7D84-06D9-4F4F-A72B-D83319F39629.root.
%MSG
%MSG-w XrdAdaptorInternal:  file_open 08-Mar-2024 21:54:30 CET PostProcessEvent
Failed to open file at URL root://eoscms.cern.ch:1094//eos/cms/store/mc/RunIISummer20UL16MiniAODv2/ZJetsToNuNu_HT-1200To2500_TuneCP5_13TeV-madgraphMLM-pythia8/MINIAODSIM/106X_mcRun2_asymptotic_v17-v2/260000/5F5F7D84-06D9-4F4F-A72B-D83319F39629.root?tried=.
%MSG
08-Mar-2024 21:54:30 CET  Fallback request to file root://xrootd-cms.infn.it//store/mc/RunIISummer20UL16MiniAODv2/ZJetsToNuNu_HT-1200To2500_TuneCP5_13TeV-madgraphMLM-pythia8/MINIAODSIM/106X_mcRun2_asymptotic_v17-v2/260000/5F5F7D84-06D9-4F4F-A72B-D83319F39629.root
Unable to load sec.protocol plugin libXrdSecztn.so
%MSG-w XrdAdaptor:  file_open 08-Mar-2024 21:54:40 CET PostProcessEvent
Data is served from fnal.gov instead of original site infn.it
%MSG
08-Mar-2024 21:54:41 CET  Successfully opened file root://xrootd-cms.infn.it//store/mc/RunIISummer20UL16MiniAODv2/ZJetsToNuNu_HT-1200To2500_TuneCP5_13TeV-madgraphMLM-pythia8/MINIAODSIM/106X_mcRun2_asymptotic_v17-v2/260000/5F5F7D84-06D9-4F4F-A72B-D83319F39629.root
08-Mar-2024 21:54:47 CET  Closed file root://xrootd-cms.infn.it//store/mc/RunIISummer20UL16MiniAODv2/ZJetsToNuNu_HT-1200To2500_TuneCP5_13TeV-madgraphMLM-pythia8/MINIAODSIM/106X_mcRun2_asymptotic_v17-v2/260000/5F5F7D84-06D9-4F4F-A72B-D83319F39629.root
08-Mar-2024 21:54:47 CET  Initiating request to open file root://eoscms.cern.ch//eos/cms/store/mc/RunIISummer20UL16MiniAODv2/ZJetsToNuNu_HT-1200To2500_TuneCP5_13TeV-madgraphMLM-pythia8/MINIAODSIM/106X_mcRun2_asymptotic_v17-v2/270000/2561B221-9A19-2F47-989A-AC32D9B392F7.root
%MSG-w XrdAdaptorInternal:  file_open 08-Mar-2024 21:54:48 CET PostProcessEvent
Failed to open file at URL root://eoscms.cern.ch:1094//eos/cms/store/mc/RunIISummer20UL16MiniAODv2/ZJetsToNuNu_HT-1200To2500_TuneCP5_13TeV-madgraphMLM-pythia8/MINIAODSIM/106X_mcRun2_asymptotic_v17-v2/270000/2561B221-9A19-2F47-989A-AC32D9B392F7.root.
%MSG
%MSG-w XrdAdaptorInternal:  file_open 08-Mar-2024 21:54:48 CET PostProcessEvent
Failed to open file at URL root://eoscms.cern.ch:1094//eos/cms/store/mc/RunIISummer20UL16MiniAODv2/ZJetsToNuNu_HT-1200To2500_TuneCP5_13TeV-madgraphMLM-pythia8/MINIAODSIM/106X_mcRun2_asymptotic_v17-v2/270000/2561B221-9A19-2F47-989A-AC32D9B392F7.root?tried=.
%MSG
08-Mar-2024 21:54:48 CET  Fallback request to file root://xrootd-cms.infn.it//store/mc/RunIISummer20UL16MiniAODv2/ZJetsToNuNu_HT-1200To2500_TuneCP5_13TeV-madgraphMLM-pythia8/MINIAODSIM/106X_mcRun2_asymptotic_v17-v2/270000/2561B221-9A19-2F47-989A-AC32D9B392F7.root
%MSG-w XrdAdaptor:  file_open 08-Mar-2024 21:55:00 CET PostProcessEvent
Data is served from T2_US_Wisconsin instead of original site infn.it
%MSG
08-Mar-2024 21:55:01 CET  Successfully opened file root://xrootd-cms.infn.it//store/mc/RunIISummer20UL16MiniAODv2/ZJetsToNuNu_HT-1200To2500_TuneCP5_13TeV-madgraphMLM-pythia8/MINIAODSIM/106X_mcRun2_asymptotic_v17-v2/270000/2561B221-9A19-2F47-989A-AC32D9B392F7.root
08-Mar-2024 21:55:05 CET  Closed file root://xrootd-cms.infn.it//store/mc/RunIISummer20UL16MiniAODv2/ZJetsToNuNu_HT-1200To2500_TuneCP5_13TeV-madgraphMLM-pythia8/MINIAODSIM/106X_mcRun2_asymptotic_v17-v2/270000/2561B221-9A19-2F47-989A-AC32D9B392F7.root
08-Mar-2024 21:55:05 CET  Initiating request to open file root://eoscms.cern.ch//eos/cms/store/mc/RunIISummer20UL16MiniAODv2/ZJetsToNuNu_HT-1200To2500_TuneCP5_13TeV-madgraphMLM-pythia8/MINIAODSIM/106X_mcRun2_asymptotic_v17-v2/270000/F59D448C-44FF-0C45-8920-BF557153BAD8.root
%MSG-w XrdAdaptorInternal:  file_open 08-Mar-2024 21:55:06 CET PostProcessEvent
Failed to open file at URL root://eoscms.cern.ch:1094//eos/cms/store/mc/RunIISummer20UL16MiniAODv2/ZJetsToNuNu_HT-1200To2500_TuneCP5_13TeV-madgraphMLM-pythia8/MINIAODSIM/106X_mcRun2_asymptotic_v17-v2/270000/F59D448C-44FF-0C45-8920-BF557153BAD8.root.
%MSG
%MSG-w XrdAdaptorInternal:  file_open 08-Mar-2024 21:55:06 CET PostProcessEvent
Failed to open file at URL root://eoscms.cern.ch:1094//eos/cms/store/mc/RunIISummer20UL16MiniAODv2/ZJetsToNuNu_HT-1200To2500_TuneCP5_13TeV-madgraphMLM-pythia8/MINIAODSIM/106X_mcRun2_asymptotic_v17-v2/270000/F59D448C-44FF-0C45-8920-BF557153BAD8.root?tried=.
%MSG
08-Mar-2024 21:55:06 CET  Fallback request to file root://xrootd-cms.infn.it//store/mc/RunIISummer20UL16MiniAODv2/ZJetsToNuNu_HT-1200To2500_TuneCP5_13TeV-madgraphMLM-pythia8/MINIAODSIM/106X_mcRun2_asymptotic_v17-v2/270000/F59D448C-44FF-0C45-8920-BF557153BAD8.root
%MSG-w XrdAdaptor:  file_open 08-Mar-2024 21:55:21 CET PostProcessEvent
Data is served from fnal.gov instead of original site infn.it
%MSG
08-Mar-2024 21:55:22 CET  Successfully opened file root://xrootd-cms.infn.it//store/mc/RunIISummer20UL16MiniAODv2/ZJetsToNuNu_HT-1200To2500_TuneCP5_13TeV-madgraphMLM-pythia8/MINIAODSIM/106X_mcRun2_asymptotic_v17-v2/270000/F59D448C-44FF-0C45-8920-BF557153BAD8.root
08-Mar-2024 21:55:26 CET  Closed file root://xrootd-cms.infn.it//store/mc/RunIISummer20UL16MiniAODv2/ZJetsToNuNu_HT-1200To2500_TuneCP5_13TeV-madgraphMLM-pythia8/MINIAODSIM/106X_mcRun2_asymptotic_v17-v2/270000/F59D448C-44FF-0C45-8920-BF557153BAD8.root
08-Mar-2024 21:55:26 CET  Initiating request to open file root://eoscms.cern.ch//eos/cms/store/mc/RunIISummer20UL16MiniAODv2/ZJetsToNuNu_HT-1200To2500_TuneCP5_13TeV-madgraphMLM-pythia8/MINIAODSIM/106X_mcRun2_asymptotic_v17-v2/260000/8B60592B-B06B-9744-BB66-E7F8FC9978F9.root
%MSG-w XrdAdaptorInternal:  file_open 08-Mar-2024 21:55:27 CET PostProcessEvent
Failed to open file at URL root://eoscms.cern.ch:1094//eos/cms/store/mc/RunIISummer20UL16MiniAODv2/ZJetsToNuNu_HT-1200To2500_TuneCP5_13TeV-madgraphMLM-pythia8/MINIAODSIM/106X_mcRun2_asymptotic_v17-v2/260000/8B60592B-B06B-9744-BB66-E7F8FC9978F9.root.
%MSG
%MSG-w XrdAdaptorInternal:  file_open 08-Mar-2024 21:55:27 CET PostProcessEvent
Failed to open file at URL root://eoscms.cern.ch:1094//eos/cms/store/mc/RunIISummer20UL16MiniAODv2/ZJetsToNuNu_HT-1200To2500_TuneCP5_13TeV-madgraphMLM-pythia8/MINIAODSIM/106X_mcRun2_asymptotic_v17-v2/260000/8B60592B-B06B-9744-BB66-E7F8FC9978F9.root?tried=.
%MSG
08-Mar-2024 21:55:27 CET  Fallback request to file root://xrootd-cms.infn.it//store/mc/RunIISummer20UL16MiniAODv2/ZJetsToNuNu_HT-1200To2500_TuneCP5_13TeV-madgraphMLM-pythia8/MINIAODSIM/106X_mcRun2_asymptotic_v17-v2/260000/8B60592B-B06B-9744-BB66-E7F8FC9978F9.root
%MSG-w XrdAdaptor:  file_open 08-Mar-2024 21:55:36 CET PostProcessEvent
Data is served from fnal.gov instead of original site infn.it
%MSG
08-Mar-2024 21:55:37 CET  Successfully opened file root://xrootd-cms.infn.it//store/mc/RunIISummer20UL16MiniAODv2/ZJetsToNuNu_HT-1200To2500_TuneCP5_13TeV-madgraphMLM-pythia8/MINIAODSIM/106X_mcRun2_asymptotic_v17-v2/260000/8B60592B-B06B-9744-BB66-E7F8FC9978F9.root
Begin processing the 100001st record. Run 1, Event 253859, LumiSection 37 on stream 0 at 08-Mar-2024 21:55:41.134 CET
08-Mar-2024 21:55:41 CET  Closed file root://xrootd-cms.infn.it//store/mc/RunIISummer20UL16MiniAODv2/ZJetsToNuNu_HT-1200To2500_TuneCP5_13TeV-madgraphMLM-pythia8/MINIAODSIM/106X_mcRun2_asymptotic_v17-v2/260000/8B60592B-B06B-9744-BB66-E7F8FC9978F9.root
08-Mar-2024 21:55:41 CET  Initiating request to open file root://eoscms.cern.ch//eos/cms/store/mc/RunIISummer20UL16MiniAODv2/ZJetsToNuNu_HT-1200To2500_TuneCP5_13TeV-madgraphMLM-pythia8/MINIAODSIM/106X_mcRun2_asymptotic_v17-v2/260000/AC2045B3-67DC-1343-9B6D-A39EB2C5B06C.root
%MSG-w XrdAdaptorInternal:  file_open 08-Mar-2024 21:55:42 CET PostProcessEvent
Failed to open file at URL root://eoscms.cern.ch:1094//eos/cms/store/mc/RunIISummer20UL16MiniAODv2/ZJetsToNuNu_HT-1200To2500_TuneCP5_13TeV-madgraphMLM-pythia8/MINIAODSIM/106X_mcRun2_asymptotic_v17-v2/260000/AC2045B3-67DC-1343-9B6D-A39EB2C5B06C.root.
%MSG
%MSG-w XrdAdaptorInternal:  file_open 08-Mar-2024 21:55:42 CET PostProcessEvent
Failed to open file at URL root://eoscms.cern.ch:1094//eos/cms/store/mc/RunIISummer20UL16MiniAODv2/ZJetsToNuNu_HT-1200To2500_TuneCP5_13TeV-madgraphMLM-pythia8/MINIAODSIM/106X_mcRun2_asymptotic_v17-v2/260000/AC2045B3-67DC-1343-9B6D-A39EB2C5B06C.root?tried=.
%MSG
08-Mar-2024 21:55:42 CET  Fallback request to file root://xrootd-cms.infn.it//store/mc/RunIISummer20UL16MiniAODv2/ZJetsToNuNu_HT-1200To2500_TuneCP5_13TeV-madgraphMLM-pythia8/MINIAODSIM/106X_mcRun2_asymptotic_v17-v2/260000/AC2045B3-67DC-1343-9B6D-A39EB2C5B06C.root
%MSG-w XrdAdaptor:  file_open 08-Mar-2024 21:55:52 CET PostProcessEvent
Data is served from T2_US_Wisconsin instead of original site infn.it
%MSG
08-Mar-2024 21:55:53 CET  Successfully opened file root://xrootd-cms.infn.it//store/mc/RunIISummer20UL16MiniAODv2/ZJetsToNuNu_HT-1200To2500_TuneCP5_13TeV-madgraphMLM-pythia8/MINIAODSIM/106X_mcRun2_asymptotic_v17-v2/260000/AC2045B3-67DC-1343-9B6D-A39EB2C5B06C.root
08-Mar-2024 21:55:57 CET  Closed file root://xrootd-cms.infn.it//store/mc/RunIISummer20UL16MiniAODv2/ZJetsToNuNu_HT-1200To2500_TuneCP5_13TeV-madgraphMLM-pythia8/MINIAODSIM/106X_mcRun2_asymptotic_v17-v2/260000/AC2045B3-67DC-1343-9B6D-A39EB2C5B06C.root
08-Mar-2024 21:55:57 CET  Initiating request to open file root://eoscms.cern.ch//eos/cms/store/mc/RunIISummer20UL16MiniAODv2/ZJetsToNuNu_HT-1200To2500_TuneCP5_13TeV-madgraphMLM-pythia8/MINIAODSIM/106X_mcRun2_asymptotic_v17-v2/270000/D71C7462-43EF-834E-8702-70B15940ED2D.root
%MSG-w XrdAdaptorInternal:  file_open 08-Mar-2024 21:55:58 CET PostProcessEvent
Failed to open file at URL root://eoscms.cern.ch:1094//eos/cms/store/mc/RunIISummer20UL16MiniAODv2/ZJetsToNuNu_HT-1200To2500_TuneCP5_13TeV-madgraphMLM-pythia8/MINIAODSIM/106X_mcRun2_asymptotic_v17-v2/270000/D71C7462-43EF-834E-8702-70B15940ED2D.root.
%MSG
%MSG-w XrdAdaptorInternal:  file_open 08-Mar-2024 21:55:58 CET PostProcessEvent
Failed to open file at URL root://eoscms.cern.ch:1094//eos/cms/store/mc/RunIISummer20UL16MiniAODv2/ZJetsToNuNu_HT-1200To2500_TuneCP5_13TeV-madgraphMLM-pythia8/MINIAODSIM/106X_mcRun2_asymptotic_v17-v2/270000/D71C7462-43EF-834E-8702-70B15940ED2D.root?tried=.
%MSG
08-Mar-2024 21:55:58 CET  Fallback request to file root://xrootd-cms.infn.it//store/mc/RunIISummer20UL16MiniAODv2/ZJetsToNuNu_HT-1200To2500_TuneCP5_13TeV-madgraphMLM-pythia8/MINIAODSIM/106X_mcRun2_asymptotic_v17-v2/270000/D71C7462-43EF-834E-8702-70B15940ED2D.root
%MSG-w XrdAdaptor:  file_open 08-Mar-2024 21:56:07 CET PostProcessEvent
Data is served from fnal.gov instead of original site infn.it
%MSG
08-Mar-2024 21:56:08 CET  Successfully opened file root://xrootd-cms.infn.it//store/mc/RunIISummer20UL16MiniAODv2/ZJetsToNuNu_HT-1200To2500_TuneCP5_13TeV-madgraphMLM-pythia8/MINIAODSIM/106X_mcRun2_asymptotic_v17-v2/270000/D71C7462-43EF-834E-8702-70B15940ED2D.root
08-Mar-2024 21:56:12 CET  Closed file root://xrootd-cms.infn.it//store/mc/RunIISummer20UL16MiniAODv2/ZJetsToNuNu_HT-1200To2500_TuneCP5_13TeV-madgraphMLM-pythia8/MINIAODSIM/106X_mcRun2_asymptotic_v17-v2/270000/D71C7462-43EF-834E-8702-70B15940ED2D.root
08-Mar-2024 21:56:12 CET  Initiating request to open file root://eoscms.cern.ch//eos/cms/store/mc/RunIISummer20UL16MiniAODv2/ZJetsToNuNu_HT-1200To2500_TuneCP5_13TeV-madgraphMLM-pythia8/MINIAODSIM/106X_mcRun2_asymptotic_v17-v2/270000/B7AD8797-BB53-2342-A9E8-036A23C48FA9.root
%MSG-w XrdAdaptorInternal:  file_open 08-Mar-2024 21:56:13 CET PostProcessEvent
Failed to open file at URL root://eoscms.cern.ch:1094//eos/cms/store/mc/RunIISummer20UL16MiniAODv2/ZJetsToNuNu_HT-1200To2500_TuneCP5_13TeV-madgraphMLM-pythia8/MINIAODSIM/106X_mcRun2_asymptotic_v17-v2/270000/B7AD8797-BB53-2342-A9E8-036A23C48FA9.root.
%MSG
%MSG-w XrdAdaptorInternal:  file_open 08-Mar-2024 21:56:13 CET PostProcessEvent
Failed to open file at URL root://eoscms.cern.ch:1094//eos/cms/store/mc/RunIISummer20UL16MiniAODv2/ZJetsToNuNu_HT-1200To2500_TuneCP5_13TeV-madgraphMLM-pythia8/MINIAODSIM/106X_mcRun2_asymptotic_v17-v2/270000/B7AD8797-BB53-2342-A9E8-036A23C48FA9.root?tried=.
%MSG
08-Mar-2024 21:56:13 CET  Fallback request to file root://xrootd-cms.infn.it//store/mc/RunIISummer20UL16MiniAODv2/ZJetsToNuNu_HT-1200To2500_TuneCP5_13TeV-madgraphMLM-pythia8/MINIAODSIM/106X_mcRun2_asymptotic_v17-v2/270000/B7AD8797-BB53-2342-A9E8-036A23C48FA9.root
%MSG-w XrdAdaptor:  file_open 08-Mar-2024 21:56:24 CET PostProcessEvent
Data is served from T2_US_Caltech instead of original site infn.it
%MSG
08-Mar-2024 21:56:24 CET  Successfully opened file root://xrootd-cms.infn.it//store/mc/RunIISummer20UL16MiniAODv2/ZJetsToNuNu_HT-1200To2500_TuneCP5_13TeV-madgraphMLM-pythia8/MINIAODSIM/106X_mcRun2_asymptotic_v17-v2/270000/B7AD8797-BB53-2342-A9E8-036A23C48FA9.root
08-Mar-2024 21:56:30 CET  Closed file root://xrootd-cms.infn.it//store/mc/RunIISummer20UL16MiniAODv2/ZJetsToNuNu_HT-1200To2500_TuneCP5_13TeV-madgraphMLM-pythia8/MINIAODSIM/106X_mcRun2_asymptotic_v17-v2/270000/B7AD8797-BB53-2342-A9E8-036A23C48FA9.root
08-Mar-2024 21:56:30 CET  Initiating request to open file root://eoscms.cern.ch//eos/cms/store/mc/RunIISummer20UL16MiniAODv2/ZJetsToNuNu_HT-1200To2500_TuneCP5_13TeV-madgraphMLM-pythia8/MINIAODSIM/106X_mcRun2_asymptotic_v17-v2/270000/E15E3040-B889-AC41-BDF0-46A608CD40E2.root
%MSG-w XrdAdaptorInternal:  file_open 08-Mar-2024 21:56:31 CET PostProcessEvent
Failed to open file at URL root://eoscms.cern.ch:1094//eos/cms/store/mc/RunIISummer20UL16MiniAODv2/ZJetsToNuNu_HT-1200To2500_TuneCP5_13TeV-madgraphMLM-pythia8/MINIAODSIM/106X_mcRun2_asymptotic_v17-v2/270000/E15E3040-B889-AC41-BDF0-46A608CD40E2.root.
%MSG
%MSG-w XrdAdaptorInternal:  file_open 08-Mar-2024 21:56:31 CET PostProcessEvent
Failed to open file at URL root://eoscms.cern.ch:1094//eos/cms/store/mc/RunIISummer20UL16MiniAODv2/ZJetsToNuNu_HT-1200To2500_TuneCP5_13TeV-madgraphMLM-pythia8/MINIAODSIM/106X_mcRun2_asymptotic_v17-v2/270000/E15E3040-B889-AC41-BDF0-46A608CD40E2.root?tried=.
%MSG
08-Mar-2024 21:56:31 CET  Fallback request to file root://xrootd-cms.infn.it//store/mc/RunIISummer20UL16MiniAODv2/ZJetsToNuNu_HT-1200To2500_TuneCP5_13TeV-madgraphMLM-pythia8/MINIAODSIM/106X_mcRun2_asymptotic_v17-v2/270000/E15E3040-B889-AC41-BDF0-46A608CD40E2.root
%MSG-w XrdAdaptor:  file_open 08-Mar-2024 21:56:42 CET PostProcessEvent
Data is served from T2_US_Vanderbilt instead of original site infn.it
%MSG
08-Mar-2024 21:56:43 CET  Successfully opened file root://xrootd-cms.infn.it//store/mc/RunIISummer20UL16MiniAODv2/ZJetsToNuNu_HT-1200To2500_TuneCP5_13TeV-madgraphMLM-pythia8/MINIAODSIM/106X_mcRun2_asymptotic_v17-v2/270000/E15E3040-B889-AC41-BDF0-46A608CD40E2.root
08-Mar-2024 21:56:47 CET  Closed file root://xrootd-cms.infn.it//store/mc/RunIISummer20UL16MiniAODv2/ZJetsToNuNu_HT-1200To2500_TuneCP5_13TeV-madgraphMLM-pythia8/MINIAODSIM/106X_mcRun2_asymptotic_v17-v2/270000/E15E3040-B889-AC41-BDF0-46A608CD40E2.root
08-Mar-2024 21:56:47 CET  Initiating request to open file root://eoscms.cern.ch//eos/cms/store/mc/RunIISummer20UL16MiniAODv2/ZJetsToNuNu_HT-1200To2500_TuneCP5_13TeV-madgraphMLM-pythia8/MINIAODSIM/106X_mcRun2_asymptotic_v17-v2/270000/73F4C52B-3B7E-E143-9D61-7BD292E0B49F.root
%MSG-w XrdAdaptorInternal:  file_open 08-Mar-2024 21:56:48 CET PostProcessEvent
Failed to open file at URL root://eoscms.cern.ch:1094//eos/cms/store/mc/RunIISummer20UL16MiniAODv2/ZJetsToNuNu_HT-1200To2500_TuneCP5_13TeV-madgraphMLM-pythia8/MINIAODSIM/106X_mcRun2_asymptotic_v17-v2/270000/73F4C52B-3B7E-E143-9D61-7BD292E0B49F.root.
%MSG
%MSG-w XrdAdaptorInternal:  file_open 08-Mar-2024 21:56:48 CET PostProcessEvent
Failed to open file at URL root://eoscms.cern.ch:1094//eos/cms/store/mc/RunIISummer20UL16MiniAODv2/ZJetsToNuNu_HT-1200To2500_TuneCP5_13TeV-madgraphMLM-pythia8/MINIAODSIM/106X_mcRun2_asymptotic_v17-v2/270000/73F4C52B-3B7E-E143-9D61-7BD292E0B49F.root?tried=.
%MSG
08-Mar-2024 21:56:48 CET  Fallback request to file root://xrootd-cms.infn.it//store/mc/RunIISummer20UL16MiniAODv2/ZJetsToNuNu_HT-1200To2500_TuneCP5_13TeV-madgraphMLM-pythia8/MINIAODSIM/106X_mcRun2_asymptotic_v17-v2/270000/73F4C52B-3B7E-E143-9D61-7BD292E0B49F.root
%MSG-w XrdAdaptor:  file_open 08-Mar-2024 21:56:57 CET PostProcessEvent
Data is served from fnal.gov instead of original site infn.it
%MSG
08-Mar-2024 21:56:58 CET  Successfully opened file root://xrootd-cms.infn.it//store/mc/RunIISummer20UL16MiniAODv2/ZJetsToNuNu_HT-1200To2500_TuneCP5_13TeV-madgraphMLM-pythia8/MINIAODSIM/106X_mcRun2_asymptotic_v17-v2/270000/73F4C52B-3B7E-E143-9D61-7BD292E0B49F.root
08-Mar-2024 21:57:02 CET  Closed file root://xrootd-cms.infn.it//store/mc/RunIISummer20UL16MiniAODv2/ZJetsToNuNu_HT-1200To2500_TuneCP5_13TeV-madgraphMLM-pythia8/MINIAODSIM/106X_mcRun2_asymptotic_v17-v2/270000/73F4C52B-3B7E-E143-9D61-7BD292E0B49F.root
08-Mar-2024 21:57:02 CET  Initiating request to open file root://eoscms.cern.ch//eos/cms/store/mc/RunIISummer20UL16MiniAODv2/ZJetsToNuNu_HT-1200To2500_TuneCP5_13TeV-madgraphMLM-pythia8/MINIAODSIM/106X_mcRun2_asymptotic_v17-v2/2520000/DC8E1419-ED8B-8E4E-8BDB-DDC92C555F84.root
%MSG-w XrdAdaptorInternal:  file_open 08-Mar-2024 21:57:03 CET PostProcessEvent
Failed to open file at URL root://eoscms.cern.ch:1094//eos/cms/store/mc/RunIISummer20UL16MiniAODv2/ZJetsToNuNu_HT-1200To2500_TuneCP5_13TeV-madgraphMLM-pythia8/MINIAODSIM/106X_mcRun2_asymptotic_v17-v2/2520000/DC8E1419-ED8B-8E4E-8BDB-DDC92C555F84.root.
%MSG
%MSG-w XrdAdaptorInternal:  file_open 08-Mar-2024 21:57:03 CET PostProcessEvent
Failed to open file at URL root://eoscms.cern.ch:1094//eos/cms/store/mc/RunIISummer20UL16MiniAODv2/ZJetsToNuNu_HT-1200To2500_TuneCP5_13TeV-madgraphMLM-pythia8/MINIAODSIM/106X_mcRun2_asymptotic_v17-v2/2520000/DC8E1419-ED8B-8E4E-8BDB-DDC92C555F84.root?tried=.
%MSG
08-Mar-2024 21:57:03 CET  Fallback request to file root://xrootd-cms.infn.it//store/mc/RunIISummer20UL16MiniAODv2/ZJetsToNuNu_HT-1200To2500_TuneCP5_13TeV-madgraphMLM-pythia8/MINIAODSIM/106X_mcRun2_asymptotic_v17-v2/2520000/DC8E1419-ED8B-8E4E-8BDB-DDC92C555F84.root
%MSG-w XrdAdaptor:  file_open 08-Mar-2024 21:57:23 CET PostProcessEvent
Data is served from fnal.gov instead of original site infn.it
%MSG
08-Mar-2024 21:57:24 CET  Successfully opened file root://xrootd-cms.infn.it//store/mc/RunIISummer20UL16MiniAODv2/ZJetsToNuNu_HT-1200To2500_TuneCP5_13TeV-madgraphMLM-pythia8/MINIAODSIM/106X_mcRun2_asymptotic_v17-v2/2520000/DC8E1419-ED8B-8E4E-8BDB-DDC92C555F84.root
      0.001285      0.000046      0.000405             1
      0.679144      0.004527      0.000405             3
      0.121599      0.001555      0.000405             2
      2.014029      0.007813      0.000405             4
 
08-Mar-2024 21:57:28 CET  Closed file root://xrootd-cms.infn.it//store/mc/RunIISummer20UL16MiniAODv2/ZJetsToNuNu_HT-1200To2500_TuneCP5_13TeV-madgraphMLM-pythia8/MINIAODSIM/106X_mcRun2_asymptotic_v17-v2/2520000/DC8E1419-ED8B-8E4E-8BDB-DDC92C555F84.root

------------------------------------
GenXsecAnalyzer:
------------------------------------
-------------------------------------------------------------------------------------------------------------------------------------------------------------------------- 
Overall cross-section summary 
--------------------------------------------------------------------------------------------------------------------------------------------------------------------------
Process		xsec_before [pb]		passed	nposw	nnegw	tried	nposw	nnegw 	xsec_match [pb]			accepted [%]	 event_eff [%]
0		8.489e-04 +/- 2.294e-06		29	29	0	534	534	0	4.610e-05 +/- 8.326e-06		5.4 +/- 1.0	5.4 +/- 1.0
1		1.234e-01 +/- 1.229e-04		3160	3160	0	56649	56649	0	6.881e-03 +/- 1.191e-04		5.6 +/- 0.1	5.6 +/- 0.1
2		6.751e-01 +/- 3.439e-04		9593	9593	0	318246	318246	0	2.035e-02 +/- 2.049e-04		3.0 +/- 0.0	3.0 +/- 0.0
3		2.018e+00 +/- 5.642e-04		102827	102827	0	930124	930124	0	2.231e-01 +/- 6.590e-04		11.1 +/- 0.0	11.1 +/- 0.0
-------------------------------------------------------------------------------------------------------------------------------------------------------------------------- 
Total		2.817e+00 +/- 6.721e-04		115609	115609	0	1305553	1305553	0	2.495e-01 +/- 7.030e-04		8.9 +/- 0.0	8.9 +/- 0.0
--------------------------------------------------------------------------------------------------------------------------------------------------------------------------
Before matching: total cross section = 2.817e+00 +- 6.721e-04 pb
After matching: total cross section = 2.495e-01 +- 7.030e-04 pb
Matching efficiency = 0.1 +/- 0.0   [TO BE USED IN MCM]
Filter efficiency (taking into account weights)= (115609) / (115609) = 1.000e+00 +- 0.000e+00
Filter efficiency (event-level)= (115609) / (115609) = 1.000e+00 +- 0.000e+00    [TO BE USED IN MCM]

After filter: final cross section = 2.495e-01 +- 7.030e-04 pb
After filter: final fraction of events with negative weights = 0.000e+00 +- 0.000e+00
After filter: final equivalent lumi for 1M events (1/fb) = 4.009e+03 +- 1.199e+01

=============================================

MessageLogger Summary

 type     category        sev    module        subroutine        count    total
 ---- -------------------- -- ---------------- ----------------  -----    -----
    1 GenXSecAnalyzer      -w GenXSecAnalyzer:                      18       18
    2 XrdAdaptor           -w file_open                             21       21
    3 XrdAdaptorInternal   -w file_open                             42       42
    4 fileAction           -s file_close                            21       21
    5 fileAction           -s file_open                             63       63

 type    category    Examples: run/evt        run/evt          run/evt
 ---- -------------------- ---------------- ---------------- ----------------
    1 GenXSecAnalyzer      PostGlobalEndRun PostGlobalEndRun PostGlobalEndRun
    2 XrdAdaptor           pre-events       PostProcessEvent PostProcessEvent
    3 XrdAdaptorInternal   pre-events       pre-events       PostProcessEvent
    4 fileAction           PostProcessEvent PostProcessEvent PostGlobalEndRun
    5 fileAction           pre-events       pre-events       PostProcessEvent

Severity    # Occurrences   Total Occurrences
--------    -------------   -----------------
Warning                81                  81
System                 84                  84

dropped waiting message count 0
