01-Mar-2024 12:08:51 CET  Initiating request to open file root://eoscms.cern.ch//eos/cms/store/mc/RunIISummer20UL16MiniAODv2/DYJetsToLL_2J_TuneCP5_13TeV-amcatnloFXFX-pythia8/MINIAODSIM/106X_mcRun2_asymptotic_v17-v1/120000/844EF9B5-4F08-0447-BCD6-908FC8A2379A.root
%MSG-w XrdAdaptorInternal:  file_open 01-Mar-2024 12:08:53 CET pre-events
Failed to open file at URL root://eoscms.cern.ch:1094//eos/cms/store/mc/RunIISummer20UL16MiniAODv2/DYJetsToLL_2J_TuneCP5_13TeV-amcatnloFXFX-pythia8/MINIAODSIM/106X_mcRun2_asymptotic_v17-v1/120000/844EF9B5-4F08-0447-BCD6-908FC8A2379A.root.
%MSG
%MSG-w XrdAdaptorInternal:  file_open 01-Mar-2024 12:08:53 CET pre-events
Failed to open file at URL root://eoscms.cern.ch:1094//eos/cms/store/mc/RunIISummer20UL16MiniAODv2/DYJetsToLL_2J_TuneCP5_13TeV-amcatnloFXFX-pythia8/MINIAODSIM/106X_mcRun2_asymptotic_v17-v1/120000/844EF9B5-4F08-0447-BCD6-908FC8A2379A.root?tried=.
%MSG
01-Mar-2024 12:08:53 CET  Fallback request to file root://xrootd-cms.infn.it//store/mc/RunIISummer20UL16MiniAODv2/DYJetsToLL_2J_TuneCP5_13TeV-amcatnloFXFX-pythia8/MINIAODSIM/106X_mcRun2_asymptotic_v17-v1/120000/844EF9B5-4F08-0447-BCD6-908FC8A2379A.root
%MSG-w XrdAdaptor:  file_open 01-Mar-2024 12:09:09 CET pre-events
Data is served from T2_US_Wisconsin instead of original site infn.it
%MSG
01-Mar-2024 12:09:18 CET  Successfully opened file root://xrootd-cms.infn.it//store/mc/RunIISummer20UL16MiniAODv2/DYJetsToLL_2J_TuneCP5_13TeV-amcatnloFXFX-pythia8/MINIAODSIM/106X_mcRun2_asymptotic_v17-v1/120000/844EF9B5-4F08-0447-BCD6-908FC8A2379A.root
Begin processing the 1st record. Run 1, Event 95950479, LumiSection 14395 on stream 0 at 01-Mar-2024 12:09:25.078 CET
01-Mar-2024 12:09:25 CET  Closed file root://xrootd-cms.infn.it//store/mc/RunIISummer20UL16MiniAODv2/DYJetsToLL_2J_TuneCP5_13TeV-amcatnloFXFX-pythia8/MINIAODSIM/106X_mcRun2_asymptotic_v17-v1/120000/844EF9B5-4F08-0447-BCD6-908FC8A2379A.root
01-Mar-2024 12:09:25 CET  Initiating request to open file root://eoscms.cern.ch//eos/cms/store/mc/RunIISummer20UL16MiniAODv2/DYJetsToLL_2J_TuneCP5_13TeV-amcatnloFXFX-pythia8/MINIAODSIM/106X_mcRun2_asymptotic_v17-v1/140000/671DF418-09BC-4D4D-AE18-CFCCCF16384A.root
%MSG-w XrdAdaptorInternal:  file_open 01-Mar-2024 12:09:26 CET PostProcessEvent
Failed to open file at URL root://eoscms.cern.ch:1094//eos/cms/store/mc/RunIISummer20UL16MiniAODv2/DYJetsToLL_2J_TuneCP5_13TeV-amcatnloFXFX-pythia8/MINIAODSIM/106X_mcRun2_asymptotic_v17-v1/140000/671DF418-09BC-4D4D-AE18-CFCCCF16384A.root.
%MSG
%MSG-w XrdAdaptorInternal:  file_open 01-Mar-2024 12:09:26 CET PostProcessEvent
Failed to open file at URL root://eoscms.cern.ch:1094//eos/cms/store/mc/RunIISummer20UL16MiniAODv2/DYJetsToLL_2J_TuneCP5_13TeV-amcatnloFXFX-pythia8/MINIAODSIM/106X_mcRun2_asymptotic_v17-v1/140000/671DF418-09BC-4D4D-AE18-CFCCCF16384A.root?tried=.
%MSG
01-Mar-2024 12:09:26 CET  Fallback request to file root://xrootd-cms.infn.it//store/mc/RunIISummer20UL16MiniAODv2/DYJetsToLL_2J_TuneCP5_13TeV-amcatnloFXFX-pythia8/MINIAODSIM/106X_mcRun2_asymptotic_v17-v1/140000/671DF418-09BC-4D4D-AE18-CFCCCF16384A.root
%MSG-w XrdAdaptor:  file_open 01-Mar-2024 12:09:42 CET PostProcessEvent
Data is served from T2_US_Nebraska instead of original site infn.it
%MSG
01-Mar-2024 12:09:43 CET  Successfully opened file root://xrootd-cms.infn.it//store/mc/RunIISummer20UL16MiniAODv2/DYJetsToLL_2J_TuneCP5_13TeV-amcatnloFXFX-pythia8/MINIAODSIM/106X_mcRun2_asymptotic_v17-v1/140000/671DF418-09BC-4D4D-AE18-CFCCCF16384A.root
01-Mar-2024 12:09:57 CET  Closed file root://xrootd-cms.infn.it//store/mc/RunIISummer20UL16MiniAODv2/DYJetsToLL_2J_TuneCP5_13TeV-amcatnloFXFX-pythia8/MINIAODSIM/106X_mcRun2_asymptotic_v17-v1/140000/671DF418-09BC-4D4D-AE18-CFCCCF16384A.root
01-Mar-2024 12:09:57 CET  Initiating request to open file root://eoscms.cern.ch//eos/cms/store/mc/RunIISummer20UL16MiniAODv2/DYJetsToLL_2J_TuneCP5_13TeV-amcatnloFXFX-pythia8/MINIAODSIM/106X_mcRun2_asymptotic_v17-v1/140000/47710E9F-713D-584B-94FE-CAD36C78C290.root
%MSG-w XrdAdaptorInternal:  file_open 01-Mar-2024 12:09:58 CET PostProcessEvent
Failed to open file at URL root://eoscms.cern.ch:1094//eos/cms/store/mc/RunIISummer20UL16MiniAODv2/DYJetsToLL_2J_TuneCP5_13TeV-amcatnloFXFX-pythia8/MINIAODSIM/106X_mcRun2_asymptotic_v17-v1/140000/47710E9F-713D-584B-94FE-CAD36C78C290.root.
%MSG
%MSG-w XrdAdaptorInternal:  file_open 01-Mar-2024 12:09:58 CET PostProcessEvent
Failed to open file at URL root://eoscms.cern.ch:1094//eos/cms/store/mc/RunIISummer20UL16MiniAODv2/DYJetsToLL_2J_TuneCP5_13TeV-amcatnloFXFX-pythia8/MINIAODSIM/106X_mcRun2_asymptotic_v17-v1/140000/47710E9F-713D-584B-94FE-CAD36C78C290.root?tried=.
%MSG
01-Mar-2024 12:09:58 CET  Fallback request to file root://xrootd-cms.infn.it//store/mc/RunIISummer20UL16MiniAODv2/DYJetsToLL_2J_TuneCP5_13TeV-amcatnloFXFX-pythia8/MINIAODSIM/106X_mcRun2_asymptotic_v17-v1/140000/47710E9F-713D-584B-94FE-CAD36C78C290.root
%MSG-w XrdAdaptor:  file_open 01-Mar-2024 12:10:12 CET PostProcessEvent
Data is served from T2_US_Nebraska instead of original site infn.it
%MSG
01-Mar-2024 12:10:13 CET  Successfully opened file root://xrootd-cms.infn.it//store/mc/RunIISummer20UL16MiniAODv2/DYJetsToLL_2J_TuneCP5_13TeV-amcatnloFXFX-pythia8/MINIAODSIM/106X_mcRun2_asymptotic_v17-v1/140000/47710E9F-713D-584B-94FE-CAD36C78C290.root
Begin processing the 100001st record. Run 1, Event 317489314, LumiSection 47629 on stream 0 at 01-Mar-2024 12:10:22.876 CET
01-Mar-2024 12:10:27 CET  Closed file root://xrootd-cms.infn.it//store/mc/RunIISummer20UL16MiniAODv2/DYJetsToLL_2J_TuneCP5_13TeV-amcatnloFXFX-pythia8/MINIAODSIM/106X_mcRun2_asymptotic_v17-v1/140000/47710E9F-713D-584B-94FE-CAD36C78C290.root
01-Mar-2024 12:10:27 CET  Initiating request to open file root://eoscms.cern.ch//eos/cms/store/mc/RunIISummer20UL16MiniAODv2/DYJetsToLL_2J_TuneCP5_13TeV-amcatnloFXFX-pythia8/MINIAODSIM/106X_mcRun2_asymptotic_v17-v1/140000/E3195488-D5CA-EB4A-A424-623ED8E5D4AB.root
%MSG-w XrdAdaptorInternal:  file_open 01-Mar-2024 12:10:28 CET PostProcessEvent
Failed to open file at URL root://eoscms.cern.ch:1094//eos/cms/store/mc/RunIISummer20UL16MiniAODv2/DYJetsToLL_2J_TuneCP5_13TeV-amcatnloFXFX-pythia8/MINIAODSIM/106X_mcRun2_asymptotic_v17-v1/140000/E3195488-D5CA-EB4A-A424-623ED8E5D4AB.root.
%MSG
%MSG-w XrdAdaptorInternal:  file_open 01-Mar-2024 12:10:28 CET PostProcessEvent
Failed to open file at URL root://eoscms.cern.ch:1094//eos/cms/store/mc/RunIISummer20UL16MiniAODv2/DYJetsToLL_2J_TuneCP5_13TeV-amcatnloFXFX-pythia8/MINIAODSIM/106X_mcRun2_asymptotic_v17-v1/140000/E3195488-D5CA-EB4A-A424-623ED8E5D4AB.root?tried=.
%MSG
01-Mar-2024 12:10:28 CET  Fallback request to file root://xrootd-cms.infn.it//store/mc/RunIISummer20UL16MiniAODv2/DYJetsToLL_2J_TuneCP5_13TeV-amcatnloFXFX-pythia8/MINIAODSIM/106X_mcRun2_asymptotic_v17-v1/140000/E3195488-D5CA-EB4A-A424-623ED8E5D4AB.root
%MSG-w XrdAdaptor:  file_open 01-Mar-2024 12:10:44 CET PostProcessEvent
Data is served from T2_US_Nebraska instead of original site infn.it
%MSG
01-Mar-2024 12:10:45 CET  Successfully opened file root://xrootd-cms.infn.it//store/mc/RunIISummer20UL16MiniAODv2/DYJetsToLL_2J_TuneCP5_13TeV-amcatnloFXFX-pythia8/MINIAODSIM/106X_mcRun2_asymptotic_v17-v1/140000/E3195488-D5CA-EB4A-A424-623ED8E5D4AB.root
Begin processing the 200001st record. Run 1, Event 127586129, LumiSection 19140 on stream 0 at 01-Mar-2024 12:10:56.396 CET
01-Mar-2024 12:11:00 CET  Closed file root://xrootd-cms.infn.it//store/mc/RunIISummer20UL16MiniAODv2/DYJetsToLL_2J_TuneCP5_13TeV-amcatnloFXFX-pythia8/MINIAODSIM/106X_mcRun2_asymptotic_v17-v1/140000/E3195488-D5CA-EB4A-A424-623ED8E5D4AB.root
01-Mar-2024 12:11:00 CET  Initiating request to open file root://eoscms.cern.ch//eos/cms/store/mc/RunIISummer20UL16MiniAODv2/DYJetsToLL_2J_TuneCP5_13TeV-amcatnloFXFX-pythia8/MINIAODSIM/106X_mcRun2_asymptotic_v17-v1/140000/FEA292B9-C22F-814B-BBF7-27A8A651A247.root
%MSG-w XrdAdaptorInternal:  file_open 01-Mar-2024 12:11:01 CET PostProcessEvent
Failed to open file at URL root://eoscms.cern.ch:1094//eos/cms/store/mc/RunIISummer20UL16MiniAODv2/DYJetsToLL_2J_TuneCP5_13TeV-amcatnloFXFX-pythia8/MINIAODSIM/106X_mcRun2_asymptotic_v17-v1/140000/FEA292B9-C22F-814B-BBF7-27A8A651A247.root.
%MSG
%MSG-w XrdAdaptorInternal:  file_open 01-Mar-2024 12:11:01 CET PostProcessEvent
Failed to open file at URL root://eoscms.cern.ch:1094//eos/cms/store/mc/RunIISummer20UL16MiniAODv2/DYJetsToLL_2J_TuneCP5_13TeV-amcatnloFXFX-pythia8/MINIAODSIM/106X_mcRun2_asymptotic_v17-v1/140000/FEA292B9-C22F-814B-BBF7-27A8A651A247.root?tried=.
%MSG
01-Mar-2024 12:11:01 CET  Fallback request to file root://xrootd-cms.infn.it//store/mc/RunIISummer20UL16MiniAODv2/DYJetsToLL_2J_TuneCP5_13TeV-amcatnloFXFX-pythia8/MINIAODSIM/106X_mcRun2_asymptotic_v17-v1/140000/FEA292B9-C22F-814B-BBF7-27A8A651A247.root
%MSG-w XrdAdaptor:  file_open 01-Mar-2024 12:11:29 CET PostProcessEvent
Data is served from T2_US_Nebraska instead of original site infn.it
%MSG
01-Mar-2024 12:11:30 CET  Successfully opened file root://xrootd-cms.infn.it//store/mc/RunIISummer20UL16MiniAODv2/DYJetsToLL_2J_TuneCP5_13TeV-amcatnloFXFX-pythia8/MINIAODSIM/106X_mcRun2_asymptotic_v17-v1/140000/FEA292B9-C22F-814B-BBF7-27A8A651A247.root
Begin processing the 300001st record. Run 1, Event 199345865, LumiSection 29905 on stream 0 at 01-Mar-2024 12:11:42.028 CET
01-Mar-2024 12:11:45 CET  Closed file root://xrootd-cms.infn.it//store/mc/RunIISummer20UL16MiniAODv2/DYJetsToLL_2J_TuneCP5_13TeV-amcatnloFXFX-pythia8/MINIAODSIM/106X_mcRun2_asymptotic_v17-v1/140000/FEA292B9-C22F-814B-BBF7-27A8A651A247.root
01-Mar-2024 12:11:45 CET  Initiating request to open file root://eoscms.cern.ch//eos/cms/store/mc/RunIISummer20UL16MiniAODv2/DYJetsToLL_2J_TuneCP5_13TeV-amcatnloFXFX-pythia8/MINIAODSIM/106X_mcRun2_asymptotic_v17-v1/140000/60DDBAB0-6250-844C-8967-571FF668A474.root
%MSG-w XrdAdaptorInternal:  file_open 01-Mar-2024 12:11:46 CET PostProcessEvent
Failed to open file at URL root://eoscms.cern.ch:1094//eos/cms/store/mc/RunIISummer20UL16MiniAODv2/DYJetsToLL_2J_TuneCP5_13TeV-amcatnloFXFX-pythia8/MINIAODSIM/106X_mcRun2_asymptotic_v17-v1/140000/60DDBAB0-6250-844C-8967-571FF668A474.root.
%MSG
%MSG-w XrdAdaptorInternal:  file_open 01-Mar-2024 12:11:46 CET PostProcessEvent
Failed to open file at URL root://eoscms.cern.ch:1094//eos/cms/store/mc/RunIISummer20UL16MiniAODv2/DYJetsToLL_2J_TuneCP5_13TeV-amcatnloFXFX-pythia8/MINIAODSIM/106X_mcRun2_asymptotic_v17-v1/140000/60DDBAB0-6250-844C-8967-571FF668A474.root?tried=.
%MSG
01-Mar-2024 12:11:46 CET  Fallback request to file root://xrootd-cms.infn.it//store/mc/RunIISummer20UL16MiniAODv2/DYJetsToLL_2J_TuneCP5_13TeV-amcatnloFXFX-pythia8/MINIAODSIM/106X_mcRun2_asymptotic_v17-v1/140000/60DDBAB0-6250-844C-8967-571FF668A474.root
%MSG-w XrdAdaptor:  file_open 01-Mar-2024 12:11:58 CET PostProcessEvent
Data is served from T2_US_Nebraska instead of original site infn.it
%MSG
01-Mar-2024 12:11:59 CET  Successfully opened file root://xrootd-cms.infn.it//store/mc/RunIISummer20UL16MiniAODv2/DYJetsToLL_2J_TuneCP5_13TeV-amcatnloFXFX-pythia8/MINIAODSIM/106X_mcRun2_asymptotic_v17-v1/140000/60DDBAB0-6250-844C-8967-571FF668A474.root
01-Mar-2024 12:12:09 CET  Closed file root://xrootd-cms.infn.it//store/mc/RunIISummer20UL16MiniAODv2/DYJetsToLL_2J_TuneCP5_13TeV-amcatnloFXFX-pythia8/MINIAODSIM/106X_mcRun2_asymptotic_v17-v1/140000/60DDBAB0-6250-844C-8967-571FF668A474.root
01-Mar-2024 12:12:09 CET  Initiating request to open file root://eoscms.cern.ch//eos/cms/store/mc/RunIISummer20UL16MiniAODv2/DYJetsToLL_2J_TuneCP5_13TeV-amcatnloFXFX-pythia8/MINIAODSIM/106X_mcRun2_asymptotic_v17-v1/130000/E18B6118-A50E-6E4E-9AEF-147740A924CA.root
%MSG-w XrdAdaptorInternal:  file_open 01-Mar-2024 12:12:10 CET PostProcessEvent
Failed to open file at URL root://eoscms.cern.ch:1094//eos/cms/store/mc/RunIISummer20UL16MiniAODv2/DYJetsToLL_2J_TuneCP5_13TeV-amcatnloFXFX-pythia8/MINIAODSIM/106X_mcRun2_asymptotic_v17-v1/130000/E18B6118-A50E-6E4E-9AEF-147740A924CA.root.
%MSG
%MSG-w XrdAdaptorInternal:  file_open 01-Mar-2024 12:12:10 CET PostProcessEvent
Failed to open file at URL root://eoscms.cern.ch:1094//eos/cms/store/mc/RunIISummer20UL16MiniAODv2/DYJetsToLL_2J_TuneCP5_13TeV-amcatnloFXFX-pythia8/MINIAODSIM/106X_mcRun2_asymptotic_v17-v1/130000/E18B6118-A50E-6E4E-9AEF-147740A924CA.root?tried=.
%MSG
01-Mar-2024 12:12:10 CET  Fallback request to file root://xrootd-cms.infn.it//store/mc/RunIISummer20UL16MiniAODv2/DYJetsToLL_2J_TuneCP5_13TeV-amcatnloFXFX-pythia8/MINIAODSIM/106X_mcRun2_asymptotic_v17-v1/130000/E18B6118-A50E-6E4E-9AEF-147740A924CA.root
%MSG-w XrdAdaptor:  file_open 01-Mar-2024 12:12:25 CET PostProcessEvent
Data is served from T2_US_Caltech instead of original site infn.it
%MSG
01-Mar-2024 12:12:26 CET  Successfully opened file root://xrootd-cms.infn.it//store/mc/RunIISummer20UL16MiniAODv2/DYJetsToLL_2J_TuneCP5_13TeV-amcatnloFXFX-pythia8/MINIAODSIM/106X_mcRun2_asymptotic_v17-v1/130000/E18B6118-A50E-6E4E-9AEF-147740A924CA.root
Begin processing the 400001st record. Run 1, Event 160730636, LumiSection 24113 on stream 0 at 01-Mar-2024 12:12:35.159 CET
01-Mar-2024 12:12:38 CET  Closed file root://xrootd-cms.infn.it//store/mc/RunIISummer20UL16MiniAODv2/DYJetsToLL_2J_TuneCP5_13TeV-amcatnloFXFX-pythia8/MINIAODSIM/106X_mcRun2_asymptotic_v17-v1/130000/E18B6118-A50E-6E4E-9AEF-147740A924CA.root
01-Mar-2024 12:12:38 CET  Initiating request to open file root://eoscms.cern.ch//eos/cms/store/mc/RunIISummer20UL16MiniAODv2/DYJetsToLL_2J_TuneCP5_13TeV-amcatnloFXFX-pythia8/MINIAODSIM/106X_mcRun2_asymptotic_v17-v1/130000/61E087CC-4994-8C4A-8BDA-EDA9FA8E234F.root
%MSG-w XrdAdaptorInternal:  file_open 01-Mar-2024 12:12:39 CET PostProcessEvent
Failed to open file at URL root://eoscms.cern.ch:1094//eos/cms/store/mc/RunIISummer20UL16MiniAODv2/DYJetsToLL_2J_TuneCP5_13TeV-amcatnloFXFX-pythia8/MINIAODSIM/106X_mcRun2_asymptotic_v17-v1/130000/61E087CC-4994-8C4A-8BDA-EDA9FA8E234F.root.
%MSG
%MSG-w XrdAdaptorInternal:  file_open 01-Mar-2024 12:12:39 CET PostProcessEvent
Failed to open file at URL root://eoscms.cern.ch:1094//eos/cms/store/mc/RunIISummer20UL16MiniAODv2/DYJetsToLL_2J_TuneCP5_13TeV-amcatnloFXFX-pythia8/MINIAODSIM/106X_mcRun2_asymptotic_v17-v1/130000/61E087CC-4994-8C4A-8BDA-EDA9FA8E234F.root?tried=.
%MSG
01-Mar-2024 12:12:39 CET  Fallback request to file root://xrootd-cms.infn.it//store/mc/RunIISummer20UL16MiniAODv2/DYJetsToLL_2J_TuneCP5_13TeV-amcatnloFXFX-pythia8/MINIAODSIM/106X_mcRun2_asymptotic_v17-v1/130000/61E087CC-4994-8C4A-8BDA-EDA9FA8E234F.root
%MSG-w XrdAdaptor:  file_open 01-Mar-2024 12:12:52 CET PostProcessEvent
Data is served from T2_US_Caltech instead of original site infn.it
%MSG
01-Mar-2024 12:12:53 CET  Successfully opened file root://xrootd-cms.infn.it//store/mc/RunIISummer20UL16MiniAODv2/DYJetsToLL_2J_TuneCP5_13TeV-amcatnloFXFX-pythia8/MINIAODSIM/106X_mcRun2_asymptotic_v17-v1/130000/61E087CC-4994-8C4A-8BDA-EDA9FA8E234F.root
01-Mar-2024 12:13:03 CET  Closed file root://xrootd-cms.infn.it//store/mc/RunIISummer20UL16MiniAODv2/DYJetsToLL_2J_TuneCP5_13TeV-amcatnloFXFX-pythia8/MINIAODSIM/106X_mcRun2_asymptotic_v17-v1/130000/61E087CC-4994-8C4A-8BDA-EDA9FA8E234F.root
01-Mar-2024 12:13:03 CET  Initiating request to open file root://eoscms.cern.ch//eos/cms/store/mc/RunIISummer20UL16MiniAODv2/DYJetsToLL_2J_TuneCP5_13TeV-amcatnloFXFX-pythia8/MINIAODSIM/106X_mcRun2_asymptotic_v17-v1/120000/6AB24D9F-5BC0-9A47-BD62-9DBD2A3394C4.root
%MSG-w XrdAdaptorInternal:  file_open 01-Mar-2024 12:13:04 CET PostProcessEvent
Failed to open file at URL root://eoscms.cern.ch:1094//eos/cms/store/mc/RunIISummer20UL16MiniAODv2/DYJetsToLL_2J_TuneCP5_13TeV-amcatnloFXFX-pythia8/MINIAODSIM/106X_mcRun2_asymptotic_v17-v1/120000/6AB24D9F-5BC0-9A47-BD62-9DBD2A3394C4.root.
%MSG
%MSG-w XrdAdaptorInternal:  file_open 01-Mar-2024 12:13:04 CET PostProcessEvent
Failed to open file at URL root://eoscms.cern.ch:1094//eos/cms/store/mc/RunIISummer20UL16MiniAODv2/DYJetsToLL_2J_TuneCP5_13TeV-amcatnloFXFX-pythia8/MINIAODSIM/106X_mcRun2_asymptotic_v17-v1/120000/6AB24D9F-5BC0-9A47-BD62-9DBD2A3394C4.root?tried=.
%MSG
01-Mar-2024 12:13:04 CET  Fallback request to file root://xrootd-cms.infn.it//store/mc/RunIISummer20UL16MiniAODv2/DYJetsToLL_2J_TuneCP5_13TeV-amcatnloFXFX-pythia8/MINIAODSIM/106X_mcRun2_asymptotic_v17-v1/120000/6AB24D9F-5BC0-9A47-BD62-9DBD2A3394C4.root
Unable to load sec.protocol plugin libXrdSecztn.so
%MSG-w XrdAdaptor:  file_open 01-Mar-2024 12:13:29 CET PostProcessEvent
Data is served from fnal.gov instead of original site infn.it
%MSG
01-Mar-2024 12:13:29 CET  Successfully opened file root://xrootd-cms.infn.it//store/mc/RunIISummer20UL16MiniAODv2/DYJetsToLL_2J_TuneCP5_13TeV-amcatnloFXFX-pythia8/MINIAODSIM/106X_mcRun2_asymptotic_v17-v1/120000/6AB24D9F-5BC0-9A47-BD62-9DBD2A3394C4.root
Unable to load sec.protocol plugin libXrdSecztn.so
Begin processing the 500001st record. Run 1, Event 110670356, LumiSection 16603 on stream 0 at 01-Mar-2024 12:13:36.781 CET
01-Mar-2024 12:13:42 CET  Closed file root://xrootd-cms.infn.it//store/mc/RunIISummer20UL16MiniAODv2/DYJetsToLL_2J_TuneCP5_13TeV-amcatnloFXFX-pythia8/MINIAODSIM/106X_mcRun2_asymptotic_v17-v1/120000/6AB24D9F-5BC0-9A47-BD62-9DBD2A3394C4.root
01-Mar-2024 12:13:42 CET  Initiating request to open file root://eoscms.cern.ch//eos/cms/store/mc/RunIISummer20UL16MiniAODv2/DYJetsToLL_2J_TuneCP5_13TeV-amcatnloFXFX-pythia8/MINIAODSIM/106X_mcRun2_asymptotic_v17-v1/120000/F53056EA-908A-2640-A64E-F6FA07716501.root
%MSG-w XrdAdaptorInternal:  file_open 01-Mar-2024 12:13:43 CET PostProcessEvent
Failed to open file at URL root://eoscms.cern.ch:1094//eos/cms/store/mc/RunIISummer20UL16MiniAODv2/DYJetsToLL_2J_TuneCP5_13TeV-amcatnloFXFX-pythia8/MINIAODSIM/106X_mcRun2_asymptotic_v17-v1/120000/F53056EA-908A-2640-A64E-F6FA07716501.root.
%MSG
%MSG-w XrdAdaptorInternal:  file_open 01-Mar-2024 12:13:43 CET PostProcessEvent
Failed to open file at URL root://eoscms.cern.ch:1094//eos/cms/store/mc/RunIISummer20UL16MiniAODv2/DYJetsToLL_2J_TuneCP5_13TeV-amcatnloFXFX-pythia8/MINIAODSIM/106X_mcRun2_asymptotic_v17-v1/120000/F53056EA-908A-2640-A64E-F6FA07716501.root?tried=.
%MSG
01-Mar-2024 12:13:43 CET  Fallback request to file root://xrootd-cms.infn.it//store/mc/RunIISummer20UL16MiniAODv2/DYJetsToLL_2J_TuneCP5_13TeV-amcatnloFXFX-pythia8/MINIAODSIM/106X_mcRun2_asymptotic_v17-v1/120000/F53056EA-908A-2640-A64E-F6FA07716501.root
Unable to load sec.protocol plugin libXrdSecztn.so
%MSG-w XrdAdaptor:  file_open 01-Mar-2024 12:13:57 CET PostProcessEvent
Data is served from fnal.gov instead of original site infn.it
%MSG
01-Mar-2024 12:13:58 CET  Successfully opened file root://xrootd-cms.infn.it//store/mc/RunIISummer20UL16MiniAODv2/DYJetsToLL_2J_TuneCP5_13TeV-amcatnloFXFX-pythia8/MINIAODSIM/106X_mcRun2_asymptotic_v17-v1/120000/F53056EA-908A-2640-A64E-F6FA07716501.root
Begin processing the 600001st record. Run 1, Event 143536604, LumiSection 21533 on stream 0 at 01-Mar-2024 12:14:05.698 CET
01-Mar-2024 12:14:09 CET  Closed file root://xrootd-cms.infn.it//store/mc/RunIISummer20UL16MiniAODv2/DYJetsToLL_2J_TuneCP5_13TeV-amcatnloFXFX-pythia8/MINIAODSIM/106X_mcRun2_asymptotic_v17-v1/120000/F53056EA-908A-2640-A64E-F6FA07716501.root
01-Mar-2024 12:14:09 CET  Initiating request to open file root://eoscms.cern.ch//eos/cms/store/mc/RunIISummer20UL16MiniAODv2/DYJetsToLL_2J_TuneCP5_13TeV-amcatnloFXFX-pythia8/MINIAODSIM/106X_mcRun2_asymptotic_v17-v1/120000/AF10B017-529F-9E47-9B5F-D9BD4E0881AF.root
%MSG-w XrdAdaptorInternal:  file_open 01-Mar-2024 12:14:10 CET PostProcessEvent
Failed to open file at URL root://eoscms.cern.ch:1094//eos/cms/store/mc/RunIISummer20UL16MiniAODv2/DYJetsToLL_2J_TuneCP5_13TeV-amcatnloFXFX-pythia8/MINIAODSIM/106X_mcRun2_asymptotic_v17-v1/120000/AF10B017-529F-9E47-9B5F-D9BD4E0881AF.root.
%MSG
%MSG-w XrdAdaptorInternal:  file_open 01-Mar-2024 12:14:10 CET PostProcessEvent
Failed to open file at URL root://eoscms.cern.ch:1094//eos/cms/store/mc/RunIISummer20UL16MiniAODv2/DYJetsToLL_2J_TuneCP5_13TeV-amcatnloFXFX-pythia8/MINIAODSIM/106X_mcRun2_asymptotic_v17-v1/120000/AF10B017-529F-9E47-9B5F-D9BD4E0881AF.root?tried=.
%MSG
01-Mar-2024 12:14:10 CET  Fallback request to file root://xrootd-cms.infn.it//store/mc/RunIISummer20UL16MiniAODv2/DYJetsToLL_2J_TuneCP5_13TeV-amcatnloFXFX-pythia8/MINIAODSIM/106X_mcRun2_asymptotic_v17-v1/120000/AF10B017-529F-9E47-9B5F-D9BD4E0881AF.root
Unable to load sec.protocol plugin libXrdSecztn.so
%MSG-w XrdAdaptor:  file_open 01-Mar-2024 12:14:29 CET PostProcessEvent
Data is served from fnal.gov instead of original site infn.it
%MSG
01-Mar-2024 12:14:30 CET  Successfully opened file root://xrootd-cms.infn.it//store/mc/RunIISummer20UL16MiniAODv2/DYJetsToLL_2J_TuneCP5_13TeV-amcatnloFXFX-pythia8/MINIAODSIM/106X_mcRun2_asymptotic_v17-v1/120000/AF10B017-529F-9E47-9B5F-D9BD4E0881AF.root
01-Mar-2024 12:14:34 CET  Closed file root://xrootd-cms.infn.it//store/mc/RunIISummer20UL16MiniAODv2/DYJetsToLL_2J_TuneCP5_13TeV-amcatnloFXFX-pythia8/MINIAODSIM/106X_mcRun2_asymptotic_v17-v1/120000/AF10B017-529F-9E47-9B5F-D9BD4E0881AF.root
01-Mar-2024 12:14:35 CET  Initiating request to open file root://eoscms.cern.ch//eos/cms/store/mc/RunIISummer20UL16MiniAODv2/DYJetsToLL_2J_TuneCP5_13TeV-amcatnloFXFX-pythia8/MINIAODSIM/106X_mcRun2_asymptotic_v17-v1/280000/2F3083F7-7C7E-8C48-890C-B5C8347C9C78.root
%MSG-w XrdAdaptorInternal:  file_open 01-Mar-2024 12:14:36 CET PostProcessEvent
Failed to open file at URL root://eoscms.cern.ch:1094//eos/cms/store/mc/RunIISummer20UL16MiniAODv2/DYJetsToLL_2J_TuneCP5_13TeV-amcatnloFXFX-pythia8/MINIAODSIM/106X_mcRun2_asymptotic_v17-v1/280000/2F3083F7-7C7E-8C48-890C-B5C8347C9C78.root.
%MSG
%MSG-w XrdAdaptorInternal:  file_open 01-Mar-2024 12:14:36 CET PostProcessEvent
Failed to open file at URL root://eoscms.cern.ch:1094//eos/cms/store/mc/RunIISummer20UL16MiniAODv2/DYJetsToLL_2J_TuneCP5_13TeV-amcatnloFXFX-pythia8/MINIAODSIM/106X_mcRun2_asymptotic_v17-v1/280000/2F3083F7-7C7E-8C48-890C-B5C8347C9C78.root?tried=.
%MSG
01-Mar-2024 12:14:36 CET  Fallback request to file root://xrootd-cms.infn.it//store/mc/RunIISummer20UL16MiniAODv2/DYJetsToLL_2J_TuneCP5_13TeV-amcatnloFXFX-pythia8/MINIAODSIM/106X_mcRun2_asymptotic_v17-v1/280000/2F3083F7-7C7E-8C48-890C-B5C8347C9C78.root
%MSG-w XrdAdaptor:  file_open 01-Mar-2024 12:14:48 CET PostProcessEvent
Data is served from fnal.gov instead of original site infn.it
%MSG
01-Mar-2024 12:14:48 CET  Successfully opened file root://xrootd-cms.infn.it//store/mc/RunIISummer20UL16MiniAODv2/DYJetsToLL_2J_TuneCP5_13TeV-amcatnloFXFX-pythia8/MINIAODSIM/106X_mcRun2_asymptotic_v17-v1/280000/2F3083F7-7C7E-8C48-890C-B5C8347C9C78.root
Begin processing the 700001st record. Run 1, Event 11080307, LumiSection 1663 on stream 0 at 01-Mar-2024 12:14:59.064 CET
01-Mar-2024 12:15:03 CET  Closed file root://xrootd-cms.infn.it//store/mc/RunIISummer20UL16MiniAODv2/DYJetsToLL_2J_TuneCP5_13TeV-amcatnloFXFX-pythia8/MINIAODSIM/106X_mcRun2_asymptotic_v17-v1/280000/2F3083F7-7C7E-8C48-890C-B5C8347C9C78.root
01-Mar-2024 12:15:03 CET  Initiating request to open file root://eoscms.cern.ch//eos/cms/store/mc/RunIISummer20UL16MiniAODv2/DYJetsToLL_2J_TuneCP5_13TeV-amcatnloFXFX-pythia8/MINIAODSIM/106X_mcRun2_asymptotic_v17-v1/280000/5C79E382-3939-CC42-B9B1-D5E5E4847AC3.root
%MSG-w XrdAdaptorInternal:  file_open 01-Mar-2024 12:15:04 CET PostProcessEvent
Failed to open file at URL root://eoscms.cern.ch:1094//eos/cms/store/mc/RunIISummer20UL16MiniAODv2/DYJetsToLL_2J_TuneCP5_13TeV-amcatnloFXFX-pythia8/MINIAODSIM/106X_mcRun2_asymptotic_v17-v1/280000/5C79E382-3939-CC42-B9B1-D5E5E4847AC3.root.
%MSG
%MSG-w XrdAdaptorInternal:  file_open 01-Mar-2024 12:15:04 CET PostProcessEvent
Failed to open file at URL root://eoscms.cern.ch:1094//eos/cms/store/mc/RunIISummer20UL16MiniAODv2/DYJetsToLL_2J_TuneCP5_13TeV-amcatnloFXFX-pythia8/MINIAODSIM/106X_mcRun2_asymptotic_v17-v1/280000/5C79E382-3939-CC42-B9B1-D5E5E4847AC3.root?tried=.
%MSG
01-Mar-2024 12:15:04 CET  Fallback request to file root://xrootd-cms.infn.it//store/mc/RunIISummer20UL16MiniAODv2/DYJetsToLL_2J_TuneCP5_13TeV-amcatnloFXFX-pythia8/MINIAODSIM/106X_mcRun2_asymptotic_v17-v1/280000/5C79E382-3939-CC42-B9B1-D5E5E4847AC3.root
%MSG-w XrdAdaptor:  file_open 01-Mar-2024 12:15:27 CET PostProcessEvent
Data is served from fnal.gov instead of original site infn.it
%MSG
01-Mar-2024 12:15:27 CET  Successfully opened file root://xrootd-cms.infn.it//store/mc/RunIISummer20UL16MiniAODv2/DYJetsToLL_2J_TuneCP5_13TeV-amcatnloFXFX-pythia8/MINIAODSIM/106X_mcRun2_asymptotic_v17-v1/280000/5C79E382-3939-CC42-B9B1-D5E5E4847AC3.root
Begin processing the 800001st record. Run 1, Event 275754225, LumiSection 41368 on stream 0 at 01-Mar-2024 12:15:37.513 CET
01-Mar-2024 12:15:41 CET  Closed file root://xrootd-cms.infn.it//store/mc/RunIISummer20UL16MiniAODv2/DYJetsToLL_2J_TuneCP5_13TeV-amcatnloFXFX-pythia8/MINIAODSIM/106X_mcRun2_asymptotic_v17-v1/280000/5C79E382-3939-CC42-B9B1-D5E5E4847AC3.root
01-Mar-2024 12:15:41 CET  Initiating request to open file root://eoscms.cern.ch//eos/cms/store/mc/RunIISummer20UL16MiniAODv2/DYJetsToLL_2J_TuneCP5_13TeV-amcatnloFXFX-pythia8/MINIAODSIM/106X_mcRun2_asymptotic_v17-v1/280000/2EA1A7ED-C227-C143-B764-B5A35521731F.root
%MSG-w XrdAdaptorInternal:  file_open 01-Mar-2024 12:15:42 CET PostProcessEvent
Failed to open file at URL root://eoscms.cern.ch:1094//eos/cms/store/mc/RunIISummer20UL16MiniAODv2/DYJetsToLL_2J_TuneCP5_13TeV-amcatnloFXFX-pythia8/MINIAODSIM/106X_mcRun2_asymptotic_v17-v1/280000/2EA1A7ED-C227-C143-B764-B5A35521731F.root.
%MSG
%MSG-w XrdAdaptorInternal:  file_open 01-Mar-2024 12:15:42 CET PostProcessEvent
Failed to open file at URL root://eoscms.cern.ch:1094//eos/cms/store/mc/RunIISummer20UL16MiniAODv2/DYJetsToLL_2J_TuneCP5_13TeV-amcatnloFXFX-pythia8/MINIAODSIM/106X_mcRun2_asymptotic_v17-v1/280000/2EA1A7ED-C227-C143-B764-B5A35521731F.root?tried=.
%MSG
01-Mar-2024 12:15:42 CET  Fallback request to file root://xrootd-cms.infn.it//store/mc/RunIISummer20UL16MiniAODv2/DYJetsToLL_2J_TuneCP5_13TeV-amcatnloFXFX-pythia8/MINIAODSIM/106X_mcRun2_asymptotic_v17-v1/280000/2EA1A7ED-C227-C143-B764-B5A35521731F.root
%MSG-w XrdAdaptor:  file_open 01-Mar-2024 12:15:54 CET PostProcessEvent
Data is served from fnal.gov instead of original site infn.it
%MSG
01-Mar-2024 12:15:54 CET  Successfully opened file root://xrootd-cms.infn.it//store/mc/RunIISummer20UL16MiniAODv2/DYJetsToLL_2J_TuneCP5_13TeV-amcatnloFXFX-pythia8/MINIAODSIM/106X_mcRun2_asymptotic_v17-v1/280000/2EA1A7ED-C227-C143-B764-B5A35521731F.root
Begin processing the 900001st record. Run 1, Event 34581874, LumiSection 5188 on stream 0 at 01-Mar-2024 12:16:15.864 CET
01-Mar-2024 12:16:19 CET  Closed file root://xrootd-cms.infn.it//store/mc/RunIISummer20UL16MiniAODv2/DYJetsToLL_2J_TuneCP5_13TeV-amcatnloFXFX-pythia8/MINIAODSIM/106X_mcRun2_asymptotic_v17-v1/280000/2EA1A7ED-C227-C143-B764-B5A35521731F.root
01-Mar-2024 12:16:19 CET  Initiating request to open file root://eoscms.cern.ch//eos/cms/store/mc/RunIISummer20UL16MiniAODv2/DYJetsToLL_2J_TuneCP5_13TeV-amcatnloFXFX-pythia8/MINIAODSIM/106X_mcRun2_asymptotic_v17-v1/280000/DF944203-724A-FC4C-8E61-3EDF5D733372.root
%MSG-w XrdAdaptorInternal:  file_open 01-Mar-2024 12:16:20 CET PostProcessEvent
Failed to open file at URL root://eoscms.cern.ch:1094//eos/cms/store/mc/RunIISummer20UL16MiniAODv2/DYJetsToLL_2J_TuneCP5_13TeV-amcatnloFXFX-pythia8/MINIAODSIM/106X_mcRun2_asymptotic_v17-v1/280000/DF944203-724A-FC4C-8E61-3EDF5D733372.root.
%MSG
%MSG-w XrdAdaptorInternal:  file_open 01-Mar-2024 12:16:20 CET PostProcessEvent
Failed to open file at URL root://eoscms.cern.ch:1094//eos/cms/store/mc/RunIISummer20UL16MiniAODv2/DYJetsToLL_2J_TuneCP5_13TeV-amcatnloFXFX-pythia8/MINIAODSIM/106X_mcRun2_asymptotic_v17-v1/280000/DF944203-724A-FC4C-8E61-3EDF5D733372.root?tried=.
%MSG
01-Mar-2024 12:16:20 CET  Fallback request to file root://xrootd-cms.infn.it//store/mc/RunIISummer20UL16MiniAODv2/DYJetsToLL_2J_TuneCP5_13TeV-amcatnloFXFX-pythia8/MINIAODSIM/106X_mcRun2_asymptotic_v17-v1/280000/DF944203-724A-FC4C-8E61-3EDF5D733372.root
%MSG-w XrdAdaptor:  file_open 01-Mar-2024 12:16:33 CET PostProcessEvent
Data is served from fnal.gov instead of original site infn.it
%MSG
01-Mar-2024 12:16:33 CET  Successfully opened file root://xrootd-cms.infn.it//store/mc/RunIISummer20UL16MiniAODv2/DYJetsToLL_2J_TuneCP5_13TeV-amcatnloFXFX-pythia8/MINIAODSIM/106X_mcRun2_asymptotic_v17-v1/280000/DF944203-724A-FC4C-8E61-3EDF5D733372.root
01-Mar-2024 12:16:44 CET  Closed file root://xrootd-cms.infn.it//store/mc/RunIISummer20UL16MiniAODv2/DYJetsToLL_2J_TuneCP5_13TeV-amcatnloFXFX-pythia8/MINIAODSIM/106X_mcRun2_asymptotic_v17-v1/280000/DF944203-724A-FC4C-8E61-3EDF5D733372.root
01-Mar-2024 12:16:44 CET  Initiating request to open file root://eoscms.cern.ch//eos/cms/store/mc/RunIISummer20UL16MiniAODv2/DYJetsToLL_2J_TuneCP5_13TeV-amcatnloFXFX-pythia8/MINIAODSIM/106X_mcRun2_asymptotic_v17-v1/280000/B3880463-7C7E-394E-9EC3-DAA060F6B6E7.root
%MSG-w XrdAdaptorInternal:  file_open 01-Mar-2024 12:16:45 CET PostProcessEvent
Failed to open file at URL root://eoscms.cern.ch:1094//eos/cms/store/mc/RunIISummer20UL16MiniAODv2/DYJetsToLL_2J_TuneCP5_13TeV-amcatnloFXFX-pythia8/MINIAODSIM/106X_mcRun2_asymptotic_v17-v1/280000/B3880463-7C7E-394E-9EC3-DAA060F6B6E7.root.
%MSG
%MSG-w XrdAdaptorInternal:  file_open 01-Mar-2024 12:16:45 CET PostProcessEvent
Failed to open file at URL root://eoscms.cern.ch:1094//eos/cms/store/mc/RunIISummer20UL16MiniAODv2/DYJetsToLL_2J_TuneCP5_13TeV-amcatnloFXFX-pythia8/MINIAODSIM/106X_mcRun2_asymptotic_v17-v1/280000/B3880463-7C7E-394E-9EC3-DAA060F6B6E7.root?tried=.
%MSG
01-Mar-2024 12:16:45 CET  Fallback request to file root://xrootd-cms.infn.it//store/mc/RunIISummer20UL16MiniAODv2/DYJetsToLL_2J_TuneCP5_13TeV-amcatnloFXFX-pythia8/MINIAODSIM/106X_mcRun2_asymptotic_v17-v1/280000/B3880463-7C7E-394E-9EC3-DAA060F6B6E7.root
%MSG-w XrdAdaptor:  file_open 01-Mar-2024 12:16:58 CET PostProcessEvent
Data is served from fnal.gov instead of original site infn.it
%MSG
01-Mar-2024 12:16:58 CET  Successfully opened file root://xrootd-cms.infn.it//store/mc/RunIISummer20UL16MiniAODv2/DYJetsToLL_2J_TuneCP5_13TeV-amcatnloFXFX-pythia8/MINIAODSIM/106X_mcRun2_asymptotic_v17-v1/280000/B3880463-7C7E-394E-9EC3-DAA060F6B6E7.root
Begin processing the 1000001st record. Run 1, Event 26521247, LumiSection 3979 on stream 0 at 01-Mar-2024 12:17:06.501 CET
01-Mar-2024 12:17:12 CET  Closed file root://xrootd-cms.infn.it//store/mc/RunIISummer20UL16MiniAODv2/DYJetsToLL_2J_TuneCP5_13TeV-amcatnloFXFX-pythia8/MINIAODSIM/106X_mcRun2_asymptotic_v17-v1/280000/B3880463-7C7E-394E-9EC3-DAA060F6B6E7.root
01-Mar-2024 12:17:12 CET  Initiating request to open file root://eoscms.cern.ch//eos/cms/store/mc/RunIISummer20UL16MiniAODv2/DYJetsToLL_2J_TuneCP5_13TeV-amcatnloFXFX-pythia8/MINIAODSIM/106X_mcRun2_asymptotic_v17-v1/280000/05DC6531-32A2-C04F-8AD8-92AAAA039519.root
%MSG-w XrdAdaptorInternal:  file_open 01-Mar-2024 12:17:13 CET PostProcessEvent
Failed to open file at URL root://eoscms.cern.ch:1094//eos/cms/store/mc/RunIISummer20UL16MiniAODv2/DYJetsToLL_2J_TuneCP5_13TeV-amcatnloFXFX-pythia8/MINIAODSIM/106X_mcRun2_asymptotic_v17-v1/280000/05DC6531-32A2-C04F-8AD8-92AAAA039519.root.
%MSG
%MSG-w XrdAdaptorInternal:  file_open 01-Mar-2024 12:17:13 CET PostProcessEvent
Failed to open file at URL root://eoscms.cern.ch:1094//eos/cms/store/mc/RunIISummer20UL16MiniAODv2/DYJetsToLL_2J_TuneCP5_13TeV-amcatnloFXFX-pythia8/MINIAODSIM/106X_mcRun2_asymptotic_v17-v1/280000/05DC6531-32A2-C04F-8AD8-92AAAA039519.root?tried=.
%MSG
01-Mar-2024 12:17:13 CET  Fallback request to file root://xrootd-cms.infn.it//store/mc/RunIISummer20UL16MiniAODv2/DYJetsToLL_2J_TuneCP5_13TeV-amcatnloFXFX-pythia8/MINIAODSIM/106X_mcRun2_asymptotic_v17-v1/280000/05DC6531-32A2-C04F-8AD8-92AAAA039519.root
%MSG-w XrdAdaptor:  file_open 01-Mar-2024 12:17:26 CET PostProcessEvent
Data is served from fnal.gov instead of original site infn.it
%MSG
01-Mar-2024 12:17:26 CET  Successfully opened file root://xrootd-cms.infn.it//store/mc/RunIISummer20UL16MiniAODv2/DYJetsToLL_2J_TuneCP5_13TeV-amcatnloFXFX-pythia8/MINIAODSIM/106X_mcRun2_asymptotic_v17-v1/280000/05DC6531-32A2-C04F-8AD8-92AAAA039519.root
Begin processing the 1100001st record. Run 1, Event 20239883, LumiSection 3037 on stream 0 at 01-Mar-2024 12:17:35.269 CET
01-Mar-2024 12:17:41 CET  Closed file root://xrootd-cms.infn.it//store/mc/RunIISummer20UL16MiniAODv2/DYJetsToLL_2J_TuneCP5_13TeV-amcatnloFXFX-pythia8/MINIAODSIM/106X_mcRun2_asymptotic_v17-v1/280000/05DC6531-32A2-C04F-8AD8-92AAAA039519.root
01-Mar-2024 12:17:41 CET  Initiating request to open file root://eoscms.cern.ch//eos/cms/store/mc/RunIISummer20UL16MiniAODv2/DYJetsToLL_2J_TuneCP5_13TeV-amcatnloFXFX-pythia8/MINIAODSIM/106X_mcRun2_asymptotic_v17-v1/280000/A8B84E03-E152-5C4B-B832-EF72B6951F9A.root
%MSG-w XrdAdaptorInternal:  file_open 01-Mar-2024 12:17:42 CET PostProcessEvent
Failed to open file at URL root://eoscms.cern.ch:1094//eos/cms/store/mc/RunIISummer20UL16MiniAODv2/DYJetsToLL_2J_TuneCP5_13TeV-amcatnloFXFX-pythia8/MINIAODSIM/106X_mcRun2_asymptotic_v17-v1/280000/A8B84E03-E152-5C4B-B832-EF72B6951F9A.root.
%MSG
%MSG-w XrdAdaptorInternal:  file_open 01-Mar-2024 12:17:42 CET PostProcessEvent
Failed to open file at URL root://eoscms.cern.ch:1094//eos/cms/store/mc/RunIISummer20UL16MiniAODv2/DYJetsToLL_2J_TuneCP5_13TeV-amcatnloFXFX-pythia8/MINIAODSIM/106X_mcRun2_asymptotic_v17-v1/280000/A8B84E03-E152-5C4B-B832-EF72B6951F9A.root?tried=.
%MSG
01-Mar-2024 12:17:42 CET  Fallback request to file root://xrootd-cms.infn.it//store/mc/RunIISummer20UL16MiniAODv2/DYJetsToLL_2J_TuneCP5_13TeV-amcatnloFXFX-pythia8/MINIAODSIM/106X_mcRun2_asymptotic_v17-v1/280000/A8B84E03-E152-5C4B-B832-EF72B6951F9A.root
%MSG-w XrdAdaptor:  file_open 01-Mar-2024 12:17:54 CET PostProcessEvent
Data is served from fnal.gov instead of original site infn.it
%MSG
01-Mar-2024 12:17:54 CET  Successfully opened file root://xrootd-cms.infn.it//store/mc/RunIISummer20UL16MiniAODv2/DYJetsToLL_2J_TuneCP5_13TeV-amcatnloFXFX-pythia8/MINIAODSIM/106X_mcRun2_asymptotic_v17-v1/280000/A8B84E03-E152-5C4B-B832-EF72B6951F9A.root
Begin processing the 1200001st record. Run 1, Event 52723752, LumiSection 7910 on stream 0 at 01-Mar-2024 12:18:02.722 CET
01-Mar-2024 12:18:07 CET  Closed file root://xrootd-cms.infn.it//store/mc/RunIISummer20UL16MiniAODv2/DYJetsToLL_2J_TuneCP5_13TeV-amcatnloFXFX-pythia8/MINIAODSIM/106X_mcRun2_asymptotic_v17-v1/280000/A8B84E03-E152-5C4B-B832-EF72B6951F9A.root
01-Mar-2024 12:18:07 CET  Initiating request to open file root://eoscms.cern.ch//eos/cms/store/mc/RunIISummer20UL16MiniAODv2/DYJetsToLL_2J_TuneCP5_13TeV-amcatnloFXFX-pythia8/MINIAODSIM/106X_mcRun2_asymptotic_v17-v1/280000/C004D5D3-97B4-E441-904F-3BB4F24B4AAF.root
%MSG-w XrdAdaptorInternal:  file_open 01-Mar-2024 12:18:08 CET PostProcessEvent
Failed to open file at URL root://eoscms.cern.ch:1094//eos/cms/store/mc/RunIISummer20UL16MiniAODv2/DYJetsToLL_2J_TuneCP5_13TeV-amcatnloFXFX-pythia8/MINIAODSIM/106X_mcRun2_asymptotic_v17-v1/280000/C004D5D3-97B4-E441-904F-3BB4F24B4AAF.root.
%MSG
%MSG-w XrdAdaptorInternal:  file_open 01-Mar-2024 12:18:08 CET PostProcessEvent
Failed to open file at URL root://eoscms.cern.ch:1094//eos/cms/store/mc/RunIISummer20UL16MiniAODv2/DYJetsToLL_2J_TuneCP5_13TeV-amcatnloFXFX-pythia8/MINIAODSIM/106X_mcRun2_asymptotic_v17-v1/280000/C004D5D3-97B4-E441-904F-3BB4F24B4AAF.root?tried=.
%MSG
01-Mar-2024 12:18:08 CET  Fallback request to file root://xrootd-cms.infn.it//store/mc/RunIISummer20UL16MiniAODv2/DYJetsToLL_2J_TuneCP5_13TeV-amcatnloFXFX-pythia8/MINIAODSIM/106X_mcRun2_asymptotic_v17-v1/280000/C004D5D3-97B4-E441-904F-3BB4F24B4AAF.root
%MSG-w XrdAdaptor:  file_open 01-Mar-2024 12:18:25 CET PostProcessEvent
Data is served from fnal.gov instead of original site infn.it
%MSG
01-Mar-2024 12:18:25 CET  Successfully opened file root://xrootd-cms.infn.it//store/mc/RunIISummer20UL16MiniAODv2/DYJetsToLL_2J_TuneCP5_13TeV-amcatnloFXFX-pythia8/MINIAODSIM/106X_mcRun2_asymptotic_v17-v1/280000/C004D5D3-97B4-E441-904F-3BB4F24B4AAF.root
Begin processing the 1300001st record. Run 1, Event 4491730, LumiSection 674 on stream 0 at 01-Mar-2024 12:18:34.376 CET
01-Mar-2024 12:18:38 CET  Closed file root://xrootd-cms.infn.it//store/mc/RunIISummer20UL16MiniAODv2/DYJetsToLL_2J_TuneCP5_13TeV-amcatnloFXFX-pythia8/MINIAODSIM/106X_mcRun2_asymptotic_v17-v1/280000/C004D5D3-97B4-E441-904F-3BB4F24B4AAF.root
01-Mar-2024 12:18:38 CET  Initiating request to open file root://eoscms.cern.ch//eos/cms/store/mc/RunIISummer20UL16MiniAODv2/DYJetsToLL_2J_TuneCP5_13TeV-amcatnloFXFX-pythia8/MINIAODSIM/106X_mcRun2_asymptotic_v17-v1/280000/6CF0948F-99D3-2542-A274-4D504B5E43EE.root
%MSG-w XrdAdaptorInternal:  file_open 01-Mar-2024 12:18:39 CET PostProcessEvent
Failed to open file at URL root://eoscms.cern.ch:1094//eos/cms/store/mc/RunIISummer20UL16MiniAODv2/DYJetsToLL_2J_TuneCP5_13TeV-amcatnloFXFX-pythia8/MINIAODSIM/106X_mcRun2_asymptotic_v17-v1/280000/6CF0948F-99D3-2542-A274-4D504B5E43EE.root.
%MSG
%MSG-w XrdAdaptorInternal:  file_open 01-Mar-2024 12:18:39 CET PostProcessEvent
Failed to open file at URL root://eoscms.cern.ch:1094//eos/cms/store/mc/RunIISummer20UL16MiniAODv2/DYJetsToLL_2J_TuneCP5_13TeV-amcatnloFXFX-pythia8/MINIAODSIM/106X_mcRun2_asymptotic_v17-v1/280000/6CF0948F-99D3-2542-A274-4D504B5E43EE.root?tried=.
%MSG
01-Mar-2024 12:18:39 CET  Fallback request to file root://xrootd-cms.infn.it//store/mc/RunIISummer20UL16MiniAODv2/DYJetsToLL_2J_TuneCP5_13TeV-amcatnloFXFX-pythia8/MINIAODSIM/106X_mcRun2_asymptotic_v17-v1/280000/6CF0948F-99D3-2542-A274-4D504B5E43EE.root
%MSG-w XrdAdaptor:  file_open 01-Mar-2024 12:18:52 CET PostProcessEvent
Data is served from fnal.gov instead of original site infn.it
%MSG
01-Mar-2024 12:18:52 CET  Successfully opened file root://xrootd-cms.infn.it//store/mc/RunIISummer20UL16MiniAODv2/DYJetsToLL_2J_TuneCP5_13TeV-amcatnloFXFX-pythia8/MINIAODSIM/106X_mcRun2_asymptotic_v17-v1/280000/6CF0948F-99D3-2542-A274-4D504B5E43EE.root
Begin processing the 1400001st record. Run 1, Event 5163933, LumiSection 775 on stream 0 at 01-Mar-2024 12:19:02.238 CET
01-Mar-2024 12:19:06 CET  Closed file root://xrootd-cms.infn.it//store/mc/RunIISummer20UL16MiniAODv2/DYJetsToLL_2J_TuneCP5_13TeV-amcatnloFXFX-pythia8/MINIAODSIM/106X_mcRun2_asymptotic_v17-v1/280000/6CF0948F-99D3-2542-A274-4D504B5E43EE.root
01-Mar-2024 12:19:06 CET  Initiating request to open file root://eoscms.cern.ch//eos/cms/store/mc/RunIISummer20UL16MiniAODv2/DYJetsToLL_2J_TuneCP5_13TeV-amcatnloFXFX-pythia8/MINIAODSIM/106X_mcRun2_asymptotic_v17-v1/280000/62B87A71-70C8-AD4F-BA40-4FA1B2CFC8EF.root
%MSG-w XrdAdaptorInternal:  file_open 01-Mar-2024 12:19:07 CET PostProcessEvent
Failed to open file at URL root://eoscms.cern.ch:1094//eos/cms/store/mc/RunIISummer20UL16MiniAODv2/DYJetsToLL_2J_TuneCP5_13TeV-amcatnloFXFX-pythia8/MINIAODSIM/106X_mcRun2_asymptotic_v17-v1/280000/62B87A71-70C8-AD4F-BA40-4FA1B2CFC8EF.root.
%MSG
%MSG-w XrdAdaptorInternal:  file_open 01-Mar-2024 12:19:07 CET PostProcessEvent
Failed to open file at URL root://eoscms.cern.ch:1094//eos/cms/store/mc/RunIISummer20UL16MiniAODv2/DYJetsToLL_2J_TuneCP5_13TeV-amcatnloFXFX-pythia8/MINIAODSIM/106X_mcRun2_asymptotic_v17-v1/280000/62B87A71-70C8-AD4F-BA40-4FA1B2CFC8EF.root?tried=.
%MSG
01-Mar-2024 12:19:07 CET  Fallback request to file root://xrootd-cms.infn.it//store/mc/RunIISummer20UL16MiniAODv2/DYJetsToLL_2J_TuneCP5_13TeV-amcatnloFXFX-pythia8/MINIAODSIM/106X_mcRun2_asymptotic_v17-v1/280000/62B87A71-70C8-AD4F-BA40-4FA1B2CFC8EF.root
%MSG-w XrdAdaptor:  file_open 01-Mar-2024 12:19:24 CET PostProcessEvent
Data is served from fnal.gov instead of original site infn.it
%MSG
01-Mar-2024 12:19:24 CET  Successfully opened file root://xrootd-cms.infn.it//store/mc/RunIISummer20UL16MiniAODv2/DYJetsToLL_2J_TuneCP5_13TeV-amcatnloFXFX-pythia8/MINIAODSIM/106X_mcRun2_asymptotic_v17-v1/280000/62B87A71-70C8-AD4F-BA40-4FA1B2CFC8EF.root
Begin processing the 1500001st record. Run 1, Event 329248064, LumiSection 49393 on stream 0 at 01-Mar-2024 12:19:34.978 CET
01-Mar-2024 12:19:37 CET  Closed file root://xrootd-cms.infn.it//store/mc/RunIISummer20UL16MiniAODv2/DYJetsToLL_2J_TuneCP5_13TeV-amcatnloFXFX-pythia8/MINIAODSIM/106X_mcRun2_asymptotic_v17-v1/280000/62B87A71-70C8-AD4F-BA40-4FA1B2CFC8EF.root
01-Mar-2024 12:19:37 CET  Initiating request to open file root://eoscms.cern.ch//eos/cms/store/mc/RunIISummer20UL16MiniAODv2/DYJetsToLL_2J_TuneCP5_13TeV-amcatnloFXFX-pythia8/MINIAODSIM/106X_mcRun2_asymptotic_v17-v1/280000/C42EE86B-996D-764F-8474-8B002527D2D3.root
%MSG-w XrdAdaptorInternal:  file_open 01-Mar-2024 12:19:38 CET PostProcessEvent
Failed to open file at URL root://eoscms.cern.ch:1094//eos/cms/store/mc/RunIISummer20UL16MiniAODv2/DYJetsToLL_2J_TuneCP5_13TeV-amcatnloFXFX-pythia8/MINIAODSIM/106X_mcRun2_asymptotic_v17-v1/280000/C42EE86B-996D-764F-8474-8B002527D2D3.root.
%MSG
%MSG-w XrdAdaptorInternal:  file_open 01-Mar-2024 12:19:38 CET PostProcessEvent
Failed to open file at URL root://eoscms.cern.ch:1094//eos/cms/store/mc/RunIISummer20UL16MiniAODv2/DYJetsToLL_2J_TuneCP5_13TeV-amcatnloFXFX-pythia8/MINIAODSIM/106X_mcRun2_asymptotic_v17-v1/280000/C42EE86B-996D-764F-8474-8B002527D2D3.root?tried=.
%MSG
01-Mar-2024 12:19:38 CET  Fallback request to file root://xrootd-cms.infn.it//store/mc/RunIISummer20UL16MiniAODv2/DYJetsToLL_2J_TuneCP5_13TeV-amcatnloFXFX-pythia8/MINIAODSIM/106X_mcRun2_asymptotic_v17-v1/280000/C42EE86B-996D-764F-8474-8B002527D2D3.root
%MSG-w XrdAdaptor:  file_open 01-Mar-2024 12:19:51 CET PostProcessEvent
Data is served from fnal.gov instead of original site infn.it
%MSG
01-Mar-2024 12:19:51 CET  Successfully opened file root://xrootd-cms.infn.it//store/mc/RunIISummer20UL16MiniAODv2/DYJetsToLL_2J_TuneCP5_13TeV-amcatnloFXFX-pythia8/MINIAODSIM/106X_mcRun2_asymptotic_v17-v1/280000/C42EE86B-996D-764F-8474-8B002527D2D3.root
Begin processing the 1600001st record. Run 1, Event 16326044, LumiSection 2450 on stream 0 at 01-Mar-2024 12:20:03.173 CET
01-Mar-2024 12:20:05 CET  Closed file root://xrootd-cms.infn.it//store/mc/RunIISummer20UL16MiniAODv2/DYJetsToLL_2J_TuneCP5_13TeV-amcatnloFXFX-pythia8/MINIAODSIM/106X_mcRun2_asymptotic_v17-v1/280000/C42EE86B-996D-764F-8474-8B002527D2D3.root
01-Mar-2024 12:20:05 CET  Initiating request to open file root://eoscms.cern.ch//eos/cms/store/mc/RunIISummer20UL16MiniAODv2/DYJetsToLL_2J_TuneCP5_13TeV-amcatnloFXFX-pythia8/MINIAODSIM/106X_mcRun2_asymptotic_v17-v1/280000/1B9DCCFC-B1DA-2C4E-9A50-588C908512E9.root
%MSG-w XrdAdaptorInternal:  file_open 01-Mar-2024 12:20:06 CET PostProcessEvent
Failed to open file at URL root://eoscms.cern.ch:1094//eos/cms/store/mc/RunIISummer20UL16MiniAODv2/DYJetsToLL_2J_TuneCP5_13TeV-amcatnloFXFX-pythia8/MINIAODSIM/106X_mcRun2_asymptotic_v17-v1/280000/1B9DCCFC-B1DA-2C4E-9A50-588C908512E9.root.
%MSG
%MSG-w XrdAdaptorInternal:  file_open 01-Mar-2024 12:20:06 CET PostProcessEvent
Failed to open file at URL root://eoscms.cern.ch:1094//eos/cms/store/mc/RunIISummer20UL16MiniAODv2/DYJetsToLL_2J_TuneCP5_13TeV-amcatnloFXFX-pythia8/MINIAODSIM/106X_mcRun2_asymptotic_v17-v1/280000/1B9DCCFC-B1DA-2C4E-9A50-588C908512E9.root?tried=.
%MSG
01-Mar-2024 12:20:06 CET  Fallback request to file root://xrootd-cms.infn.it//store/mc/RunIISummer20UL16MiniAODv2/DYJetsToLL_2J_TuneCP5_13TeV-amcatnloFXFX-pythia8/MINIAODSIM/106X_mcRun2_asymptotic_v17-v1/280000/1B9DCCFC-B1DA-2C4E-9A50-588C908512E9.root
%MSG-w XrdAdaptor:  file_open 01-Mar-2024 12:20:23 CET PostProcessEvent
Data is served from fnal.gov instead of original site infn.it
%MSG
01-Mar-2024 12:20:23 CET  Successfully opened file root://xrootd-cms.infn.it//store/mc/RunIISummer20UL16MiniAODv2/DYJetsToLL_2J_TuneCP5_13TeV-amcatnloFXFX-pythia8/MINIAODSIM/106X_mcRun2_asymptotic_v17-v1/280000/1B9DCCFC-B1DA-2C4E-9A50-588C908512E9.root
Begin processing the 1700001st record. Run 1, Event 68798473, LumiSection 10321 on stream 0 at 01-Mar-2024 12:20:35.907 CET
01-Mar-2024 12:20:37 CET  Closed file root://xrootd-cms.infn.it//store/mc/RunIISummer20UL16MiniAODv2/DYJetsToLL_2J_TuneCP5_13TeV-amcatnloFXFX-pythia8/MINIAODSIM/106X_mcRun2_asymptotic_v17-v1/280000/1B9DCCFC-B1DA-2C4E-9A50-588C908512E9.root
01-Mar-2024 12:20:37 CET  Initiating request to open file root://eoscms.cern.ch//eos/cms/store/mc/RunIISummer20UL16MiniAODv2/DYJetsToLL_2J_TuneCP5_13TeV-amcatnloFXFX-pythia8/MINIAODSIM/106X_mcRun2_asymptotic_v17-v1/280000/6E5F5593-CA3A-1F41-8759-09805B8E3F63.root
%MSG-w XrdAdaptorInternal:  file_open 01-Mar-2024 12:20:38 CET PostProcessEvent
Failed to open file at URL root://eoscms.cern.ch:1094//eos/cms/store/mc/RunIISummer20UL16MiniAODv2/DYJetsToLL_2J_TuneCP5_13TeV-amcatnloFXFX-pythia8/MINIAODSIM/106X_mcRun2_asymptotic_v17-v1/280000/6E5F5593-CA3A-1F41-8759-09805B8E3F63.root.
%MSG
%MSG-w XrdAdaptorInternal:  file_open 01-Mar-2024 12:20:38 CET PostProcessEvent
Failed to open file at URL root://eoscms.cern.ch:1094//eos/cms/store/mc/RunIISummer20UL16MiniAODv2/DYJetsToLL_2J_TuneCP5_13TeV-amcatnloFXFX-pythia8/MINIAODSIM/106X_mcRun2_asymptotic_v17-v1/280000/6E5F5593-CA3A-1F41-8759-09805B8E3F63.root?tried=.
%MSG
01-Mar-2024 12:20:38 CET  Fallback request to file root://xrootd-cms.infn.it//store/mc/RunIISummer20UL16MiniAODv2/DYJetsToLL_2J_TuneCP5_13TeV-amcatnloFXFX-pythia8/MINIAODSIM/106X_mcRun2_asymptotic_v17-v1/280000/6E5F5593-CA3A-1F41-8759-09805B8E3F63.root
%MSG-w XrdAdaptor:  file_open 01-Mar-2024 12:20:50 CET PostProcessEvent
Data is served from fnal.gov instead of original site infn.it
%MSG
01-Mar-2024 12:20:51 CET  Successfully opened file root://xrootd-cms.infn.it//store/mc/RunIISummer20UL16MiniAODv2/DYJetsToLL_2J_TuneCP5_13TeV-amcatnloFXFX-pythia8/MINIAODSIM/106X_mcRun2_asymptotic_v17-v1/280000/6E5F5593-CA3A-1F41-8759-09805B8E3F63.root
Begin processing the 1800001st record. Run 1, Event 283059358, LumiSection 42464 on stream 0 at 01-Mar-2024 12:21:04.019 CET
01-Mar-2024 12:21:05 CET  Closed file root://xrootd-cms.infn.it//store/mc/RunIISummer20UL16MiniAODv2/DYJetsToLL_2J_TuneCP5_13TeV-amcatnloFXFX-pythia8/MINIAODSIM/106X_mcRun2_asymptotic_v17-v1/280000/6E5F5593-CA3A-1F41-8759-09805B8E3F63.root
01-Mar-2024 12:21:05 CET  Initiating request to open file root://eoscms.cern.ch//eos/cms/store/mc/RunIISummer20UL16MiniAODv2/DYJetsToLL_2J_TuneCP5_13TeV-amcatnloFXFX-pythia8/MINIAODSIM/106X_mcRun2_asymptotic_v17-v1/280000/33710878-9A22-304F-89D0-A7CD638DFC1E.root
%MSG-w XrdAdaptorInternal:  file_open 01-Mar-2024 12:21:06 CET PostProcessEvent
Failed to open file at URL root://eoscms.cern.ch:1094//eos/cms/store/mc/RunIISummer20UL16MiniAODv2/DYJetsToLL_2J_TuneCP5_13TeV-amcatnloFXFX-pythia8/MINIAODSIM/106X_mcRun2_asymptotic_v17-v1/280000/33710878-9A22-304F-89D0-A7CD638DFC1E.root.
%MSG
%MSG-w XrdAdaptorInternal:  file_open 01-Mar-2024 12:21:06 CET PostProcessEvent
Failed to open file at URL root://eoscms.cern.ch:1094//eos/cms/store/mc/RunIISummer20UL16MiniAODv2/DYJetsToLL_2J_TuneCP5_13TeV-amcatnloFXFX-pythia8/MINIAODSIM/106X_mcRun2_asymptotic_v17-v1/280000/33710878-9A22-304F-89D0-A7CD638DFC1E.root?tried=.
%MSG
01-Mar-2024 12:21:06 CET  Fallback request to file root://xrootd-cms.infn.it//store/mc/RunIISummer20UL16MiniAODv2/DYJetsToLL_2J_TuneCP5_13TeV-amcatnloFXFX-pythia8/MINIAODSIM/106X_mcRun2_asymptotic_v17-v1/280000/33710878-9A22-304F-89D0-A7CD638DFC1E.root
%MSG-w XrdAdaptor:  file_open 01-Mar-2024 12:21:23 CET PostProcessEvent
Data is served from fnal.gov instead of original site infn.it
%MSG
01-Mar-2024 12:21:23 CET  Successfully opened file root://xrootd-cms.infn.it//store/mc/RunIISummer20UL16MiniAODv2/DYJetsToLL_2J_TuneCP5_13TeV-amcatnloFXFX-pythia8/MINIAODSIM/106X_mcRun2_asymptotic_v17-v1/280000/33710878-9A22-304F-89D0-A7CD638DFC1E.root
Begin processing the 1900001st record. Run 1, Event 332076068, LumiSection 49817 on stream 0 at 01-Mar-2024 12:21:38.108 CET
01-Mar-2024 12:21:38 CET  Closed file root://xrootd-cms.infn.it//store/mc/RunIISummer20UL16MiniAODv2/DYJetsToLL_2J_TuneCP5_13TeV-amcatnloFXFX-pythia8/MINIAODSIM/106X_mcRun2_asymptotic_v17-v1/280000/33710878-9A22-304F-89D0-A7CD638DFC1E.root
01-Mar-2024 12:21:38 CET  Initiating request to open file root://eoscms.cern.ch//eos/cms/store/mc/RunIISummer20UL16MiniAODv2/DYJetsToLL_2J_TuneCP5_13TeV-amcatnloFXFX-pythia8/MINIAODSIM/106X_mcRun2_asymptotic_v17-v1/280000/D47E3080-972C-B345-B853-833307557C62.root
%MSG-w XrdAdaptorInternal:  file_open 01-Mar-2024 12:21:39 CET PostProcessEvent
Failed to open file at URL root://eoscms.cern.ch:1094//eos/cms/store/mc/RunIISummer20UL16MiniAODv2/DYJetsToLL_2J_TuneCP5_13TeV-amcatnloFXFX-pythia8/MINIAODSIM/106X_mcRun2_asymptotic_v17-v1/280000/D47E3080-972C-B345-B853-833307557C62.root.
%MSG
%MSG-w XrdAdaptorInternal:  file_open 01-Mar-2024 12:21:39 CET PostProcessEvent
Failed to open file at URL root://eoscms.cern.ch:1094//eos/cms/store/mc/RunIISummer20UL16MiniAODv2/DYJetsToLL_2J_TuneCP5_13TeV-amcatnloFXFX-pythia8/MINIAODSIM/106X_mcRun2_asymptotic_v17-v1/280000/D47E3080-972C-B345-B853-833307557C62.root?tried=.
%MSG
01-Mar-2024 12:21:39 CET  Fallback request to file root://xrootd-cms.infn.it//store/mc/RunIISummer20UL16MiniAODv2/DYJetsToLL_2J_TuneCP5_13TeV-amcatnloFXFX-pythia8/MINIAODSIM/106X_mcRun2_asymptotic_v17-v1/280000/D47E3080-972C-B345-B853-833307557C62.root
%MSG-w XrdAdaptor:  file_open 01-Mar-2024 12:21:52 CET PostProcessEvent
Data is served from fnal.gov instead of original site infn.it
%MSG
01-Mar-2024 12:21:52 CET  Successfully opened file root://xrootd-cms.infn.it//store/mc/RunIISummer20UL16MiniAODv2/DYJetsToLL_2J_TuneCP5_13TeV-amcatnloFXFX-pythia8/MINIAODSIM/106X_mcRun2_asymptotic_v17-v1/280000/D47E3080-972C-B345-B853-833307557C62.root
01-Mar-2024 12:22:06 CET  Closed file root://xrootd-cms.infn.it//store/mc/RunIISummer20UL16MiniAODv2/DYJetsToLL_2J_TuneCP5_13TeV-amcatnloFXFX-pythia8/MINIAODSIM/106X_mcRun2_asymptotic_v17-v1/280000/D47E3080-972C-B345-B853-833307557C62.root
01-Mar-2024 12:22:06 CET  Initiating request to open file root://eoscms.cern.ch//eos/cms/store/mc/RunIISummer20UL16MiniAODv2/DYJetsToLL_2J_TuneCP5_13TeV-amcatnloFXFX-pythia8/MINIAODSIM/106X_mcRun2_asymptotic_v17-v1/70000/2BCDA088-0027-E947-BFEA-FD22BD32FBB0.root
%MSG-w XrdAdaptorInternal:  file_open 01-Mar-2024 12:22:07 CET PostProcessEvent
Failed to open file at URL root://eoscms.cern.ch:1094//eos/cms/store/mc/RunIISummer20UL16MiniAODv2/DYJetsToLL_2J_TuneCP5_13TeV-amcatnloFXFX-pythia8/MINIAODSIM/106X_mcRun2_asymptotic_v17-v1/70000/2BCDA088-0027-E947-BFEA-FD22BD32FBB0.root.
%MSG
%MSG-w XrdAdaptorInternal:  file_open 01-Mar-2024 12:22:07 CET PostProcessEvent
Failed to open file at URL root://eoscms.cern.ch:1094//eos/cms/store/mc/RunIISummer20UL16MiniAODv2/DYJetsToLL_2J_TuneCP5_13TeV-amcatnloFXFX-pythia8/MINIAODSIM/106X_mcRun2_asymptotic_v17-v1/70000/2BCDA088-0027-E947-BFEA-FD22BD32FBB0.root?tried=.
%MSG
01-Mar-2024 12:22:07 CET  Fallback request to file root://xrootd-cms.infn.it//store/mc/RunIISummer20UL16MiniAODv2/DYJetsToLL_2J_TuneCP5_13TeV-amcatnloFXFX-pythia8/MINIAODSIM/106X_mcRun2_asymptotic_v17-v1/70000/2BCDA088-0027-E947-BFEA-FD22BD32FBB0.root
%MSG-w XrdAdaptor:  file_open 01-Mar-2024 12:22:27 CET PostProcessEvent
Data is served from T2_US_MIT instead of original site infn.it
%MSG
01-Mar-2024 12:22:28 CET  Successfully opened file root://xrootd-cms.infn.it//store/mc/RunIISummer20UL16MiniAODv2/DYJetsToLL_2J_TuneCP5_13TeV-amcatnloFXFX-pythia8/MINIAODSIM/106X_mcRun2_asymptotic_v17-v1/70000/2BCDA088-0027-E947-BFEA-FD22BD32FBB0.root
Begin processing the 2000001st record. Run 1, Event 255967468, LumiSection 38399 on stream 0 at 01-Mar-2024 12:22:32.625 CET
01-Mar-2024 12:22:35 CET  Closed file root://xrootd-cms.infn.it//store/mc/RunIISummer20UL16MiniAODv2/DYJetsToLL_2J_TuneCP5_13TeV-amcatnloFXFX-pythia8/MINIAODSIM/106X_mcRun2_asymptotic_v17-v1/70000/2BCDA088-0027-E947-BFEA-FD22BD32FBB0.root
01-Mar-2024 12:22:35 CET  Initiating request to open file root://eoscms.cern.ch//eos/cms/store/mc/RunIISummer20UL16MiniAODv2/DYJetsToLL_2J_TuneCP5_13TeV-amcatnloFXFX-pythia8/MINIAODSIM/106X_mcRun2_asymptotic_v17-v1/130000/EBCCE535-25B9-2D4F-8EFE-8E0A7CA36593.root
%MSG-w XrdAdaptorInternal:  file_open 01-Mar-2024 12:22:36 CET PostProcessEvent
Failed to open file at URL root://eoscms.cern.ch:1094//eos/cms/store/mc/RunIISummer20UL16MiniAODv2/DYJetsToLL_2J_TuneCP5_13TeV-amcatnloFXFX-pythia8/MINIAODSIM/106X_mcRun2_asymptotic_v17-v1/130000/EBCCE535-25B9-2D4F-8EFE-8E0A7CA36593.root.
%MSG
%MSG-w XrdAdaptorInternal:  file_open 01-Mar-2024 12:22:36 CET PostProcessEvent
Failed to open file at URL root://eoscms.cern.ch:1094//eos/cms/store/mc/RunIISummer20UL16MiniAODv2/DYJetsToLL_2J_TuneCP5_13TeV-amcatnloFXFX-pythia8/MINIAODSIM/106X_mcRun2_asymptotic_v17-v1/130000/EBCCE535-25B9-2D4F-8EFE-8E0A7CA36593.root?tried=.
%MSG
01-Mar-2024 12:22:36 CET  Fallback request to file root://xrootd-cms.infn.it//store/mc/RunIISummer20UL16MiniAODv2/DYJetsToLL_2J_TuneCP5_13TeV-amcatnloFXFX-pythia8/MINIAODSIM/106X_mcRun2_asymptotic_v17-v1/130000/EBCCE535-25B9-2D4F-8EFE-8E0A7CA36593.root
%MSG-w XrdAdaptorInternal:  file_open 01-Mar-2024 12:24:43 CET PostProcessEvent
Failed to open file at URL root://cms-xrd-global.cern.ch:1094//store/mc/RunIISummer20UL16MiniAODv2/DYJetsToLL_2J_TuneCP5_13TeV-amcatnloFXFX-pythia8/MINIAODSIM/106X_mcRun2_asymptotic_v17-v1/130000/EBCCE535-25B9-2D4F-8EFE-8E0A7CA36593.root?tried=+1213xrootd-cms-redir-int.cr.cnaf.infn.it.
%MSG
%MSG-w XrdAdaptorInternal:  file_open 01-Mar-2024 12:24:43 CET PostProcessEvent
Failed to open file at URL root://cms-xrd-global.cern.ch:1094//store/mc/RunIISummer20UL16MiniAODv2/DYJetsToLL_2J_TuneCP5_13TeV-amcatnloFXFX-pythia8/MINIAODSIM/106X_mcRun2_asymptotic_v17-v1/130000/EBCCE535-25B9-2D4F-8EFE-8E0A7CA36593.root?tried=+1213xrootd-cms-redir-int.cr.cnaf.infn.it,.
%MSG
----- Begin Fatal Exception 01-Mar-2024 12:24:43 CET-----------------------
An exception of category 'FallbackFileOpenError' occurred while
   [0] Calling InputSource::readFile_
   [1] Calling RootFileSequenceBase::initTheFile()
   [2] Calling StorageFactory::open()
   [3] Calling XrdFile::open()
Exception Message:
Failed to open the file 'root://xrootd-cms.infn.it//store/mc/RunIISummer20UL16MiniAODv2/DYJetsToLL_2J_TuneCP5_13TeV-amcatnloFXFX-pythia8/MINIAODSIM/106X_mcRun2_asymptotic_v17-v1/130000/EBCCE535-25B9-2D4F-8EFE-8E0A7CA36593.root'
   Additional Info:
      [a] XrdCl::File::Open(name='root://eoscms.cern.ch//eos/cms/store/mc/RunIISummer20UL16MiniAODv2/DYJetsToLL_2J_TuneCP5_13TeV-amcatnloFXFX-pythia8/MINIAODSIM/106X_mcRun2_asymptotic_v17-v1/130000/EBCCE535-25B9-2D4F-8EFE-8E0A7CA36593.root', flags=0x10, permissions=0660) => error '[ERROR] Server responded with an error: [3011] Unable to open file /eos/cms/store/mc/RunIISummer20UL16MiniAODv2/DYJetsToLL_2J_TuneCP5_13TeV-amcatnloFXFX-pythia8/MINIAODSIM/106X_mcRun2_asymptotic_v17-v1/130000/EBCCE535-25B9-2D4F-8EFE-8E0A7CA36593.root; No such file or directory
' (errno=3011, code=400). No additional data servers were found.
      [b] Last URL tried: root://eoscms.cern.ch:1094//eos/cms/store/mc/RunIISummer20UL16MiniAODv2/DYJetsToLL_2J_TuneCP5_13TeV-amcatnloFXFX-pythia8/MINIAODSIM/106X_mcRun2_asymptotic_v17-v1/130000/EBCCE535-25B9-2D4F-8EFE-8E0A7CA36593.root?tried=
      [c] Problematic data server: eoscms.cern.ch:1094
      [d] Disabled source: eoscms.cern.ch:1094
      [e] Input file root://eoscms.cern.ch//eos/cms/store/mc/RunIISummer20UL16MiniAODv2/DYJetsToLL_2J_TuneCP5_13TeV-amcatnloFXFX-pythia8/MINIAODSIM/106X_mcRun2_asymptotic_v17-v1/130000/EBCCE535-25B9-2D4F-8EFE-8E0A7CA36593.root could not be opened.
Fallback Input file root://xrootd-cms.infn.it//store/mc/RunIISummer20UL16MiniAODv2/DYJetsToLL_2J_TuneCP5_13TeV-amcatnloFXFX-pythia8/MINIAODSIM/106X_mcRun2_asymptotic_v17-v1/130000/EBCCE535-25B9-2D4F-8EFE-8E0A7CA36593.root also could not be opened.
Original exception info is above; fallback exception info is below.
      [f] XrdCl::File::Open(name='root://xrootd-cms.infn.it//store/mc/RunIISummer20UL16MiniAODv2/DYJetsToLL_2J_TuneCP5_13TeV-amcatnloFXFX-pythia8/MINIAODSIM/106X_mcRun2_asymptotic_v17-v1/130000/EBCCE535-25B9-2D4F-8EFE-8E0A7CA36593.root', flags=0x10, permissions=0660) => error '[ERROR] Server responded with an error: [3011] No servers are available to read the file.
' (errno=3011, code=400). No additional data servers were found.
      [g] Last URL tried: root://cms-xrd-global.cern.ch:1094//store/mc/RunIISummer20UL16MiniAODv2/DYJetsToLL_2J_TuneCP5_13TeV-amcatnloFXFX-pythia8/MINIAODSIM/106X_mcRun2_asymptotic_v17-v1/130000/EBCCE535-25B9-2D4F-8EFE-8E0A7CA36593.root?tried=+1213xrootd-cms-redir-int.cr.cnaf.infn.it,
      [h] Problematic data server: cms-xrd-global.cern.ch:1094
      [i] Disabled source: cms-xrd-global.cern.ch:1094
----- End Fatal Exception -------------------------------------------------
   1644.173700      6.060465   8286.905300             0
 

------------------------------------
GenXsecAnalyzer:
------------------------------------
-------------------------------------------------------------------------------------------------------------------------------------------------------------------------- 
Overall cross-section summary 
--------------------------------------------------------------------------------------------------------------------------------------------------------------------------
Process		xsec_before [pb]		passed	nposw	nnegw	tried	nposw	nnegw 	xsec_match [pb]			accepted [%]	 event_eff [%]
0		1.644e+03 +/- 6.060e+00		2035394	1331339	704055	14218578	8545404	5673174	3.591e+02 +/- 1.533e+00		21.8 +/- 0.0	14.3 +/- 0.0
-------------------------------------------------------------------------------------------------------------------------------------------------------------------------- 
Total		1.644e+03 +/- 6.060e+00		2035394	1331339	704055	14218578	8545404	5673174	3.591e+02 +/- 1.533e+00		21.8 +/- 0.0	14.3 +/- 0.0
--------------------------------------------------------------------------------------------------------------------------------------------------------------------------
Before matching: total cross section = 1.644e+03 +- 6.060e+00 pb
After matching: total cross section = 3.591e+02 +- 1.533e+00 pb
Matching efficiency = 0.1 +/- 0.0   [TO BE USED IN MCM]
Filter efficiency (taking into account weights)= (5.19824e+09) / (5.19824e+09) = 1.000e+00 +- 0.000e+00
Filter efficiency (event-level)= (2.03539e+06) / (2.03539e+06) = 1.000e+00 +- 0.000e+00    [TO BE USED IN MCM]

After filter: final cross section = 3.591e+02 +- 1.533e+00 pb
After filter: final fraction of events with negative weights = 3.459e-01 +- 6.793e-05
After filter: final equivalent lumi for 1M events (1/fb) = 2.645e-01 +- 3.646e-04

=============================================

MessageLogger Summary

 type     category        sev    module        subroutine        count    total
 ---- -------------------- -- ---------------- ----------------  -----    -----
    1 GenXSecAnalyzer      -w GenXSecAnalyzer:                      15       15
    2 XrdAdaptor           -w file_open                             27       27
    3 XrdAdaptorInternal   -w file_open                             58       58
    4 Fatal Exception      -s AfterFile                              1        1
    5 fileAction           -s file_close                            27       27
    6 fileAction           -s file_open                             83       83

 type    category    Examples: run/evt        run/evt          run/evt
 ---- -------------------- ---------------- ---------------- ----------------
    1 GenXSecAnalyzer      PostGlobalEndRun PostGlobalEndRun PostGlobalEndRun
    2 XrdAdaptor           pre-events       PostProcessEvent PostProcessEvent
    3 XrdAdaptorInternal   pre-events       pre-events       PostProcessEvent
    4 Fatal Exception      PostProcessEvent                  
    5 fileAction           PostProcessEvent PostProcessEvent PostProcessEvent
    6 fileAction           pre-events       pre-events       PostProcessEvent

Severity    # Occurrences   Total Occurrences
--------    -------------   -----------------
Warning               100                 100
System                111                 111

dropped waiting message count 0
