05-Mar-2024 17:13:16 CET  Initiating request to open file root://eoscms.cern.ch//eos/cms/store/mc/RunIISummer20UL16MiniAODv2/DYJetsToLL_M-50_HT-1200to2500_TuneCP5_PSweights_13TeV-madgraphMLM-pythia8/MINIAODSIM/106X_mcRun2_asymptotic_v17-v2/2430000/8B8565CD-8008-1543-98E9-8640C5A47DD0.root
%MSG-w XrdAdaptorInternal:  file_open 05-Mar-2024 17:13:18 CET pre-events
Failed to open file at URL root://eoscms.cern.ch:1094//eos/cms/store/mc/RunIISummer20UL16MiniAODv2/DYJetsToLL_M-50_HT-1200to2500_TuneCP5_PSweights_13TeV-madgraphMLM-pythia8/MINIAODSIM/106X_mcRun2_asymptotic_v17-v2/2430000/8B8565CD-8008-1543-98E9-8640C5A47DD0.root.
%MSG
%MSG-w XrdAdaptorInternal:  file_open 05-Mar-2024 17:13:18 CET pre-events
Failed to open file at URL root://eoscms.cern.ch:1094//eos/cms/store/mc/RunIISummer20UL16MiniAODv2/DYJetsToLL_M-50_HT-1200to2500_TuneCP5_PSweights_13TeV-madgraphMLM-pythia8/MINIAODSIM/106X_mcRun2_asymptotic_v17-v2/2430000/8B8565CD-8008-1543-98E9-8640C5A47DD0.root?tried=.
%MSG
05-Mar-2024 17:13:18 CET  Fallback request to file root://xrootd-cms.infn.it//store/mc/RunIISummer20UL16MiniAODv2/DYJetsToLL_M-50_HT-1200to2500_TuneCP5_PSweights_13TeV-madgraphMLM-pythia8/MINIAODSIM/106X_mcRun2_asymptotic_v17-v2/2430000/8B8565CD-8008-1543-98E9-8640C5A47DD0.root
%MSG-w XrdAdaptor:  file_open 05-Mar-2024 17:13:33 CET pre-events
Data is served from T2_US_Florida instead of original site T2_FR_GRIF_LLR
%MSG
05-Mar-2024 17:13:38 CET  Successfully opened file root://xrootd-cms.infn.it//store/mc/RunIISummer20UL16MiniAODv2/DYJetsToLL_M-50_HT-1200to2500_TuneCP5_PSweights_13TeV-madgraphMLM-pythia8/MINIAODSIM/106X_mcRun2_asymptotic_v17-v2/2430000/8B8565CD-8008-1543-98E9-8640C5A47DD0.root
Begin processing the 1st record. Run 1, Event 74565, LumiSection 17 on stream 0 at 05-Mar-2024 17:13:46.489 CET
05-Mar-2024 17:13:48 CET  Closed file root://xrootd-cms.infn.it//store/mc/RunIISummer20UL16MiniAODv2/DYJetsToLL_M-50_HT-1200to2500_TuneCP5_PSweights_13TeV-madgraphMLM-pythia8/MINIAODSIM/106X_mcRun2_asymptotic_v17-v2/2430000/8B8565CD-8008-1543-98E9-8640C5A47DD0.root
05-Mar-2024 17:13:48 CET  Initiating request to open file root://eoscms.cern.ch//eos/cms/store/mc/RunIISummer20UL16MiniAODv2/DYJetsToLL_M-50_HT-1200to2500_TuneCP5_PSweights_13TeV-madgraphMLM-pythia8/MINIAODSIM/106X_mcRun2_asymptotic_v17-v2/2430000/2A834599-DF59-6E49-B4C9-024BD3AAAB10.root
%MSG-w XrdAdaptorInternal:  file_open 05-Mar-2024 17:13:49 CET PostProcessEvent
Failed to open file at URL root://eoscms.cern.ch:1094//eos/cms/store/mc/RunIISummer20UL16MiniAODv2/DYJetsToLL_M-50_HT-1200to2500_TuneCP5_PSweights_13TeV-madgraphMLM-pythia8/MINIAODSIM/106X_mcRun2_asymptotic_v17-v2/2430000/2A834599-DF59-6E49-B4C9-024BD3AAAB10.root.
%MSG
%MSG-w XrdAdaptorInternal:  file_open 05-Mar-2024 17:13:49 CET PostProcessEvent
Failed to open file at URL root://eoscms.cern.ch:1094//eos/cms/store/mc/RunIISummer20UL16MiniAODv2/DYJetsToLL_M-50_HT-1200to2500_TuneCP5_PSweights_13TeV-madgraphMLM-pythia8/MINIAODSIM/106X_mcRun2_asymptotic_v17-v2/2430000/2A834599-DF59-6E49-B4C9-024BD3AAAB10.root?tried=.
%MSG
05-Mar-2024 17:13:49 CET  Fallback request to file root://xrootd-cms.infn.it//store/mc/RunIISummer20UL16MiniAODv2/DYJetsToLL_M-50_HT-1200to2500_TuneCP5_PSweights_13TeV-madgraphMLM-pythia8/MINIAODSIM/106X_mcRun2_asymptotic_v17-v2/2430000/2A834599-DF59-6E49-B4C9-024BD3AAAB10.root
%MSG-w XrdAdaptor:  file_open 05-Mar-2024 17:14:04 CET PostProcessEvent
Data is served from T2_US_Florida instead of original site T2_FR_GRIF_LLR
%MSG
05-Mar-2024 17:14:04 CET  Successfully opened file root://xrootd-cms.infn.it//store/mc/RunIISummer20UL16MiniAODv2/DYJetsToLL_M-50_HT-1200to2500_TuneCP5_PSweights_13TeV-madgraphMLM-pythia8/MINIAODSIM/106X_mcRun2_asymptotic_v17-v2/2430000/2A834599-DF59-6E49-B4C9-024BD3AAAB10.root
Begin processing the 100001st record. Run 1, Event 12825387, LumiSection 2755 on stream 0 at 05-Mar-2024 17:14:12.903 CET
05-Mar-2024 17:14:13 CET  Closed file root://xrootd-cms.infn.it//store/mc/RunIISummer20UL16MiniAODv2/DYJetsToLL_M-50_HT-1200to2500_TuneCP5_PSweights_13TeV-madgraphMLM-pythia8/MINIAODSIM/106X_mcRun2_asymptotic_v17-v2/2430000/2A834599-DF59-6E49-B4C9-024BD3AAAB10.root
05-Mar-2024 17:14:13 CET  Initiating request to open file root://eoscms.cern.ch//eos/cms/store/mc/RunIISummer20UL16MiniAODv2/DYJetsToLL_M-50_HT-1200to2500_TuneCP5_PSweights_13TeV-madgraphMLM-pythia8/MINIAODSIM/106X_mcRun2_asymptotic_v17-v2/2510000/F039FCFA-F1BA-AC45-94E1-6AC6C4F70127.root
%MSG-w XrdAdaptorInternal:  file_open 05-Mar-2024 17:14:14 CET PostProcessEvent
Failed to open file at URL root://eoscms.cern.ch:1094//eos/cms/store/mc/RunIISummer20UL16MiniAODv2/DYJetsToLL_M-50_HT-1200to2500_TuneCP5_PSweights_13TeV-madgraphMLM-pythia8/MINIAODSIM/106X_mcRun2_asymptotic_v17-v2/2510000/F039FCFA-F1BA-AC45-94E1-6AC6C4F70127.root.
%MSG
%MSG-w XrdAdaptorInternal:  file_open 05-Mar-2024 17:14:14 CET PostProcessEvent
Failed to open file at URL root://eoscms.cern.ch:1094//eos/cms/store/mc/RunIISummer20UL16MiniAODv2/DYJetsToLL_M-50_HT-1200to2500_TuneCP5_PSweights_13TeV-madgraphMLM-pythia8/MINIAODSIM/106X_mcRun2_asymptotic_v17-v2/2510000/F039FCFA-F1BA-AC45-94E1-6AC6C4F70127.root?tried=.
%MSG
05-Mar-2024 17:14:14 CET  Fallback request to file root://xrootd-cms.infn.it//store/mc/RunIISummer20UL16MiniAODv2/DYJetsToLL_M-50_HT-1200to2500_TuneCP5_PSweights_13TeV-madgraphMLM-pythia8/MINIAODSIM/106X_mcRun2_asymptotic_v17-v2/2510000/F039FCFA-F1BA-AC45-94E1-6AC6C4F70127.root
%MSG-w XrdAdaptor:  file_open 05-Mar-2024 17:14:30 CET PostProcessEvent
Data is served from T2_US_Wisconsin instead of original site T2_FR_GRIF_LLR
%MSG
05-Mar-2024 17:14:30 CET  Successfully opened file root://xrootd-cms.infn.it//store/mc/RunIISummer20UL16MiniAODv2/DYJetsToLL_M-50_HT-1200to2500_TuneCP5_PSweights_13TeV-madgraphMLM-pythia8/MINIAODSIM/106X_mcRun2_asymptotic_v17-v2/2510000/F039FCFA-F1BA-AC45-94E1-6AC6C4F70127.root
05-Mar-2024 17:14:43 CET  Closed file root://xrootd-cms.infn.it//store/mc/RunIISummer20UL16MiniAODv2/DYJetsToLL_M-50_HT-1200to2500_TuneCP5_PSweights_13TeV-madgraphMLM-pythia8/MINIAODSIM/106X_mcRun2_asymptotic_v17-v2/2510000/F039FCFA-F1BA-AC45-94E1-6AC6C4F70127.root
05-Mar-2024 17:14:43 CET  Initiating request to open file root://eoscms.cern.ch//eos/cms/store/mc/RunIISummer20UL16MiniAODv2/DYJetsToLL_M-50_HT-1200to2500_TuneCP5_PSweights_13TeV-madgraphMLM-pythia8/MINIAODSIM/106X_mcRun2_asymptotic_v17-v2/2510000/8D93A390-FB38-D841-8820-3EE8E1886BD1.root
%MSG-w XrdAdaptorInternal:  file_open 05-Mar-2024 17:14:44 CET PostProcessEvent
Failed to open file at URL root://eoscms.cern.ch:1094//eos/cms/store/mc/RunIISummer20UL16MiniAODv2/DYJetsToLL_M-50_HT-1200to2500_TuneCP5_PSweights_13TeV-madgraphMLM-pythia8/MINIAODSIM/106X_mcRun2_asymptotic_v17-v2/2510000/8D93A390-FB38-D841-8820-3EE8E1886BD1.root.
%MSG
%MSG-w XrdAdaptorInternal:  file_open 05-Mar-2024 17:14:44 CET PostProcessEvent
Failed to open file at URL root://eoscms.cern.ch:1094//eos/cms/store/mc/RunIISummer20UL16MiniAODv2/DYJetsToLL_M-50_HT-1200to2500_TuneCP5_PSweights_13TeV-madgraphMLM-pythia8/MINIAODSIM/106X_mcRun2_asymptotic_v17-v2/2510000/8D93A390-FB38-D841-8820-3EE8E1886BD1.root?tried=.
%MSG
05-Mar-2024 17:14:44 CET  Fallback request to file root://xrootd-cms.infn.it//store/mc/RunIISummer20UL16MiniAODv2/DYJetsToLL_M-50_HT-1200to2500_TuneCP5_PSweights_13TeV-madgraphMLM-pythia8/MINIAODSIM/106X_mcRun2_asymptotic_v17-v2/2510000/8D93A390-FB38-D841-8820-3EE8E1886BD1.root
%MSG-w XrdAdaptor:  file_open 05-Mar-2024 17:14:58 CET PostProcessEvent
Data is served from T2_US_Wisconsin instead of original site T2_FR_GRIF_LLR
%MSG
05-Mar-2024 17:14:59 CET  Successfully opened file root://xrootd-cms.infn.it//store/mc/RunIISummer20UL16MiniAODv2/DYJetsToLL_M-50_HT-1200to2500_TuneCP5_PSweights_13TeV-madgraphMLM-pythia8/MINIAODSIM/106X_mcRun2_asymptotic_v17-v2/2510000/8D93A390-FB38-D841-8820-3EE8E1886BD1.root
Begin processing the 200001st record. Run 1, Event 7659244, LumiSection 1646 on stream 0 at 05-Mar-2024 17:15:14.839 CET
05-Mar-2024 17:15:15 CET  Closed file root://xrootd-cms.infn.it//store/mc/RunIISummer20UL16MiniAODv2/DYJetsToLL_M-50_HT-1200to2500_TuneCP5_PSweights_13TeV-madgraphMLM-pythia8/MINIAODSIM/106X_mcRun2_asymptotic_v17-v2/2510000/8D93A390-FB38-D841-8820-3EE8E1886BD1.root
05-Mar-2024 17:15:15 CET  Initiating request to open file root://eoscms.cern.ch//eos/cms/store/mc/RunIISummer20UL16MiniAODv2/DYJetsToLL_M-50_HT-1200to2500_TuneCP5_PSweights_13TeV-madgraphMLM-pythia8/MINIAODSIM/106X_mcRun2_asymptotic_v17-v2/2510000/CC9348A3-2CAC-5E45-A9A9-BD81C691447C.root
%MSG-w XrdAdaptorInternal:  file_open 05-Mar-2024 17:15:16 CET PostProcessEvent
Failed to open file at URL root://eoscms.cern.ch:1094//eos/cms/store/mc/RunIISummer20UL16MiniAODv2/DYJetsToLL_M-50_HT-1200to2500_TuneCP5_PSweights_13TeV-madgraphMLM-pythia8/MINIAODSIM/106X_mcRun2_asymptotic_v17-v2/2510000/CC9348A3-2CAC-5E45-A9A9-BD81C691447C.root.
%MSG
%MSG-w XrdAdaptorInternal:  file_open 05-Mar-2024 17:15:16 CET PostProcessEvent
Failed to open file at URL root://eoscms.cern.ch:1094//eos/cms/store/mc/RunIISummer20UL16MiniAODv2/DYJetsToLL_M-50_HT-1200to2500_TuneCP5_PSweights_13TeV-madgraphMLM-pythia8/MINIAODSIM/106X_mcRun2_asymptotic_v17-v2/2510000/CC9348A3-2CAC-5E45-A9A9-BD81C691447C.root?tried=.
%MSG
05-Mar-2024 17:15:16 CET  Fallback request to file root://xrootd-cms.infn.it//store/mc/RunIISummer20UL16MiniAODv2/DYJetsToLL_M-50_HT-1200to2500_TuneCP5_PSweights_13TeV-madgraphMLM-pythia8/MINIAODSIM/106X_mcRun2_asymptotic_v17-v2/2510000/CC9348A3-2CAC-5E45-A9A9-BD81C691447C.root
Unable to load sec.protocol plugin libXrdSecztn.so
%MSG-w XrdAdaptor:  file_open 05-Mar-2024 17:15:30 CET PostProcessEvent
Data is served from fnal.gov instead of original site T2_FR_GRIF_LLR
%MSG
05-Mar-2024 17:15:31 CET  Successfully opened file root://xrootd-cms.infn.it//store/mc/RunIISummer20UL16MiniAODv2/DYJetsToLL_M-50_HT-1200to2500_TuneCP5_PSweights_13TeV-madgraphMLM-pythia8/MINIAODSIM/106X_mcRun2_asymptotic_v17-v2/2510000/CC9348A3-2CAC-5E45-A9A9-BD81C691447C.root
Unable to load sec.protocol plugin libXrdSecztn.so
05-Mar-2024 17:15:38 CET  Closed file root://xrootd-cms.infn.it//store/mc/RunIISummer20UL16MiniAODv2/DYJetsToLL_M-50_HT-1200to2500_TuneCP5_PSweights_13TeV-madgraphMLM-pythia8/MINIAODSIM/106X_mcRun2_asymptotic_v17-v2/2510000/CC9348A3-2CAC-5E45-A9A9-BD81C691447C.root
05-Mar-2024 17:15:38 CET  Initiating request to open file root://eoscms.cern.ch//eos/cms/store/mc/RunIISummer20UL16MiniAODv2/DYJetsToLL_M-50_HT-1200to2500_TuneCP5_PSweights_13TeV-madgraphMLM-pythia8/MINIAODSIM/106X_mcRun2_asymptotic_v17-v2/2510000/CB415CD7-BBC8-A048-8591-A2391414351F.root
%MSG-w XrdAdaptorInternal:  file_open 05-Mar-2024 17:15:39 CET PostProcessEvent
Failed to open file at URL root://eoscms.cern.ch:1094//eos/cms/store/mc/RunIISummer20UL16MiniAODv2/DYJetsToLL_M-50_HT-1200to2500_TuneCP5_PSweights_13TeV-madgraphMLM-pythia8/MINIAODSIM/106X_mcRun2_asymptotic_v17-v2/2510000/CB415CD7-BBC8-A048-8591-A2391414351F.root.
%MSG
%MSG-w XrdAdaptorInternal:  file_open 05-Mar-2024 17:15:39 CET PostProcessEvent
Failed to open file at URL root://eoscms.cern.ch:1094//eos/cms/store/mc/RunIISummer20UL16MiniAODv2/DYJetsToLL_M-50_HT-1200to2500_TuneCP5_PSweights_13TeV-madgraphMLM-pythia8/MINIAODSIM/106X_mcRun2_asymptotic_v17-v2/2510000/CB415CD7-BBC8-A048-8591-A2391414351F.root?tried=.
%MSG
05-Mar-2024 17:15:39 CET  Fallback request to file root://xrootd-cms.infn.it//store/mc/RunIISummer20UL16MiniAODv2/DYJetsToLL_M-50_HT-1200to2500_TuneCP5_PSweights_13TeV-madgraphMLM-pythia8/MINIAODSIM/106X_mcRun2_asymptotic_v17-v2/2510000/CB415CD7-BBC8-A048-8591-A2391414351F.root
Unable to load sec.protocol plugin libXrdSecztn.so
%MSG-w XrdAdaptor:  file_open 05-Mar-2024 17:15:54 CET PostProcessEvent
Data is served from fnal.gov instead of original site T2_FR_GRIF_LLR
%MSG
05-Mar-2024 17:15:54 CET  Successfully opened file root://xrootd-cms.infn.it//store/mc/RunIISummer20UL16MiniAODv2/DYJetsToLL_M-50_HT-1200to2500_TuneCP5_PSweights_13TeV-madgraphMLM-pythia8/MINIAODSIM/106X_mcRun2_asymptotic_v17-v2/2510000/CB415CD7-BBC8-A048-8591-A2391414351F.root
Unable to load sec.protocol plugin libXrdSecztn.so
05-Mar-2024 17:16:01 CET  Closed file root://xrootd-cms.infn.it//store/mc/RunIISummer20UL16MiniAODv2/DYJetsToLL_M-50_HT-1200to2500_TuneCP5_PSweights_13TeV-madgraphMLM-pythia8/MINIAODSIM/106X_mcRun2_asymptotic_v17-v2/2510000/CB415CD7-BBC8-A048-8591-A2391414351F.root
05-Mar-2024 17:16:01 CET  Initiating request to open file root://eoscms.cern.ch//eos/cms/store/mc/RunIISummer20UL16MiniAODv2/DYJetsToLL_M-50_HT-1200to2500_TuneCP5_PSweights_13TeV-madgraphMLM-pythia8/MINIAODSIM/106X_mcRun2_asymptotic_v17-v2/2510000/174E4026-13C2-F34F-87B8-B72E700E2381.root
%MSG-w XrdAdaptorInternal:  file_open 05-Mar-2024 17:16:02 CET PostProcessEvent
Failed to open file at URL root://eoscms.cern.ch:1094//eos/cms/store/mc/RunIISummer20UL16MiniAODv2/DYJetsToLL_M-50_HT-1200to2500_TuneCP5_PSweights_13TeV-madgraphMLM-pythia8/MINIAODSIM/106X_mcRun2_asymptotic_v17-v2/2510000/174E4026-13C2-F34F-87B8-B72E700E2381.root.
%MSG
%MSG-w XrdAdaptorInternal:  file_open 05-Mar-2024 17:16:02 CET PostProcessEvent
Failed to open file at URL root://eoscms.cern.ch:1094//eos/cms/store/mc/RunIISummer20UL16MiniAODv2/DYJetsToLL_M-50_HT-1200to2500_TuneCP5_PSweights_13TeV-madgraphMLM-pythia8/MINIAODSIM/106X_mcRun2_asymptotic_v17-v2/2510000/174E4026-13C2-F34F-87B8-B72E700E2381.root?tried=.
%MSG
05-Mar-2024 17:16:02 CET  Fallback request to file root://xrootd-cms.infn.it//store/mc/RunIISummer20UL16MiniAODv2/DYJetsToLL_M-50_HT-1200to2500_TuneCP5_PSweights_13TeV-madgraphMLM-pythia8/MINIAODSIM/106X_mcRun2_asymptotic_v17-v2/2510000/174E4026-13C2-F34F-87B8-B72E700E2381.root
%MSG-w XrdAdaptor:  file_open 05-Mar-2024 17:16:29 CET PostProcessEvent
Data is served from T2_US_Wisconsin instead of original site T2_FR_GRIF_LLR
%MSG
05-Mar-2024 17:16:30 CET  Successfully opened file root://xrootd-cms.infn.it//store/mc/RunIISummer20UL16MiniAODv2/DYJetsToLL_M-50_HT-1200to2500_TuneCP5_PSweights_13TeV-madgraphMLM-pythia8/MINIAODSIM/106X_mcRun2_asymptotic_v17-v2/2510000/174E4026-13C2-F34F-87B8-B72E700E2381.root
Begin processing the 300001st record. Run 1, Event 10158262, LumiSection 2182 on stream 0 at 05-Mar-2024 17:16:39.594 CET
05-Mar-2024 17:16:40 CET  Closed file root://xrootd-cms.infn.it//store/mc/RunIISummer20UL16MiniAODv2/DYJetsToLL_M-50_HT-1200to2500_TuneCP5_PSweights_13TeV-madgraphMLM-pythia8/MINIAODSIM/106X_mcRun2_asymptotic_v17-v2/2510000/174E4026-13C2-F34F-87B8-B72E700E2381.root
05-Mar-2024 17:16:40 CET  Initiating request to open file root://eoscms.cern.ch//eos/cms/store/mc/RunIISummer20UL16MiniAODv2/DYJetsToLL_M-50_HT-1200to2500_TuneCP5_PSweights_13TeV-madgraphMLM-pythia8/MINIAODSIM/106X_mcRun2_asymptotic_v17-v2/2510000/32D198F1-109A-4D4B-A33E-2AA982C0E6A7.root
%MSG-w XrdAdaptorInternal:  file_open 05-Mar-2024 17:16:41 CET PostProcessEvent
Failed to open file at URL root://eoscms.cern.ch:1094//eos/cms/store/mc/RunIISummer20UL16MiniAODv2/DYJetsToLL_M-50_HT-1200to2500_TuneCP5_PSweights_13TeV-madgraphMLM-pythia8/MINIAODSIM/106X_mcRun2_asymptotic_v17-v2/2510000/32D198F1-109A-4D4B-A33E-2AA982C0E6A7.root.
%MSG
%MSG-w XrdAdaptorInternal:  file_open 05-Mar-2024 17:16:41 CET PostProcessEvent
Failed to open file at URL root://eoscms.cern.ch:1094//eos/cms/store/mc/RunIISummer20UL16MiniAODv2/DYJetsToLL_M-50_HT-1200to2500_TuneCP5_PSweights_13TeV-madgraphMLM-pythia8/MINIAODSIM/106X_mcRun2_asymptotic_v17-v2/2510000/32D198F1-109A-4D4B-A33E-2AA982C0E6A7.root?tried=.
%MSG
05-Mar-2024 17:16:41 CET  Fallback request to file root://xrootd-cms.infn.it//store/mc/RunIISummer20UL16MiniAODv2/DYJetsToLL_M-50_HT-1200to2500_TuneCP5_PSweights_13TeV-madgraphMLM-pythia8/MINIAODSIM/106X_mcRun2_asymptotic_v17-v2/2510000/32D198F1-109A-4D4B-A33E-2AA982C0E6A7.root
%MSG-w XrdAdaptor:  file_open 05-Mar-2024 17:16:56 CET PostProcessEvent
Data is served from T2_US_Wisconsin instead of original site T2_FR_GRIF_LLR
%MSG
05-Mar-2024 17:16:56 CET  Successfully opened file root://xrootd-cms.infn.it//store/mc/RunIISummer20UL16MiniAODv2/DYJetsToLL_M-50_HT-1200to2500_TuneCP5_PSweights_13TeV-madgraphMLM-pythia8/MINIAODSIM/106X_mcRun2_asymptotic_v17-v2/2510000/32D198F1-109A-4D4B-A33E-2AA982C0E6A7.root
05-Mar-2024 17:17:03 CET  Closed file root://xrootd-cms.infn.it//store/mc/RunIISummer20UL16MiniAODv2/DYJetsToLL_M-50_HT-1200to2500_TuneCP5_PSweights_13TeV-madgraphMLM-pythia8/MINIAODSIM/106X_mcRun2_asymptotic_v17-v2/2510000/32D198F1-109A-4D4B-A33E-2AA982C0E6A7.root
05-Mar-2024 17:17:03 CET  Initiating request to open file root://eoscms.cern.ch//eos/cms/store/mc/RunIISummer20UL16MiniAODv2/DYJetsToLL_M-50_HT-1200to2500_TuneCP5_PSweights_13TeV-madgraphMLM-pythia8/MINIAODSIM/106X_mcRun2_asymptotic_v17-v2/2510000/0B094445-0021-FC47-8209-EDA727BAF62F.root
%MSG-w XrdAdaptorInternal:  file_open 05-Mar-2024 17:17:04 CET PostProcessEvent
Failed to open file at URL root://eoscms.cern.ch:1094//eos/cms/store/mc/RunIISummer20UL16MiniAODv2/DYJetsToLL_M-50_HT-1200to2500_TuneCP5_PSweights_13TeV-madgraphMLM-pythia8/MINIAODSIM/106X_mcRun2_asymptotic_v17-v2/2510000/0B094445-0021-FC47-8209-EDA727BAF62F.root.
%MSG
%MSG-w XrdAdaptorInternal:  file_open 05-Mar-2024 17:17:04 CET PostProcessEvent
Failed to open file at URL root://eoscms.cern.ch:1094//eos/cms/store/mc/RunIISummer20UL16MiniAODv2/DYJetsToLL_M-50_HT-1200to2500_TuneCP5_PSweights_13TeV-madgraphMLM-pythia8/MINIAODSIM/106X_mcRun2_asymptotic_v17-v2/2510000/0B094445-0021-FC47-8209-EDA727BAF62F.root?tried=.
%MSG
05-Mar-2024 17:17:04 CET  Fallback request to file root://xrootd-cms.infn.it//store/mc/RunIISummer20UL16MiniAODv2/DYJetsToLL_M-50_HT-1200to2500_TuneCP5_PSweights_13TeV-madgraphMLM-pythia8/MINIAODSIM/106X_mcRun2_asymptotic_v17-v2/2510000/0B094445-0021-FC47-8209-EDA727BAF62F.root
%MSG-w XrdAdaptor:  file_open 05-Mar-2024 17:17:26 CET PostProcessEvent
Data is served from T2_US_MIT instead of original site T2_FR_GRIF_LLR
%MSG
05-Mar-2024 17:17:26 CET  Successfully opened file root://xrootd-cms.infn.it//store/mc/RunIISummer20UL16MiniAODv2/DYJetsToLL_M-50_HT-1200to2500_TuneCP5_PSweights_13TeV-madgraphMLM-pythia8/MINIAODSIM/106X_mcRun2_asymptotic_v17-v2/2510000/0B094445-0021-FC47-8209-EDA727BAF62F.root
05-Mar-2024 17:17:33 CET  Closed file root://xrootd-cms.infn.it//store/mc/RunIISummer20UL16MiniAODv2/DYJetsToLL_M-50_HT-1200to2500_TuneCP5_PSweights_13TeV-madgraphMLM-pythia8/MINIAODSIM/106X_mcRun2_asymptotic_v17-v2/2510000/0B094445-0021-FC47-8209-EDA727BAF62F.root
05-Mar-2024 17:17:33 CET  Initiating request to open file root://eoscms.cern.ch//eos/cms/store/mc/RunIISummer20UL16MiniAODv2/DYJetsToLL_M-50_HT-1200to2500_TuneCP5_PSweights_13TeV-madgraphMLM-pythia8/MINIAODSIM/106X_mcRun2_asymptotic_v17-v2/250000/0177398B-4447-5F43-A1D7-1253653383FB.root
%MSG-w XrdAdaptorInternal:  file_open 05-Mar-2024 17:17:34 CET PostProcessEvent
Failed to open file at URL root://eoscms.cern.ch:1094//eos/cms/store/mc/RunIISummer20UL16MiniAODv2/DYJetsToLL_M-50_HT-1200to2500_TuneCP5_PSweights_13TeV-madgraphMLM-pythia8/MINIAODSIM/106X_mcRun2_asymptotic_v17-v2/250000/0177398B-4447-5F43-A1D7-1253653383FB.root.
%MSG
%MSG-w XrdAdaptorInternal:  file_open 05-Mar-2024 17:17:34 CET PostProcessEvent
Failed to open file at URL root://eoscms.cern.ch:1094//eos/cms/store/mc/RunIISummer20UL16MiniAODv2/DYJetsToLL_M-50_HT-1200to2500_TuneCP5_PSweights_13TeV-madgraphMLM-pythia8/MINIAODSIM/106X_mcRun2_asymptotic_v17-v2/250000/0177398B-4447-5F43-A1D7-1253653383FB.root?tried=.
%MSG
05-Mar-2024 17:17:34 CET  Fallback request to file root://xrootd-cms.infn.it//store/mc/RunIISummer20UL16MiniAODv2/DYJetsToLL_M-50_HT-1200to2500_TuneCP5_PSweights_13TeV-madgraphMLM-pythia8/MINIAODSIM/106X_mcRun2_asymptotic_v17-v2/250000/0177398B-4447-5F43-A1D7-1253653383FB.root
%MSG-w XrdAdaptor:  file_open 05-Mar-2024 17:17:50 CET PostProcessEvent
Data is served from T2_US_Nebraska instead of original site T2_FR_GRIF_LLR
%MSG
05-Mar-2024 17:17:50 CET  Successfully opened file root://xrootd-cms.infn.it//store/mc/RunIISummer20UL16MiniAODv2/DYJetsToLL_M-50_HT-1200to2500_TuneCP5_PSweights_13TeV-madgraphMLM-pythia8/MINIAODSIM/106X_mcRun2_asymptotic_v17-v2/250000/0177398B-4447-5F43-A1D7-1253653383FB.root
Begin processing the 400001st record. Run 1, Event 1358865, LumiSection 292 on stream 0 at 05-Mar-2024 17:17:57.811 CET
05-Mar-2024 17:17:58 CET  Closed file root://xrootd-cms.infn.it//store/mc/RunIISummer20UL16MiniAODv2/DYJetsToLL_M-50_HT-1200to2500_TuneCP5_PSweights_13TeV-madgraphMLM-pythia8/MINIAODSIM/106X_mcRun2_asymptotic_v17-v2/250000/0177398B-4447-5F43-A1D7-1253653383FB.root
05-Mar-2024 17:17:58 CET  Initiating request to open file root://eoscms.cern.ch//eos/cms/store/mc/RunIISummer20UL16MiniAODv2/DYJetsToLL_M-50_HT-1200to2500_TuneCP5_PSweights_13TeV-madgraphMLM-pythia8/MINIAODSIM/106X_mcRun2_asymptotic_v17-v2/2510000/1EF0152E-B3FE-CA44-B1BE-74BAF1FC807F.root
%MSG-w XrdAdaptorInternal:  file_open 05-Mar-2024 17:17:59 CET PostProcessEvent
Failed to open file at URL root://eoscms.cern.ch:1094//eos/cms/store/mc/RunIISummer20UL16MiniAODv2/DYJetsToLL_M-50_HT-1200to2500_TuneCP5_PSweights_13TeV-madgraphMLM-pythia8/MINIAODSIM/106X_mcRun2_asymptotic_v17-v2/2510000/1EF0152E-B3FE-CA44-B1BE-74BAF1FC807F.root.
%MSG
%MSG-w XrdAdaptorInternal:  file_open 05-Mar-2024 17:17:59 CET PostProcessEvent
Failed to open file at URL root://eoscms.cern.ch:1094//eos/cms/store/mc/RunIISummer20UL16MiniAODv2/DYJetsToLL_M-50_HT-1200to2500_TuneCP5_PSweights_13TeV-madgraphMLM-pythia8/MINIAODSIM/106X_mcRun2_asymptotic_v17-v2/2510000/1EF0152E-B3FE-CA44-B1BE-74BAF1FC807F.root?tried=.
%MSG
05-Mar-2024 17:17:59 CET  Fallback request to file root://xrootd-cms.infn.it//store/mc/RunIISummer20UL16MiniAODv2/DYJetsToLL_M-50_HT-1200to2500_TuneCP5_PSweights_13TeV-madgraphMLM-pythia8/MINIAODSIM/106X_mcRun2_asymptotic_v17-v2/2510000/1EF0152E-B3FE-CA44-B1BE-74BAF1FC807F.root
%MSG-w XrdAdaptor:  file_open 05-Mar-2024 17:18:12 CET PostProcessEvent
Data is served from fnal.gov instead of original site T2_FR_GRIF_LLR
%MSG
05-Mar-2024 17:18:13 CET  Successfully opened file root://xrootd-cms.infn.it//store/mc/RunIISummer20UL16MiniAODv2/DYJetsToLL_M-50_HT-1200to2500_TuneCP5_PSweights_13TeV-madgraphMLM-pythia8/MINIAODSIM/106X_mcRun2_asymptotic_v17-v2/2510000/1EF0152E-B3FE-CA44-B1BE-74BAF1FC807F.root
05-Mar-2024 17:18:19 CET  Closed file root://xrootd-cms.infn.it//store/mc/RunIISummer20UL16MiniAODv2/DYJetsToLL_M-50_HT-1200to2500_TuneCP5_PSweights_13TeV-madgraphMLM-pythia8/MINIAODSIM/106X_mcRun2_asymptotic_v17-v2/2510000/1EF0152E-B3FE-CA44-B1BE-74BAF1FC807F.root
05-Mar-2024 17:18:19 CET  Initiating request to open file root://eoscms.cern.ch//eos/cms/store/mc/RunIISummer20UL16MiniAODv2/DYJetsToLL_M-50_HT-1200to2500_TuneCP5_PSweights_13TeV-madgraphMLM-pythia8/MINIAODSIM/106X_mcRun2_asymptotic_v17-v2/2510000/C16C3F92-6903-EC48-825A-8996D6C1D8A2.root
%MSG-w XrdAdaptorInternal:  file_open 05-Mar-2024 17:18:20 CET PostProcessEvent
Failed to open file at URL root://eoscms.cern.ch:1094//eos/cms/store/mc/RunIISummer20UL16MiniAODv2/DYJetsToLL_M-50_HT-1200to2500_TuneCP5_PSweights_13TeV-madgraphMLM-pythia8/MINIAODSIM/106X_mcRun2_asymptotic_v17-v2/2510000/C16C3F92-6903-EC48-825A-8996D6C1D8A2.root.
%MSG
%MSG-w XrdAdaptorInternal:  file_open 05-Mar-2024 17:18:20 CET PostProcessEvent
Failed to open file at URL root://eoscms.cern.ch:1094//eos/cms/store/mc/RunIISummer20UL16MiniAODv2/DYJetsToLL_M-50_HT-1200to2500_TuneCP5_PSweights_13TeV-madgraphMLM-pythia8/MINIAODSIM/106X_mcRun2_asymptotic_v17-v2/2510000/C16C3F92-6903-EC48-825A-8996D6C1D8A2.root?tried=.
%MSG
05-Mar-2024 17:18:20 CET  Fallback request to file root://xrootd-cms.infn.it//store/mc/RunIISummer20UL16MiniAODv2/DYJetsToLL_M-50_HT-1200to2500_TuneCP5_PSweights_13TeV-madgraphMLM-pythia8/MINIAODSIM/106X_mcRun2_asymptotic_v17-v2/2510000/C16C3F92-6903-EC48-825A-8996D6C1D8A2.root
%MSG-w XrdAdaptor:  file_open 05-Mar-2024 17:18:33 CET PostProcessEvent
Data is served from fnal.gov instead of original site T2_FR_GRIF_LLR
%MSG
05-Mar-2024 17:18:34 CET  Successfully opened file root://xrootd-cms.infn.it//store/mc/RunIISummer20UL16MiniAODv2/DYJetsToLL_M-50_HT-1200to2500_TuneCP5_PSweights_13TeV-madgraphMLM-pythia8/MINIAODSIM/106X_mcRun2_asymptotic_v17-v2/2510000/C16C3F92-6903-EC48-825A-8996D6C1D8A2.root
Begin processing the 500001st record. Run 1, Event 22734645, LumiSection 4883 on stream 0 at 05-Mar-2024 17:18:40.881 CET
05-Mar-2024 17:18:41 CET  Closed file root://xrootd-cms.infn.it//store/mc/RunIISummer20UL16MiniAODv2/DYJetsToLL_M-50_HT-1200to2500_TuneCP5_PSweights_13TeV-madgraphMLM-pythia8/MINIAODSIM/106X_mcRun2_asymptotic_v17-v2/2510000/C16C3F92-6903-EC48-825A-8996D6C1D8A2.root
05-Mar-2024 17:18:41 CET  Initiating request to open file root://eoscms.cern.ch//eos/cms/store/mc/RunIISummer20UL16MiniAODv2/DYJetsToLL_M-50_HT-1200to2500_TuneCP5_PSweights_13TeV-madgraphMLM-pythia8/MINIAODSIM/106X_mcRun2_asymptotic_v17-v2/2510000/F46C8EFB-279E-BE49-B7D9-ADC60032AC9B.root
%MSG-w XrdAdaptorInternal:  file_open 05-Mar-2024 17:18:42 CET PostProcessEvent
Failed to open file at URL root://eoscms.cern.ch:1094//eos/cms/store/mc/RunIISummer20UL16MiniAODv2/DYJetsToLL_M-50_HT-1200to2500_TuneCP5_PSweights_13TeV-madgraphMLM-pythia8/MINIAODSIM/106X_mcRun2_asymptotic_v17-v2/2510000/F46C8EFB-279E-BE49-B7D9-ADC60032AC9B.root.
%MSG
%MSG-w XrdAdaptorInternal:  file_open 05-Mar-2024 17:18:42 CET PostProcessEvent
Failed to open file at URL root://eoscms.cern.ch:1094//eos/cms/store/mc/RunIISummer20UL16MiniAODv2/DYJetsToLL_M-50_HT-1200to2500_TuneCP5_PSweights_13TeV-madgraphMLM-pythia8/MINIAODSIM/106X_mcRun2_asymptotic_v17-v2/2510000/F46C8EFB-279E-BE49-B7D9-ADC60032AC9B.root?tried=.
%MSG
05-Mar-2024 17:18:42 CET  Fallback request to file root://xrootd-cms.infn.it//store/mc/RunIISummer20UL16MiniAODv2/DYJetsToLL_M-50_HT-1200to2500_TuneCP5_PSweights_13TeV-madgraphMLM-pythia8/MINIAODSIM/106X_mcRun2_asymptotic_v17-v2/2510000/F46C8EFB-279E-BE49-B7D9-ADC60032AC9B.root
%MSG-w XrdAdaptor:  file_open 05-Mar-2024 17:18:56 CET PostProcessEvent
Data is served from T2_US_Florida instead of original site T2_FR_GRIF_LLR
%MSG
05-Mar-2024 17:18:56 CET  Successfully opened file root://xrootd-cms.infn.it//store/mc/RunIISummer20UL16MiniAODv2/DYJetsToLL_M-50_HT-1200to2500_TuneCP5_PSweights_13TeV-madgraphMLM-pythia8/MINIAODSIM/106X_mcRun2_asymptotic_v17-v2/2510000/F46C8EFB-279E-BE49-B7D9-ADC60032AC9B.root
05-Mar-2024 17:19:03 CET  Closed file root://xrootd-cms.infn.it//store/mc/RunIISummer20UL16MiniAODv2/DYJetsToLL_M-50_HT-1200to2500_TuneCP5_PSweights_13TeV-madgraphMLM-pythia8/MINIAODSIM/106X_mcRun2_asymptotic_v17-v2/2510000/F46C8EFB-279E-BE49-B7D9-ADC60032AC9B.root
05-Mar-2024 17:19:03 CET  Initiating request to open file root://eoscms.cern.ch//eos/cms/store/mc/RunIISummer20UL16MiniAODv2/DYJetsToLL_M-50_HT-1200to2500_TuneCP5_PSweights_13TeV-madgraphMLM-pythia8/MINIAODSIM/106X_mcRun2_asymptotic_v17-v2/2510000/90FAF523-DB3A-2841-8DD6-84DAB4038F1F.root
%MSG-w XrdAdaptorInternal:  file_open 05-Mar-2024 17:19:04 CET PostProcessEvent
Failed to open file at URL root://eoscms.cern.ch:1094//eos/cms/store/mc/RunIISummer20UL16MiniAODv2/DYJetsToLL_M-50_HT-1200to2500_TuneCP5_PSweights_13TeV-madgraphMLM-pythia8/MINIAODSIM/106X_mcRun2_asymptotic_v17-v2/2510000/90FAF523-DB3A-2841-8DD6-84DAB4038F1F.root.
%MSG
%MSG-w XrdAdaptorInternal:  file_open 05-Mar-2024 17:19:04 CET PostProcessEvent
Failed to open file at URL root://eoscms.cern.ch:1094//eos/cms/store/mc/RunIISummer20UL16MiniAODv2/DYJetsToLL_M-50_HT-1200to2500_TuneCP5_PSweights_13TeV-madgraphMLM-pythia8/MINIAODSIM/106X_mcRun2_asymptotic_v17-v2/2510000/90FAF523-DB3A-2841-8DD6-84DAB4038F1F.root?tried=.
%MSG
05-Mar-2024 17:19:04 CET  Fallback request to file root://xrootd-cms.infn.it//store/mc/RunIISummer20UL16MiniAODv2/DYJetsToLL_M-50_HT-1200to2500_TuneCP5_PSweights_13TeV-madgraphMLM-pythia8/MINIAODSIM/106X_mcRun2_asymptotic_v17-v2/2510000/90FAF523-DB3A-2841-8DD6-84DAB4038F1F.root
%MSG-w XrdAdaptor:  file_open 05-Mar-2024 17:19:25 CET PostProcessEvent
Data is served from T2_US_MIT instead of original site T2_FR_GRIF_LLR
%MSG
05-Mar-2024 17:19:25 CET  Successfully opened file root://xrootd-cms.infn.it//store/mc/RunIISummer20UL16MiniAODv2/DYJetsToLL_M-50_HT-1200to2500_TuneCP5_PSweights_13TeV-madgraphMLM-pythia8/MINIAODSIM/106X_mcRun2_asymptotic_v17-v2/2510000/90FAF523-DB3A-2841-8DD6-84DAB4038F1F.root
05-Mar-2024 17:19:31 CET  Closed file root://xrootd-cms.infn.it//store/mc/RunIISummer20UL16MiniAODv2/DYJetsToLL_M-50_HT-1200to2500_TuneCP5_PSweights_13TeV-madgraphMLM-pythia8/MINIAODSIM/106X_mcRun2_asymptotic_v17-v2/2510000/90FAF523-DB3A-2841-8DD6-84DAB4038F1F.root
05-Mar-2024 17:19:31 CET  Initiating request to open file root://eoscms.cern.ch//eos/cms/store/mc/RunIISummer20UL16MiniAODv2/DYJetsToLL_M-50_HT-1200to2500_TuneCP5_PSweights_13TeV-madgraphMLM-pythia8/MINIAODSIM/106X_mcRun2_asymptotic_v17-v2/2510000/4631E034-13E5-0C48-B022-FA07156ECAB6.root
%MSG-w XrdAdaptorInternal:  file_open 05-Mar-2024 17:19:32 CET PostProcessEvent
Failed to open file at URL root://eoscms.cern.ch:1094//eos/cms/store/mc/RunIISummer20UL16MiniAODv2/DYJetsToLL_M-50_HT-1200to2500_TuneCP5_PSweights_13TeV-madgraphMLM-pythia8/MINIAODSIM/106X_mcRun2_asymptotic_v17-v2/2510000/4631E034-13E5-0C48-B022-FA07156ECAB6.root.
%MSG
%MSG-w XrdAdaptorInternal:  file_open 05-Mar-2024 17:19:32 CET PostProcessEvent
Failed to open file at URL root://eoscms.cern.ch:1094//eos/cms/store/mc/RunIISummer20UL16MiniAODv2/DYJetsToLL_M-50_HT-1200to2500_TuneCP5_PSweights_13TeV-madgraphMLM-pythia8/MINIAODSIM/106X_mcRun2_asymptotic_v17-v2/2510000/4631E034-13E5-0C48-B022-FA07156ECAB6.root?tried=.
%MSG
05-Mar-2024 17:19:32 CET  Fallback request to file root://xrootd-cms.infn.it//store/mc/RunIISummer20UL16MiniAODv2/DYJetsToLL_M-50_HT-1200to2500_TuneCP5_PSweights_13TeV-madgraphMLM-pythia8/MINIAODSIM/106X_mcRun2_asymptotic_v17-v2/2510000/4631E034-13E5-0C48-B022-FA07156ECAB6.root
%MSG-w XrdAdaptor:  file_open 05-Mar-2024 17:19:48 CET PostProcessEvent
Data is served from T2_US_Caltech instead of original site T2_FR_GRIF_LLR
%MSG
05-Mar-2024 17:19:49 CET  Successfully opened file root://xrootd-cms.infn.it//store/mc/RunIISummer20UL16MiniAODv2/DYJetsToLL_M-50_HT-1200to2500_TuneCP5_PSweights_13TeV-madgraphMLM-pythia8/MINIAODSIM/106X_mcRun2_asymptotic_v17-v2/2510000/4631E034-13E5-0C48-B022-FA07156ECAB6.root
Begin processing the 600001st record. Run 1, Event 7202408, LumiSection 1547 on stream 0 at 05-Mar-2024 17:19:59.165 CET
05-Mar-2024 17:20:02 CET  Closed file root://xrootd-cms.infn.it//store/mc/RunIISummer20UL16MiniAODv2/DYJetsToLL_M-50_HT-1200to2500_TuneCP5_PSweights_13TeV-madgraphMLM-pythia8/MINIAODSIM/106X_mcRun2_asymptotic_v17-v2/2510000/4631E034-13E5-0C48-B022-FA07156ECAB6.root
05-Mar-2024 17:20:02 CET  Initiating request to open file root://eoscms.cern.ch//eos/cms/store/mc/RunIISummer20UL16MiniAODv2/DYJetsToLL_M-50_HT-1200to2500_TuneCP5_PSweights_13TeV-madgraphMLM-pythia8/MINIAODSIM/106X_mcRun2_asymptotic_v17-v2/2510000/0DC363C6-2ACC-5846-8FE2-9A1CC4E8C599.root
%MSG-w XrdAdaptorInternal:  file_open 05-Mar-2024 17:20:03 CET PostProcessEvent
Failed to open file at URL root://eoscms.cern.ch:1094//eos/cms/store/mc/RunIISummer20UL16MiniAODv2/DYJetsToLL_M-50_HT-1200to2500_TuneCP5_PSweights_13TeV-madgraphMLM-pythia8/MINIAODSIM/106X_mcRun2_asymptotic_v17-v2/2510000/0DC363C6-2ACC-5846-8FE2-9A1CC4E8C599.root.
%MSG
%MSG-w XrdAdaptorInternal:  file_open 05-Mar-2024 17:20:03 CET PostProcessEvent
Failed to open file at URL root://eoscms.cern.ch:1094//eos/cms/store/mc/RunIISummer20UL16MiniAODv2/DYJetsToLL_M-50_HT-1200to2500_TuneCP5_PSweights_13TeV-madgraphMLM-pythia8/MINIAODSIM/106X_mcRun2_asymptotic_v17-v2/2510000/0DC363C6-2ACC-5846-8FE2-9A1CC4E8C599.root?tried=.
%MSG
05-Mar-2024 17:20:03 CET  Fallback request to file root://xrootd-cms.infn.it//store/mc/RunIISummer20UL16MiniAODv2/DYJetsToLL_M-50_HT-1200to2500_TuneCP5_PSweights_13TeV-madgraphMLM-pythia8/MINIAODSIM/106X_mcRun2_asymptotic_v17-v2/2510000/0DC363C6-2ACC-5846-8FE2-9A1CC4E8C599.root
%MSG-w XrdAdaptor:  file_open 05-Mar-2024 17:20:25 CET PostProcessEvent
Data is served from T2_US_Caltech instead of original site T2_FR_GRIF_LLR
%MSG
05-Mar-2024 17:20:26 CET  Successfully opened file root://xrootd-cms.infn.it//store/mc/RunIISummer20UL16MiniAODv2/DYJetsToLL_M-50_HT-1200to2500_TuneCP5_PSweights_13TeV-madgraphMLM-pythia8/MINIAODSIM/106X_mcRun2_asymptotic_v17-v2/2510000/0DC363C6-2ACC-5846-8FE2-9A1CC4E8C599.root
Begin processing the 700001st record. Run 1, Event 20425121, LumiSection 4387 on stream 0 at 05-Mar-2024 17:20:38.197 CET
05-Mar-2024 17:20:38 CET  Closed file root://xrootd-cms.infn.it//store/mc/RunIISummer20UL16MiniAODv2/DYJetsToLL_M-50_HT-1200to2500_TuneCP5_PSweights_13TeV-madgraphMLM-pythia8/MINIAODSIM/106X_mcRun2_asymptotic_v17-v2/2510000/0DC363C6-2ACC-5846-8FE2-9A1CC4E8C599.root
05-Mar-2024 17:20:38 CET  Initiating request to open file root://eoscms.cern.ch//eos/cms/store/mc/RunIISummer20UL16MiniAODv2/DYJetsToLL_M-50_HT-1200to2500_TuneCP5_PSweights_13TeV-madgraphMLM-pythia8/MINIAODSIM/106X_mcRun2_asymptotic_v17-v2/2510000/48314143-296E-3D47-A220-04F84DD2829C.root
%MSG-w XrdAdaptorInternal:  file_open 05-Mar-2024 17:20:39 CET PostProcessEvent
Failed to open file at URL root://eoscms.cern.ch:1094//eos/cms/store/mc/RunIISummer20UL16MiniAODv2/DYJetsToLL_M-50_HT-1200to2500_TuneCP5_PSweights_13TeV-madgraphMLM-pythia8/MINIAODSIM/106X_mcRun2_asymptotic_v17-v2/2510000/48314143-296E-3D47-A220-04F84DD2829C.root.
%MSG
%MSG-w XrdAdaptorInternal:  file_open 05-Mar-2024 17:20:39 CET PostProcessEvent
Failed to open file at URL root://eoscms.cern.ch:1094//eos/cms/store/mc/RunIISummer20UL16MiniAODv2/DYJetsToLL_M-50_HT-1200to2500_TuneCP5_PSweights_13TeV-madgraphMLM-pythia8/MINIAODSIM/106X_mcRun2_asymptotic_v17-v2/2510000/48314143-296E-3D47-A220-04F84DD2829C.root?tried=.
%MSG
05-Mar-2024 17:20:39 CET  Fallback request to file root://xrootd-cms.infn.it//store/mc/RunIISummer20UL16MiniAODv2/DYJetsToLL_M-50_HT-1200to2500_TuneCP5_PSweights_13TeV-madgraphMLM-pythia8/MINIAODSIM/106X_mcRun2_asymptotic_v17-v2/2510000/48314143-296E-3D47-A220-04F84DD2829C.root
%MSG-w XrdAdaptor:  file_open 05-Mar-2024 17:20:53 CET PostProcessEvent
Data is served from T2_US_Caltech instead of original site T2_FR_GRIF_LLR
%MSG
05-Mar-2024 17:20:54 CET  Successfully opened file root://xrootd-cms.infn.it//store/mc/RunIISummer20UL16MiniAODv2/DYJetsToLL_M-50_HT-1200to2500_TuneCP5_PSweights_13TeV-madgraphMLM-pythia8/MINIAODSIM/106X_mcRun2_asymptotic_v17-v2/2510000/48314143-296E-3D47-A220-04F84DD2829C.root
05-Mar-2024 17:21:06 CET  Closed file root://xrootd-cms.infn.it//store/mc/RunIISummer20UL16MiniAODv2/DYJetsToLL_M-50_HT-1200to2500_TuneCP5_PSweights_13TeV-madgraphMLM-pythia8/MINIAODSIM/106X_mcRun2_asymptotic_v17-v2/2510000/48314143-296E-3D47-A220-04F84DD2829C.root
05-Mar-2024 17:21:06 CET  Initiating request to open file root://eoscms.cern.ch//eos/cms/store/mc/RunIISummer20UL16MiniAODv2/DYJetsToLL_M-50_HT-1200to2500_TuneCP5_PSweights_13TeV-madgraphMLM-pythia8/MINIAODSIM/106X_mcRun2_asymptotic_v17-v2/2510000/5C6764CB-8841-EE4A-A812-4FDF573A8E39.root
%MSG-w XrdAdaptorInternal:  file_open 05-Mar-2024 17:21:07 CET PostProcessEvent
Failed to open file at URL root://eoscms.cern.ch:1094//eos/cms/store/mc/RunIISummer20UL16MiniAODv2/DYJetsToLL_M-50_HT-1200to2500_TuneCP5_PSweights_13TeV-madgraphMLM-pythia8/MINIAODSIM/106X_mcRun2_asymptotic_v17-v2/2510000/5C6764CB-8841-EE4A-A812-4FDF573A8E39.root.
%MSG
%MSG-w XrdAdaptorInternal:  file_open 05-Mar-2024 17:21:07 CET PostProcessEvent
Failed to open file at URL root://eoscms.cern.ch:1094//eos/cms/store/mc/RunIISummer20UL16MiniAODv2/DYJetsToLL_M-50_HT-1200to2500_TuneCP5_PSweights_13TeV-madgraphMLM-pythia8/MINIAODSIM/106X_mcRun2_asymptotic_v17-v2/2510000/5C6764CB-8841-EE4A-A812-4FDF573A8E39.root?tried=.
%MSG
05-Mar-2024 17:21:07 CET  Fallback request to file root://xrootd-cms.infn.it//store/mc/RunIISummer20UL16MiniAODv2/DYJetsToLL_M-50_HT-1200to2500_TuneCP5_PSweights_13TeV-madgraphMLM-pythia8/MINIAODSIM/106X_mcRun2_asymptotic_v17-v2/2510000/5C6764CB-8841-EE4A-A812-4FDF573A8E39.root
%MSG-w XrdAdaptor:  file_open 05-Mar-2024 17:21:25 CET PostProcessEvent
Data is served from T2_US_Florida instead of original site T2_FR_GRIF_LLR
%MSG
05-Mar-2024 17:21:25 CET  Successfully opened file root://xrootd-cms.infn.it//store/mc/RunIISummer20UL16MiniAODv2/DYJetsToLL_M-50_HT-1200to2500_TuneCP5_PSweights_13TeV-madgraphMLM-pythia8/MINIAODSIM/106X_mcRun2_asymptotic_v17-v2/2510000/5C6764CB-8841-EE4A-A812-4FDF573A8E39.root
05-Mar-2024 17:21:33 CET  Closed file root://xrootd-cms.infn.it//store/mc/RunIISummer20UL16MiniAODv2/DYJetsToLL_M-50_HT-1200to2500_TuneCP5_PSweights_13TeV-madgraphMLM-pythia8/MINIAODSIM/106X_mcRun2_asymptotic_v17-v2/2510000/5C6764CB-8841-EE4A-A812-4FDF573A8E39.root
05-Mar-2024 17:21:33 CET  Initiating request to open file root://eoscms.cern.ch//eos/cms/store/mc/RunIISummer20UL16MiniAODv2/DYJetsToLL_M-50_HT-1200to2500_TuneCP5_PSweights_13TeV-madgraphMLM-pythia8/MINIAODSIM/106X_mcRun2_asymptotic_v17-v2/2510000/9EBAF9FF-4C0F-2142-BA1B-4AF0470D8EB7.root
%MSG-w XrdAdaptorInternal:  file_open 05-Mar-2024 17:21:34 CET PostProcessEvent
Failed to open file at URL root://eoscms.cern.ch:1094//eos/cms/store/mc/RunIISummer20UL16MiniAODv2/DYJetsToLL_M-50_HT-1200to2500_TuneCP5_PSweights_13TeV-madgraphMLM-pythia8/MINIAODSIM/106X_mcRun2_asymptotic_v17-v2/2510000/9EBAF9FF-4C0F-2142-BA1B-4AF0470D8EB7.root.
%MSG
%MSG-w XrdAdaptorInternal:  file_open 05-Mar-2024 17:21:34 CET PostProcessEvent
Failed to open file at URL root://eoscms.cern.ch:1094//eos/cms/store/mc/RunIISummer20UL16MiniAODv2/DYJetsToLL_M-50_HT-1200to2500_TuneCP5_PSweights_13TeV-madgraphMLM-pythia8/MINIAODSIM/106X_mcRun2_asymptotic_v17-v2/2510000/9EBAF9FF-4C0F-2142-BA1B-4AF0470D8EB7.root?tried=.
%MSG
05-Mar-2024 17:21:34 CET  Fallback request to file root://xrootd-cms.infn.it//store/mc/RunIISummer20UL16MiniAODv2/DYJetsToLL_M-50_HT-1200to2500_TuneCP5_PSweights_13TeV-madgraphMLM-pythia8/MINIAODSIM/106X_mcRun2_asymptotic_v17-v2/2510000/9EBAF9FF-4C0F-2142-BA1B-4AF0470D8EB7.root
%MSG-w XrdAdaptor:  file_open 05-Mar-2024 17:21:47 CET PostProcessEvent
Data is served from fnal.gov instead of original site T2_FR_GRIF_LLR
%MSG
05-Mar-2024 17:21:47 CET  Successfully opened file root://xrootd-cms.infn.it//store/mc/RunIISummer20UL16MiniAODv2/DYJetsToLL_M-50_HT-1200to2500_TuneCP5_PSweights_13TeV-madgraphMLM-pythia8/MINIAODSIM/106X_mcRun2_asymptotic_v17-v2/2510000/9EBAF9FF-4C0F-2142-BA1B-4AF0470D8EB7.root
Begin processing the 800001st record. Run 1, Event 2632158, LumiSection 566 on stream 0 at 05-Mar-2024 17:21:53.900 CET
05-Mar-2024 17:21:55 CET  Closed file root://xrootd-cms.infn.it//store/mc/RunIISummer20UL16MiniAODv2/DYJetsToLL_M-50_HT-1200to2500_TuneCP5_PSweights_13TeV-madgraphMLM-pythia8/MINIAODSIM/106X_mcRun2_asymptotic_v17-v2/2510000/9EBAF9FF-4C0F-2142-BA1B-4AF0470D8EB7.root
05-Mar-2024 17:21:55 CET  Initiating request to open file root://eoscms.cern.ch//eos/cms/store/mc/RunIISummer20UL16MiniAODv2/DYJetsToLL_M-50_HT-1200to2500_TuneCP5_PSweights_13TeV-madgraphMLM-pythia8/MINIAODSIM/106X_mcRun2_asymptotic_v17-v2/2510000/E2D783D0-E5D1-C34C-A7CD-F4E8DE7646B0.root
%MSG-w XrdAdaptorInternal:  file_open 05-Mar-2024 17:21:56 CET PostProcessEvent
Failed to open file at URL root://eoscms.cern.ch:1094//eos/cms/store/mc/RunIISummer20UL16MiniAODv2/DYJetsToLL_M-50_HT-1200to2500_TuneCP5_PSweights_13TeV-madgraphMLM-pythia8/MINIAODSIM/106X_mcRun2_asymptotic_v17-v2/2510000/E2D783D0-E5D1-C34C-A7CD-F4E8DE7646B0.root.
%MSG
%MSG-w XrdAdaptorInternal:  file_open 05-Mar-2024 17:21:56 CET PostProcessEvent
Failed to open file at URL root://eoscms.cern.ch:1094//eos/cms/store/mc/RunIISummer20UL16MiniAODv2/DYJetsToLL_M-50_HT-1200to2500_TuneCP5_PSweights_13TeV-madgraphMLM-pythia8/MINIAODSIM/106X_mcRun2_asymptotic_v17-v2/2510000/E2D783D0-E5D1-C34C-A7CD-F4E8DE7646B0.root?tried=.
%MSG
05-Mar-2024 17:21:56 CET  Fallback request to file root://xrootd-cms.infn.it//store/mc/RunIISummer20UL16MiniAODv2/DYJetsToLL_M-50_HT-1200to2500_TuneCP5_PSweights_13TeV-madgraphMLM-pythia8/MINIAODSIM/106X_mcRun2_asymptotic_v17-v2/2510000/E2D783D0-E5D1-C34C-A7CD-F4E8DE7646B0.root
%MSG-w XrdAdaptor:  file_open 05-Mar-2024 17:22:08 CET PostProcessEvent
Data is served from fnal.gov instead of original site T2_FR_GRIF_LLR
%MSG
05-Mar-2024 17:22:08 CET  Successfully opened file root://xrootd-cms.infn.it//store/mc/RunIISummer20UL16MiniAODv2/DYJetsToLL_M-50_HT-1200to2500_TuneCP5_PSweights_13TeV-madgraphMLM-pythia8/MINIAODSIM/106X_mcRun2_asymptotic_v17-v2/2510000/E2D783D0-E5D1-C34C-A7CD-F4E8DE7646B0.root
05-Mar-2024 17:22:16 CET  Closed file root://xrootd-cms.infn.it//store/mc/RunIISummer20UL16MiniAODv2/DYJetsToLL_M-50_HT-1200to2500_TuneCP5_PSweights_13TeV-madgraphMLM-pythia8/MINIAODSIM/106X_mcRun2_asymptotic_v17-v2/2510000/E2D783D0-E5D1-C34C-A7CD-F4E8DE7646B0.root
05-Mar-2024 17:22:16 CET  Initiating request to open file root://eoscms.cern.ch//eos/cms/store/mc/RunIISummer20UL16MiniAODv2/DYJetsToLL_M-50_HT-1200to2500_TuneCP5_PSweights_13TeV-madgraphMLM-pythia8/MINIAODSIM/106X_mcRun2_asymptotic_v17-v2/2510000/055B2DEA-7DE8-B444-A23E-C44CB1FCFDBC.root
%MSG-w XrdAdaptorInternal:  file_open 05-Mar-2024 17:22:17 CET PostProcessEvent
Failed to open file at URL root://eoscms.cern.ch:1094//eos/cms/store/mc/RunIISummer20UL16MiniAODv2/DYJetsToLL_M-50_HT-1200to2500_TuneCP5_PSweights_13TeV-madgraphMLM-pythia8/MINIAODSIM/106X_mcRun2_asymptotic_v17-v2/2510000/055B2DEA-7DE8-B444-A23E-C44CB1FCFDBC.root.
%MSG
%MSG-w XrdAdaptorInternal:  file_open 05-Mar-2024 17:22:17 CET PostProcessEvent
Failed to open file at URL root://eoscms.cern.ch:1094//eos/cms/store/mc/RunIISummer20UL16MiniAODv2/DYJetsToLL_M-50_HT-1200to2500_TuneCP5_PSweights_13TeV-madgraphMLM-pythia8/MINIAODSIM/106X_mcRun2_asymptotic_v17-v2/2510000/055B2DEA-7DE8-B444-A23E-C44CB1FCFDBC.root?tried=.
%MSG
05-Mar-2024 17:22:17 CET  Fallback request to file root://xrootd-cms.infn.it//store/mc/RunIISummer20UL16MiniAODv2/DYJetsToLL_M-50_HT-1200to2500_TuneCP5_PSweights_13TeV-madgraphMLM-pythia8/MINIAODSIM/106X_mcRun2_asymptotic_v17-v2/2510000/055B2DEA-7DE8-B444-A23E-C44CB1FCFDBC.root
%MSG-w XrdAdaptor:  file_open 05-Mar-2024 17:22:30 CET PostProcessEvent
Data is served from fnal.gov instead of original site T2_FR_GRIF_LLR
%MSG
05-Mar-2024 17:22:30 CET  Successfully opened file root://xrootd-cms.infn.it//store/mc/RunIISummer20UL16MiniAODv2/DYJetsToLL_M-50_HT-1200to2500_TuneCP5_PSweights_13TeV-madgraphMLM-pythia8/MINIAODSIM/106X_mcRun2_asymptotic_v17-v2/2510000/055B2DEA-7DE8-B444-A23E-C44CB1FCFDBC.root
Begin processing the 900001st record. Run 1, Event 4105618, LumiSection 882 on stream 0 at 05-Mar-2024 17:22:37.044 CET
05-Mar-2024 17:22:39 CET  Closed file root://xrootd-cms.infn.it//store/mc/RunIISummer20UL16MiniAODv2/DYJetsToLL_M-50_HT-1200to2500_TuneCP5_PSweights_13TeV-madgraphMLM-pythia8/MINIAODSIM/106X_mcRun2_asymptotic_v17-v2/2510000/055B2DEA-7DE8-B444-A23E-C44CB1FCFDBC.root
05-Mar-2024 17:22:39 CET  Initiating request to open file root://eoscms.cern.ch//eos/cms/store/mc/RunIISummer20UL16MiniAODv2/DYJetsToLL_M-50_HT-1200to2500_TuneCP5_PSweights_13TeV-madgraphMLM-pythia8/MINIAODSIM/106X_mcRun2_asymptotic_v17-v2/2510000/7BF544DC-C469-7148-8B4B-71A835D9E815.root
%MSG-w XrdAdaptorInternal:  file_open 05-Mar-2024 17:22:40 CET PostProcessEvent
Failed to open file at URL root://eoscms.cern.ch:1094//eos/cms/store/mc/RunIISummer20UL16MiniAODv2/DYJetsToLL_M-50_HT-1200to2500_TuneCP5_PSweights_13TeV-madgraphMLM-pythia8/MINIAODSIM/106X_mcRun2_asymptotic_v17-v2/2510000/7BF544DC-C469-7148-8B4B-71A835D9E815.root.
%MSG
%MSG-w XrdAdaptorInternal:  file_open 05-Mar-2024 17:22:40 CET PostProcessEvent
Failed to open file at URL root://eoscms.cern.ch:1094//eos/cms/store/mc/RunIISummer20UL16MiniAODv2/DYJetsToLL_M-50_HT-1200to2500_TuneCP5_PSweights_13TeV-madgraphMLM-pythia8/MINIAODSIM/106X_mcRun2_asymptotic_v17-v2/2510000/7BF544DC-C469-7148-8B4B-71A835D9E815.root?tried=.
%MSG
05-Mar-2024 17:22:40 CET  Fallback request to file root://xrootd-cms.infn.it//store/mc/RunIISummer20UL16MiniAODv2/DYJetsToLL_M-50_HT-1200to2500_TuneCP5_PSweights_13TeV-madgraphMLM-pythia8/MINIAODSIM/106X_mcRun2_asymptotic_v17-v2/2510000/7BF544DC-C469-7148-8B4B-71A835D9E815.root
Unable to load sec.protocol plugin libXrdSecztn.so
%MSG-w XrdAdaptor:  file_open 05-Mar-2024 17:22:54 CET PostProcessEvent
Data is served from fnal.gov instead of original site T2_FR_GRIF_LLR
%MSG
05-Mar-2024 17:22:54 CET  Successfully opened file root://xrootd-cms.infn.it//store/mc/RunIISummer20UL16MiniAODv2/DYJetsToLL_M-50_HT-1200to2500_TuneCP5_PSweights_13TeV-madgraphMLM-pythia8/MINIAODSIM/106X_mcRun2_asymptotic_v17-v2/2510000/7BF544DC-C469-7148-8B4B-71A835D9E815.root
Begin processing the 1000001st record. Run 1, Event 7032049, LumiSection 1511 on stream 0 at 05-Mar-2024 17:23:01.820 CET
05-Mar-2024 17:23:02 CET  Closed file root://xrootd-cms.infn.it//store/mc/RunIISummer20UL16MiniAODv2/DYJetsToLL_M-50_HT-1200to2500_TuneCP5_PSweights_13TeV-madgraphMLM-pythia8/MINIAODSIM/106X_mcRun2_asymptotic_v17-v2/2510000/7BF544DC-C469-7148-8B4B-71A835D9E815.root
05-Mar-2024 17:23:02 CET  Initiating request to open file root://eoscms.cern.ch//eos/cms/store/mc/RunIISummer20UL16MiniAODv2/DYJetsToLL_M-50_HT-1200to2500_TuneCP5_PSweights_13TeV-madgraphMLM-pythia8/MINIAODSIM/106X_mcRun2_asymptotic_v17-v2/2510000/4A95D784-F7DB-4244-B241-3315715AF638.root
%MSG-w XrdAdaptorInternal:  file_open 05-Mar-2024 17:23:03 CET PostProcessEvent
Failed to open file at URL root://eoscms.cern.ch:1094//eos/cms/store/mc/RunIISummer20UL16MiniAODv2/DYJetsToLL_M-50_HT-1200to2500_TuneCP5_PSweights_13TeV-madgraphMLM-pythia8/MINIAODSIM/106X_mcRun2_asymptotic_v17-v2/2510000/4A95D784-F7DB-4244-B241-3315715AF638.root.
%MSG
%MSG-w XrdAdaptorInternal:  file_open 05-Mar-2024 17:23:03 CET PostProcessEvent
Failed to open file at URL root://eoscms.cern.ch:1094//eos/cms/store/mc/RunIISummer20UL16MiniAODv2/DYJetsToLL_M-50_HT-1200to2500_TuneCP5_PSweights_13TeV-madgraphMLM-pythia8/MINIAODSIM/106X_mcRun2_asymptotic_v17-v2/2510000/4A95D784-F7DB-4244-B241-3315715AF638.root?tried=.
%MSG
05-Mar-2024 17:23:03 CET  Fallback request to file root://xrootd-cms.infn.it//store/mc/RunIISummer20UL16MiniAODv2/DYJetsToLL_M-50_HT-1200to2500_TuneCP5_PSweights_13TeV-madgraphMLM-pythia8/MINIAODSIM/106X_mcRun2_asymptotic_v17-v2/2510000/4A95D784-F7DB-4244-B241-3315715AF638.root
%MSG-w XrdAdaptor:  file_open 05-Mar-2024 17:23:27 CET PostProcessEvent
Data is served from fnal.gov instead of original site T2_FR_GRIF_LLR
%MSG
05-Mar-2024 17:23:27 CET  Successfully opened file root://xrootd-cms.infn.it//store/mc/RunIISummer20UL16MiniAODv2/DYJetsToLL_M-50_HT-1200to2500_TuneCP5_PSweights_13TeV-madgraphMLM-pythia8/MINIAODSIM/106X_mcRun2_asymptotic_v17-v2/2510000/4A95D784-F7DB-4244-B241-3315715AF638.root
05-Mar-2024 17:23:35 CET  Closed file root://xrootd-cms.infn.it//store/mc/RunIISummer20UL16MiniAODv2/DYJetsToLL_M-50_HT-1200to2500_TuneCP5_PSweights_13TeV-madgraphMLM-pythia8/MINIAODSIM/106X_mcRun2_asymptotic_v17-v2/2510000/4A95D784-F7DB-4244-B241-3315715AF638.root
05-Mar-2024 17:23:35 CET  Initiating request to open file root://eoscms.cern.ch//eos/cms/store/mc/RunIISummer20UL16MiniAODv2/DYJetsToLL_M-50_HT-1200to2500_TuneCP5_PSweights_13TeV-madgraphMLM-pythia8/MINIAODSIM/106X_mcRun2_asymptotic_v17-v2/2510000/E1E765D3-D04F-AE49-8A34-421742D64F89.root
%MSG-w XrdAdaptorInternal:  file_open 05-Mar-2024 17:23:36 CET PostProcessEvent
Failed to open file at URL root://eoscms.cern.ch:1094//eos/cms/store/mc/RunIISummer20UL16MiniAODv2/DYJetsToLL_M-50_HT-1200to2500_TuneCP5_PSweights_13TeV-madgraphMLM-pythia8/MINIAODSIM/106X_mcRun2_asymptotic_v17-v2/2510000/E1E765D3-D04F-AE49-8A34-421742D64F89.root.
%MSG
%MSG-w XrdAdaptorInternal:  file_open 05-Mar-2024 17:23:36 CET PostProcessEvent
Failed to open file at URL root://eoscms.cern.ch:1094//eos/cms/store/mc/RunIISummer20UL16MiniAODv2/DYJetsToLL_M-50_HT-1200to2500_TuneCP5_PSweights_13TeV-madgraphMLM-pythia8/MINIAODSIM/106X_mcRun2_asymptotic_v17-v2/2510000/E1E765D3-D04F-AE49-8A34-421742D64F89.root?tried=.
%MSG
05-Mar-2024 17:23:36 CET  Fallback request to file root://xrootd-cms.infn.it//store/mc/RunIISummer20UL16MiniAODv2/DYJetsToLL_M-50_HT-1200to2500_TuneCP5_PSweights_13TeV-madgraphMLM-pythia8/MINIAODSIM/106X_mcRun2_asymptotic_v17-v2/2510000/E1E765D3-D04F-AE49-8A34-421742D64F89.root
%MSG-w XrdAdaptor:  file_open 05-Mar-2024 17:23:48 CET PostProcessEvent
Data is served from fnal.gov instead of original site T2_FR_GRIF_LLR
%MSG
05-Mar-2024 17:23:48 CET  Successfully opened file root://xrootd-cms.infn.it//store/mc/RunIISummer20UL16MiniAODv2/DYJetsToLL_M-50_HT-1200to2500_TuneCP5_PSweights_13TeV-madgraphMLM-pythia8/MINIAODSIM/106X_mcRun2_asymptotic_v17-v2/2510000/E1E765D3-D04F-AE49-8A34-421742D64F89.root
Begin processing the 1100001st record. Run 1, Event 19029129, LumiSection 4088 on stream 0 at 05-Mar-2024 17:23:55.231 CET
05-Mar-2024 17:23:56 CET  Closed file root://xrootd-cms.infn.it//store/mc/RunIISummer20UL16MiniAODv2/DYJetsToLL_M-50_HT-1200to2500_TuneCP5_PSweights_13TeV-madgraphMLM-pythia8/MINIAODSIM/106X_mcRun2_asymptotic_v17-v2/2510000/E1E765D3-D04F-AE49-8A34-421742D64F89.root
05-Mar-2024 17:23:56 CET  Initiating request to open file root://eoscms.cern.ch//eos/cms/store/mc/RunIISummer20UL16MiniAODv2/DYJetsToLL_M-50_HT-1200to2500_TuneCP5_PSweights_13TeV-madgraphMLM-pythia8/MINIAODSIM/106X_mcRun2_asymptotic_v17-v2/2510000/D0A0BBFB-B386-864C-8E91-4197CF3102D6.root
%MSG-w XrdAdaptorInternal:  file_open 05-Mar-2024 17:23:57 CET PostProcessEvent
Failed to open file at URL root://eoscms.cern.ch:1094//eos/cms/store/mc/RunIISummer20UL16MiniAODv2/DYJetsToLL_M-50_HT-1200to2500_TuneCP5_PSweights_13TeV-madgraphMLM-pythia8/MINIAODSIM/106X_mcRun2_asymptotic_v17-v2/2510000/D0A0BBFB-B386-864C-8E91-4197CF3102D6.root.
%MSG
%MSG-w XrdAdaptorInternal:  file_open 05-Mar-2024 17:23:57 CET PostProcessEvent
Failed to open file at URL root://eoscms.cern.ch:1094//eos/cms/store/mc/RunIISummer20UL16MiniAODv2/DYJetsToLL_M-50_HT-1200to2500_TuneCP5_PSweights_13TeV-madgraphMLM-pythia8/MINIAODSIM/106X_mcRun2_asymptotic_v17-v2/2510000/D0A0BBFB-B386-864C-8E91-4197CF3102D6.root?tried=.
%MSG
05-Mar-2024 17:23:57 CET  Fallback request to file root://xrootd-cms.infn.it//store/mc/RunIISummer20UL16MiniAODv2/DYJetsToLL_M-50_HT-1200to2500_TuneCP5_PSweights_13TeV-madgraphMLM-pythia8/MINIAODSIM/106X_mcRun2_asymptotic_v17-v2/2510000/D0A0BBFB-B386-864C-8E91-4197CF3102D6.root
%MSG-w XrdAdaptor:  file_open 05-Mar-2024 17:24:10 CET PostProcessEvent
Data is served from fnal.gov instead of original site T2_FR_GRIF_LLR
%MSG
05-Mar-2024 17:24:10 CET  Successfully opened file root://xrootd-cms.infn.it//store/mc/RunIISummer20UL16MiniAODv2/DYJetsToLL_M-50_HT-1200to2500_TuneCP5_PSweights_13TeV-madgraphMLM-pythia8/MINIAODSIM/106X_mcRun2_asymptotic_v17-v2/2510000/D0A0BBFB-B386-864C-8E91-4197CF3102D6.root
05-Mar-2024 17:24:18 CET  Closed file root://xrootd-cms.infn.it//store/mc/RunIISummer20UL16MiniAODv2/DYJetsToLL_M-50_HT-1200to2500_TuneCP5_PSweights_13TeV-madgraphMLM-pythia8/MINIAODSIM/106X_mcRun2_asymptotic_v17-v2/2510000/D0A0BBFB-B386-864C-8E91-4197CF3102D6.root
05-Mar-2024 17:24:18 CET  Initiating request to open file root://eoscms.cern.ch//eos/cms/store/mc/RunIISummer20UL16MiniAODv2/DYJetsToLL_M-50_HT-1200to2500_TuneCP5_PSweights_13TeV-madgraphMLM-pythia8/MINIAODSIM/106X_mcRun2_asymptotic_v17-v2/2510000/9A884615-B781-1449-8541-ECF3F6042E9F.root
%MSG-w XrdAdaptorInternal:  file_open 05-Mar-2024 17:24:19 CET PostProcessEvent
Failed to open file at URL root://eoscms.cern.ch:1094//eos/cms/store/mc/RunIISummer20UL16MiniAODv2/DYJetsToLL_M-50_HT-1200to2500_TuneCP5_PSweights_13TeV-madgraphMLM-pythia8/MINIAODSIM/106X_mcRun2_asymptotic_v17-v2/2510000/9A884615-B781-1449-8541-ECF3F6042E9F.root.
%MSG
%MSG-w XrdAdaptorInternal:  file_open 05-Mar-2024 17:24:19 CET PostProcessEvent
Failed to open file at URL root://eoscms.cern.ch:1094//eos/cms/store/mc/RunIISummer20UL16MiniAODv2/DYJetsToLL_M-50_HT-1200to2500_TuneCP5_PSweights_13TeV-madgraphMLM-pythia8/MINIAODSIM/106X_mcRun2_asymptotic_v17-v2/2510000/9A884615-B781-1449-8541-ECF3F6042E9F.root?tried=.
%MSG
05-Mar-2024 17:24:19 CET  Fallback request to file root://xrootd-cms.infn.it//store/mc/RunIISummer20UL16MiniAODv2/DYJetsToLL_M-50_HT-1200to2500_TuneCP5_PSweights_13TeV-madgraphMLM-pythia8/MINIAODSIM/106X_mcRun2_asymptotic_v17-v2/2510000/9A884615-B781-1449-8541-ECF3F6042E9F.root
%MSG-w XrdAdaptor:  file_open 05-Mar-2024 17:24:32 CET PostProcessEvent
Data is served from fnal.gov instead of original site T2_FR_GRIF_LLR
%MSG
05-Mar-2024 17:24:32 CET  Successfully opened file root://xrootd-cms.infn.it//store/mc/RunIISummer20UL16MiniAODv2/DYJetsToLL_M-50_HT-1200to2500_TuneCP5_PSweights_13TeV-madgraphMLM-pythia8/MINIAODSIM/106X_mcRun2_asymptotic_v17-v2/2510000/9A884615-B781-1449-8541-ECF3F6042E9F.root
Begin processing the 1200001st record. Run 1, Event 4620380, LumiSection 993 on stream 0 at 05-Mar-2024 17:24:38.835 CET
05-Mar-2024 17:24:40 CET  Closed file root://xrootd-cms.infn.it//store/mc/RunIISummer20UL16MiniAODv2/DYJetsToLL_M-50_HT-1200to2500_TuneCP5_PSweights_13TeV-madgraphMLM-pythia8/MINIAODSIM/106X_mcRun2_asymptotic_v17-v2/2510000/9A884615-B781-1449-8541-ECF3F6042E9F.root
05-Mar-2024 17:24:40 CET  Initiating request to open file root://eoscms.cern.ch//eos/cms/store/mc/RunIISummer20UL16MiniAODv2/DYJetsToLL_M-50_HT-1200to2500_TuneCP5_PSweights_13TeV-madgraphMLM-pythia8/MINIAODSIM/106X_mcRun2_asymptotic_v17-v2/2510000/212ED062-81E4-2046-BBA2-33245D9BD355.root
%MSG-w XrdAdaptorInternal:  file_open 05-Mar-2024 17:24:41 CET PostProcessEvent
Failed to open file at URL root://eoscms.cern.ch:1094//eos/cms/store/mc/RunIISummer20UL16MiniAODv2/DYJetsToLL_M-50_HT-1200to2500_TuneCP5_PSweights_13TeV-madgraphMLM-pythia8/MINIAODSIM/106X_mcRun2_asymptotic_v17-v2/2510000/212ED062-81E4-2046-BBA2-33245D9BD355.root.
%MSG
%MSG-w XrdAdaptorInternal:  file_open 05-Mar-2024 17:24:41 CET PostProcessEvent
Failed to open file at URL root://eoscms.cern.ch:1094//eos/cms/store/mc/RunIISummer20UL16MiniAODv2/DYJetsToLL_M-50_HT-1200to2500_TuneCP5_PSweights_13TeV-madgraphMLM-pythia8/MINIAODSIM/106X_mcRun2_asymptotic_v17-v2/2510000/212ED062-81E4-2046-BBA2-33245D9BD355.root?tried=.
%MSG
05-Mar-2024 17:24:41 CET  Fallback request to file root://xrootd-cms.infn.it//store/mc/RunIISummer20UL16MiniAODv2/DYJetsToLL_M-50_HT-1200to2500_TuneCP5_PSweights_13TeV-madgraphMLM-pythia8/MINIAODSIM/106X_mcRun2_asymptotic_v17-v2/2510000/212ED062-81E4-2046-BBA2-33245D9BD355.root
%MSG-w XrdAdaptor:  file_open 05-Mar-2024 17:24:54 CET PostProcessEvent
Data is served from fnal.gov instead of original site T2_FR_GRIF_LLR
%MSG
05-Mar-2024 17:24:54 CET  Successfully opened file root://xrootd-cms.infn.it//store/mc/RunIISummer20UL16MiniAODv2/DYJetsToLL_M-50_HT-1200to2500_TuneCP5_PSweights_13TeV-madgraphMLM-pythia8/MINIAODSIM/106X_mcRun2_asymptotic_v17-v2/2510000/212ED062-81E4-2046-BBA2-33245D9BD355.root
Begin processing the 1300001st record. Run 1, Event 10969337, LumiSection 2356 on stream 0 at 05-Mar-2024 17:25:02.404 CET
05-Mar-2024 17:25:02 CET  Closed file root://xrootd-cms.infn.it//store/mc/RunIISummer20UL16MiniAODv2/DYJetsToLL_M-50_HT-1200to2500_TuneCP5_PSweights_13TeV-madgraphMLM-pythia8/MINIAODSIM/106X_mcRun2_asymptotic_v17-v2/2510000/212ED062-81E4-2046-BBA2-33245D9BD355.root
05-Mar-2024 17:25:02 CET  Initiating request to open file root://eoscms.cern.ch//eos/cms/store/mc/RunIISummer20UL16MiniAODv2/DYJetsToLL_M-50_HT-1200to2500_TuneCP5_PSweights_13TeV-madgraphMLM-pythia8/MINIAODSIM/106X_mcRun2_asymptotic_v17-v2/2510000/99AB76A5-0A38-A84D-B013-700159B878E4.root
%MSG-w XrdAdaptorInternal:  file_open 05-Mar-2024 17:25:03 CET PostProcessEvent
Failed to open file at URL root://eoscms.cern.ch:1094//eos/cms/store/mc/RunIISummer20UL16MiniAODv2/DYJetsToLL_M-50_HT-1200to2500_TuneCP5_PSweights_13TeV-madgraphMLM-pythia8/MINIAODSIM/106X_mcRun2_asymptotic_v17-v2/2510000/99AB76A5-0A38-A84D-B013-700159B878E4.root.
%MSG
%MSG-w XrdAdaptorInternal:  file_open 05-Mar-2024 17:25:03 CET PostProcessEvent
Failed to open file at URL root://eoscms.cern.ch:1094//eos/cms/store/mc/RunIISummer20UL16MiniAODv2/DYJetsToLL_M-50_HT-1200to2500_TuneCP5_PSweights_13TeV-madgraphMLM-pythia8/MINIAODSIM/106X_mcRun2_asymptotic_v17-v2/2510000/99AB76A5-0A38-A84D-B013-700159B878E4.root?tried=.
%MSG
05-Mar-2024 17:25:03 CET  Fallback request to file root://xrootd-cms.infn.it//store/mc/RunIISummer20UL16MiniAODv2/DYJetsToLL_M-50_HT-1200to2500_TuneCP5_PSweights_13TeV-madgraphMLM-pythia8/MINIAODSIM/106X_mcRun2_asymptotic_v17-v2/2510000/99AB76A5-0A38-A84D-B013-700159B878E4.root
%MSG-w XrdAdaptor:  file_open 05-Mar-2024 17:25:27 CET PostProcessEvent
Data is served from fnal.gov instead of original site T2_FR_GRIF_LLR
%MSG
05-Mar-2024 17:25:27 CET  Successfully opened file root://xrootd-cms.infn.it//store/mc/RunIISummer20UL16MiniAODv2/DYJetsToLL_M-50_HT-1200to2500_TuneCP5_PSweights_13TeV-madgraphMLM-pythia8/MINIAODSIM/106X_mcRun2_asymptotic_v17-v2/2510000/99AB76A5-0A38-A84D-B013-700159B878E4.root
05-Mar-2024 17:25:35 CET  Closed file root://xrootd-cms.infn.it//store/mc/RunIISummer20UL16MiniAODv2/DYJetsToLL_M-50_HT-1200to2500_TuneCP5_PSweights_13TeV-madgraphMLM-pythia8/MINIAODSIM/106X_mcRun2_asymptotic_v17-v2/2510000/99AB76A5-0A38-A84D-B013-700159B878E4.root
05-Mar-2024 17:25:35 CET  Initiating request to open file root://eoscms.cern.ch//eos/cms/store/mc/RunIISummer20UL16MiniAODv2/DYJetsToLL_M-50_HT-1200to2500_TuneCP5_PSweights_13TeV-madgraphMLM-pythia8/MINIAODSIM/106X_mcRun2_asymptotic_v17-v2/2510000/73BDC9E6-880C-1640-A649-ACDEDBC76BF9.root
%MSG-w XrdAdaptorInternal:  file_open 05-Mar-2024 17:25:36 CET PostProcessEvent
Failed to open file at URL root://eoscms.cern.ch:1094//eos/cms/store/mc/RunIISummer20UL16MiniAODv2/DYJetsToLL_M-50_HT-1200to2500_TuneCP5_PSweights_13TeV-madgraphMLM-pythia8/MINIAODSIM/106X_mcRun2_asymptotic_v17-v2/2510000/73BDC9E6-880C-1640-A649-ACDEDBC76BF9.root.
%MSG
%MSG-w XrdAdaptorInternal:  file_open 05-Mar-2024 17:25:36 CET PostProcessEvent
Failed to open file at URL root://eoscms.cern.ch:1094//eos/cms/store/mc/RunIISummer20UL16MiniAODv2/DYJetsToLL_M-50_HT-1200to2500_TuneCP5_PSweights_13TeV-madgraphMLM-pythia8/MINIAODSIM/106X_mcRun2_asymptotic_v17-v2/2510000/73BDC9E6-880C-1640-A649-ACDEDBC76BF9.root?tried=.
%MSG
05-Mar-2024 17:25:36 CET  Fallback request to file root://xrootd-cms.infn.it//store/mc/RunIISummer20UL16MiniAODv2/DYJetsToLL_M-50_HT-1200to2500_TuneCP5_PSweights_13TeV-madgraphMLM-pythia8/MINIAODSIM/106X_mcRun2_asymptotic_v17-v2/2510000/73BDC9E6-880C-1640-A649-ACDEDBC76BF9.root
%MSG-w XrdAdaptor:  file_open 05-Mar-2024 17:25:49 CET PostProcessEvent
Data is served from fnal.gov instead of original site T2_FR_GRIF_LLR
%MSG
05-Mar-2024 17:25:49 CET  Successfully opened file root://xrootd-cms.infn.it//store/mc/RunIISummer20UL16MiniAODv2/DYJetsToLL_M-50_HT-1200to2500_TuneCP5_PSweights_13TeV-madgraphMLM-pythia8/MINIAODSIM/106X_mcRun2_asymptotic_v17-v2/2510000/73BDC9E6-880C-1640-A649-ACDEDBC76BF9.root
Begin processing the 1400001st record. Run 1, Event 3295607, LumiSection 708 on stream 0 at 05-Mar-2024 17:25:56.596 CET
05-Mar-2024 17:25:57 CET  Closed file root://xrootd-cms.infn.it//store/mc/RunIISummer20UL16MiniAODv2/DYJetsToLL_M-50_HT-1200to2500_TuneCP5_PSweights_13TeV-madgraphMLM-pythia8/MINIAODSIM/106X_mcRun2_asymptotic_v17-v2/2510000/73BDC9E6-880C-1640-A649-ACDEDBC76BF9.root
05-Mar-2024 17:25:57 CET  Initiating request to open file root://eoscms.cern.ch//eos/cms/store/mc/RunIISummer20UL16MiniAODv2/DYJetsToLL_M-50_HT-1200to2500_TuneCP5_PSweights_13TeV-madgraphMLM-pythia8/MINIAODSIM/106X_mcRun2_asymptotic_v17-v2/2510000/C9C6EFE8-0A8E-504B-8685-135F7FE47AB3.root
%MSG-w XrdAdaptorInternal:  file_open 05-Mar-2024 17:25:58 CET PostProcessEvent
Failed to open file at URL root://eoscms.cern.ch:1094//eos/cms/store/mc/RunIISummer20UL16MiniAODv2/DYJetsToLL_M-50_HT-1200to2500_TuneCP5_PSweights_13TeV-madgraphMLM-pythia8/MINIAODSIM/106X_mcRun2_asymptotic_v17-v2/2510000/C9C6EFE8-0A8E-504B-8685-135F7FE47AB3.root.
%MSG
%MSG-w XrdAdaptorInternal:  file_open 05-Mar-2024 17:25:58 CET PostProcessEvent
Failed to open file at URL root://eoscms.cern.ch:1094//eos/cms/store/mc/RunIISummer20UL16MiniAODv2/DYJetsToLL_M-50_HT-1200to2500_TuneCP5_PSweights_13TeV-madgraphMLM-pythia8/MINIAODSIM/106X_mcRun2_asymptotic_v17-v2/2510000/C9C6EFE8-0A8E-504B-8685-135F7FE47AB3.root?tried=.
%MSG
05-Mar-2024 17:25:58 CET  Fallback request to file root://xrootd-cms.infn.it//store/mc/RunIISummer20UL16MiniAODv2/DYJetsToLL_M-50_HT-1200to2500_TuneCP5_PSweights_13TeV-madgraphMLM-pythia8/MINIAODSIM/106X_mcRun2_asymptotic_v17-v2/2510000/C9C6EFE8-0A8E-504B-8685-135F7FE47AB3.root
%MSG-w XrdAdaptor:  file_open 05-Mar-2024 17:26:11 CET PostProcessEvent
Data is served from fnal.gov instead of original site T2_FR_GRIF_LLR
%MSG
05-Mar-2024 17:26:11 CET  Successfully opened file root://xrootd-cms.infn.it//store/mc/RunIISummer20UL16MiniAODv2/DYJetsToLL_M-50_HT-1200to2500_TuneCP5_PSweights_13TeV-madgraphMLM-pythia8/MINIAODSIM/106X_mcRun2_asymptotic_v17-v2/2510000/C9C6EFE8-0A8E-504B-8685-135F7FE47AB3.root
05-Mar-2024 17:26:19 CET  Closed file root://xrootd-cms.infn.it//store/mc/RunIISummer20UL16MiniAODv2/DYJetsToLL_M-50_HT-1200to2500_TuneCP5_PSweights_13TeV-madgraphMLM-pythia8/MINIAODSIM/106X_mcRun2_asymptotic_v17-v2/2510000/C9C6EFE8-0A8E-504B-8685-135F7FE47AB3.root
05-Mar-2024 17:26:19 CET  Initiating request to open file root://eoscms.cern.ch//eos/cms/store/mc/RunIISummer20UL16MiniAODv2/DYJetsToLL_M-50_HT-1200to2500_TuneCP5_PSweights_13TeV-madgraphMLM-pythia8/MINIAODSIM/106X_mcRun2_asymptotic_v17-v2/2510000/7FE8C1F1-8EF4-1642-971B-A586E8AD2F49.root
%MSG-w XrdAdaptorInternal:  file_open 05-Mar-2024 17:26:20 CET PostProcessEvent
Failed to open file at URL root://eoscms.cern.ch:1094//eos/cms/store/mc/RunIISummer20UL16MiniAODv2/DYJetsToLL_M-50_HT-1200to2500_TuneCP5_PSweights_13TeV-madgraphMLM-pythia8/MINIAODSIM/106X_mcRun2_asymptotic_v17-v2/2510000/7FE8C1F1-8EF4-1642-971B-A586E8AD2F49.root.
%MSG
%MSG-w XrdAdaptorInternal:  file_open 05-Mar-2024 17:26:20 CET PostProcessEvent
Failed to open file at URL root://eoscms.cern.ch:1094//eos/cms/store/mc/RunIISummer20UL16MiniAODv2/DYJetsToLL_M-50_HT-1200to2500_TuneCP5_PSweights_13TeV-madgraphMLM-pythia8/MINIAODSIM/106X_mcRun2_asymptotic_v17-v2/2510000/7FE8C1F1-8EF4-1642-971B-A586E8AD2F49.root?tried=.
%MSG
05-Mar-2024 17:26:20 CET  Fallback request to file root://xrootd-cms.infn.it//store/mc/RunIISummer20UL16MiniAODv2/DYJetsToLL_M-50_HT-1200to2500_TuneCP5_PSweights_13TeV-madgraphMLM-pythia8/MINIAODSIM/106X_mcRun2_asymptotic_v17-v2/2510000/7FE8C1F1-8EF4-1642-971B-A586E8AD2F49.root
%MSG-w XrdAdaptor:  file_open 05-Mar-2024 17:26:33 CET PostProcessEvent
Data is served from fnal.gov instead of original site T2_FR_GRIF_LLR
%MSG
05-Mar-2024 17:26:33 CET  Successfully opened file root://xrootd-cms.infn.it//store/mc/RunIISummer20UL16MiniAODv2/DYJetsToLL_M-50_HT-1200to2500_TuneCP5_PSweights_13TeV-madgraphMLM-pythia8/MINIAODSIM/106X_mcRun2_asymptotic_v17-v2/2510000/7FE8C1F1-8EF4-1642-971B-A586E8AD2F49.root
Begin processing the 1500001st record. Run 1, Event 17237760, LumiSection 3703 on stream 0 at 05-Mar-2024 17:26:40.347 CET
05-Mar-2024 17:26:41 CET  Closed file root://xrootd-cms.infn.it//store/mc/RunIISummer20UL16MiniAODv2/DYJetsToLL_M-50_HT-1200to2500_TuneCP5_PSweights_13TeV-madgraphMLM-pythia8/MINIAODSIM/106X_mcRun2_asymptotic_v17-v2/2510000/7FE8C1F1-8EF4-1642-971B-A586E8AD2F49.root
05-Mar-2024 17:26:41 CET  Initiating request to open file root://eoscms.cern.ch//eos/cms/store/mc/RunIISummer20UL16MiniAODv2/DYJetsToLL_M-50_HT-1200to2500_TuneCP5_PSweights_13TeV-madgraphMLM-pythia8/MINIAODSIM/106X_mcRun2_asymptotic_v17-v2/2510000/93B812AE-E71E-BA41-BF53-1541693A2D79.root
%MSG-w XrdAdaptorInternal:  file_open 05-Mar-2024 17:26:42 CET PostProcessEvent
Failed to open file at URL root://eoscms.cern.ch:1094//eos/cms/store/mc/RunIISummer20UL16MiniAODv2/DYJetsToLL_M-50_HT-1200to2500_TuneCP5_PSweights_13TeV-madgraphMLM-pythia8/MINIAODSIM/106X_mcRun2_asymptotic_v17-v2/2510000/93B812AE-E71E-BA41-BF53-1541693A2D79.root.
%MSG
%MSG-w XrdAdaptorInternal:  file_open 05-Mar-2024 17:26:42 CET PostProcessEvent
Failed to open file at URL root://eoscms.cern.ch:1094//eos/cms/store/mc/RunIISummer20UL16MiniAODv2/DYJetsToLL_M-50_HT-1200to2500_TuneCP5_PSweights_13TeV-madgraphMLM-pythia8/MINIAODSIM/106X_mcRun2_asymptotic_v17-v2/2510000/93B812AE-E71E-BA41-BF53-1541693A2D79.root?tried=.
%MSG
05-Mar-2024 17:26:42 CET  Fallback request to file root://xrootd-cms.infn.it//store/mc/RunIISummer20UL16MiniAODv2/DYJetsToLL_M-50_HT-1200to2500_TuneCP5_PSweights_13TeV-madgraphMLM-pythia8/MINIAODSIM/106X_mcRun2_asymptotic_v17-v2/2510000/93B812AE-E71E-BA41-BF53-1541693A2D79.root
%MSG-w XrdAdaptor:  file_open 05-Mar-2024 17:26:55 CET PostProcessEvent
Data is served from fnal.gov instead of original site T2_FR_GRIF_LLR
%MSG
05-Mar-2024 17:26:55 CET  Successfully opened file root://xrootd-cms.infn.it//store/mc/RunIISummer20UL16MiniAODv2/DYJetsToLL_M-50_HT-1200to2500_TuneCP5_PSweights_13TeV-madgraphMLM-pythia8/MINIAODSIM/106X_mcRun2_asymptotic_v17-v2/2510000/93B812AE-E71E-BA41-BF53-1541693A2D79.root
05-Mar-2024 17:27:02 CET  Closed file root://xrootd-cms.infn.it//store/mc/RunIISummer20UL16MiniAODv2/DYJetsToLL_M-50_HT-1200to2500_TuneCP5_PSweights_13TeV-madgraphMLM-pythia8/MINIAODSIM/106X_mcRun2_asymptotic_v17-v2/2510000/93B812AE-E71E-BA41-BF53-1541693A2D79.root
05-Mar-2024 17:27:02 CET  Initiating request to open file root://eoscms.cern.ch//eos/cms/store/mc/RunIISummer20UL16MiniAODv2/DYJetsToLL_M-50_HT-1200to2500_TuneCP5_PSweights_13TeV-madgraphMLM-pythia8/MINIAODSIM/106X_mcRun2_asymptotic_v17-v2/2510000/1806A801-C497-A14B-8D0D-6201CE21A9DC.root
%MSG-w XrdAdaptorInternal:  file_open 05-Mar-2024 17:27:03 CET PostProcessEvent
Failed to open file at URL root://eoscms.cern.ch:1094//eos/cms/store/mc/RunIISummer20UL16MiniAODv2/DYJetsToLL_M-50_HT-1200to2500_TuneCP5_PSweights_13TeV-madgraphMLM-pythia8/MINIAODSIM/106X_mcRun2_asymptotic_v17-v2/2510000/1806A801-C497-A14B-8D0D-6201CE21A9DC.root.
%MSG
%MSG-w XrdAdaptorInternal:  file_open 05-Mar-2024 17:27:03 CET PostProcessEvent
Failed to open file at URL root://eoscms.cern.ch:1094//eos/cms/store/mc/RunIISummer20UL16MiniAODv2/DYJetsToLL_M-50_HT-1200to2500_TuneCP5_PSweights_13TeV-madgraphMLM-pythia8/MINIAODSIM/106X_mcRun2_asymptotic_v17-v2/2510000/1806A801-C497-A14B-8D0D-6201CE21A9DC.root?tried=.
%MSG
05-Mar-2024 17:27:03 CET  Fallback request to file root://xrootd-cms.infn.it//store/mc/RunIISummer20UL16MiniAODv2/DYJetsToLL_M-50_HT-1200to2500_TuneCP5_PSweights_13TeV-madgraphMLM-pythia8/MINIAODSIM/106X_mcRun2_asymptotic_v17-v2/2510000/1806A801-C497-A14B-8D0D-6201CE21A9DC.root
%MSG-w XrdAdaptor:  file_open 05-Mar-2024 17:27:28 CET PostProcessEvent
Data is served from fnal.gov instead of original site T2_FR_GRIF_LLR
%MSG
05-Mar-2024 17:27:28 CET  Successfully opened file root://xrootd-cms.infn.it//store/mc/RunIISummer20UL16MiniAODv2/DYJetsToLL_M-50_HT-1200to2500_TuneCP5_PSweights_13TeV-madgraphMLM-pythia8/MINIAODSIM/106X_mcRun2_asymptotic_v17-v2/2510000/1806A801-C497-A14B-8D0D-6201CE21A9DC.root
Begin processing the 1600001st record. Run 1, Event 9030664, LumiSection 1940 on stream 0 at 05-Mar-2024 17:27:35.117 CET
05-Mar-2024 17:27:35 CET  Closed file root://xrootd-cms.infn.it//store/mc/RunIISummer20UL16MiniAODv2/DYJetsToLL_M-50_HT-1200to2500_TuneCP5_PSweights_13TeV-madgraphMLM-pythia8/MINIAODSIM/106X_mcRun2_asymptotic_v17-v2/2510000/1806A801-C497-A14B-8D0D-6201CE21A9DC.root
05-Mar-2024 17:27:35 CET  Initiating request to open file root://eoscms.cern.ch//eos/cms/store/mc/RunIISummer20UL16MiniAODv2/DYJetsToLL_M-50_HT-1200to2500_TuneCP5_PSweights_13TeV-madgraphMLM-pythia8/MINIAODSIM/106X_mcRun2_asymptotic_v17-v2/2510000/6A47B9AF-2117-FD44-BBD0-B338AF13B2DD.root
%MSG-w XrdAdaptorInternal:  file_open 05-Mar-2024 17:27:36 CET PostProcessEvent
Failed to open file at URL root://eoscms.cern.ch:1094//eos/cms/store/mc/RunIISummer20UL16MiniAODv2/DYJetsToLL_M-50_HT-1200to2500_TuneCP5_PSweights_13TeV-madgraphMLM-pythia8/MINIAODSIM/106X_mcRun2_asymptotic_v17-v2/2510000/6A47B9AF-2117-FD44-BBD0-B338AF13B2DD.root.
%MSG
%MSG-w XrdAdaptorInternal:  file_open 05-Mar-2024 17:27:36 CET PostProcessEvent
Failed to open file at URL root://eoscms.cern.ch:1094//eos/cms/store/mc/RunIISummer20UL16MiniAODv2/DYJetsToLL_M-50_HT-1200to2500_TuneCP5_PSweights_13TeV-madgraphMLM-pythia8/MINIAODSIM/106X_mcRun2_asymptotic_v17-v2/2510000/6A47B9AF-2117-FD44-BBD0-B338AF13B2DD.root?tried=.
%MSG
05-Mar-2024 17:27:36 CET  Fallback request to file root://xrootd-cms.infn.it//store/mc/RunIISummer20UL16MiniAODv2/DYJetsToLL_M-50_HT-1200to2500_TuneCP5_PSweights_13TeV-madgraphMLM-pythia8/MINIAODSIM/106X_mcRun2_asymptotic_v17-v2/2510000/6A47B9AF-2117-FD44-BBD0-B338AF13B2DD.root
%MSG-w XrdAdaptor:  file_open 05-Mar-2024 17:27:49 CET PostProcessEvent
Data is served from fnal.gov instead of original site T2_FR_GRIF_LLR
%MSG
05-Mar-2024 17:27:49 CET  Successfully opened file root://xrootd-cms.infn.it//store/mc/RunIISummer20UL16MiniAODv2/DYJetsToLL_M-50_HT-1200to2500_TuneCP5_PSweights_13TeV-madgraphMLM-pythia8/MINIAODSIM/106X_mcRun2_asymptotic_v17-v2/2510000/6A47B9AF-2117-FD44-BBD0-B338AF13B2DD.root
05-Mar-2024 17:27:55 CET  Closed file root://xrootd-cms.infn.it//store/mc/RunIISummer20UL16MiniAODv2/DYJetsToLL_M-50_HT-1200to2500_TuneCP5_PSweights_13TeV-madgraphMLM-pythia8/MINIAODSIM/106X_mcRun2_asymptotic_v17-v2/2510000/6A47B9AF-2117-FD44-BBD0-B338AF13B2DD.root
05-Mar-2024 17:27:55 CET  Initiating request to open file root://eoscms.cern.ch//eos/cms/store/mc/RunIISummer20UL16MiniAODv2/DYJetsToLL_M-50_HT-1200to2500_TuneCP5_PSweights_13TeV-madgraphMLM-pythia8/MINIAODSIM/106X_mcRun2_asymptotic_v17-v2/2510000/3F977508-D2B4-9142-910E-30649CE53AF9.root
%MSG-w XrdAdaptorInternal:  file_open 05-Mar-2024 17:27:56 CET PostProcessEvent
Failed to open file at URL root://eoscms.cern.ch:1094//eos/cms/store/mc/RunIISummer20UL16MiniAODv2/DYJetsToLL_M-50_HT-1200to2500_TuneCP5_PSweights_13TeV-madgraphMLM-pythia8/MINIAODSIM/106X_mcRun2_asymptotic_v17-v2/2510000/3F977508-D2B4-9142-910E-30649CE53AF9.root.
%MSG
%MSG-w XrdAdaptorInternal:  file_open 05-Mar-2024 17:27:56 CET PostProcessEvent
Failed to open file at URL root://eoscms.cern.ch:1094//eos/cms/store/mc/RunIISummer20UL16MiniAODv2/DYJetsToLL_M-50_HT-1200to2500_TuneCP5_PSweights_13TeV-madgraphMLM-pythia8/MINIAODSIM/106X_mcRun2_asymptotic_v17-v2/2510000/3F977508-D2B4-9142-910E-30649CE53AF9.root?tried=.
%MSG
05-Mar-2024 17:27:56 CET  Fallback request to file root://xrootd-cms.infn.it//store/mc/RunIISummer20UL16MiniAODv2/DYJetsToLL_M-50_HT-1200to2500_TuneCP5_PSweights_13TeV-madgraphMLM-pythia8/MINIAODSIM/106X_mcRun2_asymptotic_v17-v2/2510000/3F977508-D2B4-9142-910E-30649CE53AF9.root
%MSG-w XrdAdaptorInternal:  file_open 05-Mar-2024 17:28:15 CET PostProcessEvent
Failed to open file at URL root://eos-c01.cms.rcac.purdue.edu:1102//store/mc/RunIISummer20UL16MiniAODv2/DYJetsToLL_M-50_HT-1200to2500_TuneCP5_PSweights_13TeV-madgraphMLM-pythia8/MINIAODSIM/106X_mcRun2_asymptotic_v17-v2/2510000/3F977508-D2B4-9142-910E-30649CE53AF9.root?cap.msg=d9J3goYSFLAUInNxGNsU1Ur8UvaMAWcICOqppuMfSEMFeKsPR13YF75ampMwWejEWI8etKZol8+oA+H+obcH5TGaX0yfZ/NsHRxUtflYCTIMpJzw/i596JPUcq7bbf8aPm5NO9L9TpZoTa53+Arr+THor93RTC2jg7lizKlbHVrl07KC6lkAuBr8sBdvMe8e2RFNGyZOoBcnFz7ezo6zOqh7vfVy/kq2XTrENEh8bld2pgOIPxSaMJpnDY4NBwppsrVjJBy7FvCdbHVbsgzrUaHy1A7MusshP3OTIEFBnsWRliANMjuggQzIUDfmNCLXw1dFmoNlCLgKgVlqyJPhV9c8OnLZp2eT5VApPx5yL07hynzTw39hB6BP57MVH/pMQCrn7J86RxKmIGyUo5OOYWuYygjXnKpNvodNjUgVW3vDzy+twKR6tb93BgJRq/GMF6bA27Nh9XtnybVZHxsioMp/3Q3Z6EnosoBKSHrczP/bFBDtCLqmsut5Eobmi0hQDGei6HI4N9DOmt4s6T30RyewBuE4T+juuYxXnIM5WldepXyCj0raORviBPayiTRIhZdoA45bQm9QfBeau7z7VihhcR8FgLJukMU9yfHR3Glwa67Gcn42WCT50AwuX6YFL2sKBH96vUXfVApWgNuNY14WX5QPAWq7BpIrrQr5Xt/JILx9EdntiUGIXdZemRUD4UFSJltMoA23esI0aF20+1q5Lblar8imxpAMR3MDRi9NsX0PfDMeCXmErvWLJaMJyy7jmO6ojpVrPsUPPFFrGZ4Niffc7cByRUPJb06vBO+6gAODeBHnKygGjyH21gh5Ec5oPfGkdjU2aQoqMe7E/38M/l2I1PLM8QXtwPob8Ck/TcrAt4FDM9Q32ZGZDBI7UAijY7h0MI3Pw/dBQrwX/XlTxv56HIMu&cap.sym=xU6mGpv9T0+hMNHFH2SXcWOdliY=&eos.clientinfo=zbase64:MDAwMDAwNmZ4nBXIUQrEIAxF0a10AxO00B8hi2mTJxU6VaKhdPcz/p17a8OdbHCgbV1KTcfD5c5TXU4oh8nxNvDhOcOgczQrlRV592vM/u9ikMGo/SMhknw7mexCzU0dBPUUY1h/hbwm4A==&mgm.blockchecksum=ignore&mgm.id=00112b18&mgm.logid=5d8fa4fe-db0d-11ee-9047-5c6f69a9c0f0&mgm.mtime=1670164822&mgm.replicahead=1&mgm.replicaindex=1&tried=+1213llrxrd-redir.in2p3.fr.
%MSG
%MSG-w XrdAdaptor:  file_open 05-Mar-2024 17:28:17 CET PostProcessEvent
Data is served from cms.rcac.purdue.edu instead of original site T2_FR_GRIF_LLR
%MSG
05-Mar-2024 17:28:17 CET  Successfully opened file root://xrootd-cms.infn.it//store/mc/RunIISummer20UL16MiniAODv2/DYJetsToLL_M-50_HT-1200to2500_TuneCP5_PSweights_13TeV-madgraphMLM-pythia8/MINIAODSIM/106X_mcRun2_asymptotic_v17-v2/2510000/3F977508-D2B4-9142-910E-30649CE53AF9.root
05-Mar-2024 17:28:23 CET  Closed file root://xrootd-cms.infn.it//store/mc/RunIISummer20UL16MiniAODv2/DYJetsToLL_M-50_HT-1200to2500_TuneCP5_PSweights_13TeV-madgraphMLM-pythia8/MINIAODSIM/106X_mcRun2_asymptotic_v17-v2/2510000/3F977508-D2B4-9142-910E-30649CE53AF9.root
05-Mar-2024 17:28:23 CET  Initiating request to open file root://eoscms.cern.ch//eos/cms/store/mc/RunIISummer20UL16MiniAODv2/DYJetsToLL_M-50_HT-1200to2500_TuneCP5_PSweights_13TeV-madgraphMLM-pythia8/MINIAODSIM/106X_mcRun2_asymptotic_v17-v2/2510000/25284F40-AC39-E046-82CE-F838A3BAB653.root
%MSG-w XrdAdaptorInternal:  file_open 05-Mar-2024 17:28:24 CET PostProcessEvent
Failed to open file at URL root://eoscms.cern.ch:1094//eos/cms/store/mc/RunIISummer20UL16MiniAODv2/DYJetsToLL_M-50_HT-1200to2500_TuneCP5_PSweights_13TeV-madgraphMLM-pythia8/MINIAODSIM/106X_mcRun2_asymptotic_v17-v2/2510000/25284F40-AC39-E046-82CE-F838A3BAB653.root.
%MSG
%MSG-w XrdAdaptorInternal:  file_open 05-Mar-2024 17:28:24 CET PostProcessEvent
Failed to open file at URL root://eoscms.cern.ch:1094//eos/cms/store/mc/RunIISummer20UL16MiniAODv2/DYJetsToLL_M-50_HT-1200to2500_TuneCP5_PSweights_13TeV-madgraphMLM-pythia8/MINIAODSIM/106X_mcRun2_asymptotic_v17-v2/2510000/25284F40-AC39-E046-82CE-F838A3BAB653.root?tried=.
%MSG
05-Mar-2024 17:28:24 CET  Fallback request to file root://xrootd-cms.infn.it//store/mc/RunIISummer20UL16MiniAODv2/DYJetsToLL_M-50_HT-1200to2500_TuneCP5_PSweights_13TeV-madgraphMLM-pythia8/MINIAODSIM/106X_mcRun2_asymptotic_v17-v2/2510000/25284F40-AC39-E046-82CE-F838A3BAB653.root
%MSG-w XrdAdaptor:  file_open 05-Mar-2024 17:28:36 CET PostProcessEvent
Data is served from fnal.gov instead of original site T2_FR_GRIF_LLR
%MSG
05-Mar-2024 17:28:37 CET  Successfully opened file root://xrootd-cms.infn.it//store/mc/RunIISummer20UL16MiniAODv2/DYJetsToLL_M-50_HT-1200to2500_TuneCP5_PSweights_13TeV-madgraphMLM-pythia8/MINIAODSIM/106X_mcRun2_asymptotic_v17-v2/2510000/25284F40-AC39-E046-82CE-F838A3BAB653.root
05-Mar-2024 17:28:41 CET  Closed file root://xrootd-cms.infn.it//store/mc/RunIISummer20UL16MiniAODv2/DYJetsToLL_M-50_HT-1200to2500_TuneCP5_PSweights_13TeV-madgraphMLM-pythia8/MINIAODSIM/106X_mcRun2_asymptotic_v17-v2/2510000/25284F40-AC39-E046-82CE-F838A3BAB653.root
05-Mar-2024 17:28:41 CET  Initiating request to open file root://eoscms.cern.ch//eos/cms/store/mc/RunIISummer20UL16MiniAODv2/DYJetsToLL_M-50_HT-1200to2500_TuneCP5_PSweights_13TeV-madgraphMLM-pythia8/MINIAODSIM/106X_mcRun2_asymptotic_v17-v2/2510000/D1D4A466-9EBF-5D43-B9B1-0D546DA21FEA.root
%MSG-w XrdAdaptorInternal:  file_open 05-Mar-2024 17:28:42 CET PostProcessEvent
Failed to open file at URL root://eoscms.cern.ch:1094//eos/cms/store/mc/RunIISummer20UL16MiniAODv2/DYJetsToLL_M-50_HT-1200to2500_TuneCP5_PSweights_13TeV-madgraphMLM-pythia8/MINIAODSIM/106X_mcRun2_asymptotic_v17-v2/2510000/D1D4A466-9EBF-5D43-B9B1-0D546DA21FEA.root.
%MSG
%MSG-w XrdAdaptorInternal:  file_open 05-Mar-2024 17:28:42 CET PostProcessEvent
Failed to open file at URL root://eoscms.cern.ch:1094//eos/cms/store/mc/RunIISummer20UL16MiniAODv2/DYJetsToLL_M-50_HT-1200to2500_TuneCP5_PSweights_13TeV-madgraphMLM-pythia8/MINIAODSIM/106X_mcRun2_asymptotic_v17-v2/2510000/D1D4A466-9EBF-5D43-B9B1-0D546DA21FEA.root?tried=.
%MSG
05-Mar-2024 17:28:42 CET  Fallback request to file root://xrootd-cms.infn.it//store/mc/RunIISummer20UL16MiniAODv2/DYJetsToLL_M-50_HT-1200to2500_TuneCP5_PSweights_13TeV-madgraphMLM-pythia8/MINIAODSIM/106X_mcRun2_asymptotic_v17-v2/2510000/D1D4A466-9EBF-5D43-B9B1-0D546DA21FEA.root
Unable to load sec.protocol plugin libXrdSecztn.so
%MSG-w XrdAdaptor:  file_open 05-Mar-2024 17:28:55 CET PostProcessEvent
Data is served from fnal.gov instead of original site T2_FR_GRIF_LLR
%MSG
05-Mar-2024 17:28:56 CET  Successfully opened file root://xrootd-cms.infn.it//store/mc/RunIISummer20UL16MiniAODv2/DYJetsToLL_M-50_HT-1200to2500_TuneCP5_PSweights_13TeV-madgraphMLM-pythia8/MINIAODSIM/106X_mcRun2_asymptotic_v17-v2/2510000/D1D4A466-9EBF-5D43-B9B1-0D546DA21FEA.root
Begin processing the 1700001st record. Run 1, Event 22470568, LumiSection 4827 on stream 0 at 05-Mar-2024 17:29:02.323 CET
05-Mar-2024 17:29:03 CET  Closed file root://xrootd-cms.infn.it//store/mc/RunIISummer20UL16MiniAODv2/DYJetsToLL_M-50_HT-1200to2500_TuneCP5_PSweights_13TeV-madgraphMLM-pythia8/MINIAODSIM/106X_mcRun2_asymptotic_v17-v2/2510000/D1D4A466-9EBF-5D43-B9B1-0D546DA21FEA.root
05-Mar-2024 17:29:03 CET  Initiating request to open file root://eoscms.cern.ch//eos/cms/store/mc/RunIISummer20UL16MiniAODv2/DYJetsToLL_M-50_HT-1200to2500_TuneCP5_PSweights_13TeV-madgraphMLM-pythia8/MINIAODSIM/106X_mcRun2_asymptotic_v17-v2/2510000/59166BA8-170E-A449-91CB-82F0A050C6BE.root
%MSG-w XrdAdaptorInternal:  file_open 05-Mar-2024 17:29:04 CET PostProcessEvent
Failed to open file at URL root://eoscms.cern.ch:1094//eos/cms/store/mc/RunIISummer20UL16MiniAODv2/DYJetsToLL_M-50_HT-1200to2500_TuneCP5_PSweights_13TeV-madgraphMLM-pythia8/MINIAODSIM/106X_mcRun2_asymptotic_v17-v2/2510000/59166BA8-170E-A449-91CB-82F0A050C6BE.root.
%MSG
%MSG-w XrdAdaptorInternal:  file_open 05-Mar-2024 17:29:04 CET PostProcessEvent
Failed to open file at URL root://eoscms.cern.ch:1094//eos/cms/store/mc/RunIISummer20UL16MiniAODv2/DYJetsToLL_M-50_HT-1200to2500_TuneCP5_PSweights_13TeV-madgraphMLM-pythia8/MINIAODSIM/106X_mcRun2_asymptotic_v17-v2/2510000/59166BA8-170E-A449-91CB-82F0A050C6BE.root?tried=.
%MSG
05-Mar-2024 17:29:04 CET  Fallback request to file root://xrootd-cms.infn.it//store/mc/RunIISummer20UL16MiniAODv2/DYJetsToLL_M-50_HT-1200to2500_TuneCP5_PSweights_13TeV-madgraphMLM-pythia8/MINIAODSIM/106X_mcRun2_asymptotic_v17-v2/2510000/59166BA8-170E-A449-91CB-82F0A050C6BE.root
%MSG-w XrdAdaptor:  file_open 05-Mar-2024 17:29:28 CET PostProcessEvent
Data is served from fnal.gov instead of original site T2_FR_GRIF_LLR
%MSG
05-Mar-2024 17:29:28 CET  Successfully opened file root://xrootd-cms.infn.it//store/mc/RunIISummer20UL16MiniAODv2/DYJetsToLL_M-50_HT-1200to2500_TuneCP5_PSweights_13TeV-madgraphMLM-pythia8/MINIAODSIM/106X_mcRun2_asymptotic_v17-v2/2510000/59166BA8-170E-A449-91CB-82F0A050C6BE.root
05-Mar-2024 17:29:36 CET  Closed file root://xrootd-cms.infn.it//store/mc/RunIISummer20UL16MiniAODv2/DYJetsToLL_M-50_HT-1200to2500_TuneCP5_PSweights_13TeV-madgraphMLM-pythia8/MINIAODSIM/106X_mcRun2_asymptotic_v17-v2/2510000/59166BA8-170E-A449-91CB-82F0A050C6BE.root
05-Mar-2024 17:29:36 CET  Initiating request to open file root://eoscms.cern.ch//eos/cms/store/mc/RunIISummer20UL16MiniAODv2/DYJetsToLL_M-50_HT-1200to2500_TuneCP5_PSweights_13TeV-madgraphMLM-pythia8/MINIAODSIM/106X_mcRun2_asymptotic_v17-v2/2510000/5B68C7E4-B0A1-BD48-AE8D-A193E56A5C3C.root
%MSG-w XrdAdaptorInternal:  file_open 05-Mar-2024 17:29:37 CET PostProcessEvent
Failed to open file at URL root://eoscms.cern.ch:1094//eos/cms/store/mc/RunIISummer20UL16MiniAODv2/DYJetsToLL_M-50_HT-1200to2500_TuneCP5_PSweights_13TeV-madgraphMLM-pythia8/MINIAODSIM/106X_mcRun2_asymptotic_v17-v2/2510000/5B68C7E4-B0A1-BD48-AE8D-A193E56A5C3C.root.
%MSG
%MSG-w XrdAdaptorInternal:  file_open 05-Mar-2024 17:29:37 CET PostProcessEvent
Failed to open file at URL root://eoscms.cern.ch:1094//eos/cms/store/mc/RunIISummer20UL16MiniAODv2/DYJetsToLL_M-50_HT-1200to2500_TuneCP5_PSweights_13TeV-madgraphMLM-pythia8/MINIAODSIM/106X_mcRun2_asymptotic_v17-v2/2510000/5B68C7E4-B0A1-BD48-AE8D-A193E56A5C3C.root?tried=.
%MSG
05-Mar-2024 17:29:37 CET  Fallback request to file root://xrootd-cms.infn.it//store/mc/RunIISummer20UL16MiniAODv2/DYJetsToLL_M-50_HT-1200to2500_TuneCP5_PSweights_13TeV-madgraphMLM-pythia8/MINIAODSIM/106X_mcRun2_asymptotic_v17-v2/2510000/5B68C7E4-B0A1-BD48-AE8D-A193E56A5C3C.root
%MSG-w XrdAdaptor:  file_open 05-Mar-2024 17:29:49 CET PostProcessEvent
Data is served from fnal.gov instead of original site T2_FR_GRIF_LLR
%MSG
05-Mar-2024 17:29:49 CET  Successfully opened file root://xrootd-cms.infn.it//store/mc/RunIISummer20UL16MiniAODv2/DYJetsToLL_M-50_HT-1200to2500_TuneCP5_PSweights_13TeV-madgraphMLM-pythia8/MINIAODSIM/106X_mcRun2_asymptotic_v17-v2/2510000/5B68C7E4-B0A1-BD48-AE8D-A193E56A5C3C.root
Begin processing the 1800001st record. Run 1, Event 24172733, LumiSection 5192 on stream 0 at 05-Mar-2024 17:29:56.545 CET
05-Mar-2024 17:29:57 CET  Closed file root://xrootd-cms.infn.it//store/mc/RunIISummer20UL16MiniAODv2/DYJetsToLL_M-50_HT-1200to2500_TuneCP5_PSweights_13TeV-madgraphMLM-pythia8/MINIAODSIM/106X_mcRun2_asymptotic_v17-v2/2510000/5B68C7E4-B0A1-BD48-AE8D-A193E56A5C3C.root
05-Mar-2024 17:29:57 CET  Initiating request to open file root://eoscms.cern.ch//eos/cms/store/mc/RunIISummer20UL16MiniAODv2/DYJetsToLL_M-50_HT-1200to2500_TuneCP5_PSweights_13TeV-madgraphMLM-pythia8/MINIAODSIM/106X_mcRun2_asymptotic_v17-v2/2510000/CC911CD5-F2D5-6946-99DD-A3DBD9966498.root
%MSG-w XrdAdaptorInternal:  file_open 05-Mar-2024 17:29:58 CET PostProcessEvent
Failed to open file at URL root://eoscms.cern.ch:1094//eos/cms/store/mc/RunIISummer20UL16MiniAODv2/DYJetsToLL_M-50_HT-1200to2500_TuneCP5_PSweights_13TeV-madgraphMLM-pythia8/MINIAODSIM/106X_mcRun2_asymptotic_v17-v2/2510000/CC911CD5-F2D5-6946-99DD-A3DBD9966498.root.
%MSG
%MSG-w XrdAdaptorInternal:  file_open 05-Mar-2024 17:29:58 CET PostProcessEvent
Failed to open file at URL root://eoscms.cern.ch:1094//eos/cms/store/mc/RunIISummer20UL16MiniAODv2/DYJetsToLL_M-50_HT-1200to2500_TuneCP5_PSweights_13TeV-madgraphMLM-pythia8/MINIAODSIM/106X_mcRun2_asymptotic_v17-v2/2510000/CC911CD5-F2D5-6946-99DD-A3DBD9966498.root?tried=.
%MSG
05-Mar-2024 17:29:58 CET  Fallback request to file root://xrootd-cms.infn.it//store/mc/RunIISummer20UL16MiniAODv2/DYJetsToLL_M-50_HT-1200to2500_TuneCP5_PSweights_13TeV-madgraphMLM-pythia8/MINIAODSIM/106X_mcRun2_asymptotic_v17-v2/2510000/CC911CD5-F2D5-6946-99DD-A3DBD9966498.root
%MSG-w XrdAdaptor:  file_open 05-Mar-2024 17:30:10 CET PostProcessEvent
Data is served from fnal.gov instead of original site T2_FR_GRIF_LLR
%MSG
05-Mar-2024 17:30:11 CET  Successfully opened file root://xrootd-cms.infn.it//store/mc/RunIISummer20UL16MiniAODv2/DYJetsToLL_M-50_HT-1200to2500_TuneCP5_PSweights_13TeV-madgraphMLM-pythia8/MINIAODSIM/106X_mcRun2_asymptotic_v17-v2/2510000/CC911CD5-F2D5-6946-99DD-A3DBD9966498.root
05-Mar-2024 17:30:16 CET  Closed file root://xrootd-cms.infn.it//store/mc/RunIISummer20UL16MiniAODv2/DYJetsToLL_M-50_HT-1200to2500_TuneCP5_PSweights_13TeV-madgraphMLM-pythia8/MINIAODSIM/106X_mcRun2_asymptotic_v17-v2/2510000/CC911CD5-F2D5-6946-99DD-A3DBD9966498.root
05-Mar-2024 17:30:16 CET  Initiating request to open file root://eoscms.cern.ch//eos/cms/store/mc/RunIISummer20UL16MiniAODv2/DYJetsToLL_M-50_HT-1200to2500_TuneCP5_PSweights_13TeV-madgraphMLM-pythia8/MINIAODSIM/106X_mcRun2_asymptotic_v17-v2/2510000/BFED1FFC-5797-4D4C-962D-278296A2CDD1.root
%MSG-w XrdAdaptorInternal:  file_open 05-Mar-2024 17:30:17 CET PostProcessEvent
Failed to open file at URL root://eoscms.cern.ch:1094//eos/cms/store/mc/RunIISummer20UL16MiniAODv2/DYJetsToLL_M-50_HT-1200to2500_TuneCP5_PSweights_13TeV-madgraphMLM-pythia8/MINIAODSIM/106X_mcRun2_asymptotic_v17-v2/2510000/BFED1FFC-5797-4D4C-962D-278296A2CDD1.root.
%MSG
%MSG-w XrdAdaptorInternal:  file_open 05-Mar-2024 17:30:17 CET PostProcessEvent
Failed to open file at URL root://eoscms.cern.ch:1094//eos/cms/store/mc/RunIISummer20UL16MiniAODv2/DYJetsToLL_M-50_HT-1200to2500_TuneCP5_PSweights_13TeV-madgraphMLM-pythia8/MINIAODSIM/106X_mcRun2_asymptotic_v17-v2/2510000/BFED1FFC-5797-4D4C-962D-278296A2CDD1.root?tried=.
%MSG
05-Mar-2024 17:30:17 CET  Fallback request to file root://xrootd-cms.infn.it//store/mc/RunIISummer20UL16MiniAODv2/DYJetsToLL_M-50_HT-1200to2500_TuneCP5_PSweights_13TeV-madgraphMLM-pythia8/MINIAODSIM/106X_mcRun2_asymptotic_v17-v2/2510000/BFED1FFC-5797-4D4C-962D-278296A2CDD1.root
%MSG-w XrdAdaptor:  file_open 05-Mar-2024 17:30:30 CET PostProcessEvent
Data is served from fnal.gov instead of original site T2_FR_GRIF_LLR
%MSG
05-Mar-2024 17:30:31 CET  Successfully opened file root://xrootd-cms.infn.it//store/mc/RunIISummer20UL16MiniAODv2/DYJetsToLL_M-50_HT-1200to2500_TuneCP5_PSweights_13TeV-madgraphMLM-pythia8/MINIAODSIM/106X_mcRun2_asymptotic_v17-v2/2510000/BFED1FFC-5797-4D4C-962D-278296A2CDD1.root
Begin processing the 1900001st record. Run 1, Event 15871393, LumiSection 3409 on stream 0 at 05-Mar-2024 17:30:38.827 CET
05-Mar-2024 17:30:39 CET  Closed file root://xrootd-cms.infn.it//store/mc/RunIISummer20UL16MiniAODv2/DYJetsToLL_M-50_HT-1200to2500_TuneCP5_PSweights_13TeV-madgraphMLM-pythia8/MINIAODSIM/106X_mcRun2_asymptotic_v17-v2/2510000/BFED1FFC-5797-4D4C-962D-278296A2CDD1.root
05-Mar-2024 17:30:39 CET  Initiating request to open file root://eoscms.cern.ch//eos/cms/store/mc/RunIISummer20UL16MiniAODv2/DYJetsToLL_M-50_HT-1200to2500_TuneCP5_PSweights_13TeV-madgraphMLM-pythia8/MINIAODSIM/106X_mcRun2_asymptotic_v17-v2/2510000/5766D657-670D-6448-8CAF-EC5D9C042A72.root
%MSG-w XrdAdaptorInternal:  file_open 05-Mar-2024 17:30:40 CET PostProcessEvent
Failed to open file at URL root://eoscms.cern.ch:1094//eos/cms/store/mc/RunIISummer20UL16MiniAODv2/DYJetsToLL_M-50_HT-1200to2500_TuneCP5_PSweights_13TeV-madgraphMLM-pythia8/MINIAODSIM/106X_mcRun2_asymptotic_v17-v2/2510000/5766D657-670D-6448-8CAF-EC5D9C042A72.root.
%MSG
%MSG-w XrdAdaptorInternal:  file_open 05-Mar-2024 17:30:40 CET PostProcessEvent
Failed to open file at URL root://eoscms.cern.ch:1094//eos/cms/store/mc/RunIISummer20UL16MiniAODv2/DYJetsToLL_M-50_HT-1200to2500_TuneCP5_PSweights_13TeV-madgraphMLM-pythia8/MINIAODSIM/106X_mcRun2_asymptotic_v17-v2/2510000/5766D657-670D-6448-8CAF-EC5D9C042A72.root?tried=.
%MSG
05-Mar-2024 17:30:40 CET  Fallback request to file root://xrootd-cms.infn.it//store/mc/RunIISummer20UL16MiniAODv2/DYJetsToLL_M-50_HT-1200to2500_TuneCP5_PSweights_13TeV-madgraphMLM-pythia8/MINIAODSIM/106X_mcRun2_asymptotic_v17-v2/2510000/5766D657-670D-6448-8CAF-EC5D9C042A72.root
%MSG-w XrdAdaptor:  file_open 05-Mar-2024 17:30:52 CET PostProcessEvent
Data is served from fnal.gov instead of original site T2_FR_GRIF_LLR
%MSG
05-Mar-2024 17:30:52 CET  Successfully opened file root://xrootd-cms.infn.it//store/mc/RunIISummer20UL16MiniAODv2/DYJetsToLL_M-50_HT-1200to2500_TuneCP5_PSweights_13TeV-madgraphMLM-pythia8/MINIAODSIM/106X_mcRun2_asymptotic_v17-v2/2510000/5766D657-670D-6448-8CAF-EC5D9C042A72.root
05-Mar-2024 17:30:58 CET  Closed file root://xrootd-cms.infn.it//store/mc/RunIISummer20UL16MiniAODv2/DYJetsToLL_M-50_HT-1200to2500_TuneCP5_PSweights_13TeV-madgraphMLM-pythia8/MINIAODSIM/106X_mcRun2_asymptotic_v17-v2/2510000/5766D657-670D-6448-8CAF-EC5D9C042A72.root
05-Mar-2024 17:30:58 CET  Initiating request to open file root://eoscms.cern.ch//eos/cms/store/mc/RunIISummer20UL16MiniAODv2/DYJetsToLL_M-50_HT-1200to2500_TuneCP5_PSweights_13TeV-madgraphMLM-pythia8/MINIAODSIM/106X_mcRun2_asymptotic_v17-v2/260000/CECE9115-552F-C94E-9634-81253551EA2F.root
%MSG-w XrdAdaptorInternal:  file_open 05-Mar-2024 17:30:59 CET PostProcessEvent
Failed to open file at URL root://eoscms.cern.ch:1094//eos/cms/store/mc/RunIISummer20UL16MiniAODv2/DYJetsToLL_M-50_HT-1200to2500_TuneCP5_PSweights_13TeV-madgraphMLM-pythia8/MINIAODSIM/106X_mcRun2_asymptotic_v17-v2/260000/CECE9115-552F-C94E-9634-81253551EA2F.root.
%MSG
%MSG-w XrdAdaptorInternal:  file_open 05-Mar-2024 17:30:59 CET PostProcessEvent
Failed to open file at URL root://eoscms.cern.ch:1094//eos/cms/store/mc/RunIISummer20UL16MiniAODv2/DYJetsToLL_M-50_HT-1200to2500_TuneCP5_PSweights_13TeV-madgraphMLM-pythia8/MINIAODSIM/106X_mcRun2_asymptotic_v17-v2/260000/CECE9115-552F-C94E-9634-81253551EA2F.root?tried=.
%MSG
05-Mar-2024 17:30:59 CET  Fallback request to file root://xrootd-cms.infn.it//store/mc/RunIISummer20UL16MiniAODv2/DYJetsToLL_M-50_HT-1200to2500_TuneCP5_PSweights_13TeV-madgraphMLM-pythia8/MINIAODSIM/106X_mcRun2_asymptotic_v17-v2/260000/CECE9115-552F-C94E-9634-81253551EA2F.root
%MSG-w XrdAdaptor:  file_open 05-Mar-2024 17:31:13 CET PostProcessEvent
Data is served from T2_US_Caltech instead of original site T2_FR_GRIF_LLR
%MSG
05-Mar-2024 17:31:14 CET  Successfully opened file root://xrootd-cms.infn.it//store/mc/RunIISummer20UL16MiniAODv2/DYJetsToLL_M-50_HT-1200to2500_TuneCP5_PSweights_13TeV-madgraphMLM-pythia8/MINIAODSIM/106X_mcRun2_asymptotic_v17-v2/260000/CECE9115-552F-C94E-9634-81253551EA2F.root
      0.000313      0.000014      0.000322             1
      0.358980      0.002523      0.000322             3
      0.063331      0.001100      0.000322             2
      1.075480      0.004668      0.000322             4
 
05-Mar-2024 17:31:24 CET  Closed file root://xrootd-cms.infn.it//store/mc/RunIISummer20UL16MiniAODv2/DYJetsToLL_M-50_HT-1200to2500_TuneCP5_PSweights_13TeV-madgraphMLM-pythia8/MINIAODSIM/106X_mcRun2_asymptotic_v17-v2/260000/CECE9115-552F-C94E-9634-81253551EA2F.root

------------------------------------
GenXsecAnalyzer:
------------------------------------
-------------------------------------------------------------------------------------------------------------------------------------------------------------------------- 
Overall cross-section summary 
--------------------------------------------------------------------------------------------------------------------------------------------------------------------------
Process		xsec_before [pb]		passed	nposw	nnegw	tried	nposw	nnegw 	xsec_match [pb]			accepted [%]	 event_eff [%]
0		4.957e-04 +/- 2.933e-07		439	439	0	8237	8237	0	2.642e-05 +/- 1.227e-06		5.3 +/- 0.2	5.3 +/- 0.2
1		6.552e-02 +/- 1.571e-05		54682	54682	0	966855	966855	0	3.705e-03 +/- 1.542e-05		5.7 +/- 0.0	5.7 +/- 0.0
2		3.602e-01 +/- 3.595e-05		163784	163784	0	5378929	5378929	0	1.097e-02 +/- 2.671e-05		3.0 +/- 0.0	3.0 +/- 0.0
3		1.073e+00 +/- 6.748e-05		1751952	1751952	0	15824378	15824378	0	1.188e-01 +/- 8.495e-05		11.1 +/- 0.0	11.1 +/- 0.0
-------------------------------------------------------------------------------------------------------------------------------------------------------------------------- 
Total		1.499e+00 +/- 7.806e-05		1970857	1970857	0	22178399	22178399	0	1.332e-01 +/- 9.084e-05		8.9 +/- 0.0	8.9 +/- 0.0
--------------------------------------------------------------------------------------------------------------------------------------------------------------------------
Before matching: total cross section = 1.499e+00 +- 7.806e-05 pb
After matching: total cross section = 1.332e-01 +- 9.084e-05 pb
Matching efficiency = 0.1 +/- 0.0   [TO BE USED IN MCM]
Filter efficiency (taking into account weights)= (1.97086e+06) / (1.97086e+06) = 1.000e+00 +- 0.000e+00
Filter efficiency (event-level)= (1.97086e+06) / (1.97086e+06) = 1.000e+00 +- 0.000e+00    [TO BE USED IN MCM]

After filter: final cross section = 1.332e-01 +- 9.084e-05 pb
After filter: final fraction of events with negative weights = 0.000e+00 +- 0.000e+00
After filter: final equivalent lumi for 1M events (1/fb) = 7.507e+03 +- 9.086e+00

=============================================

MessageLogger Summary

 type     category        sev    module        subroutine        count    total
 ---- -------------------- -- ---------------- ----------------  -----    -----
    1 GenXSecAnalyzer      -w GenXSecAnalyzer:                      18       18
    2 XrdAdaptor           -w file_open                             43       43
    3 XrdAdaptorInternal   -w file_open                             87       87
    4 fileAction           -s file_close                            43       43
    5 fileAction           -s file_open                            129      129

 type    category    Examples: run/evt        run/evt          run/evt
 ---- -------------------- ---------------- ---------------- ----------------
    1 GenXSecAnalyzer      PostGlobalEndRun PostGlobalEndRun PostGlobalEndRun
    2 XrdAdaptor           pre-events       PostProcessEvent PostProcessEvent
    3 XrdAdaptorInternal   pre-events       pre-events       PostProcessEvent
    4 fileAction           PostProcessEvent PostProcessEvent PostGlobalEndRun
    5 fileAction           pre-events       pre-events       PostProcessEvent

Severity    # Occurrences   Total Occurrences
--------    -------------   -----------------
Warning               148                 148
System                172                 172

dropped waiting message count 0
