02-Mar-2024 12:26:08 CET  Initiating request to open file root://eoscms.cern.ch//eos/cms/store/mc/RunIISummer20UL16MiniAODv2/WWTo2L2Nu_TuneCP5_13TeV-powheg-pythia8/MINIAODSIM/106X_mcRun2_asymptotic_v17-v1/280000/9F63E5E6-C3D5-F24D-A1F2-636E936CAD23.root
%MSG-w XrdAdaptorInternal:  file_open 02-Mar-2024 12:26:10 CET pre-events
Failed to open file at URL root://eoscms.cern.ch:1094//eos/cms/store/mc/RunIISummer20UL16MiniAODv2/WWTo2L2Nu_TuneCP5_13TeV-powheg-pythia8/MINIAODSIM/106X_mcRun2_asymptotic_v17-v1/280000/9F63E5E6-C3D5-F24D-A1F2-636E936CAD23.root.
%MSG
%MSG-w XrdAdaptorInternal:  file_open 02-Mar-2024 12:26:10 CET pre-events
Failed to open file at URL root://eoscms.cern.ch:1094//eos/cms/store/mc/RunIISummer20UL16MiniAODv2/WWTo2L2Nu_TuneCP5_13TeV-powheg-pythia8/MINIAODSIM/106X_mcRun2_asymptotic_v17-v1/280000/9F63E5E6-C3D5-F24D-A1F2-636E936CAD23.root?tried=.
%MSG
02-Mar-2024 12:26:10 CET  Fallback request to file root://xrootd-cms.infn.it//store/mc/RunIISummer20UL16MiniAODv2/WWTo2L2Nu_TuneCP5_13TeV-powheg-pythia8/MINIAODSIM/106X_mcRun2_asymptotic_v17-v1/280000/9F63E5E6-C3D5-F24D-A1F2-636E936CAD23.root
Unable to load sec.protocol plugin libXrdSecztn.so
%MSG-w XrdAdaptor:  file_open 02-Mar-2024 12:26:32 CET pre-events
Data is served from fnal.gov instead of original site infn.it
%MSG
02-Mar-2024 12:26:39 CET  Successfully opened file root://xrootd-cms.infn.it//store/mc/RunIISummer20UL16MiniAODv2/WWTo2L2Nu_TuneCP5_13TeV-powheg-pythia8/MINIAODSIM/106X_mcRun2_asymptotic_v17-v1/280000/9F63E5E6-C3D5-F24D-A1F2-636E936CAD23.root
Unable to load sec.protocol plugin libXrdSecztn.so
Begin processing the 1st record. Run 1, Event 64007, LumiSection 65 on stream 0 at 02-Mar-2024 12:26:45.744 CET
02-Mar-2024 12:26:51 CET  Closed file root://xrootd-cms.infn.it//store/mc/RunIISummer20UL16MiniAODv2/WWTo2L2Nu_TuneCP5_13TeV-powheg-pythia8/MINIAODSIM/106X_mcRun2_asymptotic_v17-v1/280000/9F63E5E6-C3D5-F24D-A1F2-636E936CAD23.root
02-Mar-2024 12:26:51 CET  Initiating request to open file root://eoscms.cern.ch//eos/cms/store/mc/RunIISummer20UL16MiniAODv2/WWTo2L2Nu_TuneCP5_13TeV-powheg-pythia8/MINIAODSIM/106X_mcRun2_asymptotic_v17-v1/280000/888CA7E3-E942-444F-BC24-8EB4197CE5FA.root
%MSG-w XrdAdaptorInternal:  file_open 02-Mar-2024 12:26:52 CET PostProcessEvent
Failed to open file at URL root://eoscms.cern.ch:1094//eos/cms/store/mc/RunIISummer20UL16MiniAODv2/WWTo2L2Nu_TuneCP5_13TeV-powheg-pythia8/MINIAODSIM/106X_mcRun2_asymptotic_v17-v1/280000/888CA7E3-E942-444F-BC24-8EB4197CE5FA.root.
%MSG
%MSG-w XrdAdaptorInternal:  file_open 02-Mar-2024 12:26:52 CET PostProcessEvent
Failed to open file at URL root://eoscms.cern.ch:1094//eos/cms/store/mc/RunIISummer20UL16MiniAODv2/WWTo2L2Nu_TuneCP5_13TeV-powheg-pythia8/MINIAODSIM/106X_mcRun2_asymptotic_v17-v1/280000/888CA7E3-E942-444F-BC24-8EB4197CE5FA.root?tried=.
%MSG
02-Mar-2024 12:26:52 CET  Fallback request to file root://xrootd-cms.infn.it//store/mc/RunIISummer20UL16MiniAODv2/WWTo2L2Nu_TuneCP5_13TeV-powheg-pythia8/MINIAODSIM/106X_mcRun2_asymptotic_v17-v1/280000/888CA7E3-E942-444F-BC24-8EB4197CE5FA.root
%MSG-w XrdAdaptor:  file_open 02-Mar-2024 12:27:09 CET PostProcessEvent
Data is served from T2_US_Nebraska instead of original site infn.it
%MSG
02-Mar-2024 12:27:10 CET  Successfully opened file root://xrootd-cms.infn.it//store/mc/RunIISummer20UL16MiniAODv2/WWTo2L2Nu_TuneCP5_13TeV-powheg-pythia8/MINIAODSIM/106X_mcRun2_asymptotic_v17-v1/280000/888CA7E3-E942-444F-BC24-8EB4197CE5FA.root
02-Mar-2024 12:27:16 CET  Closed file root://xrootd-cms.infn.it//store/mc/RunIISummer20UL16MiniAODv2/WWTo2L2Nu_TuneCP5_13TeV-powheg-pythia8/MINIAODSIM/106X_mcRun2_asymptotic_v17-v1/280000/888CA7E3-E942-444F-BC24-8EB4197CE5FA.root
02-Mar-2024 12:27:16 CET  Initiating request to open file root://eoscms.cern.ch//eos/cms/store/mc/RunIISummer20UL16MiniAODv2/WWTo2L2Nu_TuneCP5_13TeV-powheg-pythia8/MINIAODSIM/106X_mcRun2_asymptotic_v17-v1/280000/F407D0AB-EC04-9244-ABCE-17FAC3C2C3F0.root
%MSG-w XrdAdaptorInternal:  file_open 02-Mar-2024 12:27:17 CET PostProcessEvent
Failed to open file at URL root://eoscms.cern.ch:1094//eos/cms/store/mc/RunIISummer20UL16MiniAODv2/WWTo2L2Nu_TuneCP5_13TeV-powheg-pythia8/MINIAODSIM/106X_mcRun2_asymptotic_v17-v1/280000/F407D0AB-EC04-9244-ABCE-17FAC3C2C3F0.root.
%MSG
%MSG-w XrdAdaptorInternal:  file_open 02-Mar-2024 12:27:17 CET PostProcessEvent
Failed to open file at URL root://eoscms.cern.ch:1094//eos/cms/store/mc/RunIISummer20UL16MiniAODv2/WWTo2L2Nu_TuneCP5_13TeV-powheg-pythia8/MINIAODSIM/106X_mcRun2_asymptotic_v17-v1/280000/F407D0AB-EC04-9244-ABCE-17FAC3C2C3F0.root?tried=.
%MSG
02-Mar-2024 12:27:17 CET  Fallback request to file root://xrootd-cms.infn.it//store/mc/RunIISummer20UL16MiniAODv2/WWTo2L2Nu_TuneCP5_13TeV-powheg-pythia8/MINIAODSIM/106X_mcRun2_asymptotic_v17-v1/280000/F407D0AB-EC04-9244-ABCE-17FAC3C2C3F0.root
%MSG-w XrdAdaptor:  file_open 02-Mar-2024 12:27:32 CET PostProcessEvent
Data is served from T2_US_Wisconsin instead of original site infn.it
%MSG
02-Mar-2024 12:27:32 CET  Successfully opened file root://xrootd-cms.infn.it//store/mc/RunIISummer20UL16MiniAODv2/WWTo2L2Nu_TuneCP5_13TeV-powheg-pythia8/MINIAODSIM/106X_mcRun2_asymptotic_v17-v1/280000/F407D0AB-EC04-9244-ABCE-17FAC3C2C3F0.root
Begin processing the 100001st record. Run 1, Event 984001, LumiSection 985 on stream 0 at 02-Mar-2024 12:27:41.108 CET
02-Mar-2024 12:27:42 CET  Closed file root://xrootd-cms.infn.it//store/mc/RunIISummer20UL16MiniAODv2/WWTo2L2Nu_TuneCP5_13TeV-powheg-pythia8/MINIAODSIM/106X_mcRun2_asymptotic_v17-v1/280000/F407D0AB-EC04-9244-ABCE-17FAC3C2C3F0.root
02-Mar-2024 12:27:42 CET  Initiating request to open file root://eoscms.cern.ch//eos/cms/store/mc/RunIISummer20UL16MiniAODv2/WWTo2L2Nu_TuneCP5_13TeV-powheg-pythia8/MINIAODSIM/106X_mcRun2_asymptotic_v17-v1/280000/EC32FD45-BCB2-EA4C-BDFC-471837A04305.root
%MSG-w XrdAdaptorInternal:  file_open 02-Mar-2024 12:27:43 CET PostProcessEvent
Failed to open file at URL root://eoscms.cern.ch:1094//eos/cms/store/mc/RunIISummer20UL16MiniAODv2/WWTo2L2Nu_TuneCP5_13TeV-powheg-pythia8/MINIAODSIM/106X_mcRun2_asymptotic_v17-v1/280000/EC32FD45-BCB2-EA4C-BDFC-471837A04305.root.
%MSG
%MSG-w XrdAdaptorInternal:  file_open 02-Mar-2024 12:27:43 CET PostProcessEvent
Failed to open file at URL root://eoscms.cern.ch:1094//eos/cms/store/mc/RunIISummer20UL16MiniAODv2/WWTo2L2Nu_TuneCP5_13TeV-powheg-pythia8/MINIAODSIM/106X_mcRun2_asymptotic_v17-v1/280000/EC32FD45-BCB2-EA4C-BDFC-471837A04305.root?tried=.
%MSG
02-Mar-2024 12:27:43 CET  Fallback request to file root://xrootd-cms.infn.it//store/mc/RunIISummer20UL16MiniAODv2/WWTo2L2Nu_TuneCP5_13TeV-powheg-pythia8/MINIAODSIM/106X_mcRun2_asymptotic_v17-v1/280000/EC32FD45-BCB2-EA4C-BDFC-471837A04305.root
%MSG-w XrdAdaptor:  file_open 02-Mar-2024 12:27:56 CET PostProcessEvent
Data is served from T2_US_Wisconsin instead of original site infn.it
%MSG
02-Mar-2024 12:27:57 CET  Successfully opened file root://xrootd-cms.infn.it//store/mc/RunIISummer20UL16MiniAODv2/WWTo2L2Nu_TuneCP5_13TeV-powheg-pythia8/MINIAODSIM/106X_mcRun2_asymptotic_v17-v1/280000/EC32FD45-BCB2-EA4C-BDFC-471837A04305.root
Begin processing the 200001st record. Run 1, Event 1228006, LumiSection 1229 on stream 0 at 02-Mar-2024 12:28:13.149 CET
02-Mar-2024 12:28:14 CET  Closed file root://xrootd-cms.infn.it//store/mc/RunIISummer20UL16MiniAODv2/WWTo2L2Nu_TuneCP5_13TeV-powheg-pythia8/MINIAODSIM/106X_mcRun2_asymptotic_v17-v1/280000/EC32FD45-BCB2-EA4C-BDFC-471837A04305.root
02-Mar-2024 12:28:14 CET  Initiating request to open file root://eoscms.cern.ch//eos/cms/store/mc/RunIISummer20UL16MiniAODv2/WWTo2L2Nu_TuneCP5_13TeV-powheg-pythia8/MINIAODSIM/106X_mcRun2_asymptotic_v17-v1/280000/D3DE06B1-0EC3-8246-A1E8-3942ED5DDFF3.root
%MSG-w XrdAdaptorInternal:  file_open 02-Mar-2024 12:28:15 CET PostProcessEvent
Failed to open file at URL root://eoscms.cern.ch:1094//eos/cms/store/mc/RunIISummer20UL16MiniAODv2/WWTo2L2Nu_TuneCP5_13TeV-powheg-pythia8/MINIAODSIM/106X_mcRun2_asymptotic_v17-v1/280000/D3DE06B1-0EC3-8246-A1E8-3942ED5DDFF3.root.
%MSG
%MSG-w XrdAdaptorInternal:  file_open 02-Mar-2024 12:28:15 CET PostProcessEvent
Failed to open file at URL root://eoscms.cern.ch:1094//eos/cms/store/mc/RunIISummer20UL16MiniAODv2/WWTo2L2Nu_TuneCP5_13TeV-powheg-pythia8/MINIAODSIM/106X_mcRun2_asymptotic_v17-v1/280000/D3DE06B1-0EC3-8246-A1E8-3942ED5DDFF3.root?tried=.
%MSG
02-Mar-2024 12:28:15 CET  Fallback request to file root://xrootd-cms.infn.it//store/mc/RunIISummer20UL16MiniAODv2/WWTo2L2Nu_TuneCP5_13TeV-powheg-pythia8/MINIAODSIM/106X_mcRun2_asymptotic_v17-v1/280000/D3DE06B1-0EC3-8246-A1E8-3942ED5DDFF3.root
%MSG-w XrdAdaptor:  file_open 02-Mar-2024 12:28:27 CET PostProcessEvent
Data is served from fnal.gov instead of original site infn.it
%MSG
02-Mar-2024 12:28:27 CET  Successfully opened file root://xrootd-cms.infn.it//store/mc/RunIISummer20UL16MiniAODv2/WWTo2L2Nu_TuneCP5_13TeV-powheg-pythia8/MINIAODSIM/106X_mcRun2_asymptotic_v17-v1/280000/D3DE06B1-0EC3-8246-A1E8-3942ED5DDFF3.root
Unable to load sec.protocol plugin libXrdSecztn.so
02-Mar-2024 12:28:39 CET  Closed file root://xrootd-cms.infn.it//store/mc/RunIISummer20UL16MiniAODv2/WWTo2L2Nu_TuneCP5_13TeV-powheg-pythia8/MINIAODSIM/106X_mcRun2_asymptotic_v17-v1/280000/D3DE06B1-0EC3-8246-A1E8-3942ED5DDFF3.root
02-Mar-2024 12:28:39 CET  Initiating request to open file root://eoscms.cern.ch//eos/cms/store/mc/RunIISummer20UL16MiniAODv2/WWTo2L2Nu_TuneCP5_13TeV-powheg-pythia8/MINIAODSIM/106X_mcRun2_asymptotic_v17-v1/270000/1B8F9F83-EE17-4541-967D-FCC0DFFBCAF2.root
%MSG-w XrdAdaptorInternal:  file_open 02-Mar-2024 12:28:40 CET PostProcessEvent
Failed to open file at URL root://eoscms.cern.ch:1094//eos/cms/store/mc/RunIISummer20UL16MiniAODv2/WWTo2L2Nu_TuneCP5_13TeV-powheg-pythia8/MINIAODSIM/106X_mcRun2_asymptotic_v17-v1/270000/1B8F9F83-EE17-4541-967D-FCC0DFFBCAF2.root.
%MSG
%MSG-w XrdAdaptorInternal:  file_open 02-Mar-2024 12:28:40 CET PostProcessEvent
Failed to open file at URL root://eoscms.cern.ch:1094//eos/cms/store/mc/RunIISummer20UL16MiniAODv2/WWTo2L2Nu_TuneCP5_13TeV-powheg-pythia8/MINIAODSIM/106X_mcRun2_asymptotic_v17-v1/270000/1B8F9F83-EE17-4541-967D-FCC0DFFBCAF2.root?tried=.
%MSG
02-Mar-2024 12:28:40 CET  Fallback request to file root://xrootd-cms.infn.it//store/mc/RunIISummer20UL16MiniAODv2/WWTo2L2Nu_TuneCP5_13TeV-powheg-pythia8/MINIAODSIM/106X_mcRun2_asymptotic_v17-v1/270000/1B8F9F83-EE17-4541-967D-FCC0DFFBCAF2.root
%MSG-w XrdAdaptor:  file_open 02-Mar-2024 12:28:53 CET PostProcessEvent
Data is served from fnal.gov instead of original site infn.it
%MSG
02-Mar-2024 12:28:53 CET  Successfully opened file root://xrootd-cms.infn.it//store/mc/RunIISummer20UL16MiniAODv2/WWTo2L2Nu_TuneCP5_13TeV-powheg-pythia8/MINIAODSIM/106X_mcRun2_asymptotic_v17-v1/270000/1B8F9F83-EE17-4541-967D-FCC0DFFBCAF2.root
Begin processing the 300001st record. Run 1, Event 1043002, LumiSection 1044 on stream 0 at 02-Mar-2024 12:29:00.329 CET
02-Mar-2024 12:29:03 CET  Closed file root://xrootd-cms.infn.it//store/mc/RunIISummer20UL16MiniAODv2/WWTo2L2Nu_TuneCP5_13TeV-powheg-pythia8/MINIAODSIM/106X_mcRun2_asymptotic_v17-v1/270000/1B8F9F83-EE17-4541-967D-FCC0DFFBCAF2.root
02-Mar-2024 12:29:03 CET  Initiating request to open file root://eoscms.cern.ch//eos/cms/store/mc/RunIISummer20UL16MiniAODv2/WWTo2L2Nu_TuneCP5_13TeV-powheg-pythia8/MINIAODSIM/106X_mcRun2_asymptotic_v17-v1/130000/98AFF0C9-01D8-BB4D-9BA7-6F94E93F5DE3.root
%MSG-w XrdAdaptorInternal:  file_open 02-Mar-2024 12:29:04 CET PostProcessEvent
Failed to open file at URL root://eoscms.cern.ch:1094//eos/cms/store/mc/RunIISummer20UL16MiniAODv2/WWTo2L2Nu_TuneCP5_13TeV-powheg-pythia8/MINIAODSIM/106X_mcRun2_asymptotic_v17-v1/130000/98AFF0C9-01D8-BB4D-9BA7-6F94E93F5DE3.root.
%MSG
%MSG-w XrdAdaptorInternal:  file_open 02-Mar-2024 12:29:04 CET PostProcessEvent
Failed to open file at URL root://eoscms.cern.ch:1094//eos/cms/store/mc/RunIISummer20UL16MiniAODv2/WWTo2L2Nu_TuneCP5_13TeV-powheg-pythia8/MINIAODSIM/106X_mcRun2_asymptotic_v17-v1/130000/98AFF0C9-01D8-BB4D-9BA7-6F94E93F5DE3.root?tried=.
%MSG
02-Mar-2024 12:29:04 CET  Fallback request to file root://xrootd-cms.infn.it//store/mc/RunIISummer20UL16MiniAODv2/WWTo2L2Nu_TuneCP5_13TeV-powheg-pythia8/MINIAODSIM/106X_mcRun2_asymptotic_v17-v1/130000/98AFF0C9-01D8-BB4D-9BA7-6F94E93F5DE3.root
%MSG-w XrdAdaptor:  file_open 02-Mar-2024 12:29:27 CET PostProcessEvent
Data is served from fnal.gov instead of original site infn.it
%MSG
02-Mar-2024 12:29:27 CET  Successfully opened file root://xrootd-cms.infn.it//store/mc/RunIISummer20UL16MiniAODv2/WWTo2L2Nu_TuneCP5_13TeV-powheg-pythia8/MINIAODSIM/106X_mcRun2_asymptotic_v17-v1/130000/98AFF0C9-01D8-BB4D-9BA7-6F94E93F5DE3.root
Begin processing the 400001st record. Run 1, Event 1460011, LumiSection 1461 on stream 0 at 02-Mar-2024 12:29:40.973 CET
02-Mar-2024 12:29:42 CET  Closed file root://xrootd-cms.infn.it//store/mc/RunIISummer20UL16MiniAODv2/WWTo2L2Nu_TuneCP5_13TeV-powheg-pythia8/MINIAODSIM/106X_mcRun2_asymptotic_v17-v1/130000/98AFF0C9-01D8-BB4D-9BA7-6F94E93F5DE3.root
02-Mar-2024 12:29:42 CET  Initiating request to open file root://eoscms.cern.ch//eos/cms/store/mc/RunIISummer20UL16MiniAODv2/WWTo2L2Nu_TuneCP5_13TeV-powheg-pythia8/MINIAODSIM/106X_mcRun2_asymptotic_v17-v1/280000/651D49A2-19CE-9C41-8BCE-45381635F2C4.root
%MSG-w XrdAdaptorInternal:  file_open 02-Mar-2024 12:29:43 CET PostProcessEvent
Failed to open file at URL root://eoscms.cern.ch:1094//eos/cms/store/mc/RunIISummer20UL16MiniAODv2/WWTo2L2Nu_TuneCP5_13TeV-powheg-pythia8/MINIAODSIM/106X_mcRun2_asymptotic_v17-v1/280000/651D49A2-19CE-9C41-8BCE-45381635F2C4.root.
%MSG
%MSG-w XrdAdaptorInternal:  file_open 02-Mar-2024 12:29:43 CET PostProcessEvent
Failed to open file at URL root://eoscms.cern.ch:1094//eos/cms/store/mc/RunIISummer20UL16MiniAODv2/WWTo2L2Nu_TuneCP5_13TeV-powheg-pythia8/MINIAODSIM/106X_mcRun2_asymptotic_v17-v1/280000/651D49A2-19CE-9C41-8BCE-45381635F2C4.root?tried=.
%MSG
02-Mar-2024 12:29:43 CET  Fallback request to file root://xrootd-cms.infn.it//store/mc/RunIISummer20UL16MiniAODv2/WWTo2L2Nu_TuneCP5_13TeV-powheg-pythia8/MINIAODSIM/106X_mcRun2_asymptotic_v17-v1/280000/651D49A2-19CE-9C41-8BCE-45381635F2C4.root
%MSG-w XrdAdaptor:  file_open 02-Mar-2024 12:29:56 CET PostProcessEvent
Data is served from fnal.gov instead of original site infn.it
%MSG
02-Mar-2024 12:29:56 CET  Successfully opened file root://xrootd-cms.infn.it//store/mc/RunIISummer20UL16MiniAODv2/WWTo2L2Nu_TuneCP5_13TeV-powheg-pythia8/MINIAODSIM/106X_mcRun2_asymptotic_v17-v1/280000/651D49A2-19CE-9C41-8BCE-45381635F2C4.root
02-Mar-2024 12:30:02 CET  Closed file root://xrootd-cms.infn.it//store/mc/RunIISummer20UL16MiniAODv2/WWTo2L2Nu_TuneCP5_13TeV-powheg-pythia8/MINIAODSIM/106X_mcRun2_asymptotic_v17-v1/280000/651D49A2-19CE-9C41-8BCE-45381635F2C4.root
02-Mar-2024 12:30:02 CET  Initiating request to open file root://eoscms.cern.ch//eos/cms/store/mc/RunIISummer20UL16MiniAODv2/WWTo2L2Nu_TuneCP5_13TeV-powheg-pythia8/MINIAODSIM/106X_mcRun2_asymptotic_v17-v1/280000/446B0B40-680C-654E-A85F-D4F2F6AEFAFD.root
%MSG-w XrdAdaptorInternal:  file_open 02-Mar-2024 12:30:03 CET PostProcessEvent
Failed to open file at URL root://eoscms.cern.ch:1094//eos/cms/store/mc/RunIISummer20UL16MiniAODv2/WWTo2L2Nu_TuneCP5_13TeV-powheg-pythia8/MINIAODSIM/106X_mcRun2_asymptotic_v17-v1/280000/446B0B40-680C-654E-A85F-D4F2F6AEFAFD.root.
%MSG
%MSG-w XrdAdaptorInternal:  file_open 02-Mar-2024 12:30:03 CET PostProcessEvent
Failed to open file at URL root://eoscms.cern.ch:1094//eos/cms/store/mc/RunIISummer20UL16MiniAODv2/WWTo2L2Nu_TuneCP5_13TeV-powheg-pythia8/MINIAODSIM/106X_mcRun2_asymptotic_v17-v1/280000/446B0B40-680C-654E-A85F-D4F2F6AEFAFD.root?tried=.
%MSG
02-Mar-2024 12:30:03 CET  Fallback request to file root://xrootd-cms.infn.it//store/mc/RunIISummer20UL16MiniAODv2/WWTo2L2Nu_TuneCP5_13TeV-powheg-pythia8/MINIAODSIM/106X_mcRun2_asymptotic_v17-v1/280000/446B0B40-680C-654E-A85F-D4F2F6AEFAFD.root
Unable to load sec.protocol plugin libXrdSecztn.so
%MSG-w XrdAdaptor:  file_open 02-Mar-2024 12:30:27 CET PostProcessEvent
Data is served from fnal.gov instead of original site infn.it
%MSG
02-Mar-2024 12:30:28 CET  Successfully opened file root://xrootd-cms.infn.it//store/mc/RunIISummer20UL16MiniAODv2/WWTo2L2Nu_TuneCP5_13TeV-powheg-pythia8/MINIAODSIM/106X_mcRun2_asymptotic_v17-v1/280000/446B0B40-680C-654E-A85F-D4F2F6AEFAFD.root
Begin processing the 500001st record. Run 1, Event 2043008, LumiSection 2044 on stream 0 at 02-Mar-2024 12:30:39.508 CET
02-Mar-2024 12:30:42 CET  Closed file root://xrootd-cms.infn.it//store/mc/RunIISummer20UL16MiniAODv2/WWTo2L2Nu_TuneCP5_13TeV-powheg-pythia8/MINIAODSIM/106X_mcRun2_asymptotic_v17-v1/280000/446B0B40-680C-654E-A85F-D4F2F6AEFAFD.root
02-Mar-2024 12:30:42 CET  Initiating request to open file root://eoscms.cern.ch//eos/cms/store/mc/RunIISummer20UL16MiniAODv2/WWTo2L2Nu_TuneCP5_13TeV-powheg-pythia8/MINIAODSIM/106X_mcRun2_asymptotic_v17-v1/280000/7073E121-5BD4-264B-BF63-8FDBE14E5973.root
%MSG-w XrdAdaptorInternal:  file_open 02-Mar-2024 12:30:43 CET PostProcessEvent
Failed to open file at URL root://eoscms.cern.ch:1094//eos/cms/store/mc/RunIISummer20UL16MiniAODv2/WWTo2L2Nu_TuneCP5_13TeV-powheg-pythia8/MINIAODSIM/106X_mcRun2_asymptotic_v17-v1/280000/7073E121-5BD4-264B-BF63-8FDBE14E5973.root.
%MSG
%MSG-w XrdAdaptorInternal:  file_open 02-Mar-2024 12:30:43 CET PostProcessEvent
Failed to open file at URL root://eoscms.cern.ch:1094//eos/cms/store/mc/RunIISummer20UL16MiniAODv2/WWTo2L2Nu_TuneCP5_13TeV-powheg-pythia8/MINIAODSIM/106X_mcRun2_asymptotic_v17-v1/280000/7073E121-5BD4-264B-BF63-8FDBE14E5973.root?tried=.
%MSG
02-Mar-2024 12:30:43 CET  Fallback request to file root://xrootd-cms.infn.it//store/mc/RunIISummer20UL16MiniAODv2/WWTo2L2Nu_TuneCP5_13TeV-powheg-pythia8/MINIAODSIM/106X_mcRun2_asymptotic_v17-v1/280000/7073E121-5BD4-264B-BF63-8FDBE14E5973.root
%MSG-w XrdAdaptor:  file_open 02-Mar-2024 12:30:56 CET PostProcessEvent
Data is served from fnal.gov instead of original site infn.it
%MSG
02-Mar-2024 12:30:57 CET  Successfully opened file root://xrootd-cms.infn.it//store/mc/RunIISummer20UL16MiniAODv2/WWTo2L2Nu_TuneCP5_13TeV-powheg-pythia8/MINIAODSIM/106X_mcRun2_asymptotic_v17-v1/280000/7073E121-5BD4-264B-BF63-8FDBE14E5973.root
Begin processing the 600001st record. Run 1, Event 1558020, LumiSection 1559 on stream 0 at 02-Mar-2024 12:31:07.541 CET
02-Mar-2024 12:31:08 CET  Closed file root://xrootd-cms.infn.it//store/mc/RunIISummer20UL16MiniAODv2/WWTo2L2Nu_TuneCP5_13TeV-powheg-pythia8/MINIAODSIM/106X_mcRun2_asymptotic_v17-v1/280000/7073E121-5BD4-264B-BF63-8FDBE14E5973.root
02-Mar-2024 12:31:08 CET  Initiating request to open file root://eoscms.cern.ch//eos/cms/store/mc/RunIISummer20UL16MiniAODv2/WWTo2L2Nu_TuneCP5_13TeV-powheg-pythia8/MINIAODSIM/106X_mcRun2_asymptotic_v17-v1/280000/A2A2ED8D-E69D-D044-9FA2-8136E7F666C6.root
%MSG-w XrdAdaptorInternal:  file_open 02-Mar-2024 12:31:09 CET PostProcessEvent
Failed to open file at URL root://eoscms.cern.ch:1094//eos/cms/store/mc/RunIISummer20UL16MiniAODv2/WWTo2L2Nu_TuneCP5_13TeV-powheg-pythia8/MINIAODSIM/106X_mcRun2_asymptotic_v17-v1/280000/A2A2ED8D-E69D-D044-9FA2-8136E7F666C6.root.
%MSG
%MSG-w XrdAdaptorInternal:  file_open 02-Mar-2024 12:31:09 CET PostProcessEvent
Failed to open file at URL root://eoscms.cern.ch:1094//eos/cms/store/mc/RunIISummer20UL16MiniAODv2/WWTo2L2Nu_TuneCP5_13TeV-powheg-pythia8/MINIAODSIM/106X_mcRun2_asymptotic_v17-v1/280000/A2A2ED8D-E69D-D044-9FA2-8136E7F666C6.root?tried=.
%MSG
02-Mar-2024 12:31:09 CET  Fallback request to file root://xrootd-cms.infn.it//store/mc/RunIISummer20UL16MiniAODv2/WWTo2L2Nu_TuneCP5_13TeV-powheg-pythia8/MINIAODSIM/106X_mcRun2_asymptotic_v17-v1/280000/A2A2ED8D-E69D-D044-9FA2-8136E7F666C6.root
%MSG-w XrdAdaptor:  file_open 02-Mar-2024 12:31:26 CET PostProcessEvent
Data is served from fnal.gov instead of original site infn.it
%MSG
02-Mar-2024 12:31:26 CET  Successfully opened file root://xrootd-cms.infn.it//store/mc/RunIISummer20UL16MiniAODv2/WWTo2L2Nu_TuneCP5_13TeV-powheg-pythia8/MINIAODSIM/106X_mcRun2_asymptotic_v17-v1/280000/A2A2ED8D-E69D-D044-9FA2-8136E7F666C6.root
02-Mar-2024 12:31:37 CET  Closed file root://xrootd-cms.infn.it//store/mc/RunIISummer20UL16MiniAODv2/WWTo2L2Nu_TuneCP5_13TeV-powheg-pythia8/MINIAODSIM/106X_mcRun2_asymptotic_v17-v1/280000/A2A2ED8D-E69D-D044-9FA2-8136E7F666C6.root
02-Mar-2024 12:31:37 CET  Initiating request to open file root://eoscms.cern.ch//eos/cms/store/mc/RunIISummer20UL16MiniAODv2/WWTo2L2Nu_TuneCP5_13TeV-powheg-pythia8/MINIAODSIM/106X_mcRun2_asymptotic_v17-v1/280000/6E9816EB-0773-D64A-95F8-DD92EE5D64E1.root
%MSG-w XrdAdaptorInternal:  file_open 02-Mar-2024 12:31:38 CET PostProcessEvent
Failed to open file at URL root://eoscms.cern.ch:1094//eos/cms/store/mc/RunIISummer20UL16MiniAODv2/WWTo2L2Nu_TuneCP5_13TeV-powheg-pythia8/MINIAODSIM/106X_mcRun2_asymptotic_v17-v1/280000/6E9816EB-0773-D64A-95F8-DD92EE5D64E1.root.
%MSG
%MSG-w XrdAdaptorInternal:  file_open 02-Mar-2024 12:31:38 CET PostProcessEvent
Failed to open file at URL root://eoscms.cern.ch:1094//eos/cms/store/mc/RunIISummer20UL16MiniAODv2/WWTo2L2Nu_TuneCP5_13TeV-powheg-pythia8/MINIAODSIM/106X_mcRun2_asymptotic_v17-v1/280000/6E9816EB-0773-D64A-95F8-DD92EE5D64E1.root?tried=.
%MSG
02-Mar-2024 12:31:38 CET  Fallback request to file root://xrootd-cms.infn.it//store/mc/RunIISummer20UL16MiniAODv2/WWTo2L2Nu_TuneCP5_13TeV-powheg-pythia8/MINIAODSIM/106X_mcRun2_asymptotic_v17-v1/280000/6E9816EB-0773-D64A-95F8-DD92EE5D64E1.root
%MSG-w XrdAdaptor:  file_open 02-Mar-2024 12:31:50 CET PostProcessEvent
Data is served from fnal.gov instead of original site infn.it
%MSG
02-Mar-2024 12:31:50 CET  Successfully opened file root://xrootd-cms.infn.it//store/mc/RunIISummer20UL16MiniAODv2/WWTo2L2Nu_TuneCP5_13TeV-powheg-pythia8/MINIAODSIM/106X_mcRun2_asymptotic_v17-v1/280000/6E9816EB-0773-D64A-95F8-DD92EE5D64E1.root
Begin processing the 700001st record. Run 1, Event 185008, LumiSection 186 on stream 0 at 02-Mar-2024 12:31:59.621 CET
02-Mar-2024 12:32:02 CET  Closed file root://xrootd-cms.infn.it//store/mc/RunIISummer20UL16MiniAODv2/WWTo2L2Nu_TuneCP5_13TeV-powheg-pythia8/MINIAODSIM/106X_mcRun2_asymptotic_v17-v1/280000/6E9816EB-0773-D64A-95F8-DD92EE5D64E1.root
02-Mar-2024 12:32:02 CET  Initiating request to open file root://eoscms.cern.ch//eos/cms/store/mc/RunIISummer20UL16MiniAODv2/WWTo2L2Nu_TuneCP5_13TeV-powheg-pythia8/MINIAODSIM/106X_mcRun2_asymptotic_v17-v1/280000/31ECBE28-63A2-884C-BEEE-5913BEE236D7.root
%MSG-w XrdAdaptorInternal:  file_open 02-Mar-2024 12:32:03 CET PostProcessEvent
Failed to open file at URL root://eoscms.cern.ch:1094//eos/cms/store/mc/RunIISummer20UL16MiniAODv2/WWTo2L2Nu_TuneCP5_13TeV-powheg-pythia8/MINIAODSIM/106X_mcRun2_asymptotic_v17-v1/280000/31ECBE28-63A2-884C-BEEE-5913BEE236D7.root.
%MSG
%MSG-w XrdAdaptorInternal:  file_open 02-Mar-2024 12:32:03 CET PostProcessEvent
Failed to open file at URL root://eoscms.cern.ch:1094//eos/cms/store/mc/RunIISummer20UL16MiniAODv2/WWTo2L2Nu_TuneCP5_13TeV-powheg-pythia8/MINIAODSIM/106X_mcRun2_asymptotic_v17-v1/280000/31ECBE28-63A2-884C-BEEE-5913BEE236D7.root?tried=.
%MSG
02-Mar-2024 12:32:03 CET  Fallback request to file root://xrootd-cms.infn.it//store/mc/RunIISummer20UL16MiniAODv2/WWTo2L2Nu_TuneCP5_13TeV-powheg-pythia8/MINIAODSIM/106X_mcRun2_asymptotic_v17-v1/280000/31ECBE28-63A2-884C-BEEE-5913BEE236D7.root
%MSG-w XrdAdaptor:  file_open 02-Mar-2024 12:32:25 CET PostProcessEvent
Data is served from fnal.gov instead of original site infn.it
%MSG
02-Mar-2024 12:32:25 CET  Successfully opened file root://xrootd-cms.infn.it//store/mc/RunIISummer20UL16MiniAODv2/WWTo2L2Nu_TuneCP5_13TeV-powheg-pythia8/MINIAODSIM/106X_mcRun2_asymptotic_v17-v1/280000/31ECBE28-63A2-884C-BEEE-5913BEE236D7.root
Begin processing the 800001st record. Run 1, Event 2638010, LumiSection 2639 on stream 0 at 02-Mar-2024 12:32:37.854 CET
02-Mar-2024 12:32:38 CET  Closed file root://xrootd-cms.infn.it//store/mc/RunIISummer20UL16MiniAODv2/WWTo2L2Nu_TuneCP5_13TeV-powheg-pythia8/MINIAODSIM/106X_mcRun2_asymptotic_v17-v1/280000/31ECBE28-63A2-884C-BEEE-5913BEE236D7.root
02-Mar-2024 12:32:38 CET  Initiating request to open file root://eoscms.cern.ch//eos/cms/store/mc/RunIISummer20UL16MiniAODv2/WWTo2L2Nu_TuneCP5_13TeV-powheg-pythia8/MINIAODSIM/106X_mcRun2_asymptotic_v17-v1/280000/4F2D983A-FC42-414F-886F-C071555DF7F7.root
%MSG-w XrdAdaptorInternal:  file_open 02-Mar-2024 12:32:39 CET PostProcessEvent
Failed to open file at URL root://eoscms.cern.ch:1094//eos/cms/store/mc/RunIISummer20UL16MiniAODv2/WWTo2L2Nu_TuneCP5_13TeV-powheg-pythia8/MINIAODSIM/106X_mcRun2_asymptotic_v17-v1/280000/4F2D983A-FC42-414F-886F-C071555DF7F7.root.
%MSG
%MSG-w XrdAdaptorInternal:  file_open 02-Mar-2024 12:32:39 CET PostProcessEvent
Failed to open file at URL root://eoscms.cern.ch:1094//eos/cms/store/mc/RunIISummer20UL16MiniAODv2/WWTo2L2Nu_TuneCP5_13TeV-powheg-pythia8/MINIAODSIM/106X_mcRun2_asymptotic_v17-v1/280000/4F2D983A-FC42-414F-886F-C071555DF7F7.root?tried=.
%MSG
02-Mar-2024 12:32:39 CET  Fallback request to file root://xrootd-cms.infn.it//store/mc/RunIISummer20UL16MiniAODv2/WWTo2L2Nu_TuneCP5_13TeV-powheg-pythia8/MINIAODSIM/106X_mcRun2_asymptotic_v17-v1/280000/4F2D983A-FC42-414F-886F-C071555DF7F7.root
%MSG-w XrdAdaptor:  file_open 02-Mar-2024 12:32:52 CET PostProcessEvent
Data is served from fnal.gov instead of original site infn.it
%MSG
02-Mar-2024 12:32:52 CET  Successfully opened file root://xrootd-cms.infn.it//store/mc/RunIISummer20UL16MiniAODv2/WWTo2L2Nu_TuneCP5_13TeV-powheg-pythia8/MINIAODSIM/106X_mcRun2_asymptotic_v17-v1/280000/4F2D983A-FC42-414F-886F-C071555DF7F7.root
02-Mar-2024 12:33:01 CET  Closed file root://xrootd-cms.infn.it//store/mc/RunIISummer20UL16MiniAODv2/WWTo2L2Nu_TuneCP5_13TeV-powheg-pythia8/MINIAODSIM/106X_mcRun2_asymptotic_v17-v1/280000/4F2D983A-FC42-414F-886F-C071555DF7F7.root
02-Mar-2024 12:33:01 CET  Initiating request to open file root://eoscms.cern.ch//eos/cms/store/mc/RunIISummer20UL16MiniAODv2/WWTo2L2Nu_TuneCP5_13TeV-powheg-pythia8/MINIAODSIM/106X_mcRun2_asymptotic_v17-v1/280000/215109BD-89F0-AB40-B2BF-4019842347F3.root
%MSG-w XrdAdaptorInternal:  file_open 02-Mar-2024 12:33:02 CET PostProcessEvent
Failed to open file at URL root://eoscms.cern.ch:1094//eos/cms/store/mc/RunIISummer20UL16MiniAODv2/WWTo2L2Nu_TuneCP5_13TeV-powheg-pythia8/MINIAODSIM/106X_mcRun2_asymptotic_v17-v1/280000/215109BD-89F0-AB40-B2BF-4019842347F3.root.
%MSG
%MSG-w XrdAdaptorInternal:  file_open 02-Mar-2024 12:33:02 CET PostProcessEvent
Failed to open file at URL root://eoscms.cern.ch:1094//eos/cms/store/mc/RunIISummer20UL16MiniAODv2/WWTo2L2Nu_TuneCP5_13TeV-powheg-pythia8/MINIAODSIM/106X_mcRun2_asymptotic_v17-v1/280000/215109BD-89F0-AB40-B2BF-4019842347F3.root?tried=.
%MSG
02-Mar-2024 12:33:02 CET  Fallback request to file root://xrootd-cms.infn.it//store/mc/RunIISummer20UL16MiniAODv2/WWTo2L2Nu_TuneCP5_13TeV-powheg-pythia8/MINIAODSIM/106X_mcRun2_asymptotic_v17-v1/280000/215109BD-89F0-AB40-B2BF-4019842347F3.root
%MSG-w XrdAdaptor:  file_open 02-Mar-2024 12:33:25 CET PostProcessEvent
Data is served from fnal.gov instead of original site infn.it
%MSG
02-Mar-2024 12:33:25 CET  Successfully opened file root://xrootd-cms.infn.it//store/mc/RunIISummer20UL16MiniAODv2/WWTo2L2Nu_TuneCP5_13TeV-powheg-pythia8/MINIAODSIM/106X_mcRun2_asymptotic_v17-v1/280000/215109BD-89F0-AB40-B2BF-4019842347F3.root
02-Mar-2024 12:33:30 CET  Closed file root://xrootd-cms.infn.it//store/mc/RunIISummer20UL16MiniAODv2/WWTo2L2Nu_TuneCP5_13TeV-powheg-pythia8/MINIAODSIM/106X_mcRun2_asymptotic_v17-v1/280000/215109BD-89F0-AB40-B2BF-4019842347F3.root
02-Mar-2024 12:33:30 CET  Initiating request to open file root://eoscms.cern.ch//eos/cms/store/mc/RunIISummer20UL16MiniAODv2/WWTo2L2Nu_TuneCP5_13TeV-powheg-pythia8/MINIAODSIM/106X_mcRun2_asymptotic_v17-v1/120000/79270599-A9C7-6A4A-808D-AB230EEC0FFE.root
%MSG-w XrdAdaptorInternal:  file_open 02-Mar-2024 12:33:31 CET PostProcessEvent
Failed to open file at URL root://eoscms.cern.ch:1094//eos/cms/store/mc/RunIISummer20UL16MiniAODv2/WWTo2L2Nu_TuneCP5_13TeV-powheg-pythia8/MINIAODSIM/106X_mcRun2_asymptotic_v17-v1/120000/79270599-A9C7-6A4A-808D-AB230EEC0FFE.root.
%MSG
%MSG-w XrdAdaptorInternal:  file_open 02-Mar-2024 12:33:31 CET PostProcessEvent
Failed to open file at URL root://eoscms.cern.ch:1094//eos/cms/store/mc/RunIISummer20UL16MiniAODv2/WWTo2L2Nu_TuneCP5_13TeV-powheg-pythia8/MINIAODSIM/106X_mcRun2_asymptotic_v17-v1/120000/79270599-A9C7-6A4A-808D-AB230EEC0FFE.root?tried=.
%MSG
02-Mar-2024 12:33:31 CET  Fallback request to file root://xrootd-cms.infn.it//store/mc/RunIISummer20UL16MiniAODv2/WWTo2L2Nu_TuneCP5_13TeV-powheg-pythia8/MINIAODSIM/106X_mcRun2_asymptotic_v17-v1/120000/79270599-A9C7-6A4A-808D-AB230EEC0FFE.root
%MSG-w XrdAdaptor:  file_open 02-Mar-2024 12:33:44 CET PostProcessEvent
Data is served from fnal.gov instead of original site infn.it
%MSG
02-Mar-2024 12:33:44 CET  Successfully opened file root://xrootd-cms.infn.it//store/mc/RunIISummer20UL16MiniAODv2/WWTo2L2Nu_TuneCP5_13TeV-powheg-pythia8/MINIAODSIM/106X_mcRun2_asymptotic_v17-v1/120000/79270599-A9C7-6A4A-808D-AB230EEC0FFE.root
Begin processing the 900001st record. Run 1, Event 2381011, LumiSection 2382 on stream 0 at 02-Mar-2024 12:33:53.216 CET
02-Mar-2024 12:33:55 CET  Closed file root://xrootd-cms.infn.it//store/mc/RunIISummer20UL16MiniAODv2/WWTo2L2Nu_TuneCP5_13TeV-powheg-pythia8/MINIAODSIM/106X_mcRun2_asymptotic_v17-v1/120000/79270599-A9C7-6A4A-808D-AB230EEC0FFE.root
02-Mar-2024 12:33:55 CET  Initiating request to open file root://eoscms.cern.ch//eos/cms/store/mc/RunIISummer20UL16MiniAODv2/WWTo2L2Nu_TuneCP5_13TeV-powheg-pythia8/MINIAODSIM/106X_mcRun2_asymptotic_v17-v1/130000/2DDB4B14-2AF2-2845-83EF-3E82E42D1003.root
%MSG-w XrdAdaptorInternal:  file_open 02-Mar-2024 12:33:56 CET PostProcessEvent
Failed to open file at URL root://eoscms.cern.ch:1094//eos/cms/store/mc/RunIISummer20UL16MiniAODv2/WWTo2L2Nu_TuneCP5_13TeV-powheg-pythia8/MINIAODSIM/106X_mcRun2_asymptotic_v17-v1/130000/2DDB4B14-2AF2-2845-83EF-3E82E42D1003.root.
%MSG
%MSG-w XrdAdaptorInternal:  file_open 02-Mar-2024 12:33:56 CET PostProcessEvent
Failed to open file at URL root://eoscms.cern.ch:1094//eos/cms/store/mc/RunIISummer20UL16MiniAODv2/WWTo2L2Nu_TuneCP5_13TeV-powheg-pythia8/MINIAODSIM/106X_mcRun2_asymptotic_v17-v1/130000/2DDB4B14-2AF2-2845-83EF-3E82E42D1003.root?tried=.
%MSG
02-Mar-2024 12:33:56 CET  Fallback request to file root://xrootd-cms.infn.it//store/mc/RunIISummer20UL16MiniAODv2/WWTo2L2Nu_TuneCP5_13TeV-powheg-pythia8/MINIAODSIM/106X_mcRun2_asymptotic_v17-v1/130000/2DDB4B14-2AF2-2845-83EF-3E82E42D1003.root
%MSG-w XrdAdaptor:  file_open 02-Mar-2024 12:34:08 CET PostProcessEvent
Data is served from fnal.gov instead of original site infn.it
%MSG
02-Mar-2024 12:34:08 CET  Successfully opened file root://xrootd-cms.infn.it//store/mc/RunIISummer20UL16MiniAODv2/WWTo2L2Nu_TuneCP5_13TeV-powheg-pythia8/MINIAODSIM/106X_mcRun2_asymptotic_v17-v1/130000/2DDB4B14-2AF2-2845-83EF-3E82E42D1003.root
02-Mar-2024 12:34:18 CET  Closed file root://xrootd-cms.infn.it//store/mc/RunIISummer20UL16MiniAODv2/WWTo2L2Nu_TuneCP5_13TeV-powheg-pythia8/MINIAODSIM/106X_mcRun2_asymptotic_v17-v1/130000/2DDB4B14-2AF2-2845-83EF-3E82E42D1003.root
02-Mar-2024 12:34:18 CET  Initiating request to open file root://eoscms.cern.ch//eos/cms/store/mc/RunIISummer20UL16MiniAODv2/WWTo2L2Nu_TuneCP5_13TeV-powheg-pythia8/MINIAODSIM/106X_mcRun2_asymptotic_v17-v1/120000/BF4D4FB2-4808-7B43-82EC-2F79C96B2F71.root
%MSG-w XrdAdaptorInternal:  file_open 02-Mar-2024 12:34:19 CET PostProcessEvent
Failed to open file at URL root://eoscms.cern.ch:1094//eos/cms/store/mc/RunIISummer20UL16MiniAODv2/WWTo2L2Nu_TuneCP5_13TeV-powheg-pythia8/MINIAODSIM/106X_mcRun2_asymptotic_v17-v1/120000/BF4D4FB2-4808-7B43-82EC-2F79C96B2F71.root.
%MSG
%MSG-w XrdAdaptorInternal:  file_open 02-Mar-2024 12:34:19 CET PostProcessEvent
Failed to open file at URL root://eoscms.cern.ch:1094//eos/cms/store/mc/RunIISummer20UL16MiniAODv2/WWTo2L2Nu_TuneCP5_13TeV-powheg-pythia8/MINIAODSIM/106X_mcRun2_asymptotic_v17-v1/120000/BF4D4FB2-4808-7B43-82EC-2F79C96B2F71.root?tried=.
%MSG
02-Mar-2024 12:34:19 CET  Fallback request to file root://xrootd-cms.infn.it//store/mc/RunIISummer20UL16MiniAODv2/WWTo2L2Nu_TuneCP5_13TeV-powheg-pythia8/MINIAODSIM/106X_mcRun2_asymptotic_v17-v1/120000/BF4D4FB2-4808-7B43-82EC-2F79C96B2F71.root
%MSG-w XrdAdaptor:  file_open 02-Mar-2024 12:34:32 CET PostProcessEvent
Data is served from fnal.gov instead of original site infn.it
%MSG
02-Mar-2024 12:34:32 CET  Successfully opened file root://xrootd-cms.infn.it//store/mc/RunIISummer20UL16MiniAODv2/WWTo2L2Nu_TuneCP5_13TeV-powheg-pythia8/MINIAODSIM/106X_mcRun2_asymptotic_v17-v1/120000/BF4D4FB2-4808-7B43-82EC-2F79C96B2F71.root
02-Mar-2024 12:34:38 CET  Closed file root://xrootd-cms.infn.it//store/mc/RunIISummer20UL16MiniAODv2/WWTo2L2Nu_TuneCP5_13TeV-powheg-pythia8/MINIAODSIM/106X_mcRun2_asymptotic_v17-v1/120000/BF4D4FB2-4808-7B43-82EC-2F79C96B2F71.root
02-Mar-2024 12:34:38 CET  Initiating request to open file root://eoscms.cern.ch//eos/cms/store/mc/RunIISummer20UL16MiniAODv2/WWTo2L2Nu_TuneCP5_13TeV-powheg-pythia8/MINIAODSIM/106X_mcRun2_asymptotic_v17-v1/280000/20BF0967-6ED7-2C4F-860A-383025919185.root
%MSG-w XrdAdaptorInternal:  file_open 02-Mar-2024 12:34:39 CET PostProcessEvent
Failed to open file at URL root://eoscms.cern.ch:1094//eos/cms/store/mc/RunIISummer20UL16MiniAODv2/WWTo2L2Nu_TuneCP5_13TeV-powheg-pythia8/MINIAODSIM/106X_mcRun2_asymptotic_v17-v1/280000/20BF0967-6ED7-2C4F-860A-383025919185.root.
%MSG
%MSG-w XrdAdaptorInternal:  file_open 02-Mar-2024 12:34:39 CET PostProcessEvent
Failed to open file at URL root://eoscms.cern.ch:1094//eos/cms/store/mc/RunIISummer20UL16MiniAODv2/WWTo2L2Nu_TuneCP5_13TeV-powheg-pythia8/MINIAODSIM/106X_mcRun2_asymptotic_v17-v1/280000/20BF0967-6ED7-2C4F-860A-383025919185.root?tried=.
%MSG
02-Mar-2024 12:34:39 CET  Fallback request to file root://xrootd-cms.infn.it//store/mc/RunIISummer20UL16MiniAODv2/WWTo2L2Nu_TuneCP5_13TeV-powheg-pythia8/MINIAODSIM/106X_mcRun2_asymptotic_v17-v1/280000/20BF0967-6ED7-2C4F-860A-383025919185.root
%MSG-w XrdAdaptor:  file_open 02-Mar-2024 12:34:52 CET PostProcessEvent
Data is served from fnal.gov instead of original site infn.it
%MSG
02-Mar-2024 12:34:52 CET  Successfully opened file root://xrootd-cms.infn.it//store/mc/RunIISummer20UL16MiniAODv2/WWTo2L2Nu_TuneCP5_13TeV-powheg-pythia8/MINIAODSIM/106X_mcRun2_asymptotic_v17-v1/280000/20BF0967-6ED7-2C4F-860A-383025919185.root
Begin processing the 1000001st record. Run 1, Event 2776009, LumiSection 2777 on stream 0 at 02-Mar-2024 12:35:00.433 CET
02-Mar-2024 12:35:06 CET  Closed file root://xrootd-cms.infn.it//store/mc/RunIISummer20UL16MiniAODv2/WWTo2L2Nu_TuneCP5_13TeV-powheg-pythia8/MINIAODSIM/106X_mcRun2_asymptotic_v17-v1/280000/20BF0967-6ED7-2C4F-860A-383025919185.root
02-Mar-2024 12:35:06 CET  Initiating request to open file root://eoscms.cern.ch//eos/cms/store/mc/RunIISummer20UL16MiniAODv2/WWTo2L2Nu_TuneCP5_13TeV-powheg-pythia8/MINIAODSIM/106X_mcRun2_asymptotic_v17-v1/130000/5C5DE98F-E36A-4E4A-98DE-03EFC145D726.root
%MSG-w XrdAdaptorInternal:  file_open 02-Mar-2024 12:35:07 CET PostProcessEvent
Failed to open file at URL root://eoscms.cern.ch:1094//eos/cms/store/mc/RunIISummer20UL16MiniAODv2/WWTo2L2Nu_TuneCP5_13TeV-powheg-pythia8/MINIAODSIM/106X_mcRun2_asymptotic_v17-v1/130000/5C5DE98F-E36A-4E4A-98DE-03EFC145D726.root.
%MSG
%MSG-w XrdAdaptorInternal:  file_open 02-Mar-2024 12:35:07 CET PostProcessEvent
Failed to open file at URL root://eoscms.cern.ch:1094//eos/cms/store/mc/RunIISummer20UL16MiniAODv2/WWTo2L2Nu_TuneCP5_13TeV-powheg-pythia8/MINIAODSIM/106X_mcRun2_asymptotic_v17-v1/130000/5C5DE98F-E36A-4E4A-98DE-03EFC145D726.root?tried=.
%MSG
02-Mar-2024 12:35:07 CET  Fallback request to file root://xrootd-cms.infn.it//store/mc/RunIISummer20UL16MiniAODv2/WWTo2L2Nu_TuneCP5_13TeV-powheg-pythia8/MINIAODSIM/106X_mcRun2_asymptotic_v17-v1/130000/5C5DE98F-E36A-4E4A-98DE-03EFC145D726.root
%MSG-w XrdAdaptor:  file_open 02-Mar-2024 12:35:25 CET PostProcessEvent
Data is served from fnal.gov instead of original site infn.it
%MSG
02-Mar-2024 12:35:25 CET  Successfully opened file root://xrootd-cms.infn.it//store/mc/RunIISummer20UL16MiniAODv2/WWTo2L2Nu_TuneCP5_13TeV-powheg-pythia8/MINIAODSIM/106X_mcRun2_asymptotic_v17-v1/130000/5C5DE98F-E36A-4E4A-98DE-03EFC145D726.root
Begin processing the 1100001st record. Run 1, Event 1054008, LumiSection 1055 on stream 0 at 02-Mar-2024 12:35:33.897 CET
02-Mar-2024 12:35:39 CET  Closed file root://xrootd-cms.infn.it//store/mc/RunIISummer20UL16MiniAODv2/WWTo2L2Nu_TuneCP5_13TeV-powheg-pythia8/MINIAODSIM/106X_mcRun2_asymptotic_v17-v1/130000/5C5DE98F-E36A-4E4A-98DE-03EFC145D726.root
02-Mar-2024 12:35:39 CET  Initiating request to open file root://eoscms.cern.ch//eos/cms/store/mc/RunIISummer20UL16MiniAODv2/WWTo2L2Nu_TuneCP5_13TeV-powheg-pythia8/MINIAODSIM/106X_mcRun2_asymptotic_v17-v1/280000/6C8107AF-5C03-DF41-802E-4AAD733C74CF.root
%MSG-w XrdAdaptorInternal:  file_open 02-Mar-2024 12:35:40 CET PostProcessEvent
Failed to open file at URL root://eoscms.cern.ch:1094//eos/cms/store/mc/RunIISummer20UL16MiniAODv2/WWTo2L2Nu_TuneCP5_13TeV-powheg-pythia8/MINIAODSIM/106X_mcRun2_asymptotic_v17-v1/280000/6C8107AF-5C03-DF41-802E-4AAD733C74CF.root.
%MSG
%MSG-w XrdAdaptorInternal:  file_open 02-Mar-2024 12:35:40 CET PostProcessEvent
Failed to open file at URL root://eoscms.cern.ch:1094//eos/cms/store/mc/RunIISummer20UL16MiniAODv2/WWTo2L2Nu_TuneCP5_13TeV-powheg-pythia8/MINIAODSIM/106X_mcRun2_asymptotic_v17-v1/280000/6C8107AF-5C03-DF41-802E-4AAD733C74CF.root?tried=.
%MSG
02-Mar-2024 12:35:40 CET  Fallback request to file root://xrootd-cms.infn.it//store/mc/RunIISummer20UL16MiniAODv2/WWTo2L2Nu_TuneCP5_13TeV-powheg-pythia8/MINIAODSIM/106X_mcRun2_asymptotic_v17-v1/280000/6C8107AF-5C03-DF41-802E-4AAD733C74CF.root
%MSG-w XrdAdaptor:  file_open 02-Mar-2024 12:35:53 CET PostProcessEvent
Data is served from fnal.gov instead of original site infn.it
%MSG
02-Mar-2024 12:35:53 CET  Successfully opened file root://xrootd-cms.infn.it//store/mc/RunIISummer20UL16MiniAODv2/WWTo2L2Nu_TuneCP5_13TeV-powheg-pythia8/MINIAODSIM/106X_mcRun2_asymptotic_v17-v1/280000/6C8107AF-5C03-DF41-802E-4AAD733C74CF.root
Begin processing the 1200001st record. Run 1, Event 461006, LumiSection 462 on stream 0 at 02-Mar-2024 12:36:03.101 CET
02-Mar-2024 12:36:08 CET  Closed file root://xrootd-cms.infn.it//store/mc/RunIISummer20UL16MiniAODv2/WWTo2L2Nu_TuneCP5_13TeV-powheg-pythia8/MINIAODSIM/106X_mcRun2_asymptotic_v17-v1/280000/6C8107AF-5C03-DF41-802E-4AAD733C74CF.root
02-Mar-2024 12:36:08 CET  Initiating request to open file root://eoscms.cern.ch//eos/cms/store/mc/RunIISummer20UL16MiniAODv2/WWTo2L2Nu_TuneCP5_13TeV-powheg-pythia8/MINIAODSIM/106X_mcRun2_asymptotic_v17-v1/280000/702D6B4D-E44A-074B-8006-E9F71BF6E2E1.root
%MSG-w XrdAdaptorInternal:  file_open 02-Mar-2024 12:36:09 CET PostProcessEvent
Failed to open file at URL root://eoscms.cern.ch:1094//eos/cms/store/mc/RunIISummer20UL16MiniAODv2/WWTo2L2Nu_TuneCP5_13TeV-powheg-pythia8/MINIAODSIM/106X_mcRun2_asymptotic_v17-v1/280000/702D6B4D-E44A-074B-8006-E9F71BF6E2E1.root.
%MSG
%MSG-w XrdAdaptorInternal:  file_open 02-Mar-2024 12:36:09 CET PostProcessEvent
Failed to open file at URL root://eoscms.cern.ch:1094//eos/cms/store/mc/RunIISummer20UL16MiniAODv2/WWTo2L2Nu_TuneCP5_13TeV-powheg-pythia8/MINIAODSIM/106X_mcRun2_asymptotic_v17-v1/280000/702D6B4D-E44A-074B-8006-E9F71BF6E2E1.root?tried=.
%MSG
02-Mar-2024 12:36:09 CET  Fallback request to file root://xrootd-cms.infn.it//store/mc/RunIISummer20UL16MiniAODv2/WWTo2L2Nu_TuneCP5_13TeV-powheg-pythia8/MINIAODSIM/106X_mcRun2_asymptotic_v17-v1/280000/702D6B4D-E44A-074B-8006-E9F71BF6E2E1.root
%MSG-w XrdAdaptor:  file_open 02-Mar-2024 12:36:27 CET PostProcessEvent
Data is served from fnal.gov instead of original site infn.it
%MSG
02-Mar-2024 12:36:27 CET  Successfully opened file root://xrootd-cms.infn.it//store/mc/RunIISummer20UL16MiniAODv2/WWTo2L2Nu_TuneCP5_13TeV-powheg-pythia8/MINIAODSIM/106X_mcRun2_asymptotic_v17-v1/280000/702D6B4D-E44A-074B-8006-E9F71BF6E2E1.root
Begin processing the 1300001st record. Run 1, Event 935010, LumiSection 936 on stream 0 at 02-Mar-2024 12:36:35.787 CET
02-Mar-2024 12:36:40 CET  Closed file root://xrootd-cms.infn.it//store/mc/RunIISummer20UL16MiniAODv2/WWTo2L2Nu_TuneCP5_13TeV-powheg-pythia8/MINIAODSIM/106X_mcRun2_asymptotic_v17-v1/280000/702D6B4D-E44A-074B-8006-E9F71BF6E2E1.root
02-Mar-2024 12:36:40 CET  Initiating request to open file root://eoscms.cern.ch//eos/cms/store/mc/RunIISummer20UL16MiniAODv2/WWTo2L2Nu_TuneCP5_13TeV-powheg-pythia8/MINIAODSIM/106X_mcRun2_asymptotic_v17-v1/280000/6BBC9147-D749-6548-8A8D-4C6DBC155808.root
%MSG-w XrdAdaptorInternal:  file_open 02-Mar-2024 12:36:41 CET PostProcessEvent
Failed to open file at URL root://eoscms.cern.ch:1094//eos/cms/store/mc/RunIISummer20UL16MiniAODv2/WWTo2L2Nu_TuneCP5_13TeV-powheg-pythia8/MINIAODSIM/106X_mcRun2_asymptotic_v17-v1/280000/6BBC9147-D749-6548-8A8D-4C6DBC155808.root.
%MSG
%MSG-w XrdAdaptorInternal:  file_open 02-Mar-2024 12:36:41 CET PostProcessEvent
Failed to open file at URL root://eoscms.cern.ch:1094//eos/cms/store/mc/RunIISummer20UL16MiniAODv2/WWTo2L2Nu_TuneCP5_13TeV-powheg-pythia8/MINIAODSIM/106X_mcRun2_asymptotic_v17-v1/280000/6BBC9147-D749-6548-8A8D-4C6DBC155808.root?tried=.
%MSG
02-Mar-2024 12:36:41 CET  Fallback request to file root://xrootd-cms.infn.it//store/mc/RunIISummer20UL16MiniAODv2/WWTo2L2Nu_TuneCP5_13TeV-powheg-pythia8/MINIAODSIM/106X_mcRun2_asymptotic_v17-v1/280000/6BBC9147-D749-6548-8A8D-4C6DBC155808.root
%MSG-w XrdAdaptor:  file_open 02-Mar-2024 12:36:54 CET PostProcessEvent
Data is served from fnal.gov instead of original site infn.it
%MSG
02-Mar-2024 12:36:54 CET  Successfully opened file root://xrootd-cms.infn.it//store/mc/RunIISummer20UL16MiniAODv2/WWTo2L2Nu_TuneCP5_13TeV-powheg-pythia8/MINIAODSIM/106X_mcRun2_asymptotic_v17-v1/280000/6BBC9147-D749-6548-8A8D-4C6DBC155808.root
Begin processing the 1400001st record. Run 1, Event 1510005, LumiSection 1511 on stream 0 at 02-Mar-2024 12:37:04.020 CET
02-Mar-2024 12:37:04 CET  Closed file root://xrootd-cms.infn.it//store/mc/RunIISummer20UL16MiniAODv2/WWTo2L2Nu_TuneCP5_13TeV-powheg-pythia8/MINIAODSIM/106X_mcRun2_asymptotic_v17-v1/280000/6BBC9147-D749-6548-8A8D-4C6DBC155808.root
02-Mar-2024 12:37:04 CET  Initiating request to open file root://eoscms.cern.ch//eos/cms/store/mc/RunIISummer20UL16MiniAODv2/WWTo2L2Nu_TuneCP5_13TeV-powheg-pythia8/MINIAODSIM/106X_mcRun2_asymptotic_v17-v1/280000/02671EA3-314C-184F-A981-6E921D4AF1B5.root
%MSG-w XrdAdaptorInternal:  file_open 02-Mar-2024 12:37:05 CET PostProcessEvent
Failed to open file at URL root://eoscms.cern.ch:1094//eos/cms/store/mc/RunIISummer20UL16MiniAODv2/WWTo2L2Nu_TuneCP5_13TeV-powheg-pythia8/MINIAODSIM/106X_mcRun2_asymptotic_v17-v1/280000/02671EA3-314C-184F-A981-6E921D4AF1B5.root.
%MSG
%MSG-w XrdAdaptorInternal:  file_open 02-Mar-2024 12:37:05 CET PostProcessEvent
Failed to open file at URL root://eoscms.cern.ch:1094//eos/cms/store/mc/RunIISummer20UL16MiniAODv2/WWTo2L2Nu_TuneCP5_13TeV-powheg-pythia8/MINIAODSIM/106X_mcRun2_asymptotic_v17-v1/280000/02671EA3-314C-184F-A981-6E921D4AF1B5.root?tried=.
%MSG
02-Mar-2024 12:37:05 CET  Fallback request to file root://xrootd-cms.infn.it//store/mc/RunIISummer20UL16MiniAODv2/WWTo2L2Nu_TuneCP5_13TeV-powheg-pythia8/MINIAODSIM/106X_mcRun2_asymptotic_v17-v1/280000/02671EA3-314C-184F-A981-6E921D4AF1B5.root
%MSG-w XrdAdaptor:  file_open 02-Mar-2024 12:37:24 CET PostProcessEvent
Data is served from fnal.gov instead of original site infn.it
%MSG
02-Mar-2024 12:37:24 CET  Successfully opened file root://xrootd-cms.infn.it//store/mc/RunIISummer20UL16MiniAODv2/WWTo2L2Nu_TuneCP5_13TeV-powheg-pythia8/MINIAODSIM/106X_mcRun2_asymptotic_v17-v1/280000/02671EA3-314C-184F-A981-6E921D4AF1B5.root
02-Mar-2024 12:37:30 CET  Closed file root://xrootd-cms.infn.it//store/mc/RunIISummer20UL16MiniAODv2/WWTo2L2Nu_TuneCP5_13TeV-powheg-pythia8/MINIAODSIM/106X_mcRun2_asymptotic_v17-v1/280000/02671EA3-314C-184F-A981-6E921D4AF1B5.root
02-Mar-2024 12:37:30 CET  Initiating request to open file root://eoscms.cern.ch//eos/cms/store/mc/RunIISummer20UL16MiniAODv2/WWTo2L2Nu_TuneCP5_13TeV-powheg-pythia8/MINIAODSIM/106X_mcRun2_asymptotic_v17-v1/280000/B505440C-BEEA-7740-B649-79319CEDC2CF.root
%MSG-w XrdAdaptorInternal:  file_open 02-Mar-2024 12:37:31 CET PostProcessEvent
Failed to open file at URL root://eoscms.cern.ch:1094//eos/cms/store/mc/RunIISummer20UL16MiniAODv2/WWTo2L2Nu_TuneCP5_13TeV-powheg-pythia8/MINIAODSIM/106X_mcRun2_asymptotic_v17-v1/280000/B505440C-BEEA-7740-B649-79319CEDC2CF.root.
%MSG
%MSG-w XrdAdaptorInternal:  file_open 02-Mar-2024 12:37:31 CET PostProcessEvent
Failed to open file at URL root://eoscms.cern.ch:1094//eos/cms/store/mc/RunIISummer20UL16MiniAODv2/WWTo2L2Nu_TuneCP5_13TeV-powheg-pythia8/MINIAODSIM/106X_mcRun2_asymptotic_v17-v1/280000/B505440C-BEEA-7740-B649-79319CEDC2CF.root?tried=.
%MSG
02-Mar-2024 12:37:31 CET  Fallback request to file root://xrootd-cms.infn.it//store/mc/RunIISummer20UL16MiniAODv2/WWTo2L2Nu_TuneCP5_13TeV-powheg-pythia8/MINIAODSIM/106X_mcRun2_asymptotic_v17-v1/280000/B505440C-BEEA-7740-B649-79319CEDC2CF.root
%MSG-w XrdAdaptor:  file_open 02-Mar-2024 12:37:44 CET PostProcessEvent
Data is served from fnal.gov instead of original site infn.it
%MSG
02-Mar-2024 12:37:44 CET  Successfully opened file root://xrootd-cms.infn.it//store/mc/RunIISummer20UL16MiniAODv2/WWTo2L2Nu_TuneCP5_13TeV-powheg-pythia8/MINIAODSIM/106X_mcRun2_asymptotic_v17-v1/280000/B505440C-BEEA-7740-B649-79319CEDC2CF.root
Begin processing the 1500001st record. Run 1, Event 1759003, LumiSection 1760 on stream 0 at 02-Mar-2024 12:38:00.688 CET
02-Mar-2024 12:38:01 CET  Closed file root://xrootd-cms.infn.it//store/mc/RunIISummer20UL16MiniAODv2/WWTo2L2Nu_TuneCP5_13TeV-powheg-pythia8/MINIAODSIM/106X_mcRun2_asymptotic_v17-v1/280000/B505440C-BEEA-7740-B649-79319CEDC2CF.root
02-Mar-2024 12:38:01 CET  Initiating request to open file root://eoscms.cern.ch//eos/cms/store/mc/RunIISummer20UL16MiniAODv2/WWTo2L2Nu_TuneCP5_13TeV-powheg-pythia8/MINIAODSIM/106X_mcRun2_asymptotic_v17-v1/280000/0B570B4F-A2D8-554C-9D45-F4D9A6A40880.root
%MSG-w XrdAdaptorInternal:  file_open 02-Mar-2024 12:38:02 CET PostProcessEvent
Failed to open file at URL root://eoscms.cern.ch:1094//eos/cms/store/mc/RunIISummer20UL16MiniAODv2/WWTo2L2Nu_TuneCP5_13TeV-powheg-pythia8/MINIAODSIM/106X_mcRun2_asymptotic_v17-v1/280000/0B570B4F-A2D8-554C-9D45-F4D9A6A40880.root.
%MSG
%MSG-w XrdAdaptorInternal:  file_open 02-Mar-2024 12:38:02 CET PostProcessEvent
Failed to open file at URL root://eoscms.cern.ch:1094//eos/cms/store/mc/RunIISummer20UL16MiniAODv2/WWTo2L2Nu_TuneCP5_13TeV-powheg-pythia8/MINIAODSIM/106X_mcRun2_asymptotic_v17-v1/280000/0B570B4F-A2D8-554C-9D45-F4D9A6A40880.root?tried=.
%MSG
02-Mar-2024 12:38:02 CET  Fallback request to file root://xrootd-cms.infn.it//store/mc/RunIISummer20UL16MiniAODv2/WWTo2L2Nu_TuneCP5_13TeV-powheg-pythia8/MINIAODSIM/106X_mcRun2_asymptotic_v17-v1/280000/0B570B4F-A2D8-554C-9D45-F4D9A6A40880.root
%MSG-w XrdAdaptor:  file_open 02-Mar-2024 12:38:23 CET PostProcessEvent
Data is served from fnal.gov instead of original site infn.it
%MSG
02-Mar-2024 12:38:24 CET  Successfully opened file root://xrootd-cms.infn.it//store/mc/RunIISummer20UL16MiniAODv2/WWTo2L2Nu_TuneCP5_13TeV-powheg-pythia8/MINIAODSIM/106X_mcRun2_asymptotic_v17-v1/280000/0B570B4F-A2D8-554C-9D45-F4D9A6A40880.root
02-Mar-2024 12:38:39 CET  Closed file root://xrootd-cms.infn.it//store/mc/RunIISummer20UL16MiniAODv2/WWTo2L2Nu_TuneCP5_13TeV-powheg-pythia8/MINIAODSIM/106X_mcRun2_asymptotic_v17-v1/280000/0B570B4F-A2D8-554C-9D45-F4D9A6A40880.root
02-Mar-2024 12:38:39 CET  Initiating request to open file root://eoscms.cern.ch//eos/cms/store/mc/RunIISummer20UL16MiniAODv2/WWTo2L2Nu_TuneCP5_13TeV-powheg-pythia8/MINIAODSIM/106X_mcRun2_asymptotic_v17-v1/280000/8C24270B-5D3B-0640-9412-95771F0F7DEF.root
%MSG-w XrdAdaptorInternal:  file_open 02-Mar-2024 12:38:40 CET PostProcessEvent
Failed to open file at URL root://eoscms.cern.ch:1094//eos/cms/store/mc/RunIISummer20UL16MiniAODv2/WWTo2L2Nu_TuneCP5_13TeV-powheg-pythia8/MINIAODSIM/106X_mcRun2_asymptotic_v17-v1/280000/8C24270B-5D3B-0640-9412-95771F0F7DEF.root.
%MSG
%MSG-w XrdAdaptorInternal:  file_open 02-Mar-2024 12:38:40 CET PostProcessEvent
Failed to open file at URL root://eoscms.cern.ch:1094//eos/cms/store/mc/RunIISummer20UL16MiniAODv2/WWTo2L2Nu_TuneCP5_13TeV-powheg-pythia8/MINIAODSIM/106X_mcRun2_asymptotic_v17-v1/280000/8C24270B-5D3B-0640-9412-95771F0F7DEF.root?tried=.
%MSG
02-Mar-2024 12:38:40 CET  Fallback request to file root://xrootd-cms.infn.it//store/mc/RunIISummer20UL16MiniAODv2/WWTo2L2Nu_TuneCP5_13TeV-powheg-pythia8/MINIAODSIM/106X_mcRun2_asymptotic_v17-v1/280000/8C24270B-5D3B-0640-9412-95771F0F7DEF.root
%MSG-w XrdAdaptor:  file_open 02-Mar-2024 12:38:53 CET PostProcessEvent
Data is served from fnal.gov instead of original site infn.it
%MSG
02-Mar-2024 12:38:53 CET  Successfully opened file root://xrootd-cms.infn.it//store/mc/RunIISummer20UL16MiniAODv2/WWTo2L2Nu_TuneCP5_13TeV-powheg-pythia8/MINIAODSIM/106X_mcRun2_asymptotic_v17-v1/280000/8C24270B-5D3B-0640-9412-95771F0F7DEF.root
Begin processing the 1600001st record. Run 1, Event 2331002, LumiSection 2332 on stream 0 at 02-Mar-2024 12:38:59.933 CET
02-Mar-2024 12:39:07 CET  Closed file root://xrootd-cms.infn.it//store/mc/RunIISummer20UL16MiniAODv2/WWTo2L2Nu_TuneCP5_13TeV-powheg-pythia8/MINIAODSIM/106X_mcRun2_asymptotic_v17-v1/280000/8C24270B-5D3B-0640-9412-95771F0F7DEF.root
02-Mar-2024 12:39:07 CET  Initiating request to open file root://eoscms.cern.ch//eos/cms/store/mc/RunIISummer20UL16MiniAODv2/WWTo2L2Nu_TuneCP5_13TeV-powheg-pythia8/MINIAODSIM/106X_mcRun2_asymptotic_v17-v1/280000/25EE8166-296A-CC45-92E7-D0F4D8266F73.root
%MSG-w XrdAdaptorInternal:  file_open 02-Mar-2024 12:39:08 CET PostProcessEvent
Failed to open file at URL root://eoscms.cern.ch:1094//eos/cms/store/mc/RunIISummer20UL16MiniAODv2/WWTo2L2Nu_TuneCP5_13TeV-powheg-pythia8/MINIAODSIM/106X_mcRun2_asymptotic_v17-v1/280000/25EE8166-296A-CC45-92E7-D0F4D8266F73.root.
%MSG
%MSG-w XrdAdaptorInternal:  file_open 02-Mar-2024 12:39:08 CET PostProcessEvent
Failed to open file at URL root://eoscms.cern.ch:1094//eos/cms/store/mc/RunIISummer20UL16MiniAODv2/WWTo2L2Nu_TuneCP5_13TeV-powheg-pythia8/MINIAODSIM/106X_mcRun2_asymptotic_v17-v1/280000/25EE8166-296A-CC45-92E7-D0F4D8266F73.root?tried=.
%MSG
02-Mar-2024 12:39:08 CET  Fallback request to file root://xrootd-cms.infn.it//store/mc/RunIISummer20UL16MiniAODv2/WWTo2L2Nu_TuneCP5_13TeV-powheg-pythia8/MINIAODSIM/106X_mcRun2_asymptotic_v17-v1/280000/25EE8166-296A-CC45-92E7-D0F4D8266F73.root
%MSG-w XrdAdaptor:  file_open 02-Mar-2024 12:39:26 CET PostProcessEvent
Data is served from fnal.gov instead of original site infn.it
%MSG
02-Mar-2024 12:39:26 CET  Successfully opened file root://xrootd-cms.infn.it//store/mc/RunIISummer20UL16MiniAODv2/WWTo2L2Nu_TuneCP5_13TeV-powheg-pythia8/MINIAODSIM/106X_mcRun2_asymptotic_v17-v1/280000/25EE8166-296A-CC45-92E7-D0F4D8266F73.root
Begin processing the 1700001st record. Run 1, Event 2614011, LumiSection 2615 on stream 0 at 02-Mar-2024 12:39:33.776 CET
02-Mar-2024 12:39:40 CET  Closed file root://xrootd-cms.infn.it//store/mc/RunIISummer20UL16MiniAODv2/WWTo2L2Nu_TuneCP5_13TeV-powheg-pythia8/MINIAODSIM/106X_mcRun2_asymptotic_v17-v1/280000/25EE8166-296A-CC45-92E7-D0F4D8266F73.root
02-Mar-2024 12:39:40 CET  Initiating request to open file root://eoscms.cern.ch//eos/cms/store/mc/RunIISummer20UL16MiniAODv2/WWTo2L2Nu_TuneCP5_13TeV-powheg-pythia8/MINIAODSIM/106X_mcRun2_asymptotic_v17-v1/280000/4A913962-E066-A544-8D87-F75CB78ACF8C.root
%MSG-w XrdAdaptorInternal:  file_open 02-Mar-2024 12:39:41 CET PostProcessEvent
Failed to open file at URL root://eoscms.cern.ch:1094//eos/cms/store/mc/RunIISummer20UL16MiniAODv2/WWTo2L2Nu_TuneCP5_13TeV-powheg-pythia8/MINIAODSIM/106X_mcRun2_asymptotic_v17-v1/280000/4A913962-E066-A544-8D87-F75CB78ACF8C.root.
%MSG
%MSG-w XrdAdaptorInternal:  file_open 02-Mar-2024 12:39:41 CET PostProcessEvent
Failed to open file at URL root://eoscms.cern.ch:1094//eos/cms/store/mc/RunIISummer20UL16MiniAODv2/WWTo2L2Nu_TuneCP5_13TeV-powheg-pythia8/MINIAODSIM/106X_mcRun2_asymptotic_v17-v1/280000/4A913962-E066-A544-8D87-F75CB78ACF8C.root?tried=.
%MSG
02-Mar-2024 12:39:41 CET  Fallback request to file root://xrootd-cms.infn.it//store/mc/RunIISummer20UL16MiniAODv2/WWTo2L2Nu_TuneCP5_13TeV-powheg-pythia8/MINIAODSIM/106X_mcRun2_asymptotic_v17-v1/280000/4A913962-E066-A544-8D87-F75CB78ACF8C.root
%MSG-w XrdAdaptor:  file_open 02-Mar-2024 12:39:54 CET PostProcessEvent
Data is served from fnal.gov instead of original site infn.it
%MSG
02-Mar-2024 12:39:55 CET  Successfully opened file root://xrootd-cms.infn.it//store/mc/RunIISummer20UL16MiniAODv2/WWTo2L2Nu_TuneCP5_13TeV-powheg-pythia8/MINIAODSIM/106X_mcRun2_asymptotic_v17-v1/280000/4A913962-E066-A544-8D87-F75CB78ACF8C.root
Begin processing the 1800001st record. Run 1, Event 2252022, LumiSection 2253 on stream 0 at 02-Mar-2024 12:40:01.139 CET
02-Mar-2024 12:40:02 CET  Closed file root://xrootd-cms.infn.it//store/mc/RunIISummer20UL16MiniAODv2/WWTo2L2Nu_TuneCP5_13TeV-powheg-pythia8/MINIAODSIM/106X_mcRun2_asymptotic_v17-v1/280000/4A913962-E066-A544-8D87-F75CB78ACF8C.root
02-Mar-2024 12:40:02 CET  Initiating request to open file root://eoscms.cern.ch//eos/cms/store/mc/RunIISummer20UL16MiniAODv2/WWTo2L2Nu_TuneCP5_13TeV-powheg-pythia8/MINIAODSIM/106X_mcRun2_asymptotic_v17-v1/280000/4B9C6772-54A5-2F46-B60C-5AA1AD3082BF.root
%MSG-w XrdAdaptorInternal:  file_open 02-Mar-2024 12:40:03 CET PostProcessEvent
Failed to open file at URL root://eoscms.cern.ch:1094//eos/cms/store/mc/RunIISummer20UL16MiniAODv2/WWTo2L2Nu_TuneCP5_13TeV-powheg-pythia8/MINIAODSIM/106X_mcRun2_asymptotic_v17-v1/280000/4B9C6772-54A5-2F46-B60C-5AA1AD3082BF.root.
%MSG
%MSG-w XrdAdaptorInternal:  file_open 02-Mar-2024 12:40:03 CET PostProcessEvent
Failed to open file at URL root://eoscms.cern.ch:1094//eos/cms/store/mc/RunIISummer20UL16MiniAODv2/WWTo2L2Nu_TuneCP5_13TeV-powheg-pythia8/MINIAODSIM/106X_mcRun2_asymptotic_v17-v1/280000/4B9C6772-54A5-2F46-B60C-5AA1AD3082BF.root?tried=.
%MSG
02-Mar-2024 12:40:03 CET  Fallback request to file root://xrootd-cms.infn.it//store/mc/RunIISummer20UL16MiniAODv2/WWTo2L2Nu_TuneCP5_13TeV-powheg-pythia8/MINIAODSIM/106X_mcRun2_asymptotic_v17-v1/280000/4B9C6772-54A5-2F46-B60C-5AA1AD3082BF.root
%MSG-w XrdAdaptor:  file_open 02-Mar-2024 12:40:27 CET PostProcessEvent
Data is served from fnal.gov instead of original site infn.it
%MSG
02-Mar-2024 12:40:27 CET  Successfully opened file root://xrootd-cms.infn.it//store/mc/RunIISummer20UL16MiniAODv2/WWTo2L2Nu_TuneCP5_13TeV-powheg-pythia8/MINIAODSIM/106X_mcRun2_asymptotic_v17-v1/280000/4B9C6772-54A5-2F46-B60C-5AA1AD3082BF.root
02-Mar-2024 12:40:34 CET  Closed file root://xrootd-cms.infn.it//store/mc/RunIISummer20UL16MiniAODv2/WWTo2L2Nu_TuneCP5_13TeV-powheg-pythia8/MINIAODSIM/106X_mcRun2_asymptotic_v17-v1/280000/4B9C6772-54A5-2F46-B60C-5AA1AD3082BF.root
02-Mar-2024 12:40:34 CET  Initiating request to open file root://eoscms.cern.ch//eos/cms/store/mc/RunIISummer20UL16MiniAODv2/WWTo2L2Nu_TuneCP5_13TeV-powheg-pythia8/MINIAODSIM/106X_mcRun2_asymptotic_v17-v1/120000/D95771DC-926A-B047-BE2E-3EE277B50ED2.root
%MSG-w XrdAdaptorInternal:  file_open 02-Mar-2024 12:40:35 CET PostProcessEvent
Failed to open file at URL root://eoscms.cern.ch:1094//eos/cms/store/mc/RunIISummer20UL16MiniAODv2/WWTo2L2Nu_TuneCP5_13TeV-powheg-pythia8/MINIAODSIM/106X_mcRun2_asymptotic_v17-v1/120000/D95771DC-926A-B047-BE2E-3EE277B50ED2.root.
%MSG
%MSG-w XrdAdaptorInternal:  file_open 02-Mar-2024 12:40:35 CET PostProcessEvent
Failed to open file at URL root://eoscms.cern.ch:1094//eos/cms/store/mc/RunIISummer20UL16MiniAODv2/WWTo2L2Nu_TuneCP5_13TeV-powheg-pythia8/MINIAODSIM/106X_mcRun2_asymptotic_v17-v1/120000/D95771DC-926A-B047-BE2E-3EE277B50ED2.root?tried=.
%MSG
02-Mar-2024 12:40:35 CET  Fallback request to file root://xrootd-cms.infn.it//store/mc/RunIISummer20UL16MiniAODv2/WWTo2L2Nu_TuneCP5_13TeV-powheg-pythia8/MINIAODSIM/106X_mcRun2_asymptotic_v17-v1/120000/D95771DC-926A-B047-BE2E-3EE277B50ED2.root
%MSG-w XrdAdaptor:  file_open 02-Mar-2024 12:40:48 CET PostProcessEvent
Data is served from fnal.gov instead of original site infn.it
%MSG
02-Mar-2024 12:40:48 CET  Successfully opened file root://xrootd-cms.infn.it//store/mc/RunIISummer20UL16MiniAODv2/WWTo2L2Nu_TuneCP5_13TeV-powheg-pythia8/MINIAODSIM/106X_mcRun2_asymptotic_v17-v1/120000/D95771DC-926A-B047-BE2E-3EE277B50ED2.root
02-Mar-2024 12:40:52 CET  Closed file root://xrootd-cms.infn.it//store/mc/RunIISummer20UL16MiniAODv2/WWTo2L2Nu_TuneCP5_13TeV-powheg-pythia8/MINIAODSIM/106X_mcRun2_asymptotic_v17-v1/120000/D95771DC-926A-B047-BE2E-3EE277B50ED2.root
02-Mar-2024 12:40:52 CET  Initiating request to open file root://eoscms.cern.ch//eos/cms/store/mc/RunIISummer20UL16MiniAODv2/WWTo2L2Nu_TuneCP5_13TeV-powheg-pythia8/MINIAODSIM/106X_mcRun2_asymptotic_v17-v1/130000/7BE9017B-8BE9-5041-A814-FC0A33F59CFC.root
%MSG-w XrdAdaptorInternal:  file_open 02-Mar-2024 12:40:53 CET PostProcessEvent
Failed to open file at URL root://eoscms.cern.ch:1094//eos/cms/store/mc/RunIISummer20UL16MiniAODv2/WWTo2L2Nu_TuneCP5_13TeV-powheg-pythia8/MINIAODSIM/106X_mcRun2_asymptotic_v17-v1/130000/7BE9017B-8BE9-5041-A814-FC0A33F59CFC.root.
%MSG
%MSG-w XrdAdaptorInternal:  file_open 02-Mar-2024 12:40:53 CET PostProcessEvent
Failed to open file at URL root://eoscms.cern.ch:1094//eos/cms/store/mc/RunIISummer20UL16MiniAODv2/WWTo2L2Nu_TuneCP5_13TeV-powheg-pythia8/MINIAODSIM/106X_mcRun2_asymptotic_v17-v1/130000/7BE9017B-8BE9-5041-A814-FC0A33F59CFC.root?tried=.
%MSG
02-Mar-2024 12:40:53 CET  Fallback request to file root://xrootd-cms.infn.it//store/mc/RunIISummer20UL16MiniAODv2/WWTo2L2Nu_TuneCP5_13TeV-powheg-pythia8/MINIAODSIM/106X_mcRun2_asymptotic_v17-v1/130000/7BE9017B-8BE9-5041-A814-FC0A33F59CFC.root
%MSG-w XrdAdaptor:  file_open 02-Mar-2024 12:41:06 CET PostProcessEvent
Data is served from fnal.gov instead of original site infn.it
%MSG
02-Mar-2024 12:41:06 CET  Successfully opened file root://xrootd-cms.infn.it//store/mc/RunIISummer20UL16MiniAODv2/WWTo2L2Nu_TuneCP5_13TeV-powheg-pythia8/MINIAODSIM/106X_mcRun2_asymptotic_v17-v1/130000/7BE9017B-8BE9-5041-A814-FC0A33F59CFC.root
02-Mar-2024 12:41:12 CET  Closed file root://xrootd-cms.infn.it//store/mc/RunIISummer20UL16MiniAODv2/WWTo2L2Nu_TuneCP5_13TeV-powheg-pythia8/MINIAODSIM/106X_mcRun2_asymptotic_v17-v1/130000/7BE9017B-8BE9-5041-A814-FC0A33F59CFC.root
02-Mar-2024 12:41:12 CET  Initiating request to open file root://eoscms.cern.ch//eos/cms/store/mc/RunIISummer20UL16MiniAODv2/WWTo2L2Nu_TuneCP5_13TeV-powheg-pythia8/MINIAODSIM/106X_mcRun2_asymptotic_v17-v1/280000/E07337D8-8AA4-5646-968B-5FA889EC973A.root
%MSG-w XrdAdaptorInternal:  file_open 02-Mar-2024 12:41:13 CET PostProcessEvent
Failed to open file at URL root://eoscms.cern.ch:1094//eos/cms/store/mc/RunIISummer20UL16MiniAODv2/WWTo2L2Nu_TuneCP5_13TeV-powheg-pythia8/MINIAODSIM/106X_mcRun2_asymptotic_v17-v1/280000/E07337D8-8AA4-5646-968B-5FA889EC973A.root.
%MSG
%MSG-w XrdAdaptorInternal:  file_open 02-Mar-2024 12:41:13 CET PostProcessEvent
Failed to open file at URL root://eoscms.cern.ch:1094//eos/cms/store/mc/RunIISummer20UL16MiniAODv2/WWTo2L2Nu_TuneCP5_13TeV-powheg-pythia8/MINIAODSIM/106X_mcRun2_asymptotic_v17-v1/280000/E07337D8-8AA4-5646-968B-5FA889EC973A.root?tried=.
%MSG
02-Mar-2024 12:41:13 CET  Fallback request to file root://xrootd-cms.infn.it//store/mc/RunIISummer20UL16MiniAODv2/WWTo2L2Nu_TuneCP5_13TeV-powheg-pythia8/MINIAODSIM/106X_mcRun2_asymptotic_v17-v1/280000/E07337D8-8AA4-5646-968B-5FA889EC973A.root
%MSG-w XrdAdaptor:  file_open 02-Mar-2024 12:41:26 CET PostProcessEvent
Data is served from fnal.gov instead of original site infn.it
%MSG
02-Mar-2024 12:41:26 CET  Successfully opened file root://xrootd-cms.infn.it//store/mc/RunIISummer20UL16MiniAODv2/WWTo2L2Nu_TuneCP5_13TeV-powheg-pythia8/MINIAODSIM/106X_mcRun2_asymptotic_v17-v1/280000/E07337D8-8AA4-5646-968B-5FA889EC973A.root
Begin processing the 1900001st record. Run 1, Event 772009, LumiSection 773 on stream 0 at 02-Mar-2024 12:41:37.353 CET
02-Mar-2024 12:41:40 CET  Closed file root://xrootd-cms.infn.it//store/mc/RunIISummer20UL16MiniAODv2/WWTo2L2Nu_TuneCP5_13TeV-powheg-pythia8/MINIAODSIM/106X_mcRun2_asymptotic_v17-v1/280000/E07337D8-8AA4-5646-968B-5FA889EC973A.root
02-Mar-2024 12:41:40 CET  Initiating request to open file root://eoscms.cern.ch//eos/cms/store/mc/RunIISummer20UL16MiniAODv2/WWTo2L2Nu_TuneCP5_13TeV-powheg-pythia8/MINIAODSIM/106X_mcRun2_asymptotic_v17-v1/280000/16B27FA7-B907-B74C-8656-C288BA32CD11.root
%MSG-w XrdAdaptorInternal:  file_open 02-Mar-2024 12:41:41 CET PostProcessEvent
Failed to open file at URL root://eoscms.cern.ch:1094//eos/cms/store/mc/RunIISummer20UL16MiniAODv2/WWTo2L2Nu_TuneCP5_13TeV-powheg-pythia8/MINIAODSIM/106X_mcRun2_asymptotic_v17-v1/280000/16B27FA7-B907-B74C-8656-C288BA32CD11.root.
%MSG
%MSG-w XrdAdaptorInternal:  file_open 02-Mar-2024 12:41:41 CET PostProcessEvent
Failed to open file at URL root://eoscms.cern.ch:1094//eos/cms/store/mc/RunIISummer20UL16MiniAODv2/WWTo2L2Nu_TuneCP5_13TeV-powheg-pythia8/MINIAODSIM/106X_mcRun2_asymptotic_v17-v1/280000/16B27FA7-B907-B74C-8656-C288BA32CD11.root?tried=.
%MSG
02-Mar-2024 12:41:41 CET  Fallback request to file root://xrootd-cms.infn.it//store/mc/RunIISummer20UL16MiniAODv2/WWTo2L2Nu_TuneCP5_13TeV-powheg-pythia8/MINIAODSIM/106X_mcRun2_asymptotic_v17-v1/280000/16B27FA7-B907-B74C-8656-C288BA32CD11.root
%MSG-w XrdAdaptor:  file_open 02-Mar-2024 12:41:54 CET PostProcessEvent
Data is served from fnal.gov instead of original site infn.it
%MSG
02-Mar-2024 12:41:55 CET  Successfully opened file root://xrootd-cms.infn.it//store/mc/RunIISummer20UL16MiniAODv2/WWTo2L2Nu_TuneCP5_13TeV-powheg-pythia8/MINIAODSIM/106X_mcRun2_asymptotic_v17-v1/280000/16B27FA7-B907-B74C-8656-C288BA32CD11.root
Begin processing the 2000001st record. Run 1, Event 2033013, LumiSection 2034 on stream 0 at 02-Mar-2024 12:42:07.294 CET
02-Mar-2024 12:42:10 CET  Closed file root://xrootd-cms.infn.it//store/mc/RunIISummer20UL16MiniAODv2/WWTo2L2Nu_TuneCP5_13TeV-powheg-pythia8/MINIAODSIM/106X_mcRun2_asymptotic_v17-v1/280000/16B27FA7-B907-B74C-8656-C288BA32CD11.root
02-Mar-2024 12:42:10 CET  Initiating request to open file root://eoscms.cern.ch//eos/cms/store/mc/RunIISummer20UL16MiniAODv2/WWTo2L2Nu_TuneCP5_13TeV-powheg-pythia8/MINIAODSIM/106X_mcRun2_asymptotic_v17-v1/280000/2E20DD36-776B-E04D-9955-35D284EC9BAF.root
%MSG-w XrdAdaptorInternal:  file_open 02-Mar-2024 12:42:11 CET PostProcessEvent
Failed to open file at URL root://eoscms.cern.ch:1094//eos/cms/store/mc/RunIISummer20UL16MiniAODv2/WWTo2L2Nu_TuneCP5_13TeV-powheg-pythia8/MINIAODSIM/106X_mcRun2_asymptotic_v17-v1/280000/2E20DD36-776B-E04D-9955-35D284EC9BAF.root.
%MSG
%MSG-w XrdAdaptorInternal:  file_open 02-Mar-2024 12:42:11 CET PostProcessEvent
Failed to open file at URL root://eoscms.cern.ch:1094//eos/cms/store/mc/RunIISummer20UL16MiniAODv2/WWTo2L2Nu_TuneCP5_13TeV-powheg-pythia8/MINIAODSIM/106X_mcRun2_asymptotic_v17-v1/280000/2E20DD36-776B-E04D-9955-35D284EC9BAF.root?tried=.
%MSG
02-Mar-2024 12:42:11 CET  Fallback request to file root://xrootd-cms.infn.it//store/mc/RunIISummer20UL16MiniAODv2/WWTo2L2Nu_TuneCP5_13TeV-powheg-pythia8/MINIAODSIM/106X_mcRun2_asymptotic_v17-v1/280000/2E20DD36-776B-E04D-9955-35D284EC9BAF.root
%MSG-w XrdAdaptor:  file_open 02-Mar-2024 12:42:24 CET PostProcessEvent
Data is served from fnal.gov instead of original site infn.it
%MSG
02-Mar-2024 12:42:25 CET  Successfully opened file root://xrootd-cms.infn.it//store/mc/RunIISummer20UL16MiniAODv2/WWTo2L2Nu_TuneCP5_13TeV-powheg-pythia8/MINIAODSIM/106X_mcRun2_asymptotic_v17-v1/280000/2E20DD36-776B-E04D-9955-35D284EC9BAF.root
Begin processing the 2100001st record. Run 1, Event 1299004, LumiSection 1300 on stream 0 at 02-Mar-2024 12:42:37.798 CET
02-Mar-2024 12:42:40 CET  Closed file root://xrootd-cms.infn.it//store/mc/RunIISummer20UL16MiniAODv2/WWTo2L2Nu_TuneCP5_13TeV-powheg-pythia8/MINIAODSIM/106X_mcRun2_asymptotic_v17-v1/280000/2E20DD36-776B-E04D-9955-35D284EC9BAF.root
02-Mar-2024 12:42:40 CET  Initiating request to open file root://eoscms.cern.ch//eos/cms/store/mc/RunIISummer20UL16MiniAODv2/WWTo2L2Nu_TuneCP5_13TeV-powheg-pythia8/MINIAODSIM/106X_mcRun2_asymptotic_v17-v1/280000/4FFD9665-D7CB-FD47-887E-0440E0D7A32C.root
%MSG-w XrdAdaptorInternal:  file_open 02-Mar-2024 12:42:41 CET PostProcessEvent
Failed to open file at URL root://eoscms.cern.ch:1094//eos/cms/store/mc/RunIISummer20UL16MiniAODv2/WWTo2L2Nu_TuneCP5_13TeV-powheg-pythia8/MINIAODSIM/106X_mcRun2_asymptotic_v17-v1/280000/4FFD9665-D7CB-FD47-887E-0440E0D7A32C.root.
%MSG
%MSG-w XrdAdaptorInternal:  file_open 02-Mar-2024 12:42:41 CET PostProcessEvent
Failed to open file at URL root://eoscms.cern.ch:1094//eos/cms/store/mc/RunIISummer20UL16MiniAODv2/WWTo2L2Nu_TuneCP5_13TeV-powheg-pythia8/MINIAODSIM/106X_mcRun2_asymptotic_v17-v1/280000/4FFD9665-D7CB-FD47-887E-0440E0D7A32C.root?tried=.
%MSG
02-Mar-2024 12:42:41 CET  Fallback request to file root://xrootd-cms.infn.it//store/mc/RunIISummer20UL16MiniAODv2/WWTo2L2Nu_TuneCP5_13TeV-powheg-pythia8/MINIAODSIM/106X_mcRun2_asymptotic_v17-v1/280000/4FFD9665-D7CB-FD47-887E-0440E0D7A32C.root
%MSG-w XrdAdaptor:  file_open 02-Mar-2024 12:42:54 CET PostProcessEvent
Data is served from fnal.gov instead of original site infn.it
%MSG
02-Mar-2024 12:42:55 CET  Successfully opened file root://xrootd-cms.infn.it//store/mc/RunIISummer20UL16MiniAODv2/WWTo2L2Nu_TuneCP5_13TeV-powheg-pythia8/MINIAODSIM/106X_mcRun2_asymptotic_v17-v1/280000/4FFD9665-D7CB-FD47-887E-0440E0D7A32C.root
Begin processing the 2200001st record. Run 1, Event 1639014, LumiSection 1640 on stream 0 at 02-Mar-2024 12:43:06.490 CET
02-Mar-2024 12:43:08 CET  Closed file root://xrootd-cms.infn.it//store/mc/RunIISummer20UL16MiniAODv2/WWTo2L2Nu_TuneCP5_13TeV-powheg-pythia8/MINIAODSIM/106X_mcRun2_asymptotic_v17-v1/280000/4FFD9665-D7CB-FD47-887E-0440E0D7A32C.root
02-Mar-2024 12:43:08 CET  Initiating request to open file root://eoscms.cern.ch//eos/cms/store/mc/RunIISummer20UL16MiniAODv2/WWTo2L2Nu_TuneCP5_13TeV-powheg-pythia8/MINIAODSIM/106X_mcRun2_asymptotic_v17-v1/280000/A825BE76-79D3-864B-83CD-D6174F6E5533.root
%MSG-w XrdAdaptorInternal:  file_open 02-Mar-2024 12:43:09 CET PostProcessEvent
Failed to open file at URL root://eoscms.cern.ch:1094//eos/cms/store/mc/RunIISummer20UL16MiniAODv2/WWTo2L2Nu_TuneCP5_13TeV-powheg-pythia8/MINIAODSIM/106X_mcRun2_asymptotic_v17-v1/280000/A825BE76-79D3-864B-83CD-D6174F6E5533.root.
%MSG
%MSG-w XrdAdaptorInternal:  file_open 02-Mar-2024 12:43:09 CET PostProcessEvent
Failed to open file at URL root://eoscms.cern.ch:1094//eos/cms/store/mc/RunIISummer20UL16MiniAODv2/WWTo2L2Nu_TuneCP5_13TeV-powheg-pythia8/MINIAODSIM/106X_mcRun2_asymptotic_v17-v1/280000/A825BE76-79D3-864B-83CD-D6174F6E5533.root?tried=.
%MSG
02-Mar-2024 12:43:09 CET  Fallback request to file root://xrootd-cms.infn.it//store/mc/RunIISummer20UL16MiniAODv2/WWTo2L2Nu_TuneCP5_13TeV-powheg-pythia8/MINIAODSIM/106X_mcRun2_asymptotic_v17-v1/280000/A825BE76-79D3-864B-83CD-D6174F6E5533.root
%MSG-w XrdAdaptor:  file_open 02-Mar-2024 12:43:27 CET PostProcessEvent
Data is served from fnal.gov instead of original site infn.it
%MSG
02-Mar-2024 12:43:28 CET  Successfully opened file root://xrootd-cms.infn.it//store/mc/RunIISummer20UL16MiniAODv2/WWTo2L2Nu_TuneCP5_13TeV-powheg-pythia8/MINIAODSIM/106X_mcRun2_asymptotic_v17-v1/280000/A825BE76-79D3-864B-83CD-D6174F6E5533.root
02-Mar-2024 12:43:36 CET  Closed file root://xrootd-cms.infn.it//store/mc/RunIISummer20UL16MiniAODv2/WWTo2L2Nu_TuneCP5_13TeV-powheg-pythia8/MINIAODSIM/106X_mcRun2_asymptotic_v17-v1/280000/A825BE76-79D3-864B-83CD-D6174F6E5533.root
02-Mar-2024 12:43:36 CET  Initiating request to open file root://eoscms.cern.ch//eos/cms/store/mc/RunIISummer20UL16MiniAODv2/WWTo2L2Nu_TuneCP5_13TeV-powheg-pythia8/MINIAODSIM/106X_mcRun2_asymptotic_v17-v1/120000/788B34B6-0B05-8A42-9D12-9DD1F5831B6E.root
%MSG-w XrdAdaptorInternal:  file_open 02-Mar-2024 12:43:37 CET PostProcessEvent
Failed to open file at URL root://eoscms.cern.ch:1094//eos/cms/store/mc/RunIISummer20UL16MiniAODv2/WWTo2L2Nu_TuneCP5_13TeV-powheg-pythia8/MINIAODSIM/106X_mcRun2_asymptotic_v17-v1/120000/788B34B6-0B05-8A42-9D12-9DD1F5831B6E.root.
%MSG
%MSG-w XrdAdaptorInternal:  file_open 02-Mar-2024 12:43:37 CET PostProcessEvent
Failed to open file at URL root://eoscms.cern.ch:1094//eos/cms/store/mc/RunIISummer20UL16MiniAODv2/WWTo2L2Nu_TuneCP5_13TeV-powheg-pythia8/MINIAODSIM/106X_mcRun2_asymptotic_v17-v1/120000/788B34B6-0B05-8A42-9D12-9DD1F5831B6E.root?tried=.
%MSG
02-Mar-2024 12:43:37 CET  Fallback request to file root://xrootd-cms.infn.it//store/mc/RunIISummer20UL16MiniAODv2/WWTo2L2Nu_TuneCP5_13TeV-powheg-pythia8/MINIAODSIM/106X_mcRun2_asymptotic_v17-v1/120000/788B34B6-0B05-8A42-9D12-9DD1F5831B6E.root
%MSG-w XrdAdaptor:  file_open 02-Mar-2024 12:43:50 CET PostProcessEvent
Data is served from fnal.gov instead of original site infn.it
%MSG
02-Mar-2024 12:43:51 CET  Successfully opened file root://xrootd-cms.infn.it//store/mc/RunIISummer20UL16MiniAODv2/WWTo2L2Nu_TuneCP5_13TeV-powheg-pythia8/MINIAODSIM/106X_mcRun2_asymptotic_v17-v1/120000/788B34B6-0B05-8A42-9D12-9DD1F5831B6E.root
02-Mar-2024 12:43:56 CET  Closed file root://xrootd-cms.infn.it//store/mc/RunIISummer20UL16MiniAODv2/WWTo2L2Nu_TuneCP5_13TeV-powheg-pythia8/MINIAODSIM/106X_mcRun2_asymptotic_v17-v1/120000/788B34B6-0B05-8A42-9D12-9DD1F5831B6E.root
02-Mar-2024 12:43:56 CET  Initiating request to open file root://eoscms.cern.ch//eos/cms/store/mc/RunIISummer20UL16MiniAODv2/WWTo2L2Nu_TuneCP5_13TeV-powheg-pythia8/MINIAODSIM/106X_mcRun2_asymptotic_v17-v1/120000/5A8219A3-A113-E94E-9A2D-D232705D91C1.root
%MSG-w XrdAdaptorInternal:  file_open 02-Mar-2024 12:43:57 CET PostProcessEvent
Failed to open file at URL root://eoscms.cern.ch:1094//eos/cms/store/mc/RunIISummer20UL16MiniAODv2/WWTo2L2Nu_TuneCP5_13TeV-powheg-pythia8/MINIAODSIM/106X_mcRun2_asymptotic_v17-v1/120000/5A8219A3-A113-E94E-9A2D-D232705D91C1.root.
%MSG
%MSG-w XrdAdaptorInternal:  file_open 02-Mar-2024 12:43:57 CET PostProcessEvent
Failed to open file at URL root://eoscms.cern.ch:1094//eos/cms/store/mc/RunIISummer20UL16MiniAODv2/WWTo2L2Nu_TuneCP5_13TeV-powheg-pythia8/MINIAODSIM/106X_mcRun2_asymptotic_v17-v1/120000/5A8219A3-A113-E94E-9A2D-D232705D91C1.root?tried=.
%MSG
02-Mar-2024 12:43:57 CET  Fallback request to file root://xrootd-cms.infn.it//store/mc/RunIISummer20UL16MiniAODv2/WWTo2L2Nu_TuneCP5_13TeV-powheg-pythia8/MINIAODSIM/106X_mcRun2_asymptotic_v17-v1/120000/5A8219A3-A113-E94E-9A2D-D232705D91C1.root
%MSG-w XrdAdaptor:  file_open 02-Mar-2024 12:44:09 CET PostProcessEvent
Data is served from fnal.gov instead of original site infn.it
%MSG
02-Mar-2024 12:44:10 CET  Successfully opened file root://xrootd-cms.infn.it//store/mc/RunIISummer20UL16MiniAODv2/WWTo2L2Nu_TuneCP5_13TeV-powheg-pythia8/MINIAODSIM/106X_mcRun2_asymptotic_v17-v1/120000/5A8219A3-A113-E94E-9A2D-D232705D91C1.root
02-Mar-2024 12:44:15 CET  Closed file root://xrootd-cms.infn.it//store/mc/RunIISummer20UL16MiniAODv2/WWTo2L2Nu_TuneCP5_13TeV-powheg-pythia8/MINIAODSIM/106X_mcRun2_asymptotic_v17-v1/120000/5A8219A3-A113-E94E-9A2D-D232705D91C1.root
02-Mar-2024 12:44:15 CET  Initiating request to open file root://eoscms.cern.ch//eos/cms/store/mc/RunIISummer20UL16MiniAODv2/WWTo2L2Nu_TuneCP5_13TeV-powheg-pythia8/MINIAODSIM/106X_mcRun2_asymptotic_v17-v1/140000/32B4C4AB-DBCC-6A4B-ACEB-31FAC54860E5.root
%MSG-w XrdAdaptorInternal:  file_open 02-Mar-2024 12:44:16 CET PostProcessEvent
Failed to open file at URL root://eoscms.cern.ch:1094//eos/cms/store/mc/RunIISummer20UL16MiniAODv2/WWTo2L2Nu_TuneCP5_13TeV-powheg-pythia8/MINIAODSIM/106X_mcRun2_asymptotic_v17-v1/140000/32B4C4AB-DBCC-6A4B-ACEB-31FAC54860E5.root.
%MSG
%MSG-w XrdAdaptorInternal:  file_open 02-Mar-2024 12:44:16 CET PostProcessEvent
Failed to open file at URL root://eoscms.cern.ch:1094//eos/cms/store/mc/RunIISummer20UL16MiniAODv2/WWTo2L2Nu_TuneCP5_13TeV-powheg-pythia8/MINIAODSIM/106X_mcRun2_asymptotic_v17-v1/140000/32B4C4AB-DBCC-6A4B-ACEB-31FAC54860E5.root?tried=.
%MSG
02-Mar-2024 12:44:16 CET  Fallback request to file root://xrootd-cms.infn.it//store/mc/RunIISummer20UL16MiniAODv2/WWTo2L2Nu_TuneCP5_13TeV-powheg-pythia8/MINIAODSIM/106X_mcRun2_asymptotic_v17-v1/140000/32B4C4AB-DBCC-6A4B-ACEB-31FAC54860E5.root
%MSG-w XrdAdaptor:  file_open 02-Mar-2024 12:44:29 CET PostProcessEvent
Data is served from fnal.gov instead of original site infn.it
%MSG
02-Mar-2024 12:44:30 CET  Successfully opened file root://xrootd-cms.infn.it//store/mc/RunIISummer20UL16MiniAODv2/WWTo2L2Nu_TuneCP5_13TeV-powheg-pythia8/MINIAODSIM/106X_mcRun2_asymptotic_v17-v1/140000/32B4C4AB-DBCC-6A4B-ACEB-31FAC54860E5.root
Begin processing the 2300001st record. Run 1, Event 1930018, LumiSection 1931 on stream 0 at 02-Mar-2024 12:44:34.536 CET
02-Mar-2024 12:44:34 CET  Closed file root://xrootd-cms.infn.it//store/mc/RunIISummer20UL16MiniAODv2/WWTo2L2Nu_TuneCP5_13TeV-powheg-pythia8/MINIAODSIM/106X_mcRun2_asymptotic_v17-v1/140000/32B4C4AB-DBCC-6A4B-ACEB-31FAC54860E5.root
02-Mar-2024 12:44:34 CET  Initiating request to open file root://eoscms.cern.ch//eos/cms/store/mc/RunIISummer20UL16MiniAODv2/WWTo2L2Nu_TuneCP5_13TeV-powheg-pythia8/MINIAODSIM/106X_mcRun2_asymptotic_v17-v1/280000/7EC6F103-19C8-F044-8F04-49308D0662AA.root
%MSG-w XrdAdaptorInternal:  file_open 02-Mar-2024 12:44:35 CET PostProcessEvent
Failed to open file at URL root://eoscms.cern.ch:1094//eos/cms/store/mc/RunIISummer20UL16MiniAODv2/WWTo2L2Nu_TuneCP5_13TeV-powheg-pythia8/MINIAODSIM/106X_mcRun2_asymptotic_v17-v1/280000/7EC6F103-19C8-F044-8F04-49308D0662AA.root.
%MSG
%MSG-w XrdAdaptorInternal:  file_open 02-Mar-2024 12:44:35 CET PostProcessEvent
Failed to open file at URL root://eoscms.cern.ch:1094//eos/cms/store/mc/RunIISummer20UL16MiniAODv2/WWTo2L2Nu_TuneCP5_13TeV-powheg-pythia8/MINIAODSIM/106X_mcRun2_asymptotic_v17-v1/280000/7EC6F103-19C8-F044-8F04-49308D0662AA.root?tried=.
%MSG
02-Mar-2024 12:44:35 CET  Fallback request to file root://xrootd-cms.infn.it//store/mc/RunIISummer20UL16MiniAODv2/WWTo2L2Nu_TuneCP5_13TeV-powheg-pythia8/MINIAODSIM/106X_mcRun2_asymptotic_v17-v1/280000/7EC6F103-19C8-F044-8F04-49308D0662AA.root
%MSG-w XrdAdaptor:  file_open 02-Mar-2024 12:44:48 CET PostProcessEvent
Data is served from fnal.gov instead of original site infn.it
%MSG
02-Mar-2024 12:44:49 CET  Successfully opened file root://xrootd-cms.infn.it//store/mc/RunIISummer20UL16MiniAODv2/WWTo2L2Nu_TuneCP5_13TeV-powheg-pythia8/MINIAODSIM/106X_mcRun2_asymptotic_v17-v1/280000/7EC6F103-19C8-F044-8F04-49308D0662AA.root
Begin processing the 2400001st record. Run 1, Event 1672010, LumiSection 1673 on stream 0 at 02-Mar-2024 12:45:03.771 CET
02-Mar-2024 12:45:04 CET  Closed file root://xrootd-cms.infn.it//store/mc/RunIISummer20UL16MiniAODv2/WWTo2L2Nu_TuneCP5_13TeV-powheg-pythia8/MINIAODSIM/106X_mcRun2_asymptotic_v17-v1/280000/7EC6F103-19C8-F044-8F04-49308D0662AA.root
02-Mar-2024 12:45:04 CET  Initiating request to open file root://eoscms.cern.ch//eos/cms/store/mc/RunIISummer20UL16MiniAODv2/WWTo2L2Nu_TuneCP5_13TeV-powheg-pythia8/MINIAODSIM/106X_mcRun2_asymptotic_v17-v1/280000/B4D27D61-90E2-CA4C-88D5-5D097A30D298.root
%MSG-w XrdAdaptorInternal:  file_open 02-Mar-2024 12:45:05 CET PostProcessEvent
Failed to open file at URL root://eoscms.cern.ch:1094//eos/cms/store/mc/RunIISummer20UL16MiniAODv2/WWTo2L2Nu_TuneCP5_13TeV-powheg-pythia8/MINIAODSIM/106X_mcRun2_asymptotic_v17-v1/280000/B4D27D61-90E2-CA4C-88D5-5D097A30D298.root.
%MSG
%MSG-w XrdAdaptorInternal:  file_open 02-Mar-2024 12:45:05 CET PostProcessEvent
Failed to open file at URL root://eoscms.cern.ch:1094//eos/cms/store/mc/RunIISummer20UL16MiniAODv2/WWTo2L2Nu_TuneCP5_13TeV-powheg-pythia8/MINIAODSIM/106X_mcRun2_asymptotic_v17-v1/280000/B4D27D61-90E2-CA4C-88D5-5D097A30D298.root?tried=.
%MSG
02-Mar-2024 12:45:05 CET  Fallback request to file root://xrootd-cms.infn.it//store/mc/RunIISummer20UL16MiniAODv2/WWTo2L2Nu_TuneCP5_13TeV-powheg-pythia8/MINIAODSIM/106X_mcRun2_asymptotic_v17-v1/280000/B4D27D61-90E2-CA4C-88D5-5D097A30D298.root
%MSG-w XrdAdaptor:  file_open 02-Mar-2024 12:45:24 CET PostProcessEvent
Data is served from fnal.gov instead of original site infn.it
%MSG
02-Mar-2024 12:45:25 CET  Successfully opened file root://xrootd-cms.infn.it//store/mc/RunIISummer20UL16MiniAODv2/WWTo2L2Nu_TuneCP5_13TeV-powheg-pythia8/MINIAODSIM/106X_mcRun2_asymptotic_v17-v1/280000/B4D27D61-90E2-CA4C-88D5-5D097A30D298.root
Begin processing the 2500001st record. Run 1, Event 2306018, LumiSection 2307 on stream 0 at 02-Mar-2024 12:45:49.408 CET
02-Mar-2024 12:45:49 CET  Closed file root://xrootd-cms.infn.it//store/mc/RunIISummer20UL16MiniAODv2/WWTo2L2Nu_TuneCP5_13TeV-powheg-pythia8/MINIAODSIM/106X_mcRun2_asymptotic_v17-v1/280000/B4D27D61-90E2-CA4C-88D5-5D097A30D298.root
02-Mar-2024 12:45:49 CET  Initiating request to open file root://eoscms.cern.ch//eos/cms/store/mc/RunIISummer20UL16MiniAODv2/WWTo2L2Nu_TuneCP5_13TeV-powheg-pythia8/MINIAODSIM/106X_mcRun2_asymptotic_v17-v1/280000/D80E1D2F-C3E5-014F-9EA4-D04321116667.root
%MSG-w XrdAdaptorInternal:  file_open 02-Mar-2024 12:45:50 CET PostProcessEvent
Failed to open file at URL root://eoscms.cern.ch:1094//eos/cms/store/mc/RunIISummer20UL16MiniAODv2/WWTo2L2Nu_TuneCP5_13TeV-powheg-pythia8/MINIAODSIM/106X_mcRun2_asymptotic_v17-v1/280000/D80E1D2F-C3E5-014F-9EA4-D04321116667.root.
%MSG
%MSG-w XrdAdaptorInternal:  file_open 02-Mar-2024 12:45:50 CET PostProcessEvent
Failed to open file at URL root://eoscms.cern.ch:1094//eos/cms/store/mc/RunIISummer20UL16MiniAODv2/WWTo2L2Nu_TuneCP5_13TeV-powheg-pythia8/MINIAODSIM/106X_mcRun2_asymptotic_v17-v1/280000/D80E1D2F-C3E5-014F-9EA4-D04321116667.root?tried=.
%MSG
02-Mar-2024 12:45:50 CET  Fallback request to file root://xrootd-cms.infn.it//store/mc/RunIISummer20UL16MiniAODv2/WWTo2L2Nu_TuneCP5_13TeV-powheg-pythia8/MINIAODSIM/106X_mcRun2_asymptotic_v17-v1/280000/D80E1D2F-C3E5-014F-9EA4-D04321116667.root
%MSG-w XrdAdaptor:  file_open 02-Mar-2024 12:46:03 CET PostProcessEvent
Data is served from fnal.gov instead of original site infn.it
%MSG
02-Mar-2024 12:46:04 CET  Successfully opened file root://xrootd-cms.infn.it//store/mc/RunIISummer20UL16MiniAODv2/WWTo2L2Nu_TuneCP5_13TeV-powheg-pythia8/MINIAODSIM/106X_mcRun2_asymptotic_v17-v1/280000/D80E1D2F-C3E5-014F-9EA4-D04321116667.root
02-Mar-2024 12:46:11 CET  Closed file root://xrootd-cms.infn.it//store/mc/RunIISummer20UL16MiniAODv2/WWTo2L2Nu_TuneCP5_13TeV-powheg-pythia8/MINIAODSIM/106X_mcRun2_asymptotic_v17-v1/280000/D80E1D2F-C3E5-014F-9EA4-D04321116667.root
02-Mar-2024 12:46:11 CET  Initiating request to open file root://eoscms.cern.ch//eos/cms/store/mc/RunIISummer20UL16MiniAODv2/WWTo2L2Nu_TuneCP5_13TeV-powheg-pythia8/MINIAODSIM/106X_mcRun2_asymptotic_v17-v1/270000/E875D67F-35D5-D44F-ACB0-F2FB4CEE7960.root
%MSG-w XrdAdaptorInternal:  file_open 02-Mar-2024 12:46:12 CET PostProcessEvent
Failed to open file at URL root://eoscms.cern.ch:1094//eos/cms/store/mc/RunIISummer20UL16MiniAODv2/WWTo2L2Nu_TuneCP5_13TeV-powheg-pythia8/MINIAODSIM/106X_mcRun2_asymptotic_v17-v1/270000/E875D67F-35D5-D44F-ACB0-F2FB4CEE7960.root.
%MSG
%MSG-w XrdAdaptorInternal:  file_open 02-Mar-2024 12:46:12 CET PostProcessEvent
Failed to open file at URL root://eoscms.cern.ch:1094//eos/cms/store/mc/RunIISummer20UL16MiniAODv2/WWTo2L2Nu_TuneCP5_13TeV-powheg-pythia8/MINIAODSIM/106X_mcRun2_asymptotic_v17-v1/270000/E875D67F-35D5-D44F-ACB0-F2FB4CEE7960.root?tried=.
%MSG
02-Mar-2024 12:46:12 CET  Fallback request to file root://xrootd-cms.infn.it//store/mc/RunIISummer20UL16MiniAODv2/WWTo2L2Nu_TuneCP5_13TeV-powheg-pythia8/MINIAODSIM/106X_mcRun2_asymptotic_v17-v1/270000/E875D67F-35D5-D44F-ACB0-F2FB4CEE7960.root
%MSG-w XrdAdaptor:  file_open 02-Mar-2024 12:46:24 CET PostProcessEvent
Data is served from fnal.gov instead of original site infn.it
%MSG
02-Mar-2024 12:46:25 CET  Successfully opened file root://xrootd-cms.infn.it//store/mc/RunIISummer20UL16MiniAODv2/WWTo2L2Nu_TuneCP5_13TeV-powheg-pythia8/MINIAODSIM/106X_mcRun2_asymptotic_v17-v1/270000/E875D67F-35D5-D44F-ACB0-F2FB4CEE7960.root
02-Mar-2024 12:46:35 CET  Closed file root://xrootd-cms.infn.it//store/mc/RunIISummer20UL16MiniAODv2/WWTo2L2Nu_TuneCP5_13TeV-powheg-pythia8/MINIAODSIM/106X_mcRun2_asymptotic_v17-v1/270000/E875D67F-35D5-D44F-ACB0-F2FB4CEE7960.root
02-Mar-2024 12:46:35 CET  Initiating request to open file root://eoscms.cern.ch//eos/cms/store/mc/RunIISummer20UL16MiniAODv2/WWTo2L2Nu_TuneCP5_13TeV-powheg-pythia8/MINIAODSIM/106X_mcRun2_asymptotic_v17-v1/270000/B66EB157-5F10-3946-B1AC-C97782A41DD3.root
%MSG-w XrdAdaptorInternal:  file_open 02-Mar-2024 12:46:36 CET PostProcessEvent
Failed to open file at URL root://eoscms.cern.ch:1094//eos/cms/store/mc/RunIISummer20UL16MiniAODv2/WWTo2L2Nu_TuneCP5_13TeV-powheg-pythia8/MINIAODSIM/106X_mcRun2_asymptotic_v17-v1/270000/B66EB157-5F10-3946-B1AC-C97782A41DD3.root.
%MSG
%MSG-w XrdAdaptorInternal:  file_open 02-Mar-2024 12:46:36 CET PostProcessEvent
Failed to open file at URL root://eoscms.cern.ch:1094//eos/cms/store/mc/RunIISummer20UL16MiniAODv2/WWTo2L2Nu_TuneCP5_13TeV-powheg-pythia8/MINIAODSIM/106X_mcRun2_asymptotic_v17-v1/270000/B66EB157-5F10-3946-B1AC-C97782A41DD3.root?tried=.
%MSG
02-Mar-2024 12:46:36 CET  Fallback request to file root://xrootd-cms.infn.it//store/mc/RunIISummer20UL16MiniAODv2/WWTo2L2Nu_TuneCP5_13TeV-powheg-pythia8/MINIAODSIM/106X_mcRun2_asymptotic_v17-v1/270000/B66EB157-5F10-3946-B1AC-C97782A41DD3.root
%MSG-w XrdAdaptor:  file_open 02-Mar-2024 12:46:48 CET PostProcessEvent
Data is served from fnal.gov instead of original site infn.it
%MSG
02-Mar-2024 12:46:49 CET  Successfully opened file root://xrootd-cms.infn.it//store/mc/RunIISummer20UL16MiniAODv2/WWTo2L2Nu_TuneCP5_13TeV-powheg-pythia8/MINIAODSIM/106X_mcRun2_asymptotic_v17-v1/270000/B66EB157-5F10-3946-B1AC-C97782A41DD3.root
Begin processing the 2600001st record. Run 1, Event 131017, LumiSection 132 on stream 0 at 02-Mar-2024 12:46:54.993 CET
02-Mar-2024 12:47:02 CET  Closed file root://xrootd-cms.infn.it//store/mc/RunIISummer20UL16MiniAODv2/WWTo2L2Nu_TuneCP5_13TeV-powheg-pythia8/MINIAODSIM/106X_mcRun2_asymptotic_v17-v1/270000/B66EB157-5F10-3946-B1AC-C97782A41DD3.root
02-Mar-2024 12:47:02 CET  Initiating request to open file root://eoscms.cern.ch//eos/cms/store/mc/RunIISummer20UL16MiniAODv2/WWTo2L2Nu_TuneCP5_13TeV-powheg-pythia8/MINIAODSIM/106X_mcRun2_asymptotic_v17-v1/270000/32253E21-2A94-0747-B6C9-E54EC7033D2E.root
%MSG-w XrdAdaptorInternal:  file_open 02-Mar-2024 12:47:03 CET PostProcessEvent
Failed to open file at URL root://eoscms.cern.ch:1094//eos/cms/store/mc/RunIISummer20UL16MiniAODv2/WWTo2L2Nu_TuneCP5_13TeV-powheg-pythia8/MINIAODSIM/106X_mcRun2_asymptotic_v17-v1/270000/32253E21-2A94-0747-B6C9-E54EC7033D2E.root.
%MSG
%MSG-w XrdAdaptorInternal:  file_open 02-Mar-2024 12:47:03 CET PostProcessEvent
Failed to open file at URL root://eoscms.cern.ch:1094//eos/cms/store/mc/RunIISummer20UL16MiniAODv2/WWTo2L2Nu_TuneCP5_13TeV-powheg-pythia8/MINIAODSIM/106X_mcRun2_asymptotic_v17-v1/270000/32253E21-2A94-0747-B6C9-E54EC7033D2E.root?tried=.
%MSG
02-Mar-2024 12:47:03 CET  Fallback request to file root://xrootd-cms.infn.it//store/mc/RunIISummer20UL16MiniAODv2/WWTo2L2Nu_TuneCP5_13TeV-powheg-pythia8/MINIAODSIM/106X_mcRun2_asymptotic_v17-v1/270000/32253E21-2A94-0747-B6C9-E54EC7033D2E.root
%MSG-w XrdAdaptor:  file_open 02-Mar-2024 12:47:28 CET PostProcessEvent
Data is served from fnal.gov instead of original site infn.it
%MSG
02-Mar-2024 12:47:29 CET  Successfully opened file root://xrootd-cms.infn.it//store/mc/RunIISummer20UL16MiniAODv2/WWTo2L2Nu_TuneCP5_13TeV-powheg-pythia8/MINIAODSIM/106X_mcRun2_asymptotic_v17-v1/270000/32253E21-2A94-0747-B6C9-E54EC7033D2E.root
Begin processing the 2700001st record. Run 1, Event 2091012, LumiSection 2092 on stream 0 at 02-Mar-2024 12:47:35.956 CET
02-Mar-2024 12:47:42 CET  Closed file root://xrootd-cms.infn.it//store/mc/RunIISummer20UL16MiniAODv2/WWTo2L2Nu_TuneCP5_13TeV-powheg-pythia8/MINIAODSIM/106X_mcRun2_asymptotic_v17-v1/270000/32253E21-2A94-0747-B6C9-E54EC7033D2E.root
02-Mar-2024 12:47:42 CET  Initiating request to open file root://eoscms.cern.ch//eos/cms/store/mc/RunIISummer20UL16MiniAODv2/WWTo2L2Nu_TuneCP5_13TeV-powheg-pythia8/MINIAODSIM/106X_mcRun2_asymptotic_v17-v1/270000/BDBF4547-C5D0-034F-9DA1-7D1E4453B908.root
%MSG-w XrdAdaptorInternal:  file_open 02-Mar-2024 12:47:43 CET PostProcessEvent
Failed to open file at URL root://eoscms.cern.ch:1094//eos/cms/store/mc/RunIISummer20UL16MiniAODv2/WWTo2L2Nu_TuneCP5_13TeV-powheg-pythia8/MINIAODSIM/106X_mcRun2_asymptotic_v17-v1/270000/BDBF4547-C5D0-034F-9DA1-7D1E4453B908.root.
%MSG
%MSG-w XrdAdaptorInternal:  file_open 02-Mar-2024 12:47:43 CET PostProcessEvent
Failed to open file at URL root://eoscms.cern.ch:1094//eos/cms/store/mc/RunIISummer20UL16MiniAODv2/WWTo2L2Nu_TuneCP5_13TeV-powheg-pythia8/MINIAODSIM/106X_mcRun2_asymptotic_v17-v1/270000/BDBF4547-C5D0-034F-9DA1-7D1E4453B908.root?tried=.
%MSG
02-Mar-2024 12:47:43 CET  Fallback request to file root://xrootd-cms.infn.it//store/mc/RunIISummer20UL16MiniAODv2/WWTo2L2Nu_TuneCP5_13TeV-powheg-pythia8/MINIAODSIM/106X_mcRun2_asymptotic_v17-v1/270000/BDBF4547-C5D0-034F-9DA1-7D1E4453B908.root
%MSG-w XrdAdaptor:  file_open 02-Mar-2024 12:47:56 CET PostProcessEvent
Data is served from fnal.gov instead of original site infn.it
%MSG
02-Mar-2024 12:47:57 CET  Successfully opened file root://xrootd-cms.infn.it//store/mc/RunIISummer20UL16MiniAODv2/WWTo2L2Nu_TuneCP5_13TeV-powheg-pythia8/MINIAODSIM/106X_mcRun2_asymptotic_v17-v1/270000/BDBF4547-C5D0-034F-9DA1-7D1E4453B908.root
Begin processing the 2800001st record. Run 1, Event 2797010, LumiSection 2798 on stream 0 at 02-Mar-2024 12:48:03.280 CET
02-Mar-2024 12:48:05 CET  Closed file root://xrootd-cms.infn.it//store/mc/RunIISummer20UL16MiniAODv2/WWTo2L2Nu_TuneCP5_13TeV-powheg-pythia8/MINIAODSIM/106X_mcRun2_asymptotic_v17-v1/270000/BDBF4547-C5D0-034F-9DA1-7D1E4453B908.root
02-Mar-2024 12:48:05 CET  Initiating request to open file root://eoscms.cern.ch//eos/cms/store/mc/RunIISummer20UL16MiniAODv2/WWTo2L2Nu_TuneCP5_13TeV-powheg-pythia8/MINIAODSIM/106X_mcRun2_asymptotic_v17-v1/280000/ACDB7552-B04A-954B-AA09-8C34B0433C1F.root
%MSG-w XrdAdaptorInternal:  file_open 02-Mar-2024 12:48:06 CET PostProcessEvent
Failed to open file at URL root://eoscms.cern.ch:1094//eos/cms/store/mc/RunIISummer20UL16MiniAODv2/WWTo2L2Nu_TuneCP5_13TeV-powheg-pythia8/MINIAODSIM/106X_mcRun2_asymptotic_v17-v1/280000/ACDB7552-B04A-954B-AA09-8C34B0433C1F.root.
%MSG
%MSG-w XrdAdaptorInternal:  file_open 02-Mar-2024 12:48:06 CET PostProcessEvent
Failed to open file at URL root://eoscms.cern.ch:1094//eos/cms/store/mc/RunIISummer20UL16MiniAODv2/WWTo2L2Nu_TuneCP5_13TeV-powheg-pythia8/MINIAODSIM/106X_mcRun2_asymptotic_v17-v1/280000/ACDB7552-B04A-954B-AA09-8C34B0433C1F.root?tried=.
%MSG
02-Mar-2024 12:48:06 CET  Fallback request to file root://xrootd-cms.infn.it//store/mc/RunIISummer20UL16MiniAODv2/WWTo2L2Nu_TuneCP5_13TeV-powheg-pythia8/MINIAODSIM/106X_mcRun2_asymptotic_v17-v1/280000/ACDB7552-B04A-954B-AA09-8C34B0433C1F.root
%MSG-w XrdAdaptor:  file_open 02-Mar-2024 12:48:24 CET PostProcessEvent
Data is served from fnal.gov instead of original site infn.it
%MSG
02-Mar-2024 12:48:25 CET  Successfully opened file root://xrootd-cms.infn.it//store/mc/RunIISummer20UL16MiniAODv2/WWTo2L2Nu_TuneCP5_13TeV-powheg-pythia8/MINIAODSIM/106X_mcRun2_asymptotic_v17-v1/280000/ACDB7552-B04A-954B-AA09-8C34B0433C1F.root
02-Mar-2024 12:48:29 CET  Closed file root://xrootd-cms.infn.it//store/mc/RunIISummer20UL16MiniAODv2/WWTo2L2Nu_TuneCP5_13TeV-powheg-pythia8/MINIAODSIM/106X_mcRun2_asymptotic_v17-v1/280000/ACDB7552-B04A-954B-AA09-8C34B0433C1F.root
02-Mar-2024 12:48:29 CET  Initiating request to open file root://eoscms.cern.ch//eos/cms/store/mc/RunIISummer20UL16MiniAODv2/WWTo2L2Nu_TuneCP5_13TeV-powheg-pythia8/MINIAODSIM/106X_mcRun2_asymptotic_v17-v1/120000/FEBD9076-84E4-FB4C-8379-A1808598CAB4.root
%MSG-w XrdAdaptorInternal:  file_open 02-Mar-2024 12:48:30 CET PostProcessEvent
Failed to open file at URL root://eoscms.cern.ch:1094//eos/cms/store/mc/RunIISummer20UL16MiniAODv2/WWTo2L2Nu_TuneCP5_13TeV-powheg-pythia8/MINIAODSIM/106X_mcRun2_asymptotic_v17-v1/120000/FEBD9076-84E4-FB4C-8379-A1808598CAB4.root.
%MSG
%MSG-w XrdAdaptorInternal:  file_open 02-Mar-2024 12:48:30 CET PostProcessEvent
Failed to open file at URL root://eoscms.cern.ch:1094//eos/cms/store/mc/RunIISummer20UL16MiniAODv2/WWTo2L2Nu_TuneCP5_13TeV-powheg-pythia8/MINIAODSIM/106X_mcRun2_asymptotic_v17-v1/120000/FEBD9076-84E4-FB4C-8379-A1808598CAB4.root?tried=.
%MSG
02-Mar-2024 12:48:30 CET  Fallback request to file root://xrootd-cms.infn.it//store/mc/RunIISummer20UL16MiniAODv2/WWTo2L2Nu_TuneCP5_13TeV-powheg-pythia8/MINIAODSIM/106X_mcRun2_asymptotic_v17-v1/120000/FEBD9076-84E4-FB4C-8379-A1808598CAB4.root
%MSG-w XrdAdaptor:  file_open 02-Mar-2024 12:48:45 CET PostProcessEvent
Data is served from T2_US_Nebraska instead of original site infn.it
%MSG
02-Mar-2024 12:48:46 CET  Successfully opened file root://xrootd-cms.infn.it//store/mc/RunIISummer20UL16MiniAODv2/WWTo2L2Nu_TuneCP5_13TeV-powheg-pythia8/MINIAODSIM/106X_mcRun2_asymptotic_v17-v1/120000/FEBD9076-84E4-FB4C-8379-A1808598CAB4.root
02-Mar-2024 12:48:52 CET  Closed file root://xrootd-cms.infn.it//store/mc/RunIISummer20UL16MiniAODv2/WWTo2L2Nu_TuneCP5_13TeV-powheg-pythia8/MINIAODSIM/106X_mcRun2_asymptotic_v17-v1/120000/FEBD9076-84E4-FB4C-8379-A1808598CAB4.root
02-Mar-2024 12:48:52 CET  Initiating request to open file root://eoscms.cern.ch//eos/cms/store/mc/RunIISummer20UL16MiniAODv2/WWTo2L2Nu_TuneCP5_13TeV-powheg-pythia8/MINIAODSIM/106X_mcRun2_asymptotic_v17-v1/280000/B1FC43EA-2EC5-3846-9927-C49E4268E2CF.root
%MSG-w XrdAdaptorInternal:  file_open 02-Mar-2024 12:48:53 CET PostProcessEvent
Failed to open file at URL root://eoscms.cern.ch:1094//eos/cms/store/mc/RunIISummer20UL16MiniAODv2/WWTo2L2Nu_TuneCP5_13TeV-powheg-pythia8/MINIAODSIM/106X_mcRun2_asymptotic_v17-v1/280000/B1FC43EA-2EC5-3846-9927-C49E4268E2CF.root.
%MSG
%MSG-w XrdAdaptorInternal:  file_open 02-Mar-2024 12:48:53 CET PostProcessEvent
Failed to open file at URL root://eoscms.cern.ch:1094//eos/cms/store/mc/RunIISummer20UL16MiniAODv2/WWTo2L2Nu_TuneCP5_13TeV-powheg-pythia8/MINIAODSIM/106X_mcRun2_asymptotic_v17-v1/280000/B1FC43EA-2EC5-3846-9927-C49E4268E2CF.root?tried=.
%MSG
02-Mar-2024 12:48:53 CET  Fallback request to file root://xrootd-cms.infn.it//store/mc/RunIISummer20UL16MiniAODv2/WWTo2L2Nu_TuneCP5_13TeV-powheg-pythia8/MINIAODSIM/106X_mcRun2_asymptotic_v17-v1/280000/B1FC43EA-2EC5-3846-9927-C49E4268E2CF.root
%MSG-w XrdAdaptor:  file_open 02-Mar-2024 12:49:07 CET PostProcessEvent
Data is served from T2_US_MIT instead of original site infn.it
%MSG
02-Mar-2024 12:49:08 CET  Successfully opened file root://xrootd-cms.infn.it//store/mc/RunIISummer20UL16MiniAODv2/WWTo2L2Nu_TuneCP5_13TeV-powheg-pythia8/MINIAODSIM/106X_mcRun2_asymptotic_v17-v1/280000/B1FC43EA-2EC5-3846-9927-C49E4268E2CF.root
     11.086755      0.007040      1.000000         10000
 
02-Mar-2024 12:49:18 CET  Closed file root://xrootd-cms.infn.it//store/mc/RunIISummer20UL16MiniAODv2/WWTo2L2Nu_TuneCP5_13TeV-powheg-pythia8/MINIAODSIM/106X_mcRun2_asymptotic_v17-v1/280000/B1FC43EA-2EC5-3846-9927-C49E4268E2CF.root

------------------------------------
GenXsecAnalyzer:
------------------------------------
-------------------------------------------------------------------------------------------------------------------------------------------------------------------------- 
Overall cross-section summary 
--------------------------------------------------------------------------------------------------------------------------------------------------------------------------
Process		xsec_before [pb]		passed	nposw	nnegw	tried	nposw	nnegw 	xsec_match [pb]			accepted [%]	 event_eff [%]
-------------------------------------------------------------------------------------------------------------------------------------------------------------------------- 
Total		1.109e+01 +/- 7.040e-03		5799000	5787924	11076	5799000	5787924	11076	1.109e+01 +/- 7.040e-03		100.0 +/- 0.0	100.0 +/- 0.0
--------------------------------------------------------------------------------------------------------------------------------------------------------------------------
Before matching: total cross section = 1.109e+01 +- 7.040e-03 pb
After matching: total cross section = 1.109e+01 +- 7.040e-03 pb
Matching efficiency = 1.0 +/- 0.0   [TO BE USED IN MCM]
Filter efficiency (taking into account weights)= (3.21471e+07) / (3.21471e+07) = 1.000e+00 +- 0.000e+00
Filter efficiency (event-level)= (2.9e+06) / (2.9e+06) = 1.000e+00 +- 0.000e+00    [TO BE USED IN MCM]

After filter: final cross section = 1.109e+01 +- 7.040e-03 pb
After filter: final fraction of events with negative weights = 1.910e-03 +- 2.314e-09
After filter: final equivalent lumi for 1M events (1/fb) = 8.951e+01 +- 1.056e-01

=============================================

MessageLogger Summary

 type     category        sev    module        subroutine        count    total
 ---- -------------------- -- ---------------- ----------------  -----    -----
    1 GenXSecAnalyzer      -w GenXSecAnalyzer:                      14       14
    2 XrdAdaptor           -w file_open                             50       50
    3 XrdAdaptorInternal   -w file_open                            100      100
    4 fileAction           -s file_close                            50       50
    5 fileAction           -s file_open                            150      150

 type    category    Examples: run/evt        run/evt          run/evt
 ---- -------------------- ---------------- ---------------- ----------------
    1 GenXSecAnalyzer      PostGlobalEndRun PostGlobalEndRun PostGlobalEndRun
    2 XrdAdaptor           pre-events       PostProcessEvent PostProcessEvent
    3 XrdAdaptorInternal   pre-events       pre-events       PostProcessEvent
    4 fileAction           PostProcessEvent PostProcessEvent PostGlobalEndRun
    5 fileAction           pre-events       pre-events       PostProcessEvent

Severity    # Occurrences   Total Occurrences
--------    -------------   -----------------
Warning               164                 164
System                200                 200

dropped waiting message count 0
