02-Mar-2024 13:18:23 CET  Initiating request to open file root://eoscms.cern.ch//eos/cms/store/mc/RunIISummer20UL16MiniAODv2/WWW_4F_TuneCP5_13TeV-amcatnlo-pythia8/MINIAODSIM/106X_mcRun2_asymptotic_v17-v1/270000/169C4768-F599-6748-A9F2-4CA11FA674AA.root
%MSG-w XrdAdaptorInternal:  file_open 02-Mar-2024 13:18:24 CET pre-events
Failed to open file at URL root://eoscms.cern.ch:1094//eos/cms/store/mc/RunIISummer20UL16MiniAODv2/WWW_4F_TuneCP5_13TeV-amcatnlo-pythia8/MINIAODSIM/106X_mcRun2_asymptotic_v17-v1/270000/169C4768-F599-6748-A9F2-4CA11FA674AA.root.
%MSG
%MSG-w XrdAdaptorInternal:  file_open 02-Mar-2024 13:18:24 CET pre-events
Failed to open file at URL root://eoscms.cern.ch:1094//eos/cms/store/mc/RunIISummer20UL16MiniAODv2/WWW_4F_TuneCP5_13TeV-amcatnlo-pythia8/MINIAODSIM/106X_mcRun2_asymptotic_v17-v1/270000/169C4768-F599-6748-A9F2-4CA11FA674AA.root?tried=.
%MSG
02-Mar-2024 13:18:24 CET  Fallback request to file root://xrootd-cms.infn.it//store/mc/RunIISummer20UL16MiniAODv2/WWW_4F_TuneCP5_13TeV-amcatnlo-pythia8/MINIAODSIM/106X_mcRun2_asymptotic_v17-v1/270000/169C4768-F599-6748-A9F2-4CA11FA674AA.root
Unable to load sec.protocol plugin libXrdSecztn.so
%MSG-w XrdAdaptor:  file_open 02-Mar-2024 13:18:29 CET pre-events
Data is served from fnal.gov instead of original site T2_FR_GRIF_LLR
%MSG
02-Mar-2024 13:18:36 CET  Successfully opened file root://xrootd-cms.infn.it//store/mc/RunIISummer20UL16MiniAODv2/WWW_4F_TuneCP5_13TeV-amcatnlo-pythia8/MINIAODSIM/106X_mcRun2_asymptotic_v17-v1/270000/169C4768-F599-6748-A9F2-4CA11FA674AA.root
Unable to load sec.protocol plugin libXrdSecztn.so
Begin processing the 1st record. Run 1, Event 21012, LumiSection 22 on stream 0 at 02-Mar-2024 13:18:41.668 CET
02-Mar-2024 13:18:41 CET  Closed file root://xrootd-cms.infn.it//store/mc/RunIISummer20UL16MiniAODv2/WWW_4F_TuneCP5_13TeV-amcatnlo-pythia8/MINIAODSIM/106X_mcRun2_asymptotic_v17-v1/270000/169C4768-F599-6748-A9F2-4CA11FA674AA.root
02-Mar-2024 13:18:41 CET  Initiating request to open file root://eoscms.cern.ch//eos/cms/store/mc/RunIISummer20UL16MiniAODv2/WWW_4F_TuneCP5_13TeV-amcatnlo-pythia8/MINIAODSIM/106X_mcRun2_asymptotic_v17-v1/70000/1000232B-BF34-C84F-A1FA-5D3717C40519.root
%MSG-w XrdAdaptorInternal:  file_open 02-Mar-2024 13:18:42 CET PostProcessEvent
Failed to open file at URL root://eoscms.cern.ch:1094//eos/cms/store/mc/RunIISummer20UL16MiniAODv2/WWW_4F_TuneCP5_13TeV-amcatnlo-pythia8/MINIAODSIM/106X_mcRun2_asymptotic_v17-v1/70000/1000232B-BF34-C84F-A1FA-5D3717C40519.root.
%MSG
%MSG-w XrdAdaptorInternal:  file_open 02-Mar-2024 13:18:42 CET PostProcessEvent
Failed to open file at URL root://eoscms.cern.ch:1094//eos/cms/store/mc/RunIISummer20UL16MiniAODv2/WWW_4F_TuneCP5_13TeV-amcatnlo-pythia8/MINIAODSIM/106X_mcRun2_asymptotic_v17-v1/70000/1000232B-BF34-C84F-A1FA-5D3717C40519.root?tried=.
%MSG
02-Mar-2024 13:18:42 CET  Fallback request to file root://xrootd-cms.infn.it//store/mc/RunIISummer20UL16MiniAODv2/WWW_4F_TuneCP5_13TeV-amcatnlo-pythia8/MINIAODSIM/106X_mcRun2_asymptotic_v17-v1/70000/1000232B-BF34-C84F-A1FA-5D3717C40519.root
%MSG-w XrdAdaptor:  file_open 02-Mar-2024 13:18:47 CET PostProcessEvent
Data is served from T2_US_Caltech instead of original site T2_FR_GRIF_LLR
%MSG
02-Mar-2024 13:18:48 CET  Successfully opened file root://xrootd-cms.infn.it//store/mc/RunIISummer20UL16MiniAODv2/WWW_4F_TuneCP5_13TeV-amcatnlo-pythia8/MINIAODSIM/106X_mcRun2_asymptotic_v17-v1/70000/1000232B-BF34-C84F-A1FA-5D3717C40519.root
02-Mar-2024 13:18:53 CET  Closed file root://xrootd-cms.infn.it//store/mc/RunIISummer20UL16MiniAODv2/WWW_4F_TuneCP5_13TeV-amcatnlo-pythia8/MINIAODSIM/106X_mcRun2_asymptotic_v17-v1/70000/1000232B-BF34-C84F-A1FA-5D3717C40519.root
02-Mar-2024 13:18:53 CET  Initiating request to open file root://eoscms.cern.ch//eos/cms/store/mc/RunIISummer20UL16MiniAODv2/WWW_4F_TuneCP5_13TeV-amcatnlo-pythia8/MINIAODSIM/106X_mcRun2_asymptotic_v17-v1/140000/E0063277-67F2-9341-8DA2-5BA728064844.root
%MSG-w XrdAdaptorInternal:  file_open 02-Mar-2024 13:18:54 CET PostProcessEvent
Failed to open file at URL root://eoscms.cern.ch:1094//eos/cms/store/mc/RunIISummer20UL16MiniAODv2/WWW_4F_TuneCP5_13TeV-amcatnlo-pythia8/MINIAODSIM/106X_mcRun2_asymptotic_v17-v1/140000/E0063277-67F2-9341-8DA2-5BA728064844.root.
%MSG
%MSG-w XrdAdaptorInternal:  file_open 02-Mar-2024 13:18:54 CET PostProcessEvent
Failed to open file at URL root://eoscms.cern.ch:1094//eos/cms/store/mc/RunIISummer20UL16MiniAODv2/WWW_4F_TuneCP5_13TeV-amcatnlo-pythia8/MINIAODSIM/106X_mcRun2_asymptotic_v17-v1/140000/E0063277-67F2-9341-8DA2-5BA728064844.root?tried=.
%MSG
02-Mar-2024 13:18:54 CET  Fallback request to file root://xrootd-cms.infn.it//store/mc/RunIISummer20UL16MiniAODv2/WWW_4F_TuneCP5_13TeV-amcatnlo-pythia8/MINIAODSIM/106X_mcRun2_asymptotic_v17-v1/140000/E0063277-67F2-9341-8DA2-5BA728064844.root
%MSG-w XrdAdaptor:  file_open 02-Mar-2024 13:18:59 CET PostProcessEvent
Data is served from T2_US_Florida instead of original site T2_FR_GRIF_LLR
%MSG
02-Mar-2024 13:19:00 CET  Successfully opened file root://xrootd-cms.infn.it//store/mc/RunIISummer20UL16MiniAODv2/WWW_4F_TuneCP5_13TeV-amcatnlo-pythia8/MINIAODSIM/106X_mcRun2_asymptotic_v17-v1/140000/E0063277-67F2-9341-8DA2-5BA728064844.root
02-Mar-2024 13:19:04 CET  Closed file root://xrootd-cms.infn.it//store/mc/RunIISummer20UL16MiniAODv2/WWW_4F_TuneCP5_13TeV-amcatnlo-pythia8/MINIAODSIM/106X_mcRun2_asymptotic_v17-v1/140000/E0063277-67F2-9341-8DA2-5BA728064844.root
02-Mar-2024 13:19:04 CET  Initiating request to open file root://eoscms.cern.ch//eos/cms/store/mc/RunIISummer20UL16MiniAODv2/WWW_4F_TuneCP5_13TeV-amcatnlo-pythia8/MINIAODSIM/106X_mcRun2_asymptotic_v17-v1/130000/AF96A63E-7F91-B749-9864-CCE5FAF0133D.root
%MSG-w XrdAdaptorInternal:  file_open 02-Mar-2024 13:19:05 CET PostProcessEvent
Failed to open file at URL root://eoscms.cern.ch:1094//eos/cms/store/mc/RunIISummer20UL16MiniAODv2/WWW_4F_TuneCP5_13TeV-amcatnlo-pythia8/MINIAODSIM/106X_mcRun2_asymptotic_v17-v1/130000/AF96A63E-7F91-B749-9864-CCE5FAF0133D.root.
%MSG
%MSG-w XrdAdaptorInternal:  file_open 02-Mar-2024 13:19:05 CET PostProcessEvent
Failed to open file at URL root://eoscms.cern.ch:1094//eos/cms/store/mc/RunIISummer20UL16MiniAODv2/WWW_4F_TuneCP5_13TeV-amcatnlo-pythia8/MINIAODSIM/106X_mcRun2_asymptotic_v17-v1/130000/AF96A63E-7F91-B749-9864-CCE5FAF0133D.root?tried=.
%MSG
02-Mar-2024 13:19:05 CET  Fallback request to file root://xrootd-cms.infn.it//store/mc/RunIISummer20UL16MiniAODv2/WWW_4F_TuneCP5_13TeV-amcatnlo-pythia8/MINIAODSIM/106X_mcRun2_asymptotic_v17-v1/130000/AF96A63E-7F91-B749-9864-CCE5FAF0133D.root
%MSG-w XrdAdaptor:  file_open 02-Mar-2024 13:19:07 CET PostProcessEvent
Data is served from fnal.gov instead of original site T2_FR_GRIF_LLR
%MSG
02-Mar-2024 13:19:08 CET  Successfully opened file root://xrootd-cms.infn.it//store/mc/RunIISummer20UL16MiniAODv2/WWW_4F_TuneCP5_13TeV-amcatnlo-pythia8/MINIAODSIM/106X_mcRun2_asymptotic_v17-v1/130000/AF96A63E-7F91-B749-9864-CCE5FAF0133D.root
02-Mar-2024 13:19:12 CET  Closed file root://xrootd-cms.infn.it//store/mc/RunIISummer20UL16MiniAODv2/WWW_4F_TuneCP5_13TeV-amcatnlo-pythia8/MINIAODSIM/106X_mcRun2_asymptotic_v17-v1/130000/AF96A63E-7F91-B749-9864-CCE5FAF0133D.root
02-Mar-2024 13:19:12 CET  Initiating request to open file root://eoscms.cern.ch//eos/cms/store/mc/RunIISummer20UL16MiniAODv2/WWW_4F_TuneCP5_13TeV-amcatnlo-pythia8/MINIAODSIM/106X_mcRun2_asymptotic_v17-v1/140000/7E9F6365-8200-6B42-909A-BB44DF002CD1.root
%MSG-w XrdAdaptorInternal:  file_open 02-Mar-2024 13:19:13 CET PostProcessEvent
Failed to open file at URL root://eoscms.cern.ch:1094//eos/cms/store/mc/RunIISummer20UL16MiniAODv2/WWW_4F_TuneCP5_13TeV-amcatnlo-pythia8/MINIAODSIM/106X_mcRun2_asymptotic_v17-v1/140000/7E9F6365-8200-6B42-909A-BB44DF002CD1.root.
%MSG
%MSG-w XrdAdaptorInternal:  file_open 02-Mar-2024 13:19:13 CET PostProcessEvent
Failed to open file at URL root://eoscms.cern.ch:1094//eos/cms/store/mc/RunIISummer20UL16MiniAODv2/WWW_4F_TuneCP5_13TeV-amcatnlo-pythia8/MINIAODSIM/106X_mcRun2_asymptotic_v17-v1/140000/7E9F6365-8200-6B42-909A-BB44DF002CD1.root?tried=.
%MSG
02-Mar-2024 13:19:13 CET  Fallback request to file root://xrootd-cms.infn.it//store/mc/RunIISummer20UL16MiniAODv2/WWW_4F_TuneCP5_13TeV-amcatnlo-pythia8/MINIAODSIM/106X_mcRun2_asymptotic_v17-v1/140000/7E9F6365-8200-6B42-909A-BB44DF002CD1.root
%MSG-w XrdAdaptor:  file_open 02-Mar-2024 13:19:17 CET PostProcessEvent
Data is served from T2_US_Vanderbilt instead of original site T2_FR_GRIF_LLR
%MSG
02-Mar-2024 13:19:18 CET  Successfully opened file root://xrootd-cms.infn.it//store/mc/RunIISummer20UL16MiniAODv2/WWW_4F_TuneCP5_13TeV-amcatnlo-pythia8/MINIAODSIM/106X_mcRun2_asymptotic_v17-v1/140000/7E9F6365-8200-6B42-909A-BB44DF002CD1.root
02-Mar-2024 13:19:23 CET  Closed file root://xrootd-cms.infn.it//store/mc/RunIISummer20UL16MiniAODv2/WWW_4F_TuneCP5_13TeV-amcatnlo-pythia8/MINIAODSIM/106X_mcRun2_asymptotic_v17-v1/140000/7E9F6365-8200-6B42-909A-BB44DF002CD1.root
02-Mar-2024 13:19:23 CET  Initiating request to open file root://eoscms.cern.ch//eos/cms/store/mc/RunIISummer20UL16MiniAODv2/WWW_4F_TuneCP5_13TeV-amcatnlo-pythia8/MINIAODSIM/106X_mcRun2_asymptotic_v17-v1/140000/A487D9F8-E29A-634D-B962-BE088258D8EE.root
%MSG-w XrdAdaptorInternal:  file_open 02-Mar-2024 13:19:24 CET PostProcessEvent
Failed to open file at URL root://eoscms.cern.ch:1094//eos/cms/store/mc/RunIISummer20UL16MiniAODv2/WWW_4F_TuneCP5_13TeV-amcatnlo-pythia8/MINIAODSIM/106X_mcRun2_asymptotic_v17-v1/140000/A487D9F8-E29A-634D-B962-BE088258D8EE.root.
%MSG
%MSG-w XrdAdaptorInternal:  file_open 02-Mar-2024 13:19:24 CET PostProcessEvent
Failed to open file at URL root://eoscms.cern.ch:1094//eos/cms/store/mc/RunIISummer20UL16MiniAODv2/WWW_4F_TuneCP5_13TeV-amcatnlo-pythia8/MINIAODSIM/106X_mcRun2_asymptotic_v17-v1/140000/A487D9F8-E29A-634D-B962-BE088258D8EE.root?tried=.
%MSG
02-Mar-2024 13:19:24 CET  Fallback request to file root://xrootd-cms.infn.it//store/mc/RunIISummer20UL16MiniAODv2/WWW_4F_TuneCP5_13TeV-amcatnlo-pythia8/MINIAODSIM/106X_mcRun2_asymptotic_v17-v1/140000/A487D9F8-E29A-634D-B962-BE088258D8EE.root
Unable to load sec.protocol plugin libXrdSecztn.so
%MSG-w XrdAdaptor:  file_open 02-Mar-2024 13:19:28 CET PostProcessEvent
Data is served from fnal.gov instead of original site T2_FR_GRIF_LLR
%MSG
02-Mar-2024 13:19:28 CET  Successfully opened file root://xrootd-cms.infn.it//store/mc/RunIISummer20UL16MiniAODv2/WWW_4F_TuneCP5_13TeV-amcatnlo-pythia8/MINIAODSIM/106X_mcRun2_asymptotic_v17-v1/140000/A487D9F8-E29A-634D-B962-BE088258D8EE.root
02-Mar-2024 13:19:32 CET  Closed file root://xrootd-cms.infn.it//store/mc/RunIISummer20UL16MiniAODv2/WWW_4F_TuneCP5_13TeV-amcatnlo-pythia8/MINIAODSIM/106X_mcRun2_asymptotic_v17-v1/140000/A487D9F8-E29A-634D-B962-BE088258D8EE.root
02-Mar-2024 13:19:32 CET  Initiating request to open file root://eoscms.cern.ch//eos/cms/store/mc/RunIISummer20UL16MiniAODv2/WWW_4F_TuneCP5_13TeV-amcatnlo-pythia8/MINIAODSIM/106X_mcRun2_asymptotic_v17-v1/140000/AB831BFF-7598-3B46-8401-0221206E3486.root
%MSG-w XrdAdaptorInternal:  file_open 02-Mar-2024 13:19:33 CET PostProcessEvent
Failed to open file at URL root://eoscms.cern.ch:1094//eos/cms/store/mc/RunIISummer20UL16MiniAODv2/WWW_4F_TuneCP5_13TeV-amcatnlo-pythia8/MINIAODSIM/106X_mcRun2_asymptotic_v17-v1/140000/AB831BFF-7598-3B46-8401-0221206E3486.root.
%MSG
%MSG-w XrdAdaptorInternal:  file_open 02-Mar-2024 13:19:33 CET PostProcessEvent
Failed to open file at URL root://eoscms.cern.ch:1094//eos/cms/store/mc/RunIISummer20UL16MiniAODv2/WWW_4F_TuneCP5_13TeV-amcatnlo-pythia8/MINIAODSIM/106X_mcRun2_asymptotic_v17-v1/140000/AB831BFF-7598-3B46-8401-0221206E3486.root?tried=.
%MSG
02-Mar-2024 13:19:33 CET  Fallback request to file root://xrootd-cms.infn.it//store/mc/RunIISummer20UL16MiniAODv2/WWW_4F_TuneCP5_13TeV-amcatnlo-pythia8/MINIAODSIM/106X_mcRun2_asymptotic_v17-v1/140000/AB831BFF-7598-3B46-8401-0221206E3486.root
Unable to load sec.protocol plugin libXrdSecztn.so
%MSG-w XrdAdaptor:  file_open 02-Mar-2024 13:19:37 CET PostProcessEvent
Data is served from fnal.gov instead of original site T2_FR_GRIF_LLR
%MSG
02-Mar-2024 13:19:37 CET  Successfully opened file root://xrootd-cms.infn.it//store/mc/RunIISummer20UL16MiniAODv2/WWW_4F_TuneCP5_13TeV-amcatnlo-pythia8/MINIAODSIM/106X_mcRun2_asymptotic_v17-v1/140000/AB831BFF-7598-3B46-8401-0221206E3486.root
02-Mar-2024 13:19:43 CET  Closed file root://xrootd-cms.infn.it//store/mc/RunIISummer20UL16MiniAODv2/WWW_4F_TuneCP5_13TeV-amcatnlo-pythia8/MINIAODSIM/106X_mcRun2_asymptotic_v17-v1/140000/AB831BFF-7598-3B46-8401-0221206E3486.root
02-Mar-2024 13:19:43 CET  Initiating request to open file root://eoscms.cern.ch//eos/cms/store/mc/RunIISummer20UL16MiniAODv2/WWW_4F_TuneCP5_13TeV-amcatnlo-pythia8/MINIAODSIM/106X_mcRun2_asymptotic_v17-v1/270000/4083477B-FE98-B54A-9FCE-A88F4CAB5D8D.root
%MSG-w XrdAdaptorInternal:  file_open 02-Mar-2024 13:19:44 CET PostProcessEvent
Failed to open file at URL root://eoscms.cern.ch:1094//eos/cms/store/mc/RunIISummer20UL16MiniAODv2/WWW_4F_TuneCP5_13TeV-amcatnlo-pythia8/MINIAODSIM/106X_mcRun2_asymptotic_v17-v1/270000/4083477B-FE98-B54A-9FCE-A88F4CAB5D8D.root.
%MSG
%MSG-w XrdAdaptorInternal:  file_open 02-Mar-2024 13:19:44 CET PostProcessEvent
Failed to open file at URL root://eoscms.cern.ch:1094//eos/cms/store/mc/RunIISummer20UL16MiniAODv2/WWW_4F_TuneCP5_13TeV-amcatnlo-pythia8/MINIAODSIM/106X_mcRun2_asymptotic_v17-v1/270000/4083477B-FE98-B54A-9FCE-A88F4CAB5D8D.root?tried=.
%MSG
02-Mar-2024 13:19:44 CET  Fallback request to file root://xrootd-cms.infn.it//store/mc/RunIISummer20UL16MiniAODv2/WWW_4F_TuneCP5_13TeV-amcatnlo-pythia8/MINIAODSIM/106X_mcRun2_asymptotic_v17-v1/270000/4083477B-FE98-B54A-9FCE-A88F4CAB5D8D.root
%MSG-w XrdAdaptor:  file_open 02-Mar-2024 13:19:46 CET PostProcessEvent
Data is served from fnal.gov instead of original site T2_FR_GRIF_LLR
%MSG
02-Mar-2024 13:19:47 CET  Successfully opened file root://xrootd-cms.infn.it//store/mc/RunIISummer20UL16MiniAODv2/WWW_4F_TuneCP5_13TeV-amcatnlo-pythia8/MINIAODSIM/106X_mcRun2_asymptotic_v17-v1/270000/4083477B-FE98-B54A-9FCE-A88F4CAB5D8D.root
02-Mar-2024 13:19:52 CET  Closed file root://xrootd-cms.infn.it//store/mc/RunIISummer20UL16MiniAODv2/WWW_4F_TuneCP5_13TeV-amcatnlo-pythia8/MINIAODSIM/106X_mcRun2_asymptotic_v17-v1/270000/4083477B-FE98-B54A-9FCE-A88F4CAB5D8D.root
02-Mar-2024 13:19:52 CET  Initiating request to open file root://eoscms.cern.ch//eos/cms/store/mc/RunIISummer20UL16MiniAODv2/WWW_4F_TuneCP5_13TeV-amcatnlo-pythia8/MINIAODSIM/106X_mcRun2_asymptotic_v17-v1/130000/5DA583F0-136A-9849-A663-39D03F305B16.root
%MSG-w XrdAdaptorInternal:  file_open 02-Mar-2024 13:19:53 CET PostProcessEvent
Failed to open file at URL root://eoscms.cern.ch:1094//eos/cms/store/mc/RunIISummer20UL16MiniAODv2/WWW_4F_TuneCP5_13TeV-amcatnlo-pythia8/MINIAODSIM/106X_mcRun2_asymptotic_v17-v1/130000/5DA583F0-136A-9849-A663-39D03F305B16.root.
%MSG
%MSG-w XrdAdaptorInternal:  file_open 02-Mar-2024 13:19:53 CET PostProcessEvent
Failed to open file at URL root://eoscms.cern.ch:1094//eos/cms/store/mc/RunIISummer20UL16MiniAODv2/WWW_4F_TuneCP5_13TeV-amcatnlo-pythia8/MINIAODSIM/106X_mcRun2_asymptotic_v17-v1/130000/5DA583F0-136A-9849-A663-39D03F305B16.root?tried=.
%MSG
02-Mar-2024 13:19:53 CET  Fallback request to file root://xrootd-cms.infn.it//store/mc/RunIISummer20UL16MiniAODv2/WWW_4F_TuneCP5_13TeV-amcatnlo-pythia8/MINIAODSIM/106X_mcRun2_asymptotic_v17-v1/130000/5DA583F0-136A-9849-A663-39D03F305B16.root
%MSG-w XrdAdaptor:  file_open 02-Mar-2024 13:19:55 CET PostProcessEvent
Data is served from fnal.gov instead of original site T2_FR_GRIF_LLR
%MSG
02-Mar-2024 13:19:56 CET  Successfully opened file root://xrootd-cms.infn.it//store/mc/RunIISummer20UL16MiniAODv2/WWW_4F_TuneCP5_13TeV-amcatnlo-pythia8/MINIAODSIM/106X_mcRun2_asymptotic_v17-v1/130000/5DA583F0-136A-9849-A663-39D03F305B16.root
02-Mar-2024 13:20:00 CET  Closed file root://xrootd-cms.infn.it//store/mc/RunIISummer20UL16MiniAODv2/WWW_4F_TuneCP5_13TeV-amcatnlo-pythia8/MINIAODSIM/106X_mcRun2_asymptotic_v17-v1/130000/5DA583F0-136A-9849-A663-39D03F305B16.root
02-Mar-2024 13:20:00 CET  Initiating request to open file root://eoscms.cern.ch//eos/cms/store/mc/RunIISummer20UL16MiniAODv2/WWW_4F_TuneCP5_13TeV-amcatnlo-pythia8/MINIAODSIM/106X_mcRun2_asymptotic_v17-v1/130000/C9B8F310-0CC1-5A43-90E2-8FB4B66644E2.root
%MSG-w XrdAdaptorInternal:  file_open 02-Mar-2024 13:20:01 CET PostProcessEvent
Failed to open file at URL root://eoscms.cern.ch:1094//eos/cms/store/mc/RunIISummer20UL16MiniAODv2/WWW_4F_TuneCP5_13TeV-amcatnlo-pythia8/MINIAODSIM/106X_mcRun2_asymptotic_v17-v1/130000/C9B8F310-0CC1-5A43-90E2-8FB4B66644E2.root.
%MSG
%MSG-w XrdAdaptorInternal:  file_open 02-Mar-2024 13:20:01 CET PostProcessEvent
Failed to open file at URL root://eoscms.cern.ch:1094//eos/cms/store/mc/RunIISummer20UL16MiniAODv2/WWW_4F_TuneCP5_13TeV-amcatnlo-pythia8/MINIAODSIM/106X_mcRun2_asymptotic_v17-v1/130000/C9B8F310-0CC1-5A43-90E2-8FB4B66644E2.root?tried=.
%MSG
02-Mar-2024 13:20:01 CET  Fallback request to file root://xrootd-cms.infn.it//store/mc/RunIISummer20UL16MiniAODv2/WWW_4F_TuneCP5_13TeV-amcatnlo-pythia8/MINIAODSIM/106X_mcRun2_asymptotic_v17-v1/130000/C9B8F310-0CC1-5A43-90E2-8FB4B66644E2.root
%MSG-w XrdAdaptor:  file_open 02-Mar-2024 13:20:03 CET PostProcessEvent
Data is served from fnal.gov instead of original site T2_FR_GRIF_LLR
%MSG
02-Mar-2024 13:20:04 CET  Successfully opened file root://xrootd-cms.infn.it//store/mc/RunIISummer20UL16MiniAODv2/WWW_4F_TuneCP5_13TeV-amcatnlo-pythia8/MINIAODSIM/106X_mcRun2_asymptotic_v17-v1/130000/C9B8F310-0CC1-5A43-90E2-8FB4B66644E2.root
02-Mar-2024 13:20:08 CET  Closed file root://xrootd-cms.infn.it//store/mc/RunIISummer20UL16MiniAODv2/WWW_4F_TuneCP5_13TeV-amcatnlo-pythia8/MINIAODSIM/106X_mcRun2_asymptotic_v17-v1/130000/C9B8F310-0CC1-5A43-90E2-8FB4B66644E2.root
02-Mar-2024 13:20:08 CET  Initiating request to open file root://eoscms.cern.ch//eos/cms/store/mc/RunIISummer20UL16MiniAODv2/WWW_4F_TuneCP5_13TeV-amcatnlo-pythia8/MINIAODSIM/106X_mcRun2_asymptotic_v17-v1/280000/317D4878-CED7-114C-89DC-EC0B41B4EC30.root
%MSG-w XrdAdaptorInternal:  file_open 02-Mar-2024 13:20:09 CET PostProcessEvent
Failed to open file at URL root://eoscms.cern.ch:1094//eos/cms/store/mc/RunIISummer20UL16MiniAODv2/WWW_4F_TuneCP5_13TeV-amcatnlo-pythia8/MINIAODSIM/106X_mcRun2_asymptotic_v17-v1/280000/317D4878-CED7-114C-89DC-EC0B41B4EC30.root.
%MSG
%MSG-w XrdAdaptorInternal:  file_open 02-Mar-2024 13:20:09 CET PostProcessEvent
Failed to open file at URL root://eoscms.cern.ch:1094//eos/cms/store/mc/RunIISummer20UL16MiniAODv2/WWW_4F_TuneCP5_13TeV-amcatnlo-pythia8/MINIAODSIM/106X_mcRun2_asymptotic_v17-v1/280000/317D4878-CED7-114C-89DC-EC0B41B4EC30.root?tried=.
%MSG
02-Mar-2024 13:20:09 CET  Fallback request to file root://xrootd-cms.infn.it//store/mc/RunIISummer20UL16MiniAODv2/WWW_4F_TuneCP5_13TeV-amcatnlo-pythia8/MINIAODSIM/106X_mcRun2_asymptotic_v17-v1/280000/317D4878-CED7-114C-89DC-EC0B41B4EC30.root
%MSG-w XrdAdaptor:  file_open 02-Mar-2024 13:20:11 CET PostProcessEvent
Data is served from fnal.gov instead of original site T2_FR_GRIF_LLR
%MSG
02-Mar-2024 13:20:11 CET  Successfully opened file root://xrootd-cms.infn.it//store/mc/RunIISummer20UL16MiniAODv2/WWW_4F_TuneCP5_13TeV-amcatnlo-pythia8/MINIAODSIM/106X_mcRun2_asymptotic_v17-v1/280000/317D4878-CED7-114C-89DC-EC0B41B4EC30.root
02-Mar-2024 13:20:16 CET  Closed file root://xrootd-cms.infn.it//store/mc/RunIISummer20UL16MiniAODv2/WWW_4F_TuneCP5_13TeV-amcatnlo-pythia8/MINIAODSIM/106X_mcRun2_asymptotic_v17-v1/280000/317D4878-CED7-114C-89DC-EC0B41B4EC30.root
02-Mar-2024 13:20:16 CET  Initiating request to open file root://eoscms.cern.ch//eos/cms/store/mc/RunIISummer20UL16MiniAODv2/WWW_4F_TuneCP5_13TeV-amcatnlo-pythia8/MINIAODSIM/106X_mcRun2_asymptotic_v17-v1/280000/85DFE88B-AD37-CB4A-9139-2424F014D246.root
%MSG-w XrdAdaptorInternal:  file_open 02-Mar-2024 13:20:17 CET PostProcessEvent
Failed to open file at URL root://eoscms.cern.ch:1094//eos/cms/store/mc/RunIISummer20UL16MiniAODv2/WWW_4F_TuneCP5_13TeV-amcatnlo-pythia8/MINIAODSIM/106X_mcRun2_asymptotic_v17-v1/280000/85DFE88B-AD37-CB4A-9139-2424F014D246.root.
%MSG
%MSG-w XrdAdaptorInternal:  file_open 02-Mar-2024 13:20:17 CET PostProcessEvent
Failed to open file at URL root://eoscms.cern.ch:1094//eos/cms/store/mc/RunIISummer20UL16MiniAODv2/WWW_4F_TuneCP5_13TeV-amcatnlo-pythia8/MINIAODSIM/106X_mcRun2_asymptotic_v17-v1/280000/85DFE88B-AD37-CB4A-9139-2424F014D246.root?tried=.
%MSG
02-Mar-2024 13:20:17 CET  Fallback request to file root://xrootd-cms.infn.it//store/mc/RunIISummer20UL16MiniAODv2/WWW_4F_TuneCP5_13TeV-amcatnlo-pythia8/MINIAODSIM/106X_mcRun2_asymptotic_v17-v1/280000/85DFE88B-AD37-CB4A-9139-2424F014D246.root
Unable to load sec.protocol plugin libXrdSecztn.so
%MSG-w XrdAdaptor:  file_open 02-Mar-2024 13:20:21 CET PostProcessEvent
Data is served from T2_US_UCSD-ceph instead of original site T2_FR_GRIF_LLR
%MSG
02-Mar-2024 13:20:22 CET  Successfully opened file root://xrootd-cms.infn.it//store/mc/RunIISummer20UL16MiniAODv2/WWW_4F_TuneCP5_13TeV-amcatnlo-pythia8/MINIAODSIM/106X_mcRun2_asymptotic_v17-v1/280000/85DFE88B-AD37-CB4A-9139-2424F014D246.root
Unable to load sec.protocol plugin libXrdSecztn.so
02-Mar-2024 13:20:30 CET  Closed file root://xrootd-cms.infn.it//store/mc/RunIISummer20UL16MiniAODv2/WWW_4F_TuneCP5_13TeV-amcatnlo-pythia8/MINIAODSIM/106X_mcRun2_asymptotic_v17-v1/280000/85DFE88B-AD37-CB4A-9139-2424F014D246.root
02-Mar-2024 13:20:30 CET  Initiating request to open file root://eoscms.cern.ch//eos/cms/store/mc/RunIISummer20UL16MiniAODv2/WWW_4F_TuneCP5_13TeV-amcatnlo-pythia8/MINIAODSIM/106X_mcRun2_asymptotic_v17-v1/270000/C1B4E0BA-17F6-C648-AE10-11284D296677.root
%MSG-w XrdAdaptorInternal:  file_open 02-Mar-2024 13:20:31 CET PostProcessEvent
Failed to open file at URL root://eoscms.cern.ch:1094//eos/cms/store/mc/RunIISummer20UL16MiniAODv2/WWW_4F_TuneCP5_13TeV-amcatnlo-pythia8/MINIAODSIM/106X_mcRun2_asymptotic_v17-v1/270000/C1B4E0BA-17F6-C648-AE10-11284D296677.root.
%MSG
%MSG-w XrdAdaptorInternal:  file_open 02-Mar-2024 13:20:31 CET PostProcessEvent
Failed to open file at URL root://eoscms.cern.ch:1094//eos/cms/store/mc/RunIISummer20UL16MiniAODv2/WWW_4F_TuneCP5_13TeV-amcatnlo-pythia8/MINIAODSIM/106X_mcRun2_asymptotic_v17-v1/270000/C1B4E0BA-17F6-C648-AE10-11284D296677.root?tried=.
%MSG
02-Mar-2024 13:20:31 CET  Fallback request to file root://xrootd-cms.infn.it//store/mc/RunIISummer20UL16MiniAODv2/WWW_4F_TuneCP5_13TeV-amcatnlo-pythia8/MINIAODSIM/106X_mcRun2_asymptotic_v17-v1/270000/C1B4E0BA-17F6-C648-AE10-11284D296677.root
%MSG-w XrdAdaptor:  file_open 02-Mar-2024 13:20:34 CET PostProcessEvent
Data is served from T2_US_Vanderbilt instead of original site T2_FR_GRIF_LLR
%MSG
02-Mar-2024 13:20:35 CET  Successfully opened file root://xrootd-cms.infn.it//store/mc/RunIISummer20UL16MiniAODv2/WWW_4F_TuneCP5_13TeV-amcatnlo-pythia8/MINIAODSIM/106X_mcRun2_asymptotic_v17-v1/270000/C1B4E0BA-17F6-C648-AE10-11284D296677.root
02-Mar-2024 13:20:39 CET  Closed file root://xrootd-cms.infn.it//store/mc/RunIISummer20UL16MiniAODv2/WWW_4F_TuneCP5_13TeV-amcatnlo-pythia8/MINIAODSIM/106X_mcRun2_asymptotic_v17-v1/270000/C1B4E0BA-17F6-C648-AE10-11284D296677.root
02-Mar-2024 13:20:39 CET  Initiating request to open file root://eoscms.cern.ch//eos/cms/store/mc/RunIISummer20UL16MiniAODv2/WWW_4F_TuneCP5_13TeV-amcatnlo-pythia8/MINIAODSIM/106X_mcRun2_asymptotic_v17-v1/270000/9E402043-372B-C840-B1B2-C9A08651CA6B.root
%MSG-w XrdAdaptorInternal:  file_open 02-Mar-2024 13:20:40 CET PostProcessEvent
Failed to open file at URL root://eoscms.cern.ch:1094//eos/cms/store/mc/RunIISummer20UL16MiniAODv2/WWW_4F_TuneCP5_13TeV-amcatnlo-pythia8/MINIAODSIM/106X_mcRun2_asymptotic_v17-v1/270000/9E402043-372B-C840-B1B2-C9A08651CA6B.root.
%MSG
%MSG-w XrdAdaptorInternal:  file_open 02-Mar-2024 13:20:40 CET PostProcessEvent
Failed to open file at URL root://eoscms.cern.ch:1094//eos/cms/store/mc/RunIISummer20UL16MiniAODv2/WWW_4F_TuneCP5_13TeV-amcatnlo-pythia8/MINIAODSIM/106X_mcRun2_asymptotic_v17-v1/270000/9E402043-372B-C840-B1B2-C9A08651CA6B.root?tried=.
%MSG
02-Mar-2024 13:20:40 CET  Fallback request to file root://xrootd-cms.infn.it//store/mc/RunIISummer20UL16MiniAODv2/WWW_4F_TuneCP5_13TeV-amcatnlo-pythia8/MINIAODSIM/106X_mcRun2_asymptotic_v17-v1/270000/9E402043-372B-C840-B1B2-C9A08651CA6B.root
Unable to load sec.protocol plugin libXrdSecztn.so
%MSG-w XrdAdaptor:  file_open 02-Mar-2024 13:20:43 CET PostProcessEvent
Data is served from T2_US_UCSD-ceph instead of original site T2_FR_GRIF_LLR
%MSG
02-Mar-2024 13:20:44 CET  Successfully opened file root://xrootd-cms.infn.it//store/mc/RunIISummer20UL16MiniAODv2/WWW_4F_TuneCP5_13TeV-amcatnlo-pythia8/MINIAODSIM/106X_mcRun2_asymptotic_v17-v1/270000/9E402043-372B-C840-B1B2-C9A08651CA6B.root
Unable to load sec.protocol plugin libXrdSecztn.so
02-Mar-2024 13:20:52 CET  Closed file root://xrootd-cms.infn.it//store/mc/RunIISummer20UL16MiniAODv2/WWW_4F_TuneCP5_13TeV-amcatnlo-pythia8/MINIAODSIM/106X_mcRun2_asymptotic_v17-v1/270000/9E402043-372B-C840-B1B2-C9A08651CA6B.root
02-Mar-2024 13:20:52 CET  Initiating request to open file root://eoscms.cern.ch//eos/cms/store/mc/RunIISummer20UL16MiniAODv2/WWW_4F_TuneCP5_13TeV-amcatnlo-pythia8/MINIAODSIM/106X_mcRun2_asymptotic_v17-v1/280000/586FA99D-2911-AF4B-B50F-C10A59D130C5.root
%MSG-w XrdAdaptorInternal:  file_open 02-Mar-2024 13:20:53 CET PostProcessEvent
Failed to open file at URL root://eoscms.cern.ch:1094//eos/cms/store/mc/RunIISummer20UL16MiniAODv2/WWW_4F_TuneCP5_13TeV-amcatnlo-pythia8/MINIAODSIM/106X_mcRun2_asymptotic_v17-v1/280000/586FA99D-2911-AF4B-B50F-C10A59D130C5.root.
%MSG
%MSG-w XrdAdaptorInternal:  file_open 02-Mar-2024 13:20:53 CET PostProcessEvent
Failed to open file at URL root://eoscms.cern.ch:1094//eos/cms/store/mc/RunIISummer20UL16MiniAODv2/WWW_4F_TuneCP5_13TeV-amcatnlo-pythia8/MINIAODSIM/106X_mcRun2_asymptotic_v17-v1/280000/586FA99D-2911-AF4B-B50F-C10A59D130C5.root?tried=.
%MSG
02-Mar-2024 13:20:53 CET  Fallback request to file root://xrootd-cms.infn.it//store/mc/RunIISummer20UL16MiniAODv2/WWW_4F_TuneCP5_13TeV-amcatnlo-pythia8/MINIAODSIM/106X_mcRun2_asymptotic_v17-v1/280000/586FA99D-2911-AF4B-B50F-C10A59D130C5.root
%MSG-w XrdAdaptor:  file_open 02-Mar-2024 13:20:57 CET PostProcessEvent
Data is served from T2_US_MIT instead of original site T2_FR_GRIF_LLR
%MSG
02-Mar-2024 13:20:58 CET  Successfully opened file root://xrootd-cms.infn.it//store/mc/RunIISummer20UL16MiniAODv2/WWW_4F_TuneCP5_13TeV-amcatnlo-pythia8/MINIAODSIM/106X_mcRun2_asymptotic_v17-v1/280000/586FA99D-2911-AF4B-B50F-C10A59D130C5.root
02-Mar-2024 13:21:02 CET  Closed file root://xrootd-cms.infn.it//store/mc/RunIISummer20UL16MiniAODv2/WWW_4F_TuneCP5_13TeV-amcatnlo-pythia8/MINIAODSIM/106X_mcRun2_asymptotic_v17-v1/280000/586FA99D-2911-AF4B-B50F-C10A59D130C5.root
02-Mar-2024 13:21:02 CET  Initiating request to open file root://eoscms.cern.ch//eos/cms/store/mc/RunIISummer20UL16MiniAODv2/WWW_4F_TuneCP5_13TeV-amcatnlo-pythia8/MINIAODSIM/106X_mcRun2_asymptotic_v17-v1/270000/1617ADFB-3D8B-4F4B-B251-E5AB3752D111.root
%MSG-w XrdAdaptorInternal:  file_open 02-Mar-2024 13:21:03 CET PostProcessEvent
Failed to open file at URL root://eoscms.cern.ch:1094//eos/cms/store/mc/RunIISummer20UL16MiniAODv2/WWW_4F_TuneCP5_13TeV-amcatnlo-pythia8/MINIAODSIM/106X_mcRun2_asymptotic_v17-v1/270000/1617ADFB-3D8B-4F4B-B251-E5AB3752D111.root.
%MSG
%MSG-w XrdAdaptorInternal:  file_open 02-Mar-2024 13:21:03 CET PostProcessEvent
Failed to open file at URL root://eoscms.cern.ch:1094//eos/cms/store/mc/RunIISummer20UL16MiniAODv2/WWW_4F_TuneCP5_13TeV-amcatnlo-pythia8/MINIAODSIM/106X_mcRun2_asymptotic_v17-v1/270000/1617ADFB-3D8B-4F4B-B251-E5AB3752D111.root?tried=.
%MSG
02-Mar-2024 13:21:03 CET  Fallback request to file root://xrootd-cms.infn.it//store/mc/RunIISummer20UL16MiniAODv2/WWW_4F_TuneCP5_13TeV-amcatnlo-pythia8/MINIAODSIM/106X_mcRun2_asymptotic_v17-v1/270000/1617ADFB-3D8B-4F4B-B251-E5AB3752D111.root
%MSG-w XrdAdaptor:  file_open 02-Mar-2024 13:21:07 CET PostProcessEvent
Data is served from T2_US_MIT instead of original site T2_FR_GRIF_LLR
%MSG
02-Mar-2024 13:21:08 CET  Successfully opened file root://xrootd-cms.infn.it//store/mc/RunIISummer20UL16MiniAODv2/WWW_4F_TuneCP5_13TeV-amcatnlo-pythia8/MINIAODSIM/106X_mcRun2_asymptotic_v17-v1/270000/1617ADFB-3D8B-4F4B-B251-E5AB3752D111.root
      0.215844      0.000248      0.238127             0
 
02-Mar-2024 13:21:20 CET  Closed file root://xrootd-cms.infn.it//store/mc/RunIISummer20UL16MiniAODv2/WWW_4F_TuneCP5_13TeV-amcatnlo-pythia8/MINIAODSIM/106X_mcRun2_asymptotic_v17-v1/270000/1617ADFB-3D8B-4F4B-B251-E5AB3752D111.root

------------------------------------
GenXsecAnalyzer:
------------------------------------
-------------------------------------------------------------------------------------------------------------------------------------------------------------------------- 
Overall cross-section summary 
--------------------------------------------------------------------------------------------------------------------------------------------------------------------------
Process		xsec_before [pb]		passed	nposw	nnegw	tried	nposw	nnegw 	xsec_match [pb]			accepted [%]	 event_eff [%]
0		2.158e-01 +/- 2.479e-04		69000	65721	3279	69000	65721	3279	2.158e-01 +/- 2.479e-04		100.0 +/- 0.0	100.0 +/- 0.0
-------------------------------------------------------------------------------------------------------------------------------------------------------------------------- 
Total		2.158e-01 +/- 2.479e-04		69000	65721	3279	69000	65721	3279	2.158e-01 +/- 2.479e-04		100.0 +/- 0.0	100.0 +/- 0.0
--------------------------------------------------------------------------------------------------------------------------------------------------------------------------
Before matching: total cross section = 2.158e-01 +- 2.479e-04 pb
After matching: total cross section = 2.158e-01 +- 2.479e-04 pb
Matching efficiency = 1.0 +/- 0.0   [TO BE USED IN MCM]
Filter efficiency (taking into account weights)= (14869.1) / (14869.1) = 1.000e+00 +- 0.000e+00
Filter efficiency (event-level)= (69000) / (69000) = 1.000e+00 +- 0.000e+00    [TO BE USED IN MCM]

After filter: final cross section = 2.158e-01 +- 2.479e-04 pb
After filter: final fraction of events with negative weights = 4.752e-02 +- 8.851e-06
After filter: final equivalent lumi for 1M events (1/fb) = 3.794e+03 +- 5.231e+00

=============================================

MessageLogger Summary

 type     category        sev    module        subroutine        count    total
 ---- -------------------- -- ---------------- ----------------  -----    -----
    1 GenXSecAnalyzer      -w GenXSecAnalyzer:                      15       15
    2 XrdAdaptor           -w file_open                             16       16
    3 XrdAdaptorInternal   -w file_open                             32       32
    4 fileAction           -s file_close                            16       16
    5 fileAction           -s file_open                             48       48

 type    category    Examples: run/evt        run/evt          run/evt
 ---- -------------------- ---------------- ---------------- ----------------
    1 GenXSecAnalyzer      PostGlobalEndRun PostGlobalEndRun PostGlobalEndRun
    2 XrdAdaptor           pre-events       PostProcessEvent PostProcessEvent
    3 XrdAdaptorInternal   pre-events       pre-events       PostProcessEvent
    4 fileAction           PostProcessEvent PostProcessEvent PostGlobalEndRun
    5 fileAction           pre-events       pre-events       PostProcessEvent

Severity    # Occurrences   Total Occurrences
--------    -------------   -----------------
Warning                63                  63
System                 64                  64

dropped waiting message count 0
